2 tkey7960
2 tkey7961
2 tkey7962
2 tkey7963
2 tkey7964
2 tkey7965
2 tkey7966
2 tkey7967
2 tkey7968
2 tkey7969
2 tkey7970
2 tkey7971
2 tkey7972
2 tkey7973
2 tkey7974
2 tkey7975
2 tkey7976
2 tkey7977
2 tkey7978
2 tkey7979
2 tkey7980
2 tkey7981
2 tkey7982
2 tkey7983
2 tkey7984
2 tkey7985
2 tkey7986
2 tkey7987
2 tkey7988
2 tkey7989
2 tkey7990
2 tkey7991
2 tkey7992
2 tkey7993
2 tkey7994
2 tkey7995
2 tkey7996
2 tkey7997
2 tkey7998
2 tkey7999
2 tkey8000
2 tkey8001
2 tkey8002
2 tkey8003
2 tkey8004
2 tkey8005
2 tkey8006
2 tkey8007
2 tkey8008
2 tkey8009
2 tkey8010
2 tkey8011
2 tkey8012
2 tkey8013
2 tkey8014
2 tkey8015
2 tkey8016
2 tkey8017
2 tkey8018
2 tkey8019
2 tkey8020
2 tkey8021
2 tkey8022
2 tkey8023
2 tkey8024
2 tkey8025
2 tkey8026
2 tkey8027
2 tkey8028
2 tkey8029
2 tkey8030
2 tkey8031
2 tkey8032
2 tkey8033
2 tkey8034
2 tkey8035
2 tkey8036
2 tkey8037
2 tkey8038
2 tkey8039
2 tkey8040
2 tkey8041
2 tkey8042
2 tkey8043
2 tkey8044
2 tkey8045
2 tkey8046
2 tkey8047
2 tkey8048
2 tkey8049
2 tkey8050
2 tkey8051
2 tkey8052
2 tkey8053
2 tkey8054
2 tkey8055
2 tkey8056
2 tkey8057
2 tkey8058
2 tkey8059
2 tkey8060
2 tkey8061
2 tkey8062
2 tkey8063
2 tkey8064
2 tkey8065
2 tkey8066
2 tkey8067
2 tkey8068
2 tkey8069
2 tkey8070
2 tkey8071
2 tkey8072
2 tkey8073
2 tkey8074
2 tkey8075
2 tkey8076
2 tkey8077
2 tkey8078
2 tkey8079
2 tkey8080
2 tkey8081
2 tkey8082
2 tkey8083
2 tkey8084
2 tkey8085
2 tkey8086
2 tkey8087
2 tkey8088
2 tkey8089
2 tkey8090
2 tkey8091
2 tkey8092
2 tkey8093
2 tkey8094
2 tkey8095
2 tkey8096
2 tkey8097
2 tkey8098
2 tkey8099
2 tkey8100
2 tkey8101
2 tkey8102
2 tkey8103
2 tkey8104
2 tkey8105
2 tkey8106
2 tkey8107
2 tkey8108
2 tkey8109
2 tkey8110
2 tkey8111
2 tkey8112
2 tkey8113
2 tkey8114
2 tkey8115
2 tkey8116
2 tkey8117
2 tkey8118
2 tkey8119
2 tkey8120
2 tkey8121
2 tkey8122
2 tkey8123
2 tkey8124
2 tkey8125
2 tkey8126
2 tkey8127
2 tkey8128
2 tkey8129
2 tkey8130
2 tkey8131
2 tkey8132
2 tkey8133
2 tkey8134
2 tkey8135
2 tkey8136
2 tkey8137
2 tkey8138
2 tkey8139
2 tkey8140
2 tkey8141
2 tkey8142
2 tkey8143
2 tkey8144
2 tkey8145
2 tkey8146
2 tkey8147
2 tkey8148
2 tkey8149
2 tkey8150
2 tkey8151
2 tkey8152
2 tkey8153
2 tkey8154
2 tkey8155
2 tkey8156
2 tkey8157
2 tkey8158
2 tkey8159
2 tkey8160
2 tkey8161
2 tkey8162
2 tkey8163
2 tkey8164
2 tkey8165
2 tkey8166
2 tkey8167
2 tkey8168
2 tkey8169
2 tkey8170
2 tkey8171
2 tkey8172
2 tkey8173
2 tkey8174
2 tkey8175
2 tkey8176
2 tkey8177
2 tkey8178
2 tkey8179
2 tkey8180
2 tkey8181
2 tkey8182
2 tkey8183
2 tkey8184
2 tkey8185
2 tkey8186
2 tkey8187
2 tkey8188
2 tkey8189
2 tkey8190
2 tkey8191
2 tkey8192
2 tkey8193
2 tkey8194
2 tkey8195
2 tkey8196
2 tkey8197
2 tkey8198
2 tkey8199
2 tkey8200
2 tkey8201
2 tkey8202
2 tkey8203
2 tkey8204
2 tkey8205
2 tkey8206
2 tkey8207
2 tkey8208
2 tkey8209
2 tkey8210
2 tkey8211
2 tkey8212
2 tkey8213
2 tkey8214
2 tkey8215
2 tkey8216
2 tkey8217
2 tkey8218
2 tkey8219
2 tkey8220
2 tkey8221
2 tkey8222
2 tkey8223
2 tkey8224
2 tkey8225
2 tkey8226
2 tkey8227
2 tkey8228
2 tkey8229
2 tkey8230
2 tkey8231
2 tkey8232
2 tkey8233
2 tkey8234
2 tkey8235
2 tkey8236
2 tkey8237
2 tkey8238
2 tkey8239
2 tkey8240
2 tkey8241
2 tkey8242
2 tkey8243
2 tkey8244
2 tkey8245
2 tkey8246
2 tkey8247
2 tkey8248
2 tkey8249
2 tkey8250
2 tkey8251
2 tkey8252
2 tkey8253
2 tkey8254
2 tkey8255
2 tkey8256
2 tkey8257
2 tkey8258
2 tkey8259
2 tkey8260
2 tkey8261
2 tkey8262
2 tkey8263
2 tkey8264
2 tkey8265
2 tkey8266
2 tkey8267
2 tkey8268
2 tkey8269
2 tkey8270
2 tkey8271
2 tkey8272
2 tkey8273
2 tkey8274
2 tkey8275
2 tkey8276
2 tkey8277
2 tkey8278
2 tkey8279
2 tkey8280
2 tkey8281
2 tkey8282
2 tkey8283
2 tkey8284
2 tkey8285
2 tkey8286
2 tkey8287
2 tkey8288
2 tkey8289
2 tkey8290
2 tkey8291
2 tkey8292
2 tkey8293
2 tkey8294
2 tkey8295
2 tkey8296
2 tkey8297
2 tkey8298
2 tkey8299
2 tkey8300
2 tkey8301
2 tkey8302
2 tkey8303
2 tkey8304
2 tkey8305
2 tkey8306
2 tkey8307
2 tkey8308
2 tkey8309
2 tkey8310
2 tkey8311
2 tkey8312
2 tkey8313
2 tkey8314
2 tkey8315
2 tkey8316
2 tkey8317
2 tkey8318
2 tkey8319
2 tkey8320
2 tkey8321
2 tkey8322
2 tkey8323
2 tkey8324
2 tkey8325
2 tkey8326
2 tkey8327
2 tkey8328
2 tkey8329
2 tkey8330
2 tkey8331
2 tkey8332
2 tkey8333
2 tkey8334
2 tkey8335
2 tkey8336
2 tkey8337
2 tkey8338
2 tkey8339
2 tkey8340
2 tkey8341
2 tkey8342
2 tkey8343
2 tkey8344
2 tkey8345
2 tkey8346
2 tkey8347
2 tkey8348
2 tkey8349
2 tkey8350
2 tkey8351
2 tkey8352
2 tkey8353
2 tkey8354
2 tkey8355
2 tkey8356
2 tkey8357
2 tkey8358
2 tkey8359
2 tkey8360
2 tkey8361
2 tkey8362
2 tkey8363
2 tkey8364
2 tkey8365
2 tkey8366
2 tkey8367
2 tkey8368
2 tkey8369
2 tkey8370
2 tkey8371
2 tkey8372
2 tkey8373
2 tkey8374
2 tkey8375
2 tkey8376
2 tkey8377
2 tkey8378
2 tkey8379
2 tkey8380
2 tkey8381
2 tkey8382
2 tkey8383
2 tkey8384
2 tkey8385
2 tkey8386
2 tkey8387
2 tkey8388
2 tkey8389
2 tkey8390
2 tkey8391
2 tkey8392
2 tkey8393
2 tkey8394
2 tkey8395
2 tkey8396
2 tkey8397
2 tkey8398
2 tkey8399
2 tkey8400
2 tkey8401
2 tkey8402
2 tkey8403
2 tkey8404
2 tkey8405
2 tkey8406
2 tkey8407
2 tkey8408
2 tkey8409
2 tkey8410
2 tkey8411
2 tkey8412
2 tkey8413
2 tkey8414
2 tkey8415
2 tkey8416
2 tkey8417
2 tkey8418
2 tkey8419
2 tkey8420
2 tkey8421
2 tkey8422
2 tkey8423
2 tkey8424
2 tkey8425
2 tkey8426
2 tkey8427
2 tkey8428
2 tkey8429
2 tkey8430
2 tkey8431
2 tkey8432
2 tkey8433
2 tkey8434
2 tkey8435
2 tkey8436
2 tkey8437
2 tkey8438
2 tkey8439
2 tkey8440
2 tkey8441
2 tkey8442
2 tkey8443
2 tkey8444
2 tkey8445
2 tkey8446
2 tkey8447
2 tkey8448
2 tkey8449
2 tkey8450
2 tkey8451
2 tkey8452
2 tkey8453
2 tkey8454
2 tkey8455
2 tkey8456
2 tkey8457
2 tkey8458
2 tkey8459
2 tkey8460
2 tkey8461
2 tkey8462
2 tkey8463
2 tkey8464
2 tkey8465
2 tkey8466
2 tkey8467
2 tkey8468
2 tkey8469
2 tkey8470
2 tkey8471
2 tkey8472
2 tkey8473
2 tkey8474
2 tkey8475
2 tkey8476
2 tkey8477
2 tkey8478
2 tkey8479
2 tkey8480
2 tkey8481
2 tkey8482
2 tkey8483
2 tkey8484
2 tkey8485
2 tkey8486
2 tkey8487
2 tkey8488
2 tkey8489
2 tkey8490
2 tkey8491
2 tkey8492
2 tkey8493
2 tkey8494
2 tkey8495
2 tkey8496
2 tkey8497
2 tkey8498
2 tkey8499
2 tkey8500
2 tkey8501
2 tkey8502
2 tkey8503
2 tkey8504
2 tkey8505
2 tkey8506
2 tkey8507
2 tkey8508
2 tkey8509
2 tkey8510
2 tkey8511
2 tkey8512
2 tkey8513
2 tkey8514
2 tkey8515
2 tkey8516
2 tkey8517
2 tkey8518
2 tkey8519
2 tkey8520
2 tkey8521
2 tkey8522
2 tkey8523
2 tkey8524
2 tkey8525
2 tkey8526
2 tkey8527
2 tkey8528
2 tkey8529
2 tkey8530
2 tkey8531
2 tkey8532
2 tkey8533
2 tkey8534
2 tkey8535
2 tkey8536
2 tkey8537
2 tkey8538
2 tkey8539
2 tkey8540
2 tkey8541
2 tkey8542
2 tkey8543
2 tkey8544
2 tkey8545
2 tkey8546
2 tkey8547
2 tkey8548
2 tkey8549
2 tkey8550
2 tkey8551
2 tkey8552
2 tkey8553
2 tkey8554
2 tkey8555
2 tkey8556
2 tkey8557
2 tkey8558
2 tkey8559
2 tkey8560
2 tkey8561
2 tkey8562
2 tkey8563
2 tkey8564
2 tkey8565
2 tkey8566
2 tkey8567
2 tkey8568
2 tkey8569
2 tkey8570
2 tkey8571
2 tkey8572
2 tkey8573
2 tkey8574
2 tkey8575
2 tkey8576
2 tkey8577
2 tkey8578
2 tkey8579
2 tkey8580
2 tkey8581
2 tkey8582
2 tkey8583
2 tkey8584
2 tkey8585
2 tkey8586
2 tkey8587
2 tkey8588
2 tkey8589
2 tkey8590
2 tkey8591
2 tkey8592
2 tkey8593
2 tkey8594
2 tkey8595
2 tkey8596
2 tkey8597
2 tkey8598
2 tkey8599
2 tkey8600
2 tkey8601
2 tkey8602
2 tkey8603
2 tkey8604
2 tkey8605
2 tkey8606
2 tkey8607
2 tkey8608
2 tkey8609
2 tkey8610
2 tkey8611
2 tkey8612
2 tkey8613
2 tkey8614
2 tkey8615
2 tkey8616
2 tkey8617
2 tkey8618
2 tkey8619
2 tkey8620
2 tkey8621
2 tkey8622
2 tkey8623
2 tkey8624
2 tkey8625
2 tkey8626
2 tkey8627
2 tkey8628
2 tkey8629
2 tkey8630
2 tkey8631
2 tkey8632
2 tkey8633
2 tkey8634
2 tkey8635
2 tkey8636
2 tkey8637
2 tkey8638
2 tkey8639
2 tkey8640
2 tkey8641
2 tkey8642
2 tkey8643
2 tkey8644
2 tkey8645
2 tkey8646
2 tkey8647
2 tkey8648
2 tkey8649
2 tkey8650
2 tkey8651
2 tkey8652
2 tkey8653
2 tkey8654
2 tkey8655
2 tkey8656
2 tkey8657
2 tkey8658
2 tkey8659
2 tkey8660
2 tkey8661
2 tkey8662
2 tkey8663
2 tkey8664
2 tkey8665
2 tkey8666
2 tkey8667
2 tkey8668
2 tkey8669
2 tkey8670
2 tkey8671
2 tkey8672
2 tkey8673
2 tkey8674
2 tkey8675
2 tkey8676
2 tkey8677
2 tkey8678
2 tkey8679
2 tkey8680
2 tkey8681
2 tkey8682
2 tkey8683
2 tkey8684
2 tkey8685
2 tkey8686
2 tkey8687
2 tkey8688
2 tkey8689
2 tkey8690
2 tkey8691
2 tkey8692
2 tkey8693
2 tkey8694
2 tkey8695
2 tkey8696
2 tkey8697
2 tkey8698
2 tkey8699
2 tkey8700
2 tkey8701
2 tkey8702
2 tkey8703
2 tkey8704
2 tkey8705
2 tkey8706
2 tkey8707
2 tkey8708
2 tkey8709
2 tkey8710
2 tkey8711
2 tkey8712
2 tkey8713
2 tkey8714
2 tkey8715
2 tkey8716
2 tkey8717
2 tkey8718
2 tkey8719
2 tkey8720
2 tkey8721
2 tkey8722
2 tkey8723
2 tkey8724
2 tkey8725
2 tkey8726
2 tkey8727
2 tkey8728
2 tkey8729
2 tkey8730
2 tkey8731
2 tkey8732
2 tkey8733
2 tkey8734
2 tkey8735
2 tkey8736
2 tkey8737
2 tkey8738
2 tkey8739
2 tkey8740
2 tkey8741
2 tkey8742
2 tkey8743
2 tkey8744
2 tkey8745
2 tkey8746
2 tkey8747
2 tkey8748
2 tkey8749
2 tkey8750
2 tkey8751
2 tkey8752
2 tkey8753
2 tkey8754
2 tkey8755
2 tkey8756
2 tkey8757
2 tkey8758
2 tkey8759
2 tkey8760
2 tkey8761
2 tkey8762
2 tkey8763
2 tkey8764
2 tkey8765
2 tkey8766
2 tkey8767
2 tkey8768
2 tkey8769
2 tkey8770
2 tkey8771
2 tkey8772
2 tkey8773
2 tkey8774
2 tkey8775
2 tkey8776
2 tkey8777
2 tkey8778
2 tkey8779
2 tkey8780
2 tkey8781
2 tkey8782
2 tkey8783
2 tkey8784
2 tkey8785
2 tkey8786
2 tkey8787
2 tkey8788
2 tkey8789
2 tkey8790
2 tkey8791
2 tkey8792
2 tkey8793
2 tkey8794
2 tkey8795
2 tkey8796
2 tkey8797
2 tkey8798
2 tkey8799
2 tkey8800
2 tkey8801
2 tkey8802
2 tkey8803
2 tkey8804
2 tkey8805
2 tkey8806
2 tkey8807
2 tkey8808
2 tkey8809
2 tkey8810
2 tkey8811
2 tkey8812
2 tkey8813
2 tkey8814
2 tkey8815
2 tkey8816
2 tkey8817
2 tkey8818
2 tkey8819
2 tkey8820
2 tkey8821
2 tkey8822
2 tkey8823
2 tkey8824
2 tkey8825
2 tkey8826
2 tkey8827
2 tkey8828
2 tkey8829
2 tkey8830
2 tkey8831
2 tkey8832
2 tkey8833
2 tkey8834
2 tkey8835
2 tkey8836
2 tkey8837
2 tkey8838
2 tkey8839
2 tkey8840
2 tkey8841
2 tkey8842
2 tkey8843
2 tkey8844
2 tkey8845
2 tkey8846
2 tkey8847
2 tkey8848
2 tkey8849
2 tkey8850
2 tkey8851
2 tkey8852
2 tkey8853
2 tkey8854
2 tkey8855
2 tkey8856
2 tkey8857
2 tkey8858
2 tkey8859
2 tkey8860
2 tkey8861
2 tkey8862
2 tkey8863
2 tkey8864
2 tkey8865
2 tkey8866
2 tkey8867
2 tkey8868
2 tkey8869
2 tkey8870
2 tkey8871
2 tkey8872
2 tkey8873
2 tkey8874
2 tkey8875
2 tkey8876
2 tkey8877
2 tkey8878
2 tkey8879
2 tkey8880
2 tkey8881
2 tkey8882
2 tkey8883
2 tkey8884
2 tkey8885
2 tkey8886
2 tkey8887
2 tkey8888
2 tkey8889
2 tkey8890
2 tkey8891
2 tkey8892
2 tkey8893
2 tkey8894
2 tkey8895
2 tkey8896
2 tkey8897
2 tkey8898
2 tkey8899
2 tkey8900
2 tkey8901
2 tkey8902
2 tkey8903
2 tkey8904
2 tkey8905
2 tkey8906
2 tkey8907
2 tkey8908
2 tkey8909
2 tkey8910
2 tkey8911
2 tkey8912
2 tkey8913
2 tkey8914
2 tkey8915
2 tkey8916
2 tkey8917
2 tkey8918
2 tkey8919
2 tkey8920
2 tkey8921
2 tkey8922
2 tkey8923
2 tkey8924
2 tkey8925
2 tkey8926
2 tkey8927
2 tkey8928
2 tkey8929
2 tkey8930
2 tkey8931
2 tkey8932
2 tkey8933
2 tkey8934
2 tkey8935
2 tkey8936
2 tkey8937
2 tkey8938
2 tkey8939
2 tkey8940
2 tkey8941
2 tkey8942
2 tkey8943
2 tkey8944
2 tkey8945
2 tkey8946
2 tkey8947
2 tkey8948
2 tkey8949
2 tkey8950
2 tkey8951
2 tkey8952
2 tkey8953
2 tkey8954
2 tkey8955
2 tkey8956
2 tkey8957
2 tkey8958
2 tkey8959
2 tkey8960
2 tkey8961
2 tkey8962
2 tkey8963
2 tkey8964
2 tkey8965
2 tkey8966
2 tkey8967
2 tkey8968
2 tkey8969
2 tkey8970
2 tkey8971
2 tkey8972
2 tkey8973
2 tkey8974
2 tkey8975
2 tkey8976
2 tkey8977
2 tkey8978
2 tkey8979
2 tkey8980
2 tkey8981
2 tkey8982
2 tkey8983
2 tkey8984
2 tkey8985
2 tkey8986
2 tkey8987
2 tkey8988
2 tkey8989
2 tkey8990
2 tkey8991
2 tkey8992
2 tkey8993
2 tkey8994
2 tkey8995
2 tkey8996
2 tkey8997
2 tkey8998
2 tkey8999
2 tkey9000
2 tkey9001
2 tkey9002
2 tkey9003
2 tkey9004
2 tkey9005
2 tkey9006
2 tkey9007
2 tkey9008
2 tkey9009
2 tkey9010
2 tkey9011
2 tkey9012
2 tkey9013
2 tkey9014
2 tkey9015
2 tkey9016
2 tkey9017
2 tkey9018
2 tkey9019
2 tkey9020
2 tkey9021
2 tkey9022
2 tkey9023
2 tkey9024
2 tkey9025
2 tkey9026
2 tkey9027
2 tkey9028
2 tkey9029
2 tkey9030
2 tkey9031
2 tkey9032
2 tkey9033
2 tkey9034
2 tkey9035
2 tkey9036
2 tkey9037
2 tkey9038
2 tkey9039
2 tkey9040
2 tkey9041
2 tkey9042
2 tkey9043
2 tkey9044
2 tkey9045
2 tkey9046
2 tkey9047
2 tkey9048
2 tkey9049
2 tkey9050
2 tkey9051
2 tkey9052
2 tkey9053
2 tkey9054
2 tkey9055
2 tkey9056
2 tkey9057
2 tkey9058
2 tkey9059
2 tkey9060
2 tkey9061
2 tkey9062
2 tkey9063
2 tkey9064
2 tkey9065
2 tkey9066
2 tkey9067
2 tkey9068
2 tkey9069
2 tkey9070
2 tkey9071
2 tkey9072
2 tkey9073
2 tkey9074
2 tkey9075
2 tkey9076
2 tkey9077
2 tkey9078
2 tkey9079
2 tkey9080
2 tkey9081
2 tkey9082
2 tkey9083
2 tkey9084
2 tkey9085
2 tkey9086
2 tkey9087
2 tkey9088
2 tkey9089
2 tkey9090
2 tkey9091
2 tkey9092
2 tkey9093
2 tkey9094
2 tkey9095
2 tkey9096
2 tkey9097
2 tkey9098
2 tkey9099
2 tkey9100
2 tkey9101
2 tkey9102
2 tkey9103
2 tkey9104
2 tkey9105
2 tkey9106
2 tkey9107
2 tkey9108
2 tkey9109
2 tkey9110
2 tkey9111
2 tkey9112
2 tkey9113
2 tkey9114
2 tkey9115
2 tkey9116
2 tkey9117
2 tkey9118
2 tkey9119
2 tkey9120
2 tkey9121
2 tkey9122
2 tkey9123
2 tkey9124
2 tkey9125
2 tkey9126
2 tkey9127
2 tkey9128
2 tkey9129
2 tkey9130
2 tkey9131
2 tkey9132
2 tkey9133
2 tkey9134
2 tkey9135
2 tkey9136
2 tkey9137
2 tkey9138
2 tkey9139
2 tkey9140
2 tkey9141
2 tkey9142
2 tkey9143
2 tkey9144
2 tkey9145
2 tkey9146
2 tkey9147
2 tkey9148
2 tkey9149
2 tkey9150
2 tkey9151
2 tkey9152
2 tkey9153
2 tkey9154
2 tkey9155
2 tkey9156
2 tkey9157
2 tkey9158
2 tkey9159
2 tkey9160
2 tkey9161
2 tkey9162
2 tkey9163
2 tkey9164
2 tkey9165
2 tkey9166
2 tkey9167
2 tkey9168
2 tkey9169
2 tkey9170
2 tkey9171
2 tkey9172
2 tkey9173
2 tkey9174
2 tkey9175
2 tkey9176
2 tkey9177
2 tkey9178
2 tkey9179
2 tkey9180
2 tkey9181
2 tkey9182
2 tkey9183
2 tkey9184
2 tkey9185
2 tkey9186
2 tkey9187
2 tkey9188
2 tkey9189
2 tkey9190
2 tkey9191
2 tkey9192
2 tkey9193
2 tkey9194
2 tkey9195
2 tkey9196
2 tkey9197
2 tkey9198
2 tkey9199
2 tkey9200
2 tkey9201
2 tkey9202
2 tkey9203
2 tkey9204
2 tkey9205
2 tkey9206
2 tkey9207
2 tkey9208
2 tkey9209
2 tkey9210
2 tkey9211
2 tkey9212
2 tkey9213
2 tkey9214
2 tkey9215
2 tkey9216
2 tkey9217
2 tkey9218
2 tkey9219
2 tkey9220
2 tkey9221
2 tkey9222
2 tkey9223
2 tkey9224
2 tkey9225
2 tkey9226
2 tkey9227
2 tkey9228
2 tkey9229
2 tkey9230
2 tkey9231
2 tkey9232
2 tkey9233
2 tkey9234
2 tkey9235
2 tkey9236
2 tkey9237
2 tkey9238
2 tkey9239
2 tkey9240
2 tkey9241
2 tkey9242
2 tkey9243
2 tkey9244
2 tkey9245
2 tkey9246
2 tkey9247
2 tkey9248
2 tkey9249
2 tkey9250
2 tkey9251
2 tkey9252
2 tkey9253
2 tkey9254
2 tkey9255
2 tkey9256
2 tkey9257
2 tkey9258
2 tkey9259
2 tkey9260
2 tkey9261
2 tkey9262
2 tkey9263
2 tkey9264
2 tkey9265
2 tkey9266
2 tkey9267
2 tkey9268
2 tkey9269
2 tkey9270
2 tkey9271
2 tkey9272
2 tkey9273
2 tkey9274
2 tkey9275
2 tkey9276
2 tkey9277
2 tkey9278
2 tkey9279
2 tkey9280
2 tkey9281
2 tkey9282
2 tkey9283
2 tkey9284
2 tkey9285
2 tkey9286
2 tkey9287
2 tkey9288
2 tkey9289
2 tkey9290
2 tkey9291
2 tkey9292
2 tkey9293
2 tkey9294
2 tkey9295
2 tkey9296
2 tkey9297
2 tkey9298
2 tkey9299
2 tkey9300
2 tkey9301
2 tkey9302
2 tkey9303
2 tkey9304
2 tkey9305
2 tkey9306
2 tkey9307
2 tkey9308
2 tkey9309
2 tkey9310
2 tkey9311
2 tkey9312
2 tkey9313
2 tkey9314
2 tkey9315
2 tkey9316
2 tkey9317
2 tkey9318
2 tkey9319
2 tkey9320
2 tkey9321
2 tkey9322
2 tkey9323
2 tkey9324
2 tkey9325
2 tkey9326
2 tkey9327
2 tkey9328
2 tkey9329
2 tkey9330
2 tkey9331
2 tkey9332
2 tkey9333
2 tkey9334
2 tkey9335
2 tkey9336
2 tkey9337
2 tkey9338
2 tkey9339
2 tkey9340
2 tkey9341
2 tkey9342
2 tkey9343
2 tkey9344
2 tkey9345
2 tkey9346
2 tkey9347
2 tkey9348
2 tkey9349
2 tkey9350
2 tkey9351
2 tkey9352
2 tkey9353
2 tkey9354
2 tkey9355
2 tkey9356
2 tkey9357
2 tkey9358
2 tkey9359
2 tkey9360
2 tkey9361
2 tkey9362
2 tkey9363
2 tkey9364
2 tkey9365
2 tkey9366
2 tkey9367
2 tkey9368
2 tkey9369
2 tkey9370
2 tkey9371
2 tkey9372
2 tkey9373
2 tkey9374
2 tkey9375
2 tkey9376
2 tkey9377
2 tkey9378
2 tkey9379
2 tkey9380
2 tkey9381
2 tkey9382
2 tkey9383
2 tkey9384
2 tkey9385
2 tkey9386
2 tkey9387
2 tkey9388
2 tkey9389
2 tkey9390
2 tkey9391
2 tkey9392
2 tkey9393
2 tkey9394
2 tkey9395
2 tkey9396
2 tkey9397
2 tkey9398
2 tkey9399
2 tkey9400
2 tkey9401
2 tkey9402
2 tkey9403
2 tkey9404
2 tkey9405
2 tkey9406
2 tkey9407
2 tkey9408
2 tkey9409
2 tkey9410
2 tkey9411
2 tkey9412
2 tkey9413
2 tkey9414
2 tkey9415
2 tkey9416
2 tkey9417
2 tkey9418
2 tkey9419
2 tkey9420
2 tkey9421
2 tkey9422
2 tkey9423
2 tkey9424
2 tkey9425
2 tkey9426
2 tkey9427
2 tkey9428
2 tkey9429
2 tkey9430
2 tkey9431
2 tkey9432
2 tkey9433
2 tkey9434
2 tkey9435
2 tkey9436
2 tkey9437
2 tkey9438
2 tkey9439
2 tkey9440
2 tkey9441
2 tkey9442
2 tkey9443
2 tkey9444
2 tkey9445
2 tkey9446
2 tkey9447
2 tkey9448
2 tkey9449
2 tkey9450
2 tkey9451
2 tkey9452
2 tkey9453
2 tkey9454
2 tkey9455
2 tkey9456
2 tkey9457
2 tkey9458
2 tkey9459
2 tkey9460
2 tkey9461
2 tkey9462
2 tkey9463
2 tkey9464
2 tkey9465
2 tkey9466
2 tkey9467
2 tkey9468
2 tkey9469
2 tkey9470
2 tkey9471
2 tkey9472
2 tkey9473
2 tkey9474
2 tkey9475
2 tkey9476
2 tkey9477
2 tkey9478
2 tkey9479
2 tkey9480
2 tkey9481
2 tkey9482
2 tkey9483
2 tkey9484
2 tkey9485
2 tkey9486
2 tkey9487
2 tkey9488
2 tkey9489
2 tkey9490
2 tkey9491
2 tkey9492
2 tkey9493
2 tkey9494
2 tkey9495
2 tkey9496
2 tkey9497
2 tkey9498
2 tkey9499
2 tkey9500
2 tkey9501
2 tkey9502
2 tkey9503
2 tkey9504
2 tkey9505
2 tkey9506
2 tkey9507
2 tkey9508
2 tkey9509
2 tkey9510
2 tkey9511
2 tkey9512
2 tkey9513
2 tkey9514
2 tkey9515
2 tkey9516
2 tkey9517
2 tkey9518
2 tkey9519
2 tkey9520
2 tkey9521
2 tkey9522
2 tkey9523
2 tkey9524
2 tkey9525
2 tkey9526
2 tkey9527
2 tkey9528
2 tkey9529
2 tkey9530
2 tkey9531
2 tkey9532
2 tkey9533
2 tkey9534
2 tkey9535
2 tkey9536
2 tkey9537
2 tkey9538
2 tkey9539
2 tkey9540
2 tkey9541
2 tkey9542
2 tkey9543
2 tkey9544
2 tkey9545
2 tkey9546
2 tkey9547
2 tkey9548
2 tkey9549
2 tkey9550
2 tkey9551
2 tkey9552
2 tkey9553
2 tkey9554
2 tkey9555
2 tkey9556
2 tkey9557
2 tkey9558
2 tkey9559
2 tkey9560
2 tkey9561
2 tkey9562
2 tkey9563
2 tkey9564
2 tkey9565
2 tkey9566
2 tkey9567
2 tkey9568
2 tkey9569
2 tkey9570
2 tkey9571
2 tkey9572
2 tkey9573
2 tkey9574
2 tkey9575
2 tkey9576
2 tkey9577
2 tkey9578
2 tkey9579
2 tkey9580
2 tkey9581
2 tkey9582
2 tkey9583
2 tkey9584
2 tkey9585
2 tkey9586
2 tkey9587
2 tkey9588
2 tkey9589
2 tkey9590
2 tkey9591
2 tkey9592
2 tkey9593
2 tkey9594
2 tkey9595
2 tkey9596
2 tkey9597
2 tkey9598
2 tkey9599
2 tkey9600
2 tkey9601
2 tkey9602
2 tkey9603
2 tkey9604
2 tkey9605
2 tkey9606
2 tkey9607
2 tkey9608
2 tkey9609
2 tkey9610
2 tkey9611
2 tkey9612
2 tkey9613
2 tkey9614
2 tkey9615
2 tkey9616
2 tkey9617
2 tkey9618
2 tkey9619
2 tkey9620
2 tkey9621
2 tkey9622
2 tkey9623
2 tkey9624
2 tkey9625
2 tkey9626
2 tkey9627
2 tkey9628
2 tkey9629
2 tkey9630
2 tkey9631
2 tkey9632
2 tkey9633
2 tkey9634
2 tkey9635
2 tkey9636
2 tkey9637
2 tkey9638
2 tkey9639
2 tkey9640
2 tkey9641
2 tkey9642
2 tkey9643
2 tkey9644
2 tkey9645
2 tkey9646
2 tkey9647
2 tkey9648
2 tkey9649
2 tkey9650
2 tkey9651
2 tkey9652
2 tkey9653
2 tkey9654
2 tkey9655
2 tkey9656
2 tkey9657
2 tkey9658
2 tkey9659
2 tkey9660
2 tkey9661
2 tkey9662
2 tkey9663
2 tkey9664
2 tkey9665
2 tkey9666
2 tkey9667
2 tkey9668
2 tkey9669
2 tkey9670
2 tkey9671
2 tkey9672
2 tkey9673
2 tkey9674
2 tkey9675
2 tkey9676
2 tkey9677
2 tkey9678
2 tkey9679
2 tkey9680
2 tkey9681
2 tkey9682
2 tkey9683
2 tkey9684
2 tkey9685
2 tkey9686
2 tkey9687
2 tkey9688
2 tkey9689
2 tkey9690
2 tkey9691
2 tkey9692
2 tkey9693
2 tkey9694
2 tkey9695
2 tkey9696
2 tkey9697
2 tkey9698
2 tkey9699
2 tkey9700
2 tkey9701
2 tkey9702
2 tkey9703
2 tkey9704
2 tkey9705
2 tkey9706
2 tkey9707
2 tkey9708
2 tkey9709
2 tkey9710
2 tkey9711
2 tkey9712
2 tkey9713
2 tkey9714
2 tkey9715
2 tkey9716
2 tkey9717
2 tkey9718
2 tkey9719
2 tkey9720
2 tkey9721
2 tkey9722
2 tkey9723
2 tkey9724
2 tkey9725
2 tkey9726
2 tkey9727
2 tkey9728
2 tkey9729
2 tkey9730
2 tkey9731
2 tkey9732
2 tkey9733
2 tkey9734
2 tkey9735
2 tkey9736
2 tkey9737
2 tkey9738
2 tkey9739
2 tkey9740
2 tkey9741
2 tkey9742
2 tkey9743
2 tkey9744
2 tkey9745
2 tkey9746
2 tkey9747
2 tkey9748
2 tkey9749
2 tkey9750
2 tkey9751
2 tkey9752
2 tkey9753
2 tkey9754
2 tkey9755
2 tkey9756
2 tkey9757
2 tkey9758
2 tkey9759
2 tkey9760
2 tkey9761
2 tkey9762
2 tkey9763
2 tkey9764
2 tkey9765
2 tkey9766
2 tkey9767
2 tkey9768
2 tkey9769
2 tkey9770
2 tkey9771
2 tkey9772
2 tkey9773
2 tkey9774
2 tkey9775
2 tkey9776
2 tkey9777
2 tkey9778
2 tkey9779
2 tkey9780
2 tkey9781
2 tkey9782
2 tkey9783
2 tkey9784
2 tkey9785
2 tkey9786
2 tkey9787
2 tkey9788
2 tkey9789
2 tkey9790
2 tkey9791
2 tkey9792
2 tkey9793
2 tkey9794
2 tkey9795
2 tkey9796
2 tkey9797
2 tkey9798
2 tkey9799
2 tkey9800
2 tkey9801
2 tkey9802
2 tkey9803
2 tkey9804
2 tkey9805
2 tkey9806
2 tkey9807
2 tkey9808
2 tkey9809
2 tkey9810
2 tkey9811
2 tkey9812
2 tkey9813
2 tkey9814
2 tkey9815
2 tkey9816
2 tkey9817
2 tkey9818
2 tkey9819
2 tkey9820
2 tkey9821
2 tkey9822
2 tkey9823
2 tkey9824
2 tkey9825
2 tkey9826
2 tkey9827
2 tkey9828
2 tkey9829
2 tkey9830
2 tkey9831
2 tkey9832
2 tkey9833
2 tkey9834
2 tkey9835
2 tkey9836
2 tkey9837
2 tkey9838
2 tkey9839
2 tkey9840
2 tkey9841
2 tkey9842
2 tkey9843
2 tkey9844
2 tkey9845
2 tkey9846
2 tkey9847
2 tkey9848
2 tkey9849
2 tkey9850
2 tkey9851
2 tkey9852
2 tkey9853
2 tkey9854
2 tkey9855
2 tkey9856
2 tkey9857
2 tkey9858
2 tkey9859
2 tkey9860
2 tkey9861
2 tkey9862
2 tkey9863
2 tkey9864
2 tkey9865
2 tkey9866
2 tkey9867
2 tkey9868
2 tkey9869
2 tkey9870
2 tkey9871
2 tkey9872
2 tkey9873
2 tkey9874
2 tkey9875
2 tkey9876
2 tkey9877
2 tkey9878
2 tkey9879
2 tkey9880
2 tkey9881
2 tkey9882
2 tkey9883
2 tkey9884
2 tkey9885
2 tkey9886
2 tkey9887
2 tkey9888
2 tkey9889
2 tkey9890
2 tkey9891
2 tkey9892
2 tkey9893
2 tkey9894
2 tkey9895
2 tkey9896
2 tkey9897
2 tkey9898
2 tkey9899
2 tkey9900
2 tkey9901
2 tkey9902
2 tkey9903
2 tkey9904
2 tkey9905
2 tkey9906
2 tkey9907
2 tkey9908
2 tkey9909
2 tkey9910
2 tkey9911
2 tkey9912
2 tkey9913
2 tkey9914
2 tkey9915
2 tkey9916
2 tkey9917
2 tkey9918
2 tkey9919
2 tkey9920
2 tkey9921
2 tkey9922
2 tkey9923
2 tkey9924
2 tkey9925
2 tkey9926
2 tkey9927
2 tkey9928
2 tkey9929
2 tkey9930
2 tkey9931
2 tkey9932
2 tkey9933
2 tkey9934
2 tkey9935
2 tkey9936
2 tkey9937
2 tkey9938
2 tkey9939
2 tkey9940
2 tkey9941
2 tkey9942
2 tkey9943
2 tkey9944
2 tkey9945
2 tkey9946
2 tkey9947
2 tkey9948
2 tkey9949
2 tkey9950
2 tkey9951
2 tkey9952
2 tkey9953
2 tkey9954
2 tkey9955
2 tkey9956
2 tkey9957
2 tkey9958
2 tkey9959
2 tkey9960
2 tkey9961
2 tkey9962
2 tkey9963
2 tkey9964
2 tkey9965
2 tkey9966
2 tkey9967
2 tkey9968
2 tkey9969
2 tkey9970
2 tkey9971
2 tkey9972
2 tkey9973
2 tkey9974
2 tkey9975
2 tkey9976
2 tkey9977
2 tkey9978
2 tkey9979
2 tkey9980
2 tkey9981
2 tkey9982
2 tkey9983
2 tkey9984
2 tkey9985
2 tkey9986
2 tkey9987
2 tkey9988
2 tkey9989
2 tkey9990
2 tkey9991
2 tkey9992
2 tkey9993
2 tkey9994
2 tkey9995
2 tkey9996
2 tkey9997
2 tkey9998
2 tkey9999
2 tkey10000
