1 tkey1 1
1 tkey2 2
1 tkey3 3
1 tkey4 4
1 tkey5 5
1 tkey6 6
1 tkey7 7
1 tkey8 8
1 tkey9 9
1 tkey10 10
1 tkey11 11
1 tkey12 12
1 tkey13 13
1 tkey14 14
1 tkey15 15
1 tkey16 16
1 tkey17 17
1 tkey18 18
1 tkey19 19
1 tkey20 20
1 tkey21 21
1 tkey22 22
1 tkey23 23
1 tkey24 24
1 tkey25 25
1 tkey26 26
1 tkey27 27
1 tkey28 28
1 tkey29 29
1 tkey30 30
1 tkey31 31
1 tkey32 32
1 tkey33 33
1 tkey34 34
1 tkey35 35
1 tkey36 36
1 tkey37 37
1 tkey38 38
1 tkey39 39
1 tkey40 40
1 tkey41 41
1 tkey42 42
1 tkey43 43
1 tkey44 44
1 tkey45 45
1 tkey46 46
1 tkey47 47
1 tkey48 48
1 tkey49 49
1 tkey50 50
1 tkey51 51
1 tkey52 52
1 tkey53 53
1 tkey54 54
1 tkey55 55
1 tkey56 56
1 tkey57 57
1 tkey58 58
1 tkey59 59
1 tkey60 60
1 tkey61 61
1 tkey62 62
1 tkey66 66
1 tkey65 65
1 tkey67 67
1 tkey64 64
1 tkey63 63
1 tkey68 68
1 tkey72 72
1 tkey77 77
1 tkey82 82
1 tkey87 87
1 tkey92 92
1 tkey97 97
1 tkey102 102
1 tkey107 107
1 tkey112 112
1 tkey117 117
1 tkey122 122
1 tkey69 69
1 tkey74 74
1 tkey79 79
1 tkey84 84
1 tkey89 89
1 tkey94 94
1 tkey99 99
1 tkey104 104
1 tkey109 109
1 tkey114 114
1 tkey119 119
1 tkey124 124
1 tkey129 129
1 tkey134 134
1 tkey71 71
1 tkey76 76
1 tkey81 81
1 tkey86 86
1 tkey91 91
1 tkey96 96
1 tkey101 101
1 tkey106 106
1 tkey111 111
1 tkey116 116
1 tkey121 121
1 tkey126 126
1 tkey131 131
1 tkey136 136
1 tkey141 141
1 tkey70 70
1 tkey127 127
1 tkey146 146
1 tkey151 151
1 tkey156 156
1 tkey73 73
1 tkey132 132
1 tkey137 137
1 tkey142 142
1 tkey147 147
1 tkey152 152
1 tkey157 157
1 tkey162 162
1 tkey167 167
1 tkey172 172
1 tkey78 78
1 tkey83 83
1 tkey88 88
1 tkey93 93
1 tkey98 98
1 tkey103 103
1 tkey75 75
1 tkey80 80
1 tkey85 85
1 tkey90 90
1 tkey95 95
1 tkey100 100
1 tkey105 105
1 tkey110 110
1 tkey115 115
1 tkey120 120
1 tkey139 139
1 tkey144 144
1 tkey149 149
1 tkey154 154
1 tkey159 159
1 tkey164 164
1 tkey169 169
1 tkey174 174
1 tkey177 177
1 tkey182 182
1 tkey187 187
1 tkey192 192
1 tkey197 197
1 tkey202 202
1 tkey207 207
1 tkey212 212
1 tkey217 217
1 tkey222 222
1 tkey108 108
1 tkey113 113
1 tkey118 118
1 tkey123 123
1 tkey128 128
1 tkey133 133
1 tkey138 138
1 tkey143 143
1 tkey148 148
1 tkey153 153
1 tkey158 158
1 tkey163 163
1 tkey168 168
1 tkey173 173
1 tkey178 178
1 tkey183 183
1 tkey188 188
1 tkey193 193
1 tkey198 198
1 tkey203 203
1 tkey208 208
1 tkey213 213
1 tkey218 218
1 tkey223 223
1 tkey228 228
1 tkey233 233
1 tkey238 238
1 tkey243 243
1 tkey248 248
1 tkey161 161
1 tkey166 166
1 tkey179 179
1 tkey184 184
1 tkey189 189
1 tkey194 194
1 tkey199 199
1 tkey204 204
1 tkey209 209
1 tkey214 214
1 tkey219 219
1 tkey224 224
1 tkey229 229
1 tkey253 253
1 tkey258 258
1 tkey263 263
1 tkey268 268
1 tkey273 273
1 tkey278 278
1 tkey283 283
1 tkey288 288
1 tkey293 293
1 tkey298 298
1 tkey303 303
1 tkey234 234
1 tkey239 239
1 tkey125 125
1 tkey244 244
1 tkey249 249
1 tkey254 254
1 tkey259 259
1 tkey264 264
1 tkey269 269
1 tkey171 171
1 tkey176 176
1 tkey181 181
1 tkey186 186
1 tkey191 191
1 tkey196 196
1 tkey201 201
1 tkey206 206
1 tkey211 211
1 tkey216 216
1 tkey221 221
1 tkey226 226
1 tkey231 231
1 tkey236 236
1 tkey241 241
1 tkey246 246
1 tkey251 251
1 tkey130 130
1 tkey135 135
1 tkey140 140
1 tkey145 145
1 tkey150 150
1 tkey155 155
1 tkey256 256
1 tkey261 261
1 tkey266 266
1 tkey227 227
1 tkey232 232
1 tkey237 237
1 tkey242 242
1 tkey160 160
1 tkey165 165
1 tkey170 170
1 tkey175 175
1 tkey271 271
1 tkey180 180
1 tkey185 185
1 tkey190 190
1 tkey195 195
1 tkey200 200
1 tkey205 205
1 tkey210 210
1 tkey215 215
1 tkey220 220
1 tkey225 225
1 tkey308 308
1 tkey276 276
1 tkey281 281
1 tkey286 286
1 tkey291 291
1 tkey296 296
1 tkey301 301
1 tkey306 306
1 tkey311 311
1 tkey316 316
1 tkey321 321
1 tkey326 326
1 tkey331 331
1 tkey247 247
1 tkey313 313
1 tkey318 318
1 tkey323 323
1 tkey328 328
1 tkey333 333
1 tkey338 338
1 tkey343 343
1 tkey348 348
1 tkey353 353
1 tkey252 252
1 tkey257 257
1 tkey262 262
1 tkey267 267
1 tkey272 272
1 tkey358 358
1 tkey363 363
1 tkey274 274
1 tkey279 279
1 tkey277 277
1 tkey282 282
1 tkey287 287
1 tkey336 336
1 tkey341 341
1 tkey346 346
1 tkey351 351
1 tkey356 356
1 tkey368 368
1 tkey373 373
1 tkey378 378
1 tkey383 383
1 tkey388 388
1 tkey393 393
1 tkey398 398
1 tkey403 403
1 tkey408 408
1 tkey413 413
1 tkey418 418
1 tkey230 230
1 tkey235 235
1 tkey240 240
1 tkey361 361
1 tkey366 366
1 tkey371 371
1 tkey376 376
1 tkey381 381
1 tkey423 423
1 tkey428 428
1 tkey386 386
1 tkey433 433
1 tkey438 438
1 tkey443 443
1 tkey448 448
1 tkey391 391
1 tkey396 396
1 tkey401 401
1 tkey453 453
1 tkey292 292
1 tkey297 297
1 tkey302 302
1 tkey307 307
1 tkey312 312
1 tkey317 317
1 tkey322 322
1 tkey327 327
1 tkey332 332
1 tkey337 337
1 tkey342 342
1 tkey347 347
1 tkey406 406
1 tkey352 352
1 tkey245 245
1 tkey250 250
1 tkey458 458
1 tkey463 463
1 tkey468 468
1 tkey473 473
1 tkey478 478
1 tkey483 483
1 tkey357 357
1 tkey362 362
1 tkey284 284
1 tkey289 289
1 tkey294 294
1 tkey299 299
1 tkey304 304
1 tkey309 309
1 tkey488 488
1 tkey493 493
1 tkey498 498
1 tkey503 503
1 tkey411 411
1 tkey508 508
1 tkey513 513
1 tkey518 518
1 tkey523 523
1 tkey528 528
1 tkey533 533
1 tkey538 538
1 tkey543 543
1 tkey548 548
1 tkey553 553
1 tkey558 558
1 tkey416 416
1 tkey421 421
1 tkey426 426
1 tkey431 431
1 tkey436 436
1 tkey441 441
1 tkey446 446
1 tkey563 563
1 tkey451 451
1 tkey456 456
1 tkey461 461
1 tkey466 466
1 tkey471 471
1 tkey476 476
1 tkey255 255
1 tkey260 260
1 tkey265 265
1 tkey270 270
1 tkey275 275
1 tkey280 280
1 tkey285 285
1 tkey290 290
1 tkey481 481
1 tkey486 486
1 tkey491 491
1 tkey496 496
1 tkey501 501
1 tkey506 506
1 tkey511 511
1 tkey516 516
1 tkey568 568
1 tkey521 521
1 tkey526 526
1 tkey531 531
1 tkey536 536
1 tkey541 541
1 tkey573 573
1 tkey578 578
1 tkey583 583
1 tkey588 588
1 tkey593 593
1 tkey598 598
1 tkey603 603
1 tkey314 314
1 tkey319 319
1 tkey295 295
1 tkey300 300
1 tkey305 305
1 tkey310 310
1 tkey315 315
1 tkey320 320
1 tkey325 325
1 tkey608 608
1 tkey613 613
1 tkey618 618
1 tkey623 623
1 tkey628 628
1 tkey633 633
1 tkey638 638
1 tkey643 643
1 tkey648 648
1 tkey653 653
1 tkey658 658
1 tkey546 546
1 tkey551 551
1 tkey556 556
1 tkey561 561
1 tkey566 566
1 tkey571 571
1 tkey576 576
1 tkey581 581
1 tkey367 367
1 tkey372 372
1 tkey377 377
1 tkey586 586
1 tkey591 591
1 tkey596 596
1 tkey601 601
1 tkey606 606
1 tkey611 611
1 tkey616 616
1 tkey621 621
1 tkey626 626
1 tkey631 631
1 tkey636 636
1 tkey382 382
1 tkey663 663
1 tkey668 668
1 tkey673 673
1 tkey678 678
1 tkey683 683
1 tkey324 324
1 tkey329 329
1 tkey334 334
1 tkey339 339
1 tkey344 344
1 tkey349 349
1 tkey354 354
1 tkey359 359
1 tkey364 364
1 tkey369 369
1 tkey374 374
1 tkey379 379
1 tkey384 384
1 tkey389 389
1 tkey394 394
1 tkey387 387
1 tkey392 392
1 tkey397 397
1 tkey330 330
1 tkey402 402
1 tkey407 407
1 tkey412 412
1 tkey417 417
1 tkey688 688
1 tkey693 693
1 tkey698 698
1 tkey703 703
1 tkey708 708
1 tkey713 713
1 tkey718 718
1 tkey723 723
1 tkey728 728
1 tkey335 335
1 tkey340 340
1 tkey345 345
1 tkey350 350
1 tkey422 422
1 tkey733 733
1 tkey427 427
1 tkey432 432
1 tkey437 437
1 tkey442 442
1 tkey447 447
1 tkey452 452
1 tkey457 457
1 tkey462 462
1 tkey467 467
1 tkey472 472
1 tkey477 477
1 tkey738 738
1 tkey743 743
1 tkey748 748
1 tkey753 753
1 tkey758 758
1 tkey763 763
1 tkey355 355
1 tkey360 360
1 tkey365 365
1 tkey370 370
1 tkey375 375
1 tkey380 380
1 tkey385 385
1 tkey482 482
1 tkey390 390
1 tkey395 395
1 tkey400 400
1 tkey405 405
1 tkey410 410
1 tkey487 487
1 tkey641 641
1 tkey646 646
1 tkey651 651
1 tkey399 399
1 tkey404 404
1 tkey409 409
1 tkey414 414
1 tkey419 419
1 tkey424 424
1 tkey429 429
1 tkey434 434
1 tkey492 492
1 tkey497 497
1 tkey502 502
1 tkey439 439
1 tkey444 444
1 tkey768 768
1 tkey773 773
1 tkey778 778
1 tkey783 783
1 tkey788 788
1 tkey793 793
1 tkey798 798
1 tkey803 803
1 tkey808 808
1 tkey813 813
1 tkey656 656
1 tkey661 661
1 tkey666 666
1 tkey671 671
1 tkey676 676
1 tkey681 681
1 tkey686 686
1 tkey818 818
1 tkey823 823
1 tkey828 828
1 tkey833 833
1 tkey838 838
1 tkey843 843
1 tkey507 507
1 tkey512 512
1 tkey517 517
1 tkey522 522
1 tkey527 527
1 tkey532 532
1 tkey537 537
1 tkey542 542
1 tkey547 547
1 tkey552 552
1 tkey557 557
1 tkey562 562
1 tkey567 567
1 tkey572 572
1 tkey577 577
1 tkey582 582
1 tkey587 587
1 tkey415 415
1 tkey420 420
1 tkey425 425
1 tkey430 430
1 tkey435 435
1 tkey440 440
1 tkey445 445
1 tkey691 691
1 tkey696 696
1 tkey848 848
1 tkey853 853
1 tkey858 858
1 tkey863 863
1 tkey868 868
1 tkey873 873
1 tkey878 878
1 tkey883 883
1 tkey888 888
1 tkey893 893
1 tkey898 898
1 tkey701 701
1 tkey706 706
1 tkey903 903
1 tkey711 711
1 tkey716 716
1 tkey721 721
1 tkey726 726
1 tkey731 731
1 tkey449 449
1 tkey454 454
1 tkey459 459
1 tkey464 464
1 tkey469 469
1 tkey474 474
1 tkey479 479
1 tkey484 484
1 tkey489 489
1 tkey494 494
1 tkey499 499
1 tkey504 504
1 tkey509 509
1 tkey450 450
1 tkey736 736
1 tkey741 741
1 tkey746 746
1 tkey455 455
1 tkey908 908
1 tkey514 514
1 tkey519 519
1 tkey524 524
1 tkey529 529
1 tkey460 460
1 tkey465 465
1 tkey470 470
1 tkey751 751
1 tkey756 756
1 tkey761 761
1 tkey534 534
1 tkey539 539
1 tkey544 544
1 tkey549 549
1 tkey554 554
1 tkey559 559
1 tkey475 475
1 tkey480 480
1 tkey485 485
1 tkey766 766
1 tkey771 771
1 tkey776 776
1 tkey781 781
1 tkey913 913
1 tkey564 564
1 tkey569 569
1 tkey574 574
1 tkey579 579
1 tkey584 584
1 tkey589 589
1 tkey918 918
1 tkey490 490
1 tkey495 495
1 tkey500 500
1 tkey505 505
1 tkey510 510
1 tkey515 515
1 tkey520 520
1 tkey525 525
1 tkey530 530
1 tkey535 535
1 tkey786 786
1 tkey791 791
1 tkey592 592
1 tkey594 594
1 tkey599 599
1 tkey540 540
1 tkey545 545
1 tkey550 550
1 tkey555 555
1 tkey560 560
1 tkey565 565
1 tkey570 570
1 tkey923 923
1 tkey928 928
1 tkey933 933
1 tkey938 938
1 tkey943 943
1 tkey948 948
1 tkey953 953
1 tkey958 958
1 tkey963 963
1 tkey968 968
1 tkey575 575
1 tkey580 580
1 tkey585 585
1 tkey590 590
1 tkey595 595
1 tkey600 600
1 tkey604 604
1 tkey609 609
1 tkey796 796
1 tkey801 801
1 tkey806 806
1 tkey811 811
1 tkey816 816
1 tkey821 821
1 tkey826 826
1 tkey597 597
1 tkey602 602
1 tkey607 607
1 tkey605 605
1 tkey610 610
1 tkey615 615
1 tkey620 620
1 tkey625 625
1 tkey630 630
1 tkey635 635
1 tkey640 640
1 tkey612 612
1 tkey973 973
1 tkey978 978
1 tkey831 831
1 tkey645 645
1 tkey650 650
1 tkey836 836
1 tkey614 614
1 tkey619 619
1 tkey624 624
1 tkey629 629
1 tkey634 634
1 tkey639 639
1 tkey644 644
1 tkey649 649
1 tkey654 654
1 tkey659 659
1 tkey664 664
1 tkey655 655
1 tkey841 841
1 tkey669 669
1 tkey660 660
1 tkey846 846
1 tkey674 674
1 tkey679 679
1 tkey684 684
1 tkey689 689
1 tkey694 694
1 tkey983 983
1 tkey988 988
1 tkey993 993
1 tkey665 665
1 tkey670 670
1 tkey998 998
1 tkey1003 1003
1 tkey1008 1008
1 tkey1013 1013
1 tkey699 699
1 tkey704 704
1 tkey709 709
1 tkey714 714
1 tkey617 617
1 tkey622 622
1 tkey627 627
1 tkey632 632
1 tkey637 637
1 tkey642 642
1 tkey647 647
1 tkey652 652
1 tkey851 851
1 tkey1018 1018
1 tkey1023 1023
1 tkey1028 1028
1 tkey1033 1033
1 tkey1038 1038
1 tkey856 856
1 tkey675 675
1 tkey680 680
1 tkey685 685
1 tkey690 690
1 tkey695 695
1 tkey700 700
1 tkey1043 1043
1 tkey657 657
1 tkey662 662
1 tkey667 667
1 tkey672 672
1 tkey677 677
1 tkey861 861
1 tkey866 866
1 tkey705 705
1 tkey710 710
1 tkey715 715
1 tkey720 720
1 tkey871 871
1 tkey876 876
1 tkey881 881
1 tkey886 886
1 tkey891 891
1 tkey896 896
1 tkey725 725
1 tkey1048 1048
1 tkey719 719
1 tkey730 730
1 tkey724 724
1 tkey735 735
1 tkey901 901
1 tkey906 906
1 tkey911 911
1 tkey729 729
1 tkey734 734
1 tkey739 739
1 tkey744 744
1 tkey749 749
1 tkey754 754
1 tkey759 759
1 tkey764 764
1 tkey769 769
1 tkey682 682
1 tkey687 687
1 tkey1053 1053
1 tkey1058 1058
1 tkey916 916
1 tkey921 921
1 tkey926 926
1 tkey931 931
1 tkey936 936
1 tkey941 941
1 tkey740 740
1 tkey745 745
1 tkey750 750
1 tkey692 692
1 tkey697 697
1 tkey1063 1063
1 tkey1068 1068
1 tkey1073 1073
1 tkey1078 1078
1 tkey1083 1083
1 tkey755 755
1 tkey760 760
1 tkey765 765
1 tkey770 770
1 tkey775 775
1 tkey780 780
1 tkey785 785
1 tkey946 946
1 tkey951 951
1 tkey956 956
1 tkey961 961
1 tkey790 790
1 tkey795 795
1 tkey800 800
1 tkey805 805
1 tkey810 810
1 tkey815 815
1 tkey820 820
1 tkey1088 1088
1 tkey1093 1093
1 tkey1098 1098
1 tkey1103 1103
1 tkey774 774
1 tkey702 702
1 tkey707 707
1 tkey825 825
1 tkey966 966
1 tkey971 971
1 tkey976 976
1 tkey981 981
1 tkey1108 1108
1 tkey986 986
1 tkey830 830
1 tkey835 835
1 tkey840 840
1 tkey779 779
1 tkey845 845
1 tkey850 850
1 tkey991 991
1 tkey712 712
1 tkey717 717
1 tkey722 722
1 tkey1113 1113
1 tkey1118 1118
1 tkey996 996
1 tkey784 784
1 tkey1001 1001
1 tkey1006 1006
1 tkey1011 1011
1 tkey1016 1016
1 tkey1021 1021
1 tkey1026 1026
1 tkey1031 1031
1 tkey1036 1036
1 tkey1041 1041
1 tkey1046 1046
1 tkey1123 1123
1 tkey1051 1051
1 tkey1056 1056
1 tkey1061 1061
1 tkey727 727
1 tkey732 732
1 tkey789 789
1 tkey794 794
1 tkey799 799
1 tkey1066 1066
1 tkey855 855
1 tkey860 860
1 tkey865 865
1 tkey870 870
1 tkey1128 1128
1 tkey1133 1133
1 tkey1071 1071
1 tkey875 875
1 tkey880 880
1 tkey885 885
1 tkey890 890
1 tkey895 895
1 tkey900 900
1 tkey905 905
1 tkey1076 1076
1 tkey1081 1081
1 tkey1086 1086
1 tkey1091 1091
1 tkey1096 1096
1 tkey1101 1101
1 tkey1106 1106
1 tkey1111 1111
1 tkey910 910
1 tkey915 915
1 tkey920 920
1 tkey925 925
1 tkey737 737
1 tkey1138 1138
1 tkey1143 1143
1 tkey1148 1148
1 tkey1153 1153
1 tkey930 930
1 tkey935 935
1 tkey940 940
1 tkey945 945
1 tkey950 950
1 tkey955 955
1 tkey960 960
1 tkey1158 1158
1 tkey1163 1163
1 tkey742 742
1 tkey747 747
1 tkey752 752
1 tkey757 757
1 tkey1168 1168
1 tkey1173 1173
1 tkey1116 1116
1 tkey1121 1121
1 tkey1126 1126
1 tkey1131 1131
1 tkey1136 1136
1 tkey1141 1141
1 tkey1178 1178
1 tkey1183 1183
1 tkey965 965
1 tkey970 970
1 tkey975 975
1 tkey980 980
1 tkey1146 1146
1 tkey1151 1151
1 tkey1188 1188
1 tkey1193 1193
1 tkey1198 1198
1 tkey1203 1203
1 tkey1208 1208
1 tkey1213 1213
1 tkey762 762
1 tkey767 767
1 tkey772 772
1 tkey777 777
1 tkey782 782
1 tkey787 787
1 tkey792 792
1 tkey1218 1218
1 tkey1223 1223
1 tkey1228 1228
1 tkey1233 1233
1 tkey1238 1238
1 tkey1243 1243
1 tkey1248 1248
1 tkey797 797
1 tkey802 802
1 tkey1156 1156
1 tkey985 985
1 tkey990 990
1 tkey807 807
1 tkey804 804
1 tkey809 809
1 tkey814 814
1 tkey819 819
1 tkey1161 1161
1 tkey1166 1166
1 tkey995 995
1 tkey1000 1000
1 tkey1005 1005
1 tkey1010 1010
1 tkey1015 1015
1 tkey1020 1020
1 tkey1025 1025
1 tkey1030 1030
1 tkey1035 1035
1 tkey1040 1040
1 tkey1045 1045
1 tkey1050 1050
1 tkey1055 1055
1 tkey1060 1060
1 tkey1065 1065
1 tkey1070 1070
1 tkey1253 1253
1 tkey1258 1258
1 tkey824 824
1 tkey829 829
1 tkey834 834
1 tkey839 839
1 tkey1171 1171
1 tkey1176 1176
1 tkey1181 1181
1 tkey1186 1186
1 tkey1191 1191
1 tkey1196 1196
1 tkey1263 1263
1 tkey1268 1268
1 tkey1273 1273
1 tkey1278 1278
1 tkey1283 1283
1 tkey1288 1288
1 tkey1293 1293
1 tkey1298 1298
1 tkey812 812
1 tkey817 817
1 tkey822 822
1 tkey1201 1201
1 tkey1206 1206
1 tkey1211 1211
1 tkey1216 1216
1 tkey1221 1221
1 tkey827 827
1 tkey844 844
1 tkey849 849
1 tkey854 854
1 tkey1226 1226
1 tkey1303 1303
1 tkey832 832
1 tkey837 837
1 tkey842 842
1 tkey1075 1075
1 tkey1231 1231
1 tkey1236 1236
1 tkey1241 1241
1 tkey859 859
1 tkey864 864
1 tkey869 869
1 tkey1080 1080
1 tkey1085 1085
1 tkey1246 1246
1 tkey1090 1090
1 tkey1308 1308
1 tkey1313 1313
1 tkey874 874
1 tkey879 879
1 tkey884 884
1 tkey889 889
1 tkey847 847
1 tkey1318 1318
1 tkey1323 1323
1 tkey1328 1328
1 tkey1333 1333
1 tkey1095 1095
1 tkey1100 1100
1 tkey894 894
1 tkey899 899
1 tkey852 852
1 tkey1251 1251
1 tkey1256 1256
1 tkey1261 1261
1 tkey1105 1105
1 tkey1110 1110
1 tkey904 904
1 tkey909 909
1 tkey1338 1338
1 tkey1343 1343
1 tkey1266 1266
1 tkey1271 1271
1 tkey1276 1276
1 tkey1115 1115
1 tkey1120 1120
1 tkey1125 1125
1 tkey1130 1130
1 tkey914 914
1 tkey857 857
1 tkey1348 1348
1 tkey1353 1353
1 tkey1135 1135
1 tkey862 862
1 tkey867 867
1 tkey872 872
1 tkey919 919
1 tkey1281 1281
1 tkey1286 1286
1 tkey1358 1358
1 tkey1363 1363
1 tkey1368 1368
1 tkey1373 1373
1 tkey1291 1291
1 tkey1296 1296
1 tkey1301 1301
1 tkey877 877
1 tkey882 882
1 tkey1378 1378
1 tkey1383 1383
1 tkey1388 1388
1 tkey1140 1140
1 tkey1145 1145
1 tkey1150 1150
1 tkey1306 1306
1 tkey924 924
1 tkey929 929
1 tkey934 934
1 tkey1155 1155
1 tkey1160 1160
1 tkey1165 1165
1 tkey1170 1170
1 tkey1175 1175
1 tkey1180 1180
1 tkey939 939
1 tkey944 944
1 tkey949 949
1 tkey1393 1393
1 tkey1398 1398
1 tkey1185 1185
1 tkey887 887
1 tkey892 892
1 tkey897 897
1 tkey902 902
1 tkey907 907
1 tkey954 954
1 tkey959 959
1 tkey964 964
1 tkey1403 1403
1 tkey1408 1408
1 tkey1413 1413
1 tkey1418 1418
1 tkey1423 1423
1 tkey1428 1428
1 tkey1190 1190
1 tkey1195 1195
1 tkey1200 1200
1 tkey1205 1205
1 tkey969 969
1 tkey974 974
1 tkey979 979
1 tkey984 984
1 tkey989 989
1 tkey994 994
1 tkey999 999
1 tkey1004 1004
1 tkey1009 1009
1 tkey1014 1014
1 tkey1019 1019
1 tkey1433 1433
1 tkey1438 1438
1 tkey1443 1443
1 tkey1210 1210
1 tkey1215 1215
1 tkey1220 1220
1 tkey1225 1225
1 tkey912 912
1 tkey917 917
1 tkey922 922
1 tkey1024 1024
1 tkey1029 1029
1 tkey1034 1034
1 tkey1039 1039
1 tkey1044 1044
1 tkey1448 1448
1 tkey1453 1453
1 tkey1458 1458
1 tkey1311 1311
1 tkey1316 1316
1 tkey1321 1321
1 tkey1326 1326
1 tkey927 927
1 tkey932 932
1 tkey1230 1230
1 tkey1235 1235
1 tkey1240 1240
1 tkey1245 1245
1 tkey1250 1250
1 tkey1255 1255
1 tkey1260 1260
1 tkey1265 1265
1 tkey1270 1270
1 tkey1275 1275
1 tkey1049 1049
1 tkey1054 1054
1 tkey1331 1331
1 tkey1336 1336
1 tkey1341 1341
1 tkey937 937
1 tkey942 942
1 tkey1463 1463
1 tkey1468 1468
1 tkey1280 1280
1 tkey947 947
1 tkey952 952
1 tkey1059 1059
1 tkey1064 1064
1 tkey1069 1069
1 tkey1346 1346
1 tkey1351 1351
1 tkey1356 1356
1 tkey1285 1285
1 tkey1290 1290
1 tkey1295 1295
1 tkey1300 1300
1 tkey1074 1074
1 tkey1079 1079
1 tkey957 957
1 tkey962 962
1 tkey967 967
1 tkey972 972
1 tkey1361 1361
1 tkey1366 1366
1 tkey1371 1371
1 tkey1376 1376
1 tkey1381 1381
1 tkey1386 1386
1 tkey1391 1391
1 tkey1396 1396
1 tkey1401 1401
1 tkey1406 1406
1 tkey1473 1473
1 tkey1478 1478
1 tkey1483 1483
1 tkey1488 1488
1 tkey1084 1084
1 tkey1089 1089
1 tkey1094 1094
1 tkey1493 1493
1 tkey1498 1498
1 tkey1411 1411
1 tkey1099 1099
1 tkey1416 1416
1 tkey977 977
1 tkey982 982
1 tkey987 987
1 tkey1421 1421
1 tkey1426 1426
1 tkey1431 1431
1 tkey1305 1305
1 tkey1310 1310
1 tkey1503 1503
1 tkey1508 1508
1 tkey1436 1436
1 tkey1441 1441
1 tkey1446 1446
1 tkey1451 1451
1 tkey1513 1513
1 tkey1518 1518
1 tkey992 992
1 tkey997 997
1 tkey1002 1002
1 tkey1315 1315
1 tkey1007 1007
1 tkey1012 1012
1 tkey1523 1523
1 tkey1528 1528
1 tkey1104 1104
1 tkey1109 1109
1 tkey1114 1114
1 tkey1320 1320
1 tkey1325 1325
1 tkey1456 1456
1 tkey1461 1461
1 tkey1533 1533
1 tkey1538 1538
1 tkey1543 1543
1 tkey1119 1119
1 tkey1124 1124
1 tkey1129 1129
1 tkey1017 1017
1 tkey1022 1022
1 tkey1027 1027
1 tkey1032 1032
1 tkey1330 1330
1 tkey1335 1335
1 tkey1466 1466
1 tkey1471 1471
1 tkey1548 1548
1 tkey1553 1553
1 tkey1558 1558
1 tkey1563 1563
1 tkey1568 1568
1 tkey1573 1573
1 tkey1578 1578
1 tkey1583 1583
1 tkey1588 1588
1 tkey1134 1134
1 tkey1139 1139
1 tkey1144 1144
1 tkey1149 1149
1 tkey1154 1154
1 tkey1159 1159
1 tkey1037 1037
1 tkey1593 1593
1 tkey1598 1598
1 tkey1476 1476
1 tkey1481 1481
1 tkey1486 1486
1 tkey1164 1164
1 tkey1169 1169
1 tkey1174 1174
1 tkey1179 1179
1 tkey1184 1184
1 tkey1189 1189
1 tkey1194 1194
1 tkey1199 1199
1 tkey1204 1204
1 tkey1209 1209
1 tkey1214 1214
1 tkey1219 1219
1 tkey1340 1340
1 tkey1345 1345
1 tkey1350 1350
1 tkey1355 1355
1 tkey1360 1360
1 tkey1365 1365
1 tkey1491 1491
1 tkey1496 1496
1 tkey1501 1501
1 tkey1506 1506
1 tkey1511 1511
1 tkey1516 1516
1 tkey1224 1224
1 tkey1229 1229
1 tkey1234 1234
1 tkey1239 1239
1 tkey1042 1042
1 tkey1521 1521
1 tkey1526 1526
1 tkey1531 1531
1 tkey1603 1603
1 tkey1608 1608
1 tkey1047 1047
1 tkey1052 1052
1 tkey1057 1057
1 tkey1062 1062
1 tkey1067 1067
1 tkey1072 1072
1 tkey1077 1077
1 tkey1536 1536
1 tkey1541 1541
1 tkey1613 1613
1 tkey1244 1244
1 tkey1249 1249
1 tkey1082 1082
1 tkey1546 1546
1 tkey1618 1618
1 tkey1623 1623
1 tkey1551 1551
1 tkey1556 1556
1 tkey1561 1561
1 tkey1566 1566
1 tkey1628 1628
1 tkey1633 1633
1 tkey1638 1638
1 tkey1254 1254
1 tkey1259 1259
1 tkey1264 1264
1 tkey1370 1370
1 tkey1643 1643
1 tkey1648 1648
1 tkey1653 1653
1 tkey1087 1087
1 tkey1092 1092
1 tkey1375 1375
1 tkey1380 1380
1 tkey1385 1385
1 tkey1658 1658
1 tkey1663 1663
1 tkey1269 1269
1 tkey1274 1274
1 tkey1279 1279
1 tkey1284 1284
1 tkey1571 1571
1 tkey1390 1390
1 tkey1395 1395
1 tkey1400 1400
1 tkey1097 1097
1 tkey1102 1102
1 tkey1107 1107
1 tkey1112 1112
1 tkey1117 1117
1 tkey1122 1122
1 tkey1127 1127
1 tkey1132 1132
1 tkey1137 1137
1 tkey1142 1142
1 tkey1405 1405
1 tkey1410 1410
1 tkey1576 1576
1 tkey1581 1581
1 tkey1147 1147
1 tkey1668 1668
1 tkey1673 1673
1 tkey1678 1678
1 tkey1683 1683
1 tkey1415 1415
1 tkey1420 1420
1 tkey1425 1425
1 tkey1152 1152
1 tkey1586 1586
1 tkey1591 1591
1 tkey1596 1596
1 tkey1601 1601
1 tkey1606 1606
1 tkey1611 1611
1 tkey1430 1430
1 tkey1435 1435
1 tkey1440 1440
1 tkey1445 1445
1 tkey1450 1450
1 tkey1157 1157
1 tkey1616 1616
1 tkey1621 1621
1 tkey1455 1455
1 tkey1688 1688
1 tkey1626 1626
1 tkey1631 1631
1 tkey1289 1289
1 tkey1162 1162
1 tkey1167 1167
1 tkey1172 1172
1 tkey1177 1177
1 tkey1182 1182
1 tkey1187 1187
1 tkey1636 1636
1 tkey1641 1641
1 tkey1460 1460
1 tkey1465 1465
1 tkey1470 1470
1 tkey1475 1475
1 tkey1480 1480
1 tkey1485 1485
1 tkey1490 1490
1 tkey1495 1495
1 tkey1500 1500
1 tkey1505 1505
1 tkey1646 1646
1 tkey1651 1651
1 tkey1656 1656
1 tkey1661 1661
1 tkey1192 1192
1 tkey1294 1294
1 tkey1299 1299
1 tkey1304 1304
1 tkey1197 1197
1 tkey1202 1202
1 tkey1693 1693
1 tkey1698 1698
1 tkey1666 1666
1 tkey1671 1671
1 tkey1676 1676
1 tkey1681 1681
1 tkey1686 1686
1 tkey1691 1691
1 tkey1696 1696
1 tkey1701 1701
1 tkey1510 1510
1 tkey1515 1515
1 tkey1703 1703
1 tkey1207 1207
1 tkey1212 1212
1 tkey1217 1217
1 tkey1309 1309
1 tkey1314 1314
1 tkey1319 1319
1 tkey1520 1520
1 tkey1525 1525
1 tkey1530 1530
1 tkey1535 1535
1 tkey1540 1540
1 tkey1222 1222
1 tkey1227 1227
1 tkey1232 1232
1 tkey1708 1708
1 tkey1713 1713
1 tkey1718 1718
1 tkey1706 1706
1 tkey1711 1711
1 tkey1324 1324
1 tkey1545 1545
1 tkey1550 1550
1 tkey1555 1555
1 tkey1560 1560
1 tkey1565 1565
1 tkey1570 1570
1 tkey1575 1575
1 tkey1580 1580
1 tkey1585 1585
1 tkey1590 1590
1 tkey1595 1595
1 tkey1600 1600
1 tkey1605 1605
1 tkey1329 1329
1 tkey1334 1334
1 tkey1339 1339
1 tkey1610 1610
1 tkey1615 1615
1 tkey1620 1620
1 tkey1625 1625
1 tkey1344 1344
1 tkey1349 1349
1 tkey1354 1354
1 tkey1716 1716
1 tkey1359 1359
1 tkey1364 1364
1 tkey1237 1237
1 tkey1721 1721
1 tkey1726 1726
1 tkey1731 1731
1 tkey1736 1736
1 tkey1741 1741
1 tkey1746 1746
1 tkey1751 1751
1 tkey1756 1756
1 tkey1761 1761
1 tkey1369 1369
1 tkey1766 1766
1 tkey1374 1374
1 tkey1630 1630
1 tkey1771 1771
1 tkey1379 1379
1 tkey1384 1384
1 tkey1776 1776
1 tkey1635 1635
1 tkey1389 1389
1 tkey1394 1394
1 tkey1399 1399
1 tkey1242 1242
1 tkey1247 1247
1 tkey1252 1252
1 tkey1257 1257
1 tkey1404 1404
1 tkey1409 1409
1 tkey1414 1414
1 tkey1419 1419
1 tkey1424 1424
1 tkey1429 1429
1 tkey1434 1434
1 tkey1439 1439
1 tkey1444 1444
1 tkey1449 1449
1 tkey1640 1640
1 tkey1645 1645
1 tkey1650 1650
1 tkey1655 1655
1 tkey1660 1660
1 tkey1262 1262
1 tkey1267 1267
1 tkey1272 1272
1 tkey1723 1723
1 tkey1454 1454
1 tkey1459 1459
1 tkey1464 1464
1 tkey1469 1469
1 tkey1474 1474
1 tkey1479 1479
1 tkey1665 1665
1 tkey1277 1277
1 tkey1282 1282
1 tkey1287 1287
1 tkey1670 1670
1 tkey1675 1675
1 tkey1680 1680
1 tkey1484 1484
1 tkey1489 1489
1 tkey1292 1292
1 tkey1297 1297
1 tkey1302 1302
1 tkey1307 1307
1 tkey1312 1312
1 tkey1728 1728
1 tkey1733 1733
1 tkey1738 1738
1 tkey1743 1743
1 tkey1685 1685
1 tkey1781 1781
1 tkey1494 1494
1 tkey1499 1499
1 tkey1504 1504
1 tkey1509 1509
1 tkey1514 1514
1 tkey1519 1519
1 tkey1524 1524
1 tkey1690 1690
1 tkey1695 1695
1 tkey1700 1700
1 tkey1748 1748
1 tkey1753 1753
1 tkey1758 1758
1 tkey1763 1763
1 tkey1768 1768
1 tkey1773 1773
1 tkey1778 1778
1 tkey1783 1783
1 tkey1529 1529
1 tkey1534 1534
1 tkey1317 1317
1 tkey1322 1322
1 tkey1786 1786
1 tkey1791 1791
1 tkey1796 1796
1 tkey1801 1801
1 tkey1705 1705
1 tkey1710 1710
1 tkey1715 1715
1 tkey1720 1720
1 tkey1539 1539
1 tkey1544 1544
1 tkey1549 1549
1 tkey1554 1554
1 tkey1788 1788
1 tkey1725 1725
1 tkey1730 1730
1 tkey1806 1806
1 tkey1811 1811
1 tkey1816 1816
1 tkey1821 1821
1 tkey1826 1826
1 tkey1831 1831
1 tkey1836 1836
1 tkey1841 1841
1 tkey1846 1846
1 tkey1559 1559
1 tkey1564 1564
1 tkey1569 1569
1 tkey1574 1574
1 tkey1579 1579
1 tkey1793 1793
1 tkey1851 1851
1 tkey1856 1856
1 tkey1861 1861
1 tkey1735 1735
1 tkey1740 1740
1 tkey1745 1745
1 tkey1327 1327
1 tkey1332 1332
1 tkey1337 1337
1 tkey1342 1342
1 tkey1866 1866
1 tkey1871 1871
1 tkey1876 1876
1 tkey1881 1881
1 tkey1798 1798
1 tkey1803 1803
1 tkey1584 1584
1 tkey1808 1808
1 tkey1886 1886
1 tkey1813 1813
1 tkey1891 1891
1 tkey1896 1896
1 tkey1901 1901
1 tkey1906 1906
1 tkey1589 1589
1 tkey1347 1347
1 tkey1911 1911
1 tkey1750 1750
1 tkey1755 1755
1 tkey1760 1760
1 tkey1818 1818
1 tkey1823 1823
1 tkey1828 1828
1 tkey1833 1833
1 tkey1838 1838
1 tkey1594 1594
1 tkey1599 1599
1 tkey1916 1916
1 tkey1921 1921
1 tkey1926 1926
1 tkey1843 1843
1 tkey1848 1848
1 tkey1853 1853
1 tkey1858 1858
1 tkey1863 1863
1 tkey1868 1868
1 tkey1873 1873
1 tkey1765 1765
1 tkey1770 1770
1 tkey1775 1775
1 tkey1604 1604
1 tkey1609 1609
1 tkey1614 1614
1 tkey1619 1619
1 tkey1352 1352
1 tkey1357 1357
1 tkey1878 1878
1 tkey1883 1883
1 tkey1888 1888
1 tkey1893 1893
1 tkey1931 1931
1 tkey1780 1780
1 tkey1785 1785
1 tkey1790 1790
1 tkey1795 1795
1 tkey1800 1800
1 tkey1805 1805
1 tkey1810 1810
1 tkey1936 1936
1 tkey1941 1941
1 tkey1898 1898
1 tkey1903 1903
1 tkey1908 1908
1 tkey1913 1913
1 tkey1918 1918
1 tkey1923 1923
1 tkey1815 1815
1 tkey1820 1820
1 tkey1825 1825
1 tkey1830 1830
1 tkey1362 1362
1 tkey1367 1367
1 tkey1946 1946
1 tkey1624 1624
1 tkey1629 1629
1 tkey1634 1634
1 tkey1928 1928
1 tkey1933 1933
1 tkey1938 1938
1 tkey1943 1943
1 tkey1835 1835
1 tkey1840 1840
1 tkey1845 1845
1 tkey1850 1850
1 tkey1951 1951
1 tkey1956 1956
1 tkey1961 1961
1 tkey1372 1372
1 tkey1377 1377
1 tkey1639 1639
1 tkey1644 1644
1 tkey1649 1649
1 tkey1654 1654
1 tkey1659 1659
1 tkey1664 1664
1 tkey1382 1382
1 tkey1387 1387
1 tkey1392 1392
1 tkey1966 1966
1 tkey1971 1971
1 tkey1976 1976
1 tkey1981 1981
1 tkey1986 1986
1 tkey1948 1948
1 tkey1953 1953
1 tkey1855 1855
1 tkey1958 1958
1 tkey1397 1397
1 tkey1402 1402
1 tkey1407 1407
1 tkey1860 1860
1 tkey1865 1865
1 tkey1870 1870
1 tkey1875 1875
1 tkey1963 1963
1 tkey1968 1968
1 tkey1973 1973
1 tkey1978 1978
1 tkey1983 1983
1 tkey1988 1988
1 tkey1412 1412
1 tkey1417 1417
1 tkey1422 1422
1 tkey1427 1427
1 tkey1432 1432
1 tkey1991 1991
1 tkey1996 1996
1 tkey2001 2001
1 tkey2006 2006
1 tkey1993 1993
1 tkey1998 1998
1 tkey2003 2003
1 tkey2008 2008
1 tkey2013 2013
1 tkey1437 1437
1 tkey1442 1442
1 tkey1880 1880
1 tkey1885 1885
1 tkey1890 1890
1 tkey1895 1895
1 tkey1669 1669
1 tkey1674 1674
1 tkey2018 2018
1 tkey2023 2023
1 tkey2028 2028
1 tkey1447 1447
1 tkey1452 1452
1 tkey2033 2033
1 tkey1900 1900
1 tkey1905 1905
1 tkey1679 1679
1 tkey1684 1684
1 tkey2011 2011
1 tkey2016 2016
1 tkey1457 1457
1 tkey1462 1462
1 tkey1689 1689
1 tkey1694 1694
1 tkey1699 1699
1 tkey1704 1704
1 tkey1910 1910
1 tkey1915 1915
1 tkey1920 1920
1 tkey1925 1925
1 tkey2038 2038
1 tkey2021 2021
1 tkey2026 2026
1 tkey2031 2031
1 tkey2036 2036
1 tkey1467 1467
1 tkey1472 1472
1 tkey1477 1477
1 tkey1482 1482
1 tkey1487 1487
1 tkey1930 1930
1 tkey1935 1935
1 tkey1940 1940
1 tkey1945 1945
1 tkey1950 1950
1 tkey1955 1955
1 tkey1960 1960
1 tkey1965 1965
1 tkey2043 2043
1 tkey2048 2048
1 tkey1709 1709
1 tkey1714 1714
1 tkey1719 1719
1 tkey1724 1724
1 tkey1729 1729
1 tkey1734 1734
1 tkey1739 1739
1 tkey1744 1744
1 tkey1749 1749
1 tkey1754 1754
1 tkey2053 2053
1 tkey2058 2058
1 tkey2041 2041
1 tkey2046 2046
1 tkey2051 2051
1 tkey2056 2056
1 tkey2061 2061
1 tkey1759 1759
1 tkey1764 1764
1 tkey1769 1769
1 tkey1970 1970
1 tkey1975 1975
1 tkey1980 1980
1 tkey1492 1492
1 tkey1497 1497
1 tkey1985 1985
1 tkey1990 1990
1 tkey2066 2066
1 tkey2071 2071
1 tkey2076 2076
1 tkey2081 2081
1 tkey2086 2086
1 tkey2091 2091
1 tkey1502 1502
1 tkey1507 1507
1 tkey1512 1512
1 tkey1517 1517
1 tkey1522 1522
1 tkey1995 1995
1 tkey2063 2063
1 tkey2068 2068
1 tkey1774 1774
1 tkey1779 1779
1 tkey1784 1784
1 tkey1789 1789
1 tkey1794 1794
1 tkey1799 1799
1 tkey1804 1804
1 tkey1809 1809
1 tkey1814 1814
1 tkey1819 1819
1 tkey1824 1824
1 tkey1829 1829
1 tkey2096 2096
1 tkey2101 2101
1 tkey2106 2106
1 tkey2111 2111
1 tkey2116 2116
1 tkey2000 2000
1 tkey2073 2073
1 tkey1527 1527
1 tkey1532 1532
1 tkey1537 1537
1 tkey1542 1542
1 tkey1547 1547
1 tkey1552 1552
1 tkey1557 1557
1 tkey1562 1562
1 tkey1567 1567
1 tkey2078 2078
1 tkey2083 2083
1 tkey2088 2088
1 tkey2005 2005
1 tkey2010 2010
1 tkey1834 1834
1 tkey1839 1839
1 tkey1844 1844
1 tkey1849 1849
1 tkey1854 1854
1 tkey1859 1859
1 tkey2121 2121
1 tkey2126 2126
1 tkey2131 2131
1 tkey2136 2136
1 tkey2141 2141
1 tkey1572 1572
1 tkey1577 1577
1 tkey1864 1864
1 tkey1869 1869
1 tkey1874 1874
1 tkey1879 1879
1 tkey2015 2015
1 tkey2020 2020
1 tkey2025 2025
1 tkey2030 2030
1 tkey2035 2035
1 tkey1582 1582
1 tkey1587 1587
1 tkey1592 1592
1 tkey1597 1597
1 tkey1602 1602
1 tkey1607 1607
1 tkey1612 1612
1 tkey1617 1617
1 tkey1622 1622
1 tkey1627 1627
1 tkey1632 1632
1 tkey1637 1637
1 tkey1642 1642
1 tkey1647 1647
1 tkey2093 2093
1 tkey2098 2098
1 tkey2103 2103
1 tkey2108 2108
1 tkey2113 2113
1 tkey2118 2118
1 tkey2123 2123
1 tkey2128 2128
1 tkey1884 1884
1 tkey1889 1889
1 tkey2146 2146
1 tkey2151 2151
1 tkey2156 2156
1 tkey2161 2161
1 tkey2166 2166
1 tkey1652 1652
1 tkey1657 1657
1 tkey1662 1662
1 tkey1667 1667
1 tkey1894 1894
1 tkey1899 1899
1 tkey1904 1904
1 tkey1909 1909
1 tkey1914 1914
1 tkey1919 1919
1 tkey2171 2171
1 tkey2176 2176
1 tkey2181 2181
1 tkey2186 2186
1 tkey2191 2191
1 tkey2196 2196
1 tkey1672 1672
1 tkey2133 2133
1 tkey2138 2138
1 tkey2143 2143
1 tkey2040 2040
1 tkey1924 1924
1 tkey2201 2201
1 tkey2206 2206
1 tkey2211 2211
1 tkey2216 2216
1 tkey2221 2221
1 tkey2226 2226
1 tkey2231 2231
1 tkey2045 2045
1 tkey2050 2050
1 tkey2055 2055
1 tkey2060 2060
1 tkey2065 2065
1 tkey2070 2070
1 tkey2075 2075
1 tkey2080 2080
1 tkey2085 2085
1 tkey2090 2090
1 tkey2095 2095
1 tkey2100 2100
1 tkey2105 2105
1 tkey2236 2236
1 tkey2241 2241
1 tkey2246 2246
1 tkey2251 2251
1 tkey1929 1929
1 tkey1677 1677
1 tkey2148 2148
1 tkey2153 2153
1 tkey2158 2158
1 tkey2163 2163
1 tkey2256 2256
1 tkey2261 2261
1 tkey2266 2266
1 tkey2271 2271
1 tkey2276 2276
1 tkey2281 2281
1 tkey2110 2110
1 tkey2115 2115
1 tkey1934 1934
1 tkey1939 1939
1 tkey1944 1944
1 tkey1949 1949
1 tkey1954 1954
1 tkey1959 1959
1 tkey1964 1964
1 tkey1969 1969
1 tkey1974 1974
1 tkey1979 1979
1 tkey1984 1984
1 tkey1989 1989
1 tkey2168 2168
1 tkey2173 2173
1 tkey2120 2120
1 tkey2125 2125
1 tkey2130 2130
1 tkey2135 2135
1 tkey2140 2140
1 tkey2145 2145
1 tkey2150 2150
1 tkey2155 2155
1 tkey1994 1994
1 tkey1999 1999
1 tkey2004 2004
1 tkey2009 2009
1 tkey2014 2014
1 tkey2178 2178
1 tkey2183 2183
1 tkey2188 2188
1 tkey1682 1682
1 tkey1687 1687
1 tkey1692 1692
1 tkey1697 1697
1 tkey1702 1702
1 tkey1707 1707
1 tkey1712 1712
1 tkey2286 2286
1 tkey2291 2291
1 tkey2296 2296
1 tkey2301 2301
1 tkey2306 2306
1 tkey2311 2311
1 tkey2160 2160
1 tkey2165 2165
1 tkey2170 2170
1 tkey2175 2175
1 tkey2180 2180
1 tkey2185 2185
1 tkey2190 2190
1 tkey2195 2195
1 tkey2200 2200
1 tkey2205 2205
1 tkey2210 2210
1 tkey2215 2215
1 tkey2220 2220
1 tkey2225 2225
1 tkey2316 2316
1 tkey2321 2321
1 tkey2326 2326
1 tkey2331 2331
1 tkey2193 2193
1 tkey2198 2198
1 tkey2203 2203
1 tkey2208 2208
1 tkey2213 2213
1 tkey2218 2218
1 tkey2223 2223
1 tkey2228 2228
1 tkey2233 2233
1 tkey2230 2230
1 tkey2235 2235
1 tkey2019 2019
1 tkey2024 2024
1 tkey2029 2029
1 tkey2034 2034
1 tkey2039 2039
1 tkey2240 2240
1 tkey2336 2336
1 tkey2341 2341
1 tkey2346 2346
1 tkey2351 2351
1 tkey2356 2356
1 tkey2361 2361
1 tkey2366 2366
1 tkey2371 2371
1 tkey2376 2376
1 tkey2381 2381
1 tkey2238 2238
1 tkey2243 2243
1 tkey2248 2248
1 tkey2253 2253
1 tkey2258 2258
1 tkey2263 2263
1 tkey2268 2268
1 tkey1717 1717
1 tkey2245 2245
1 tkey2250 2250
1 tkey2255 2255
1 tkey2044 2044
1 tkey2386 2386
1 tkey2391 2391
1 tkey2396 2396
1 tkey2401 2401
1 tkey2406 2406
1 tkey2411 2411
1 tkey2416 2416
1 tkey2421 2421
1 tkey2426 2426
1 tkey2431 2431
1 tkey2049 2049
1 tkey2054 2054
1 tkey2059 2059
1 tkey2064 2064
1 tkey2069 2069
1 tkey2074 2074
1 tkey2079 2079
1 tkey2084 2084
1 tkey2089 2089
1 tkey2094 2094
1 tkey2099 2099
1 tkey2104 2104
1 tkey2109 2109
1 tkey2114 2114
1 tkey2119 2119
1 tkey2124 2124
1 tkey2129 2129
1 tkey2134 2134
1 tkey2436 2436
1 tkey1722 1722
1 tkey1727 1727
1 tkey1732 1732
1 tkey1737 1737
1 tkey1742 1742
1 tkey1747 1747
1 tkey1752 1752
1 tkey1757 1757
1 tkey1762 1762
1 tkey1767 1767
1 tkey1772 1772
1 tkey1777 1777
1 tkey1782 1782
1 tkey1787 1787
1 tkey1792 1792
1 tkey1797 1797
1 tkey2273 2273
1 tkey2278 2278
1 tkey2283 2283
1 tkey2288 2288
1 tkey2293 2293
1 tkey2260 2260
1 tkey2265 2265
1 tkey2298 2298
1 tkey2139 2139
1 tkey2144 2144
1 tkey2149 2149
1 tkey2154 2154
1 tkey2159 2159
1 tkey2164 2164
1 tkey2169 2169
1 tkey2174 2174
1 tkey2179 2179
1 tkey2184 2184
1 tkey2189 2189
1 tkey2194 2194
1 tkey2199 2199
1 tkey2204 2204
1 tkey2209 2209
1 tkey2214 2214
1 tkey2219 2219
1 tkey2224 2224
1 tkey2229 2229
1 tkey2441 2441
1 tkey2446 2446
1 tkey2270 2270
1 tkey2275 2275
1 tkey2280 2280
1 tkey2285 2285
1 tkey1802 1802
1 tkey2234 2234
1 tkey2303 2303
1 tkey2308 2308
1 tkey2313 2313
1 tkey2318 2318
1 tkey2323 2323
1 tkey2328 2328
1 tkey2333 2333
1 tkey2338 2338
1 tkey1807 1807
1 tkey1812 1812
1 tkey1817 1817
1 tkey1822 1822
1 tkey2290 2290
1 tkey2239 2239
1 tkey2244 2244
1 tkey2249 2249
1 tkey2254 2254
1 tkey2259 2259
1 tkey2264 2264
1 tkey2269 2269
1 tkey2451 2451
1 tkey2456 2456
1 tkey1827 1827
1 tkey1832 1832
1 tkey1837 1837
1 tkey1842 1842
1 tkey2343 2343
1 tkey2295 2295
1 tkey2300 2300
1 tkey2305 2305
1 tkey2310 2310
1 tkey2315 2315
1 tkey2320 2320
1 tkey2274 2274
1 tkey2279 2279
1 tkey2284 2284
1 tkey2289 2289
1 tkey2294 2294
1 tkey2299 2299
1 tkey2304 2304
1 tkey2309 2309
1 tkey2348 2348
1 tkey1847 1847
1 tkey1852 1852
1 tkey2353 2353
1 tkey2358 2358
1 tkey2363 2363
1 tkey2368 2368
1 tkey2325 2325
1 tkey2330 2330
1 tkey2335 2335
1 tkey2340 2340
1 tkey2461 2461
1 tkey2466 2466
1 tkey2471 2471
1 tkey2476 2476
1 tkey2345 2345
1 tkey2350 2350
1 tkey2355 2355
1 tkey2360 2360
1 tkey2481 2481
1 tkey2486 2486
1 tkey2314 2314
1 tkey2319 2319
1 tkey2373 2373
1 tkey2378 2378
1 tkey2383 2383
1 tkey2388 2388
1 tkey2393 2393
1 tkey2398 2398
1 tkey2403 2403
1 tkey2408 2408
1 tkey2413 2413
1 tkey2418 2418
1 tkey2423 2423
1 tkey1857 1857
1 tkey1862 1862
1 tkey1867 1867
1 tkey1872 1872
1 tkey2491 2491
1 tkey2496 2496
1 tkey2365 2365
1 tkey2370 2370
1 tkey2375 2375
1 tkey2380 2380
1 tkey2385 2385
1 tkey2390 2390
1 tkey1877 1877
1 tkey1882 1882
1 tkey1887 1887
1 tkey1892 1892
1 tkey1897 1897
1 tkey1902 1902
1 tkey2395 2395
1 tkey2400 2400
1 tkey2405 2405
1 tkey2410 2410
1 tkey2415 2415
1 tkey2420 2420
1 tkey2425 2425
1 tkey2324 2324
1 tkey2329 2329
1 tkey2334 2334
1 tkey2339 2339
1 tkey2428 2428
1 tkey2433 2433
1 tkey2438 2438
1 tkey2501 2501
1 tkey2506 2506
1 tkey2511 2511
1 tkey2516 2516
1 tkey2521 2521
1 tkey2526 2526
1 tkey2531 2531
1 tkey2536 2536
1 tkey2541 2541
1 tkey2546 2546
1 tkey2551 2551
1 tkey2430 2430
1 tkey1907 1907
1 tkey1912 1912
1 tkey1917 1917
1 tkey1922 1922
1 tkey1927 1927
1 tkey1932 1932
1 tkey1937 1937
1 tkey1942 1942
1 tkey2443 2443
1 tkey2448 2448
1 tkey2453 2453
1 tkey2458 2458
1 tkey2463 2463
1 tkey2435 2435
1 tkey2440 2440
1 tkey2445 2445
1 tkey2450 2450
1 tkey2556 2556
1 tkey2561 2561
1 tkey2566 2566
1 tkey2571 2571
1 tkey2344 2344
1 tkey2349 2349
1 tkey2354 2354
1 tkey1947 1947
1 tkey1952 1952
1 tkey1957 1957
1 tkey2455 2455
1 tkey2460 2460
1 tkey2465 2465
1 tkey2468 2468
1 tkey2473 2473
1 tkey2359 2359
1 tkey2364 2364
1 tkey2369 2369
1 tkey2374 2374
1 tkey2379 2379
1 tkey2384 2384
1 tkey2389 2389
1 tkey2576 2576
1 tkey2581 2581
1 tkey2478 2478
1 tkey2483 2483
1 tkey2488 2488
1 tkey2493 2493
1 tkey2498 2498
1 tkey2503 2503
1 tkey2508 2508
1 tkey2513 2513
1 tkey2518 2518
1 tkey2523 2523
1 tkey2470 2470
1 tkey2475 2475
1 tkey2480 2480
1 tkey2586 2586
1 tkey2591 2591
1 tkey2596 2596
1 tkey2485 2485
1 tkey2490 2490
1 tkey2394 2394
1 tkey2399 2399
1 tkey2528 2528
1 tkey2533 2533
1 tkey2538 2538
1 tkey2543 2543
1 tkey2548 2548
1 tkey2601 2601
1 tkey2606 2606
1 tkey2611 2611
1 tkey2495 2495
1 tkey2500 2500
1 tkey2505 2505
1 tkey2510 2510
1 tkey2515 2515
1 tkey2520 2520
1 tkey2525 2525
1 tkey2530 2530
1 tkey2535 2535
1 tkey2404 2404
1 tkey2409 2409
1 tkey2414 2414
1 tkey2419 2419
1 tkey2424 2424
1 tkey1962 1962
1 tkey1967 1967
1 tkey1972 1972
1 tkey1977 1977
1 tkey1982 1982
1 tkey1987 1987
1 tkey1992 1992
1 tkey1997 1997
1 tkey2002 2002
1 tkey2007 2007
1 tkey2012 2012
1 tkey2017 2017
1 tkey2540 2540
1 tkey2545 2545
1 tkey2550 2550
1 tkey2553 2553
1 tkey2558 2558
1 tkey2563 2563
1 tkey2568 2568
1 tkey2573 2573
1 tkey2578 2578
1 tkey2583 2583
1 tkey2588 2588
1 tkey2593 2593
1 tkey2598 2598
1 tkey2429 2429
1 tkey2434 2434
1 tkey2439 2439
1 tkey2444 2444
1 tkey2449 2449
1 tkey2616 2616
1 tkey2621 2621
1 tkey2603 2603
1 tkey2608 2608
1 tkey2613 2613
1 tkey2618 2618
1 tkey2623 2623
1 tkey2628 2628
1 tkey2633 2633
1 tkey2022 2022
1 tkey2027 2027
1 tkey2032 2032
1 tkey2037 2037
1 tkey2042 2042
1 tkey2047 2047
1 tkey2052 2052
1 tkey2057 2057
1 tkey2638 2638
1 tkey2643 2643
1 tkey2626 2626
1 tkey2631 2631
1 tkey2555 2555
1 tkey2560 2560
1 tkey2565 2565
1 tkey2570 2570
1 tkey2575 2575
1 tkey2580 2580
1 tkey2585 2585
1 tkey2590 2590
1 tkey2595 2595
1 tkey2600 2600
1 tkey2605 2605
1 tkey2610 2610
1 tkey2615 2615
1 tkey2648 2648
1 tkey2636 2636
1 tkey2641 2641
1 tkey2454 2454
1 tkey2459 2459
1 tkey2464 2464
1 tkey2469 2469
1 tkey2653 2653
1 tkey2658 2658
1 tkey2663 2663
1 tkey2668 2668
1 tkey2673 2673
1 tkey2678 2678
1 tkey2646 2646
1 tkey2651 2651
1 tkey2656 2656
1 tkey2683 2683
1 tkey2688 2688
1 tkey2693 2693
1 tkey2698 2698
1 tkey2703 2703
1 tkey2708 2708
1 tkey2713 2713
1 tkey2718 2718
1 tkey2723 2723
1 tkey2620 2620
1 tkey2728 2728
1 tkey2733 2733
1 tkey2738 2738
1 tkey2743 2743
1 tkey2748 2748
1 tkey2753 2753
1 tkey2758 2758
1 tkey2763 2763
1 tkey2768 2768
1 tkey2773 2773
1 tkey2474 2474
1 tkey2479 2479
1 tkey2484 2484
1 tkey2489 2489
1 tkey2062 2062
1 tkey2625 2625
1 tkey2630 2630
1 tkey2635 2635
1 tkey2640 2640
1 tkey2645 2645
1 tkey2650 2650
1 tkey2655 2655
1 tkey2067 2067
1 tkey2660 2660
1 tkey2665 2665
1 tkey2072 2072
1 tkey2670 2670
1 tkey2778 2778
1 tkey2783 2783
1 tkey2494 2494
1 tkey2499 2499
1 tkey2504 2504
1 tkey2509 2509
1 tkey2514 2514
1 tkey2519 2519
1 tkey2524 2524
1 tkey2529 2529
1 tkey2661 2661
1 tkey2666 2666
1 tkey2671 2671
1 tkey2676 2676
1 tkey2681 2681
1 tkey2686 2686
1 tkey2691 2691
1 tkey2788 2788
1 tkey2077 2077
1 tkey2082 2082
1 tkey2087 2087
1 tkey2534 2534
1 tkey2539 2539
1 tkey2544 2544
1 tkey2696 2696
1 tkey2701 2701
1 tkey2675 2675
1 tkey2680 2680
1 tkey2793 2793
1 tkey2798 2798
1 tkey2803 2803
1 tkey2685 2685
1 tkey2690 2690
1 tkey2695 2695
1 tkey2700 2700
1 tkey2705 2705
1 tkey2710 2710
1 tkey2715 2715
1 tkey2092 2092
1 tkey2549 2549
1 tkey2554 2554
1 tkey2559 2559
1 tkey2706 2706
1 tkey2711 2711
1 tkey2716 2716
1 tkey2808 2808
1 tkey2720 2720
1 tkey2725 2725
1 tkey2730 2730
1 tkey2564 2564
1 tkey2813 2813
1 tkey2818 2818
1 tkey2823 2823
1 tkey2828 2828
1 tkey2833 2833
1 tkey2838 2838
1 tkey2843 2843
1 tkey2097 2097
1 tkey2102 2102
1 tkey2107 2107
1 tkey2112 2112
1 tkey2117 2117
1 tkey2122 2122
1 tkey2127 2127
1 tkey2132 2132
1 tkey2137 2137
1 tkey2142 2142
1 tkey2569 2569
1 tkey2574 2574
1 tkey2848 2848
1 tkey2853 2853
1 tkey2858 2858
1 tkey2863 2863
1 tkey2868 2868
1 tkey2873 2873
1 tkey2721 2721
1 tkey2726 2726
1 tkey2147 2147
1 tkey2152 2152
1 tkey2157 2157
1 tkey2162 2162
1 tkey2167 2167
1 tkey2172 2172
1 tkey2735 2735
1 tkey2740 2740
1 tkey2745 2745
1 tkey2579 2579
1 tkey2584 2584
1 tkey2589 2589
1 tkey2594 2594
1 tkey2878 2878
1 tkey2883 2883
1 tkey2888 2888
1 tkey2177 2177
1 tkey2182 2182
1 tkey2187 2187
1 tkey2731 2731
1 tkey2736 2736
1 tkey2741 2741
1 tkey2192 2192
1 tkey2197 2197
1 tkey2202 2202
1 tkey2207 2207
1 tkey2893 2893
1 tkey2898 2898
1 tkey2903 2903
1 tkey2908 2908
1 tkey2913 2913
1 tkey2918 2918
1 tkey2923 2923
1 tkey2212 2212
1 tkey2217 2217
1 tkey2222 2222
1 tkey2750 2750
1 tkey2755 2755
1 tkey2760 2760
1 tkey2746 2746
1 tkey2751 2751
1 tkey2756 2756
1 tkey2599 2599
1 tkey2604 2604
1 tkey2609 2609
1 tkey2614 2614
1 tkey2619 2619
1 tkey2765 2765
1 tkey2770 2770
1 tkey2775 2775
1 tkey2780 2780
1 tkey2785 2785
1 tkey2790 2790
1 tkey2795 2795
1 tkey2800 2800
1 tkey2805 2805
1 tkey2227 2227
1 tkey2232 2232
1 tkey2237 2237
1 tkey2810 2810
1 tkey2928 2928
1 tkey2933 2933
1 tkey2938 2938
1 tkey2624 2624
1 tkey2629 2629
1 tkey2634 2634
1 tkey2242 2242
1 tkey2247 2247
1 tkey2252 2252
1 tkey2257 2257
1 tkey2262 2262
1 tkey2267 2267
1 tkey2272 2272
1 tkey2277 2277
1 tkey2282 2282
1 tkey2287 2287
1 tkey2292 2292
1 tkey2297 2297
1 tkey2302 2302
1 tkey2307 2307
1 tkey2312 2312
1 tkey2317 2317
1 tkey2322 2322
1 tkey2327 2327
1 tkey2332 2332
1 tkey2337 2337
1 tkey2761 2761
1 tkey2943 2943
1 tkey2948 2948
1 tkey2766 2766
1 tkey2771 2771
1 tkey2776 2776
1 tkey2781 2781
1 tkey2786 2786
1 tkey2791 2791
1 tkey2796 2796
1 tkey2953 2953
1 tkey2958 2958
1 tkey2963 2963
1 tkey2968 2968
1 tkey2973 2973
1 tkey2978 2978
1 tkey2639 2639
1 tkey2815 2815
1 tkey2820 2820
1 tkey2825 2825
1 tkey2830 2830
1 tkey2835 2835
1 tkey2840 2840
1 tkey2845 2845
1 tkey2850 2850
1 tkey2855 2855
1 tkey2860 2860
1 tkey2865 2865
1 tkey2870 2870
1 tkey2875 2875
1 tkey2880 2880
1 tkey2885 2885
1 tkey2644 2644
1 tkey2649 2649
1 tkey2654 2654
1 tkey2659 2659
1 tkey2983 2983
1 tkey2988 2988
1 tkey2890 2890
1 tkey2895 2895
1 tkey2900 2900
1 tkey2993 2993
1 tkey2998 2998
1 tkey3003 3003
1 tkey3008 3008
1 tkey2664 2664
1 tkey2669 2669
1 tkey2674 2674
1 tkey2679 2679
1 tkey2684 2684
1 tkey2689 2689
1 tkey2694 2694
1 tkey2801 2801
1 tkey3013 3013
1 tkey3018 3018
1 tkey3023 3023
1 tkey3028 3028
1 tkey3033 3033
1 tkey3038 3038
1 tkey3043 3043
1 tkey3048 3048
1 tkey3053 3053
1 tkey3058 3058
1 tkey3063 3063
1 tkey2342 2342
1 tkey2347 2347
1 tkey2806 2806
1 tkey2811 2811
1 tkey2816 2816
1 tkey2821 2821
1 tkey2826 2826
1 tkey2831 2831
1 tkey2836 2836
1 tkey2841 2841
1 tkey2846 2846
1 tkey2851 2851
1 tkey2856 2856
1 tkey2861 2861
1 tkey2699 2699
1 tkey2352 2352
1 tkey3068 3068
1 tkey3073 3073
1 tkey3078 3078
1 tkey2866 2866
1 tkey2871 2871
1 tkey2876 2876
1 tkey2881 2881
1 tkey2886 2886
1 tkey2891 2891
1 tkey2896 2896
1 tkey2901 2901
1 tkey2704 2704
1 tkey2709 2709
1 tkey2714 2714
1 tkey2719 2719
1 tkey2724 2724
1 tkey2729 2729
1 tkey2734 2734
1 tkey2905 2905
1 tkey2910 2910
1 tkey2915 2915
1 tkey2920 2920
1 tkey2925 2925
1 tkey3083 3083
1 tkey3088 3088
1 tkey2357 2357
1 tkey2362 2362
1 tkey2367 2367
1 tkey2372 2372
1 tkey2377 2377
1 tkey2930 2930
1 tkey2906 2906
1 tkey2911 2911
1 tkey3093 3093
1 tkey2935 2935
1 tkey2940 2940
1 tkey3098 3098
1 tkey3103 3103
1 tkey3108 3108
1 tkey2945 2945
1 tkey2950 2950
1 tkey2955 2955
1 tkey2382 2382
1 tkey2387 2387
1 tkey2392 2392
1 tkey2397 2397
1 tkey2402 2402
1 tkey2407 2407
1 tkey2916 2916
1 tkey2921 2921
1 tkey2926 2926
1 tkey2931 2931
1 tkey2936 2936
1 tkey2960 2960
1 tkey2965 2965
1 tkey2970 2970
1 tkey2975 2975
1 tkey2412 2412
1 tkey2417 2417
1 tkey2422 2422
1 tkey2427 2427
1 tkey3113 3113
1 tkey3118 3118
1 tkey3123 3123
1 tkey3128 3128
1 tkey3133 3133
1 tkey3138 3138
1 tkey2432 2432
1 tkey2437 2437
1 tkey2941 2941
1 tkey2946 2946
1 tkey2951 2951
1 tkey2956 2956
1 tkey2961 2961
1 tkey2966 2966
1 tkey2971 2971
1 tkey2976 2976
1 tkey2981 2981
1 tkey2986 2986
1 tkey2991 2991
1 tkey2996 2996
1 tkey3001 3001
1 tkey3006 3006
1 tkey3011 3011
1 tkey2739 2739
1 tkey2744 2744
1 tkey2749 2749
1 tkey2754 2754
1 tkey2759 2759
1 tkey2764 2764
1 tkey2769 2769
1 tkey2774 2774
1 tkey2779 2779
1 tkey2784 2784
1 tkey3143 3143
1 tkey3148 3148
1 tkey3153 3153
1 tkey3158 3158
1 tkey3163 3163
1 tkey2442 2442
1 tkey2447 2447
1 tkey2452 2452
1 tkey2980 2980
1 tkey2985 2985
1 tkey2990 2990
1 tkey2995 2995
1 tkey3000 3000
1 tkey2789 2789
1 tkey3168 3168
1 tkey3173 3173
1 tkey3178 3178
1 tkey3183 3183
1 tkey3188 3188
1 tkey3193 3193
1 tkey3198 3198
1 tkey3016 3016
1 tkey3021 3021
1 tkey3026 3026
1 tkey3031 3031
1 tkey2457 2457
1 tkey2462 2462
1 tkey2794 2794
1 tkey2799 2799
1 tkey2804 2804
1 tkey2809 2809
1 tkey2814 2814
1 tkey2819 2819
1 tkey2824 2824
1 tkey2829 2829
1 tkey2834 2834
1 tkey3203 3203
1 tkey3208 3208
1 tkey3213 3213
1 tkey3218 3218
1 tkey3223 3223
1 tkey2467 2467
1 tkey3036 3036
1 tkey3041 3041
1 tkey2472 2472
1 tkey3005 3005
1 tkey3010 3010
1 tkey3015 3015
1 tkey3020 3020
1 tkey3025 3025
1 tkey3030 3030
1 tkey3035 3035
1 tkey3040 3040
1 tkey3045 3045
1 tkey3050 3050
1 tkey3055 3055
1 tkey3060 3060
1 tkey3065 3065
1 tkey3070 3070
1 tkey3075 3075
1 tkey3080 3080
1 tkey3085 3085
1 tkey3090 3090
1 tkey3095 3095
1 tkey3100 3100
1 tkey3046 3046
1 tkey2839 2839
1 tkey2844 2844
1 tkey2849 2849
1 tkey2854 2854
1 tkey2477 2477
1 tkey2482 2482
1 tkey2487 2487
1 tkey2492 2492
1 tkey3051 3051
1 tkey3056 3056
1 tkey3061 3061
1 tkey3105 3105
1 tkey2859 2859
1 tkey2864 2864
1 tkey3066 3066
1 tkey2497 2497
1 tkey2502 2502
1 tkey2507 2507
1 tkey2512 2512
1 tkey2517 2517
1 tkey2522 2522
1 tkey2869 2869
1 tkey2874 2874
1 tkey2879 2879
1 tkey2884 2884
1 tkey2889 2889
1 tkey2894 2894
1 tkey2899 2899
1 tkey2904 2904
1 tkey2909 2909
1 tkey2914 2914
1 tkey2919 2919
1 tkey2924 2924
1 tkey2929 2929
1 tkey2934 2934
1 tkey3071 3071
1 tkey3076 3076
1 tkey3081 3081
1 tkey3086 3086
1 tkey3091 3091
1 tkey3096 3096
1 tkey3228 3228
1 tkey3233 3233
1 tkey3238 3238
1 tkey3243 3243
1 tkey2527 2527
1 tkey2532 2532
1 tkey2537 2537
1 tkey2542 2542
1 tkey2547 2547
1 tkey2552 2552
1 tkey2557 2557
1 tkey2562 2562
1 tkey2567 2567
1 tkey2572 2572
1 tkey2577 2577
1 tkey2582 2582
1 tkey2587 2587
1 tkey2592 2592
1 tkey2597 2597
1 tkey2602 2602
1 tkey2607 2607
1 tkey3110 3110
1 tkey3115 3115
1 tkey3120 3120
1 tkey3125 3125
1 tkey3130 3130
1 tkey3135 3135
1 tkey3101 3101
1 tkey3106 3106
1 tkey3111 3111
1 tkey2612 2612
1 tkey3116 3116
1 tkey3121 3121
1 tkey3126 3126
1 tkey3131 3131
1 tkey3136 3136
1 tkey3141 3141
1 tkey3146 3146
1 tkey3140 3140
1 tkey2939 2939
1 tkey2944 2944
1 tkey2949 2949
1 tkey2954 2954
1 tkey2959 2959
1 tkey2964 2964
1 tkey3151 3151
1 tkey3156 3156
1 tkey3161 3161
1 tkey3166 3166
1 tkey2617 2617
1 tkey2622 2622
1 tkey2627 2627
1 tkey2632 2632
1 tkey2969 2969
1 tkey2974 2974
1 tkey2979 2979
1 tkey2984 2984
1 tkey2989 2989
1 tkey2994 2994
1 tkey2999 2999
1 tkey3004 3004
1 tkey3009 3009
1 tkey3014 3014
1 tkey3019 3019
1 tkey3024 3024
1 tkey3145 3145
1 tkey3150 3150
1 tkey3155 3155
1 tkey3160 3160
1 tkey3165 3165
1 tkey3170 3170
1 tkey3175 3175
1 tkey3180 3180
1 tkey3185 3185
1 tkey3190 3190
1 tkey3248 3248
1 tkey3253 3253
1 tkey2637 2637
1 tkey2642 2642
1 tkey2647 2647
1 tkey2652 2652
1 tkey2657 2657
1 tkey2662 2662
1 tkey2667 2667
1 tkey2672 2672
1 tkey2677 2677
1 tkey2682 2682
1 tkey2687 2687
1 tkey2692 2692
1 tkey3171 3171
1 tkey3029 3029
1 tkey3258 3258
1 tkey3263 3263
1 tkey3268 3268
1 tkey3195 3195
1 tkey3200 3200
1 tkey3205 3205
1 tkey3273 3273
1 tkey3278 3278
1 tkey3034 3034
1 tkey3283 3283
1 tkey3039 3039
1 tkey3288 3288
1 tkey3044 3044
1 tkey3293 3293
1 tkey3049 3049
1 tkey3054 3054
1 tkey3210 3210
1 tkey3215 3215
1 tkey3220 3220
1 tkey3225 3225
1 tkey3230 3230
1 tkey3235 3235
1 tkey3298 3298
1 tkey3240 3240
1 tkey3303 3303
1 tkey3308 3308
1 tkey3313 3313
1 tkey3318 3318
1 tkey3323 3323
1 tkey3328 3328
1 tkey3333 3333
1 tkey3176 3176
1 tkey3181 3181
1 tkey3186 3186
1 tkey2697 2697
1 tkey2702 2702
1 tkey2707 2707
1 tkey2712 2712
1 tkey2717 2717
1 tkey2722 2722
1 tkey2727 2727
1 tkey2732 2732
1 tkey2737 2737
1 tkey3338 3338
1 tkey3343 3343
1 tkey3348 3348
1 tkey3353 3353
1 tkey3358 3358
1 tkey2742 2742
1 tkey2747 2747
1 tkey2752 2752
1 tkey2757 2757
1 tkey3059 3059
1 tkey3064 3064
1 tkey3069 3069
1 tkey3074 3074
1 tkey3079 3079
1 tkey3084 3084
1 tkey3363 3363
1 tkey3368 3368
1 tkey3373 3373
1 tkey3378 3378
1 tkey3383 3383
1 tkey3191 3191
1 tkey3196 3196
1 tkey3245 3245
1 tkey3250 3250
1 tkey3255 3255
1 tkey3260 3260
1 tkey3265 3265
1 tkey3270 3270
1 tkey3275 3275
1 tkey3280 3280
1 tkey3285 3285
1 tkey3388 3388
1 tkey3393 3393
1 tkey3398 3398
1 tkey3403 3403
1 tkey3408 3408
1 tkey2762 2762
1 tkey2767 2767
1 tkey2772 2772
1 tkey3201 3201
1 tkey3206 3206
1 tkey3211 3211
1 tkey3216 3216
1 tkey3221 3221
1 tkey3226 3226
1 tkey3089 3089
1 tkey3094 3094
1 tkey3231 3231
1 tkey3236 3236
1 tkey3241 3241
1 tkey3246 3246
1 tkey2777 2777
1 tkey2782 2782
1 tkey2787 2787
1 tkey2792 2792
1 tkey3290 3290
1 tkey3295 3295
1 tkey3300 3300
1 tkey3099 3099
1 tkey3104 3104
1 tkey3109 3109
1 tkey3114 3114
1 tkey3119 3119
1 tkey3124 3124
1 tkey3129 3129
1 tkey3413 3413
1 tkey3418 3418
1 tkey2797 2797
1 tkey2802 2802
1 tkey2807 2807
1 tkey2812 2812
1 tkey2817 2817
1 tkey3251 3251
1 tkey3256 3256
1 tkey3134 3134
1 tkey3139 3139
1 tkey3423 3423
1 tkey3428 3428
1 tkey3433 3433
1 tkey3438 3438
1 tkey3443 3443
1 tkey3448 3448
1 tkey3453 3453
1 tkey3458 3458
1 tkey3463 3463
1 tkey3468 3468
1 tkey3144 3144
1 tkey3305 3305
1 tkey3310 3310
1 tkey3315 3315
1 tkey3320 3320
1 tkey3325 3325
1 tkey3330 3330
1 tkey3335 3335
1 tkey3340 3340
1 tkey3345 3345
1 tkey3350 3350
1 tkey2822 2822
1 tkey3473 3473
1 tkey3478 3478
1 tkey3483 3483
1 tkey3488 3488
1 tkey3493 3493
1 tkey3498 3498
1 tkey3149 3149
1 tkey3154 3154
1 tkey3159 3159
1 tkey3164 3164
1 tkey3169 3169
1 tkey3174 3174
1 tkey3179 3179
1 tkey3184 3184
1 tkey3261 3261
1 tkey3266 3266
1 tkey3503 3503
1 tkey3271 3271
1 tkey2827 2827
1 tkey3276 3276
1 tkey2832 2832
1 tkey3281 3281
1 tkey3355 3355
1 tkey3360 3360
1 tkey3365 3365
1 tkey3370 3370
1 tkey3189 3189
1 tkey3375 3375
1 tkey3194 3194
1 tkey3286 3286
1 tkey3291 3291
1 tkey3296 3296
1 tkey3301 3301
1 tkey3306 3306
1 tkey3380 3380
1 tkey3385 3385
1 tkey3508 3508
1 tkey3513 3513
1 tkey3518 3518
1 tkey3523 3523
1 tkey3528 3528
1 tkey3533 3533
1 tkey3199 3199
1 tkey3204 3204
1 tkey3209 3209
1 tkey3214 3214
1 tkey3538 3538
1 tkey3543 3543
1 tkey2837 2837
1 tkey2842 2842
1 tkey2847 2847
1 tkey3311 3311
1 tkey3316 3316
1 tkey3321 3321
1 tkey3326 3326
1 tkey3331 3331
1 tkey3219 3219
1 tkey3224 3224
1 tkey3229 3229
1 tkey3234 3234
1 tkey3239 3239
1 tkey3244 3244
1 tkey3249 3249
1 tkey3390 3390
1 tkey3395 3395
1 tkey3400 3400
1 tkey3405 3405
1 tkey3410 3410
1 tkey3336 3336
1 tkey3415 3415
1 tkey3548 3548
1 tkey3553 3553
1 tkey3558 3558
1 tkey3420 3420
1 tkey3425 3425
1 tkey3430 3430
1 tkey3254 3254
1 tkey3259 3259
1 tkey3264 3264
1 tkey3269 3269
1 tkey3341 3341
1 tkey3346 3346
1 tkey3351 3351
1 tkey3356 3356
1 tkey3361 3361
1 tkey3366 3366
1 tkey3371 3371
1 tkey3376 3376
1 tkey2852 2852
1 tkey3274 3274
1 tkey3279 3279
1 tkey3284 3284
1 tkey3289 3289
1 tkey3294 3294
1 tkey3299 3299
1 tkey3381 3381
1 tkey3386 3386
1 tkey3391 3391
1 tkey3396 3396
1 tkey3401 3401
1 tkey3406 3406
1 tkey3411 3411
1 tkey3416 3416
1 tkey3421 3421
1 tkey3426 3426
1 tkey3563 3563
1 tkey3431 3431
1 tkey3568 3568
1 tkey3436 3436
1 tkey3573 3573
1 tkey3435 3435
1 tkey3440 3440
1 tkey3445 3445
1 tkey3450 3450
1 tkey3455 3455
1 tkey3460 3460
1 tkey3465 3465
1 tkey3470 3470
1 tkey3475 3475
1 tkey3578 3578
1 tkey3583 3583
1 tkey3441 3441
1 tkey3446 3446
1 tkey3451 3451
1 tkey3456 3456
1 tkey3461 3461
1 tkey3304 3304
1 tkey3309 3309
1 tkey3480 3480
1 tkey3485 3485
1 tkey3588 3588
1 tkey3593 3593
1 tkey2857 2857
1 tkey2862 2862
1 tkey2867 2867
1 tkey3466 3466
1 tkey3471 3471
1 tkey3476 3476
1 tkey3481 3481
1 tkey3486 3486
1 tkey3491 3491
1 tkey3496 3496
1 tkey3501 3501
1 tkey3506 3506
1 tkey3511 3511
1 tkey3516 3516
1 tkey3521 3521
1 tkey3526 3526
1 tkey3531 3531
1 tkey3536 3536
1 tkey3541 3541
1 tkey3546 3546
1 tkey3551 3551
1 tkey3490 3490
1 tkey3495 3495
1 tkey3500 3500
1 tkey3505 3505
1 tkey3510 3510
1 tkey3515 3515
1 tkey3520 3520
1 tkey3525 3525
1 tkey3530 3530
1 tkey3535 3535
1 tkey2872 2872
1 tkey3598 3598
1 tkey3314 3314
1 tkey3319 3319
1 tkey3556 3556
1 tkey3561 3561
1 tkey3566 3566
1 tkey3571 3571
1 tkey3576 3576
1 tkey3581 3581
1 tkey3586 3586
1 tkey3591 3591
1 tkey3596 3596
1 tkey3601 3601
1 tkey3606 3606
1 tkey2877 2877
1 tkey2882 2882
1 tkey2887 2887
1 tkey2892 2892
1 tkey2897 2897
1 tkey3603 3603
1 tkey3540 3540
1 tkey3545 3545
1 tkey3550 3550
1 tkey3611 3611
1 tkey3616 3616
1 tkey3621 3621
1 tkey3626 3626
1 tkey3631 3631
1 tkey3636 3636
1 tkey3324 3324
1 tkey3329 3329
1 tkey3334 3334
1 tkey3608 3608
1 tkey3339 3339
1 tkey2902 2902
1 tkey3555 3555
1 tkey2907 2907
1 tkey3560 3560
1 tkey2912 2912
1 tkey3565 3565
1 tkey3570 3570
1 tkey3575 3575
1 tkey3580 3580
1 tkey3585 3585
1 tkey3590 3590
1 tkey3595 3595
1 tkey3600 3600
1 tkey3605 3605
1 tkey3610 3610
1 tkey3641 3641
1 tkey3646 3646
1 tkey3651 3651
1 tkey3613 3613
1 tkey3344 3344
1 tkey3349 3349
1 tkey3354 3354
1 tkey3359 3359
1 tkey3364 3364
1 tkey3369 3369
1 tkey2917 2917
1 tkey2922 2922
1 tkey3618 3618
1 tkey3623 3623
1 tkey3628 3628
1 tkey3633 3633
1 tkey3638 3638
1 tkey3643 3643
1 tkey3648 3648
1 tkey3653 3653
1 tkey2927 2927
1 tkey2932 2932
1 tkey2937 2937
1 tkey2942 2942
1 tkey2947 2947
1 tkey2952 2952
1 tkey2957 2957
1 tkey3374 3374
1 tkey3656 3656
1 tkey3661 3661
1 tkey3666 3666
1 tkey3671 3671
1 tkey3676 3676
1 tkey3681 3681
1 tkey3379 3379
1 tkey3384 3384
1 tkey3389 3389
1 tkey3394 3394
1 tkey2962 2962
1 tkey2967 2967
1 tkey3686 3686
1 tkey3691 3691
1 tkey3696 3696
1 tkey3701 3701
1 tkey3658 3658
1 tkey3706 3706
1 tkey3711 3711
1 tkey3716 3716
1 tkey3721 3721
1 tkey3663 3663
1 tkey3668 3668
1 tkey3673 3673
1 tkey3678 3678
1 tkey3683 3683
1 tkey3688 3688
1 tkey3693 3693
1 tkey3698 3698
1 tkey3615 3615
1 tkey3620 3620
1 tkey3625 3625
1 tkey3630 3630
1 tkey3635 3635
1 tkey3640 3640
1 tkey3645 3645
1 tkey3650 3650
1 tkey3655 3655
1 tkey3660 3660
1 tkey3703 3703
1 tkey3665 3665
1 tkey3670 3670
1 tkey2972 2972
1 tkey2977 2977
1 tkey3399 3399
1 tkey3404 3404
1 tkey3726 3726
1 tkey3731 3731
1 tkey3736 3736
1 tkey2982 2982
1 tkey2987 2987
1 tkey2992 2992
1 tkey3675 3675
1 tkey3680 3680
1 tkey3685 3685
1 tkey3690 3690
1 tkey3695 3695
1 tkey3700 3700
1 tkey3708 3708
1 tkey3713 3713
1 tkey3741 3741
1 tkey3746 3746
1 tkey3751 3751
1 tkey3756 3756
1 tkey3705 3705
1 tkey3710 3710
1 tkey3715 3715
1 tkey3409 3409
1 tkey3414 3414
1 tkey3419 3419
1 tkey3761 3761
1 tkey3424 3424
1 tkey3720 3720
1 tkey3718 3718
1 tkey3725 3725
1 tkey3723 3723
1 tkey3728 3728
1 tkey3730 3730
1 tkey3733 3733
1 tkey3738 3738
1 tkey3743 3743
1 tkey3748 3748
1 tkey3753 3753
1 tkey3735 3735
1 tkey3740 3740
1 tkey3745 3745
1 tkey3750 3750
1 tkey3755 3755
1 tkey2997 2997
1 tkey3002 3002
1 tkey3766 3766
1 tkey3007 3007
1 tkey3012 3012
1 tkey3429 3429
1 tkey3771 3771
1 tkey3434 3434
1 tkey3017 3017
1 tkey3022 3022
1 tkey3776 3776
1 tkey3027 3027
1 tkey3781 3781
1 tkey3439 3439
1 tkey3444 3444
1 tkey3449 3449
1 tkey3454 3454
1 tkey3459 3459
1 tkey3464 3464
1 tkey3469 3469
1 tkey3474 3474
1 tkey3032 3032
1 tkey3786 3786
1 tkey3479 3479
1 tkey3791 3791
1 tkey3796 3796
1 tkey3801 3801
1 tkey3806 3806
1 tkey3811 3811
1 tkey3816 3816
1 tkey3758 3758
1 tkey3484 3484
1 tkey3489 3489
1 tkey3494 3494
1 tkey3499 3499
1 tkey3504 3504
1 tkey3509 3509
1 tkey3514 3514
1 tkey3519 3519
1 tkey3524 3524
1 tkey3529 3529
1 tkey3534 3534
1 tkey3539 3539
1 tkey3544 3544
1 tkey3549 3549
1 tkey3554 3554
1 tkey3559 3559
1 tkey3564 3564
1 tkey3037 3037
1 tkey3042 3042
1 tkey3047 3047
1 tkey3052 3052
1 tkey3057 3057
1 tkey3821 3821
1 tkey3763 3763
1 tkey3826 3826
1 tkey3831 3831
1 tkey3836 3836
1 tkey3841 3841
1 tkey3846 3846
1 tkey3851 3851
1 tkey3856 3856
1 tkey3861 3861
1 tkey3866 3866
1 tkey3062 3062
1 tkey3569 3569
1 tkey3574 3574
1 tkey3760 3760
1 tkey3579 3579
1 tkey3765 3765
1 tkey3584 3584
1 tkey3589 3589
1 tkey3594 3594
1 tkey3599 3599
1 tkey3604 3604
1 tkey3609 3609
1 tkey3614 3614
1 tkey3770 3770
1 tkey3871 3871
1 tkey3775 3775
1 tkey3780 3780
1 tkey3785 3785
1 tkey3790 3790
1 tkey3768 3768
1 tkey3773 3773
1 tkey3778 3778
1 tkey3783 3783
1 tkey3788 3788
1 tkey3793 3793
1 tkey3798 3798
1 tkey3803 3803
1 tkey3876 3876
1 tkey3067 3067
1 tkey3072 3072
1 tkey3077 3077
1 tkey3082 3082
1 tkey3619 3619
1 tkey3087 3087
1 tkey3624 3624
1 tkey3629 3629
1 tkey3634 3634
1 tkey3639 3639
1 tkey3644 3644
1 tkey3808 3808
1 tkey3092 3092
1 tkey3097 3097
1 tkey3795 3795
1 tkey3800 3800
1 tkey3805 3805
1 tkey3881 3881
1 tkey3886 3886
1 tkey3891 3891
1 tkey3896 3896
1 tkey3901 3901
1 tkey3906 3906
1 tkey3911 3911
1 tkey3916 3916
1 tkey3649 3649
1 tkey3102 3102
1 tkey3813 3813
1 tkey3818 3818
1 tkey3823 3823
1 tkey3828 3828
1 tkey3833 3833
1 tkey3838 3838
1 tkey3843 3843
1 tkey3848 3848
1 tkey3853 3853
1 tkey3858 3858
1 tkey3863 3863
1 tkey3654 3654
1 tkey3659 3659
1 tkey3664 3664
1 tkey3669 3669
1 tkey3810 3810
1 tkey3815 3815
1 tkey3107 3107
1 tkey3112 3112
1 tkey3117 3117
1 tkey3868 3868
1 tkey3873 3873
1 tkey3878 3878
1 tkey3883 3883
1 tkey3888 3888
1 tkey3893 3893
1 tkey3898 3898
1 tkey3903 3903
1 tkey3122 3122
1 tkey3921 3921
1 tkey3926 3926
1 tkey3931 3931
1 tkey3936 3936
1 tkey3941 3941
1 tkey3946 3946
1 tkey3951 3951
1 tkey3956 3956
1 tkey3674 3674
1 tkey3679 3679
1 tkey3684 3684
1 tkey3689 3689
1 tkey3694 3694
1 tkey3699 3699
1 tkey3704 3704
1 tkey3961 3961
1 tkey3966 3966
1 tkey3971 3971
1 tkey3820 3820
1 tkey3825 3825
1 tkey3830 3830
1 tkey3835 3835
1 tkey3840 3840
1 tkey3845 3845
1 tkey3850 3850
1 tkey3855 3855
1 tkey3860 3860
1 tkey3865 3865
1 tkey3709 3709
1 tkey3714 3714
1 tkey3976 3976
1 tkey3981 3981
1 tkey3986 3986
1 tkey3870 3870
1 tkey3875 3875
1 tkey3719 3719
1 tkey3724 3724
1 tkey3729 3729
1 tkey3734 3734
1 tkey3739 3739
1 tkey3744 3744
1 tkey3127 3127
1 tkey3132 3132
1 tkey3137 3137
1 tkey3908 3908
1 tkey3880 3880
1 tkey3885 3885
1 tkey3991 3991
1 tkey3913 3913
1 tkey3918 3918
1 tkey3923 3923
1 tkey3928 3928
1 tkey3933 3933
1 tkey3749 3749
1 tkey3142 3142
1 tkey3147 3147
1 tkey3152 3152
1 tkey3157 3157
1 tkey3162 3162
1 tkey3938 3938
1 tkey3943 3943
1 tkey3890 3890
1 tkey3895 3895
1 tkey3900 3900
1 tkey3905 3905
1 tkey3910 3910
1 tkey3915 3915
1 tkey3920 3920
1 tkey3925 3925
1 tkey3167 3167
1 tkey3930 3930
1 tkey3172 3172
1 tkey3177 3177
1 tkey3948 3948
1 tkey3996 3996
1 tkey3953 3953
1 tkey3958 3958
1 tkey3754 3754
1 tkey3759 3759
1 tkey3764 3764
1 tkey3935 3935
1 tkey3940 3940
1 tkey3945 3945
1 tkey3950 3950
1 tkey3955 3955
1 tkey3769 3769
1 tkey3774 3774
1 tkey3779 3779
1 tkey3182 3182
1 tkey3187 3187
1 tkey3960 3960
1 tkey3965 3965
1 tkey3970 3970
1 tkey3784 3784
1 tkey3789 3789
1 tkey3794 3794
1 tkey3799 3799
1 tkey3804 3804
1 tkey3809 3809
1 tkey3814 3814
1 tkey3819 3819
1 tkey3963 3963
1 tkey3968 3968
1 tkey3973 3973
1 tkey3192 3192
1 tkey3197 3197
1 tkey3202 3202
1 tkey3207 3207
1 tkey3212 3212
1 tkey3217 3217
1 tkey3222 3222
1 tkey3227 3227
1 tkey3232 3232
1 tkey3824 3824
1 tkey4001 4001
1 tkey4006 4006
1 tkey4011 4011
1 tkey4016 4016
1 tkey4021 4021
1 tkey4026 4026
1 tkey4031 4031
1 tkey4036 4036
1 tkey4041 4041
1 tkey4046 4046
1 tkey4051 4051
1 tkey4056 4056
1 tkey4061 4061
1 tkey3975 3975
1 tkey3980 3980
1 tkey3985 3985
1 tkey3990 3990
1 tkey3995 3995
1 tkey4000 4000
1 tkey4005 4005
1 tkey4010 4010
1 tkey4015 4015
1 tkey4020 4020
1 tkey4025 4025
1 tkey4030 4030
1 tkey4035 4035
1 tkey3237 3237
1 tkey4066 4066
1 tkey3829 3829
1 tkey3834 3834
1 tkey3839 3839
1 tkey3844 3844
1 tkey4071 4071
1 tkey4076 4076
1 tkey4081 4081
1 tkey4086 4086
1 tkey4091 4091
1 tkey4096 4096
1 tkey4040 4040
1 tkey4045 4045
1 tkey4050 4050
1 tkey4055 4055
1 tkey4060 4060
1 tkey4065 4065
1 tkey4070 4070
1 tkey4101 4101
1 tkey4106 4106
1 tkey4111 4111
1 tkey4116 4116
1 tkey4121 4121
1 tkey4126 4126
1 tkey4131 4131
1 tkey4136 4136
1 tkey4141 4141
1 tkey3978 3978
1 tkey3983 3983
1 tkey3988 3988
1 tkey3993 3993
1 tkey3998 3998
1 tkey3242 3242
1 tkey3247 3247
1 tkey3849 3849
1 tkey3854 3854
1 tkey3859 3859
1 tkey3864 3864
1 tkey3869 3869
1 tkey4075 4075
1 tkey4080 4080
1 tkey3252 3252
1 tkey3257 3257
1 tkey3262 3262
1 tkey4146 4146
1 tkey4085 4085
1 tkey4090 4090
1 tkey4095 4095
1 tkey4100 4100
1 tkey4105 4105
1 tkey4110 4110
1 tkey4151 4151
1 tkey4156 4156
1 tkey4161 4161
1 tkey4166 4166
1 tkey4171 4171
1 tkey3874 3874
1 tkey3879 3879
1 tkey3884 3884
1 tkey3267 3267
1 tkey4115 4115
1 tkey4120 4120
1 tkey4125 4125
1 tkey4130 4130
1 tkey3272 3272
1 tkey3277 3277
1 tkey3282 3282
1 tkey3287 3287
1 tkey4135 4135
1 tkey4140 4140
1 tkey4145 4145
1 tkey4150 4150
1 tkey3292 3292
1 tkey3297 3297
1 tkey4003 4003
1 tkey4008 4008
1 tkey4013 4013
1 tkey4018 4018
1 tkey4023 4023
1 tkey4028 4028
1 tkey4033 4033
1 tkey4038 4038
1 tkey4043 4043
1 tkey4048 4048
1 tkey4176 4176
1 tkey4181 4181
1 tkey4186 4186
1 tkey4191 4191
1 tkey4196 4196
1 tkey4201 4201
1 tkey3302 3302
1 tkey3307 3307
1 tkey3312 3312
1 tkey3317 3317
1 tkey3322 3322
1 tkey3327 3327
1 tkey3332 3332
1 tkey3337 3337
1 tkey4053 4053
1 tkey4058 4058
1 tkey4063 4063
1 tkey4068 4068
1 tkey4073 4073
1 tkey4078 4078
1 tkey4083 4083
1 tkey4088 4088
1 tkey4093 4093
1 tkey4098 4098
1 tkey4103 4103
1 tkey4108 4108
1 tkey4113 4113
1 tkey4118 4118
1 tkey4155 4155
1 tkey4160 4160
1 tkey3889 3889
1 tkey3894 3894
1 tkey3899 3899
1 tkey3904 3904
1 tkey3909 3909
1 tkey3914 3914
1 tkey3919 3919
1 tkey3924 3924
1 tkey3929 3929
1 tkey4123 4123
1 tkey4128 4128
1 tkey3934 3934
1 tkey3939 3939
1 tkey3944 3944
1 tkey3949 3949
1 tkey3954 3954
1 tkey4165 4165
1 tkey3959 3959
1 tkey3964 3964
1 tkey3969 3969
1 tkey3342 3342
1 tkey3347 3347
1 tkey3352 3352
1 tkey3357 3357
1 tkey3362 3362
1 tkey4206 4206
1 tkey4211 4211
1 tkey4216 4216
1 tkey3367 3367
1 tkey3372 3372
1 tkey4133 4133
1 tkey4221 4221
1 tkey4226 4226
1 tkey4231 4231
1 tkey3974 3974
1 tkey3377 3377
1 tkey3382 3382
1 tkey3387 3387
1 tkey3392 3392
1 tkey3397 3397
1 tkey3402 3402
1 tkey3407 3407
1 tkey3412 3412
1 tkey3417 3417
