1 tkey7242 7242
1 tkey7247 7247
1 tkey7890 7890
1 tkey7252 7252
1 tkey7257 7257
1 tkey7262 7262
1 tkey7267 7267
1 tkey7272 7272
1 tkey7761 7761
1 tkey7766 7766
1 tkey7778 7778
1 tkey7783 7783
1 tkey7788 7788
1 tkey7793 7793
1 tkey7798 7798
1 tkey7803 7803
1 tkey8554 8554
1 tkey8559 8559
1 tkey8564 8564
1 tkey7277 7277
1 tkey7282 7282
1 tkey7287 7287
1 tkey7292 7292
1 tkey7297 7297
1 tkey7302 7302
1 tkey7307 7307
1 tkey7312 7312
1 tkey7317 7317
1 tkey7322 7322
1 tkey7327 7327
1 tkey7332 7332
1 tkey7337 7337
1 tkey7342 7342
1 tkey7347 7347
1 tkey7352 7352
1 tkey7357 7357
1 tkey8569 8569
1 tkey8574 8574
1 tkey8579 8579
1 tkey8584 8584
1 tkey8589 8589
1 tkey8594 8594
1 tkey8599 8599
1 tkey8604 8604
1 tkey8609 8609
1 tkey8614 8614
1 tkey7808 7808
1 tkey7813 7813
1 tkey7818 7818
1 tkey7823 7823
1 tkey7828 7828
1 tkey7833 7833
1 tkey7838 7838
1 tkey7843 7843
1 tkey7848 7848
1 tkey7853 7853
1 tkey7858 7858
1 tkey7863 7863
1 tkey7868 7868
1 tkey7873 7873
1 tkey7878 7878
1 tkey7883 7883
1 tkey7888 7888
1 tkey7362 7362
1 tkey7367 7367
1 tkey7372 7372
1 tkey7377 7377
1 tkey7382 7382
1 tkey7893 7893
1 tkey7898 7898
1 tkey7903 7903
1 tkey7908 7908
1 tkey7771 7771
1 tkey7776 7776
1 tkey7781 7781
1 tkey7786 7786
1 tkey7791 7791
1 tkey7796 7796
1 tkey7801 7801
1 tkey7806 7806
1 tkey7811 7811
1 tkey7816 7816
1 tkey7913 7913
1 tkey7918 7918
1 tkey8619 8619
1 tkey7387 7387
1 tkey7392 7392
1 tkey7397 7397
1 tkey7402 7402
1 tkey7821 7821
1 tkey7923 7923
1 tkey7895 7895
1 tkey7900 7900
1 tkey7905 7905
1 tkey7910 7910
1 tkey7915 7915
1 tkey7826 7826
1 tkey7831 7831
1 tkey7836 7836
1 tkey7841 7841
1 tkey8624 8624
1 tkey8629 8629
1 tkey8634 8634
1 tkey8639 8639
1 tkey8644 8644
1 tkey8649 8649
1 tkey8654 8654
1 tkey7407 7407
1 tkey7412 7412
1 tkey7417 7417
1 tkey7920 7920
1 tkey7925 7925
1 tkey7930 7930
1 tkey7935 7935
1 tkey7940 7940
1 tkey7846 7846
1 tkey7851 7851
1 tkey7856 7856
1 tkey7861 7861
1 tkey7866 7866
1 tkey7928 7928
1 tkey7933 7933
1 tkey7938 7938
1 tkey7943 7943
1 tkey7948 7948
1 tkey7953 7953
1 tkey7945 7945
1 tkey7422 7422
1 tkey7427 7427
1 tkey7432 7432
1 tkey7437 7437
1 tkey7871 7871
1 tkey7876 7876
1 tkey7881 7881
1 tkey7886 7886
1 tkey7891 7891
1 tkey7896 7896
1 tkey7901 7901
1 tkey7906 7906
1 tkey7911 7911
1 tkey7916 7916
1 tkey7921 7921
1 tkey7926 7926
1 tkey7931 7931
1 tkey7936 7936
1 tkey7941 7941
1 tkey7442 7442
1 tkey8659 8659
1 tkey8664 8664
1 tkey8669 8669
1 tkey8674 8674
1 tkey8679 8679
1 tkey8684 8684
1 tkey8689 8689
1 tkey8694 8694
1 tkey8699 8699
1 tkey7447 7447
1 tkey7452 7452
1 tkey7457 7457
1 tkey7462 7462
1 tkey7467 7467
1 tkey7472 7472
1 tkey7477 7477
1 tkey8704 8704
1 tkey8709 8709
1 tkey8714 8714
1 tkey8719 8719
1 tkey8724 8724
1 tkey7950 7950
1 tkey7955 7955
1 tkey7960 7960
1 tkey7965 7965
1 tkey7970 7970
1 tkey7975 7975
1 tkey7980 7980
1 tkey7946 7946
1 tkey7951 7951
1 tkey7956 7956
1 tkey7961 7961
1 tkey7966 7966
1 tkey7985 7985
1 tkey7990 7990
1 tkey7995 7995
1 tkey7958 7958
1 tkey7963 7963
1 tkey7968 7968
1 tkey7973 7973
1 tkey8729 8729
1 tkey7482 7482
1 tkey7487 7487
1 tkey7492 7492
1 tkey7497 7497
1 tkey7502 7502
1 tkey7507 7507
1 tkey7512 7512
1 tkey8000 8000
1 tkey8005 8005
1 tkey8010 8010
1 tkey7971 7971
1 tkey7976 7976
1 tkey7981 7981
1 tkey7986 7986
1 tkey7991 7991
1 tkey7996 7996
1 tkey8001 8001
1 tkey8006 8006
1 tkey7978 7978
1 tkey7983 7983
1 tkey8011 8011
1 tkey8016 8016
1 tkey8021 8021
1 tkey7988 7988
1 tkey8015 8015
1 tkey8020 8020
1 tkey7517 7517
1 tkey7522 7522
1 tkey7527 7527
1 tkey8025 8025
1 tkey8030 8030
1 tkey8035 8035
1 tkey8026 8026
1 tkey8734 8734
1 tkey8739 8739
1 tkey8744 8744
1 tkey8749 8749
1 tkey8754 8754
1 tkey8759 8759
1 tkey8764 8764
1 tkey8769 8769
1 tkey8774 8774
1 tkey8779 8779
1 tkey8784 8784
1 tkey8789 8789
1 tkey8794 8794
1 tkey8040 8040
1 tkey8799 8799
1 tkey7993 7993
1 tkey8804 8804
1 tkey8809 8809
1 tkey8814 8814
1 tkey8819 8819
1 tkey7998 7998
1 tkey8045 8045
1 tkey8050 8050
1 tkey7532 7532
1 tkey7537 7537
1 tkey7542 7542
1 tkey7547 7547
1 tkey7552 7552
1 tkey7557 7557
1 tkey7562 7562
1 tkey7567 7567
1 tkey7572 7572
1 tkey8824 8824
1 tkey8829 8829
1 tkey8834 8834
1 tkey8839 8839
1 tkey8844 8844
1 tkey8031 8031
1 tkey8055 8055
1 tkey8036 8036
1 tkey8003 8003
1 tkey8060 8060
1 tkey8008 8008
1 tkey8013 8013
1 tkey8065 8065
1 tkey8041 8041
1 tkey8046 8046
1 tkey8051 8051
1 tkey8056 8056
1 tkey8061 8061
1 tkey8066 8066
1 tkey8071 8071
1 tkey8849 8849
1 tkey8018 8018
1 tkey8023 8023
1 tkey7577 7577
1 tkey7582 7582
1 tkey7587 7587
1 tkey7592 7592
1 tkey7597 7597
1 tkey8070 8070
1 tkey8028 8028
1 tkey8033 8033
1 tkey8854 8854
1 tkey8859 8859
1 tkey8864 8864
1 tkey8869 8869
1 tkey8874 8874
1 tkey8879 8879
1 tkey8884 8884
1 tkey7602 7602
1 tkey7607 7607
1 tkey7612 7612
1 tkey7617 7617
1 tkey7622 7622
1 tkey7627 7627
1 tkey7632 7632
1 tkey8075 8075
1 tkey8080 8080
1 tkey8085 8085
1 tkey8090 8090
1 tkey8095 8095
1 tkey8100 8100
1 tkey8105 8105
1 tkey8076 8076
1 tkey8081 8081
1 tkey8086 8086
1 tkey8091 8091
1 tkey8096 8096
1 tkey8038 8038
1 tkey8889 8889
1 tkey8043 8043
1 tkey8048 8048
1 tkey8053 8053
1 tkey8058 8058
1 tkey8110 8110
1 tkey8115 8115
1 tkey8120 8120
1 tkey8125 8125
1 tkey8130 8130
1 tkey8135 8135
1 tkey8140 8140
1 tkey8145 8145
1 tkey8150 8150
1 tkey8155 8155
1 tkey8160 8160
1 tkey8165 8165
1 tkey8894 8894
1 tkey8899 8899
1 tkey8904 8904
1 tkey8101 8101
1 tkey8106 8106
1 tkey8063 8063
1 tkey8068 8068
1 tkey8073 8073
1 tkey8111 8111
1 tkey8116 8116
1 tkey8121 8121
1 tkey8126 8126
1 tkey8131 8131
1 tkey8136 8136
1 tkey8141 8141
1 tkey8146 8146
1 tkey8151 8151
1 tkey8156 8156
1 tkey8078 8078
1 tkey8083 8083
1 tkey8088 8088
1 tkey8093 8093
1 tkey8098 8098
1 tkey8170 8170
1 tkey7637 7637
1 tkey7642 7642
1 tkey8909 8909
1 tkey8161 8161
1 tkey8166 8166
1 tkey8914 8914
1 tkey8171 8171
1 tkey7647 7647
1 tkey7652 7652
1 tkey7657 7657
1 tkey7662 7662
1 tkey7667 7667
1 tkey7672 7672
1 tkey7677 7677
1 tkey7682 7682
1 tkey8919 8919
1 tkey8176 8176
1 tkey8103 8103
1 tkey8108 8108
1 tkey8113 8113
1 tkey8181 8181
1 tkey8175 8175
1 tkey8180 8180
1 tkey8185 8185
1 tkey8190 8190
1 tkey8195 8195
1 tkey8200 8200
1 tkey8186 8186
1 tkey8205 8205
1 tkey8191 8191
1 tkey8210 8210
1 tkey8196 8196
1 tkey8215 8215
1 tkey8220 8220
1 tkey8118 8118
1 tkey8123 8123
1 tkey8128 8128
1 tkey8133 8133
1 tkey8138 8138
1 tkey8143 8143
1 tkey8148 8148
1 tkey8924 8924
1 tkey7687 7687
1 tkey8225 8225
1 tkey8230 8230
1 tkey8235 8235
1 tkey8240 8240
1 tkey8245 8245
1 tkey8250 8250
1 tkey8255 8255
1 tkey8260 8260
1 tkey8265 8265
1 tkey8270 8270
1 tkey8275 8275
1 tkey8929 8929
1 tkey8934 8934
1 tkey8153 8153
1 tkey8158 8158
1 tkey8163 8163
1 tkey8168 8168
1 tkey8173 8173
1 tkey8178 8178
1 tkey8183 8183
1 tkey7692 7692
1 tkey8188 8188
1 tkey8193 8193
1 tkey8198 8198
1 tkey8203 8203
1 tkey8208 8208
1 tkey8213 8213
1 tkey8201 8201
1 tkey8280 8280
1 tkey8285 8285
1 tkey8290 8290
1 tkey8295 8295
1 tkey8300 8300
1 tkey8305 8305
1 tkey7697 7697
1 tkey7702 7702
1 tkey7707 7707
1 tkey7712 7712
1 tkey7717 7717
1 tkey7722 7722
1 tkey7727 7727
1 tkey7732 7732
1 tkey7737 7737
1 tkey8206 8206
1 tkey8211 8211
1 tkey8216 8216
1 tkey8221 8221
1 tkey8218 8218
1 tkey8223 8223
1 tkey7742 7742
1 tkey8310 8310
1 tkey8315 8315
1 tkey8320 8320
1 tkey8325 8325
1 tkey8330 8330
1 tkey8335 8335
1 tkey8340 8340
1 tkey8226 8226
1 tkey8231 8231
1 tkey8939 8939
1 tkey8944 8944
1 tkey8949 8949
1 tkey8954 8954
1 tkey8959 8959
1 tkey8964 8964
1 tkey8969 8969
1 tkey8974 8974
1 tkey8979 8979
1 tkey8984 8984
1 tkey8989 8989
1 tkey8994 8994
1 tkey8999 8999
1 tkey9004 9004
1 tkey9009 9009
1 tkey8345 8345
1 tkey8350 8350
1 tkey8355 8355
1 tkey8360 8360
1 tkey7747 7747
1 tkey7752 7752
1 tkey7757 7757
1 tkey7762 7762
1 tkey9014 9014
1 tkey9019 9019
1 tkey9024 9024
1 tkey9029 9029
1 tkey9034 9034
1 tkey9039 9039
1 tkey9044 9044
1 tkey9049 9049
1 tkey9054 9054
1 tkey9059 9059
1 tkey8236 8236
1 tkey8241 8241
1 tkey8228 8228
1 tkey8233 8233
1 tkey8238 8238
1 tkey8243 8243
1 tkey8248 8248
1 tkey8253 8253
1 tkey8258 8258
1 tkey8263 8263
1 tkey8268 8268
1 tkey7767 7767
1 tkey7772 7772
1 tkey7777 7777
1 tkey7782 7782
1 tkey7787 7787
1 tkey7792 7792
1 tkey9064 9064
1 tkey9069 9069
1 tkey9074 9074
1 tkey9079 9079
1 tkey9084 9084
1 tkey9089 9089
1 tkey9094 9094
1 tkey9099 9099
1 tkey9104 9104
1 tkey9109 9109
1 tkey8273 8273
1 tkey8246 8246
1 tkey8251 8251
1 tkey8256 8256
1 tkey8261 8261
1 tkey8266 8266
1 tkey8271 8271
1 tkey8276 8276
1 tkey8281 8281
1 tkey8286 8286
1 tkey8291 8291
1 tkey8296 8296
1 tkey8301 8301
1 tkey8306 8306
1 tkey8311 8311
1 tkey8316 8316
1 tkey8321 8321
1 tkey8326 8326
1 tkey8331 8331
1 tkey9114 9114
1 tkey9119 9119
1 tkey9124 9124
1 tkey9129 9129
1 tkey7797 7797
1 tkey7802 7802
1 tkey8336 8336
1 tkey8341 8341
1 tkey8346 8346
1 tkey8351 8351
1 tkey8356 8356
1 tkey8361 8361
1 tkey8366 8366
1 tkey8371 8371
1 tkey8376 8376
1 tkey8278 8278
1 tkey9134 9134
1 tkey9139 9139
1 tkey9144 9144
1 tkey9149 9149
1 tkey9154 9154
1 tkey9159 9159
1 tkey9164 9164
1 tkey9169 9169
1 tkey9174 9174
1 tkey9179 9179
1 tkey7807 7807
1 tkey7812 7812
1 tkey8365 8365
1 tkey8370 8370
1 tkey8375 8375
1 tkey8380 8380
1 tkey8385 8385
1 tkey8381 8381
1 tkey8386 8386
1 tkey8391 8391
1 tkey8396 8396
1 tkey9184 9184
1 tkey7817 7817
1 tkey7822 7822
1 tkey7827 7827
1 tkey7832 7832
1 tkey8283 8283
1 tkey8288 8288
1 tkey8293 8293
1 tkey9189 9189
1 tkey8390 8390
1 tkey8395 8395
1 tkey8400 8400
1 tkey8405 8405
1 tkey8410 8410
1 tkey8415 8415
1 tkey8420 8420
1 tkey8425 8425
1 tkey8430 8430
1 tkey8435 8435
1 tkey8440 8440
1 tkey8445 8445
1 tkey8450 8450
1 tkey8455 8455
1 tkey9194 9194
1 tkey9199 9199
1 tkey9204 9204
1 tkey9209 9209
1 tkey9214 9214
1 tkey9219 9219
1 tkey9224 9224
1 tkey9229 9229
1 tkey8401 8401
1 tkey8406 8406
1 tkey8411 8411
1 tkey8416 8416
1 tkey8421 8421
1 tkey8426 8426
1 tkey8431 8431
1 tkey8436 8436
1 tkey8441 8441
1 tkey8446 8446
1 tkey8451 8451
1 tkey8456 8456
1 tkey8298 8298
1 tkey9234 9234
1 tkey9239 9239
1 tkey9244 9244
1 tkey9249 9249
1 tkey9254 9254
1 tkey7837 7837
1 tkey7842 7842
1 tkey7847 7847
1 tkey7852 7852
1 tkey7857 7857
1 tkey8303 8303
1 tkey8308 8308
1 tkey8313 8313
1 tkey8318 8318
1 tkey8323 8323
1 tkey8328 8328
1 tkey8333 8333
1 tkey8461 8461
1 tkey9259 9259
1 tkey9264 9264
1 tkey8460 8460
1 tkey8465 8465
1 tkey8466 8466
1 tkey8471 8471
1 tkey8476 8476
1 tkey8481 8481
1 tkey8486 8486
1 tkey8491 8491
1 tkey8496 8496
1 tkey8501 8501
1 tkey8506 8506
1 tkey8338 8338
1 tkey8343 8343
1 tkey8348 8348
1 tkey8353 8353
1 tkey8470 8470
1 tkey8475 8475
1 tkey8480 8480
1 tkey8485 8485
1 tkey8490 8490
1 tkey8495 8495
1 tkey7862 7862
1 tkey8511 8511
1 tkey8516 8516
1 tkey8521 8521
1 tkey8526 8526
1 tkey8531 8531
1 tkey8536 8536
1 tkey9269 9269
1 tkey9274 9274
1 tkey8541 8541
1 tkey9279 9279
1 tkey9284 9284
1 tkey9289 9289
1 tkey9294 9294
1 tkey9299 9299
1 tkey9304 9304
1 tkey9309 9309
1 tkey7867 7867
1 tkey7872 7872
1 tkey8546 8546
1 tkey8551 8551
1 tkey8556 8556
1 tkey8358 8358
1 tkey7877 7877
1 tkey7882 7882
1 tkey9314 9314
1 tkey9319 9319
1 tkey9324 9324
1 tkey8500 8500
1 tkey7887 7887
1 tkey7892 7892
1 tkey7897 7897
1 tkey7902 7902
1 tkey7907 7907
1 tkey7912 7912
1 tkey7917 7917
1 tkey7922 7922
1 tkey7927 7927
1 tkey7932 7932
1 tkey7937 7937
1 tkey8561 8561
1 tkey8566 8566
1 tkey8571 8571
1 tkey8576 8576
1 tkey8363 8363
1 tkey8368 8368
1 tkey8373 8373
1 tkey8378 8378
1 tkey8383 8383
1 tkey8388 8388
1 tkey8393 8393
1 tkey8398 8398
1 tkey8403 8403
1 tkey8408 8408
1 tkey8413 8413
1 tkey8418 8418
1 tkey8423 8423
1 tkey8428 8428
1 tkey8433 8433
1 tkey8505 8505
1 tkey8510 8510
1 tkey9329 9329
1 tkey9334 9334
1 tkey9339 9339
1 tkey9344 9344
1 tkey9349 9349
1 tkey9354 9354
1 tkey8581 8581
1 tkey7942 7942
1 tkey7947 7947
1 tkey7952 7952
1 tkey7957 7957
1 tkey7962 7962
1 tkey7967 7967
1 tkey7972 7972
1 tkey7977 7977
1 tkey7982 7982
1 tkey7987 7987
1 tkey7992 7992
1 tkey7997 7997
1 tkey8438 8438
1 tkey8443 8443
1 tkey8448 8448
1 tkey8453 8453
1 tkey8458 8458
1 tkey8463 8463
1 tkey8468 8468
1 tkey8473 8473
1 tkey8515 8515
1 tkey8520 8520
1 tkey8525 8525
1 tkey8530 8530
1 tkey9359 9359
1 tkey9364 9364
1 tkey9369 9369
1 tkey9374 9374
1 tkey8002 8002
1 tkey8007 8007
1 tkey8012 8012
1 tkey8586 8586
1 tkey8591 8591
1 tkey8596 8596
1 tkey8601 8601
1 tkey8606 8606
1 tkey8611 8611
1 tkey8535 8535
1 tkey8540 8540
1 tkey8545 8545
1 tkey8550 8550
1 tkey8555 8555
1 tkey8478 8478
1 tkey8483 8483
1 tkey8017 8017
1 tkey8022 8022
1 tkey8027 8027
1 tkey8032 8032
1 tkey8037 8037
1 tkey8042 8042
1 tkey9379 9379
1 tkey8616 8616
1 tkey8621 8621
1 tkey8626 8626
1 tkey8631 8631
1 tkey9384 9384
1 tkey8488 8488
1 tkey8636 8636
1 tkey8047 8047
1 tkey8052 8052
1 tkey8057 8057
1 tkey8062 8062
1 tkey8067 8067
1 tkey8072 8072
1 tkey8077 8077
1 tkey8082 8082
1 tkey8087 8087
1 tkey8092 8092
1 tkey8097 8097
1 tkey9389 9389
1 tkey8102 8102
1 tkey8493 8493
1 tkey8498 8498
1 tkey8503 8503
1 tkey8508 8508
1 tkey8513 8513
1 tkey8518 8518
1 tkey8641 8641
1 tkey8646 8646
1 tkey8651 8651
1 tkey8656 8656
1 tkey8661 8661
1 tkey8666 8666
1 tkey8671 8671
1 tkey8676 8676
1 tkey8681 8681
1 tkey8686 8686
1 tkey9394 9394
1 tkey9399 9399
1 tkey9404 9404
1 tkey8107 8107
1 tkey8112 8112
1 tkey8117 8117
1 tkey8122 8122
1 tkey8127 8127
1 tkey8132 8132
1 tkey8560 8560
1 tkey8565 8565
1 tkey8570 8570
1 tkey8575 8575
1 tkey8580 8580
1 tkey8585 8585
1 tkey8590 8590
1 tkey8595 8595
1 tkey8600 8600
1 tkey8691 8691
1 tkey8696 8696
1 tkey8701 8701
1 tkey8706 8706
1 tkey8711 8711
1 tkey8716 8716
1 tkey8721 8721
1 tkey8726 8726
1 tkey8523 8523
1 tkey8528 8528
1 tkey8533 8533
1 tkey8605 8605
1 tkey8610 8610
1 tkey8615 8615
1 tkey8620 8620
1 tkey8625 8625
1 tkey8630 8630
1 tkey8635 8635
1 tkey8538 8538
1 tkey8543 8543
1 tkey8548 8548
1 tkey9409 9409
1 tkey9414 9414
1 tkey9419 9419
1 tkey9424 9424
1 tkey9429 9429
1 tkey9434 9434
1 tkey9439 9439
1 tkey9444 9444
1 tkey9449 9449
1 tkey9454 9454
1 tkey9459 9459
1 tkey9464 9464
1 tkey9469 9469
1 tkey9474 9474
1 tkey9479 9479
1 tkey9484 9484
1 tkey9489 9489
1 tkey8640 8640
1 tkey8645 8645
1 tkey8650 8650
1 tkey8655 8655
1 tkey8137 8137
1 tkey8142 8142
1 tkey8147 8147
1 tkey8553 8553
1 tkey8558 8558
1 tkey8563 8563
1 tkey8731 8731
1 tkey8736 8736
1 tkey8741 8741
1 tkey8746 8746
1 tkey9494 9494
1 tkey9499 9499
1 tkey9504 9504
1 tkey9509 9509
1 tkey9514 9514
1 tkey9519 9519
1 tkey9524 9524
1 tkey9529 9529
1 tkey9534 9534
1 tkey9539 9539
1 tkey8568 8568
1 tkey8573 8573
1 tkey8578 8578
1 tkey8583 8583
1 tkey8588 8588
1 tkey8593 8593
1 tkey8598 8598
1 tkey8603 8603
1 tkey8751 8751
1 tkey8608 8608
1 tkey8613 8613
1 tkey9544 9544
1 tkey8618 8618
1 tkey8756 8756
1 tkey9549 9549
1 tkey9554 9554
1 tkey9559 9559
1 tkey9564 9564
1 tkey8660 8660
1 tkey8665 8665
1 tkey8670 8670
1 tkey8675 8675
1 tkey8680 8680
1 tkey8685 8685
1 tkey8690 8690
1 tkey8761 8761
1 tkey8152 8152
1 tkey8157 8157
1 tkey8162 8162
1 tkey8167 8167
1 tkey8172 8172
1 tkey8177 8177
1 tkey8695 8695
1 tkey8700 8700
1 tkey8705 8705
1 tkey8623 8623
1 tkey8628 8628
1 tkey8633 8633
1 tkey8638 8638
1 tkey9569 9569
1 tkey9574 9574
1 tkey9579 9579
1 tkey8710 8710
1 tkey8715 8715
1 tkey8720 8720
1 tkey8725 8725
1 tkey8730 8730
1 tkey8735 8735
1 tkey8182 8182
1 tkey8187 8187
1 tkey8192 8192
1 tkey8766 8766
1 tkey8771 8771
1 tkey8776 8776
1 tkey8781 8781
1 tkey8786 8786
1 tkey8791 8791
1 tkey8796 8796
1 tkey8801 8801
1 tkey8740 8740
1 tkey8745 8745
1 tkey8643 8643
1 tkey8648 8648
1 tkey8653 8653
1 tkey8658 8658
1 tkey8663 8663
1 tkey8668 8668
1 tkey8197 8197
1 tkey8202 8202
1 tkey8207 8207
1 tkey8212 8212
1 tkey9584 9584
1 tkey9589 9589
1 tkey8806 8806
1 tkey8811 8811
1 tkey8816 8816
1 tkey8750 8750
1 tkey8755 8755
1 tkey8760 8760
1 tkey8765 8765
1 tkey8770 8770
1 tkey8775 8775
1 tkey8780 8780
1 tkey8785 8785
1 tkey8790 8790
1 tkey8217 8217
1 tkey8222 8222
1 tkey8227 8227
1 tkey8232 8232
1 tkey8237 8237
1 tkey8242 8242
1 tkey8247 8247
1 tkey8252 8252
1 tkey8821 8821
1 tkey8826 8826
1 tkey8831 8831
1 tkey9594 9594
1 tkey8257 8257
1 tkey8262 8262
1 tkey8267 8267
1 tkey8795 8795
1 tkey8800 8800
1 tkey8805 8805
1 tkey8810 8810
1 tkey8815 8815
1 tkey8272 8272
1 tkey8277 8277
1 tkey9599 9599
1 tkey9604 9604
1 tkey9609 9609
1 tkey9614 9614
1 tkey8673 8673
1 tkey8678 8678
1 tkey8683 8683
1 tkey8688 8688
1 tkey8693 8693
1 tkey8698 8698
1 tkey8703 8703
1 tkey8836 8836
1 tkey8820 8820
1 tkey8708 8708
1 tkey8713 8713
1 tkey8718 8718
1 tkey8723 8723
1 tkey8282 8282
1 tkey8287 8287
1 tkey8292 8292
1 tkey8297 8297
1 tkey8302 8302
1 tkey8728 8728
1 tkey8733 8733
1 tkey8738 8738
1 tkey8743 8743
1 tkey8825 8825
1 tkey8830 8830
1 tkey8835 8835
1 tkey8840 8840
1 tkey8845 8845
1 tkey9619 9619
1 tkey9624 9624
1 tkey9629 9629
1 tkey9634 9634
1 tkey9639 9639
1 tkey9644 9644
1 tkey9649 9649
1 tkey9654 9654
1 tkey9659 9659
1 tkey9664 9664
1 tkey9669 9669
1 tkey9674 9674
1 tkey9679 9679
1 tkey8748 8748
1 tkey9684 9684
1 tkey8307 8307
1 tkey8312 8312
1 tkey8317 8317
1 tkey8322 8322
1 tkey8327 8327
1 tkey8332 8332
1 tkey8337 8337
1 tkey8342 8342
1 tkey8347 8347
1 tkey8841 8841
1 tkey8846 8846
1 tkey9689 9689
1 tkey9694 9694
1 tkey9699 9699
1 tkey9704 9704
1 tkey9709 9709
1 tkey9714 9714
1 tkey9719 9719
1 tkey8352 8352
1 tkey8357 8357
1 tkey8850 8850
1 tkey8855 8855
1 tkey8753 8753
1 tkey8758 8758
1 tkey8763 8763
1 tkey8768 8768
1 tkey8773 8773
1 tkey8778 8778
1 tkey8851 8851
1 tkey8362 8362
1 tkey8367 8367
1 tkey8372 8372
1 tkey8377 8377
1 tkey8382 8382
1 tkey8387 8387
1 tkey8392 8392
1 tkey8397 8397
1 tkey8402 8402
1 tkey8407 8407
1 tkey8412 8412
1 tkey8417 8417
1 tkey8422 8422
1 tkey8427 8427
1 tkey9724 9724
1 tkey8860 8860
1 tkey8865 8865
1 tkey8870 8870
1 tkey8875 8875
1 tkey8880 8880
1 tkey8885 8885
1 tkey8890 8890
1 tkey8895 8895
1 tkey8900 8900
1 tkey8905 8905
1 tkey8910 8910
1 tkey8856 8856
1 tkey8861 8861
1 tkey8866 8866
1 tkey8432 8432
1 tkey8783 8783
1 tkey8788 8788
1 tkey8793 8793
1 tkey8798 8798
1 tkey8803 8803
1 tkey8915 8915
1 tkey8920 8920
1 tkey8925 8925
1 tkey8930 8930
1 tkey8935 8935
1 tkey8437 8437
1 tkey8442 8442
1 tkey8447 8447
1 tkey8452 8452
1 tkey8457 8457
1 tkey8462 8462
1 tkey8467 8467
1 tkey8472 8472
1 tkey8871 8871
1 tkey8808 8808
1 tkey8813 8813
1 tkey8818 8818
1 tkey8940 8940
1 tkey8945 8945
1 tkey8950 8950
1 tkey8876 8876
1 tkey8881 8881
1 tkey8886 8886
1 tkey8891 8891
1 tkey8896 8896
1 tkey8901 8901
1 tkey8906 8906
1 tkey9729 9729
1 tkey9734 9734
1 tkey8911 8911
1 tkey8916 8916
1 tkey8921 8921
1 tkey8926 8926
1 tkey8931 8931
1 tkey8936 8936
1 tkey9739 9739
1 tkey9744 9744
1 tkey9749 9749
1 tkey8823 8823
1 tkey9754 9754
1 tkey9759 9759
1 tkey9764 9764
1 tkey9769 9769
1 tkey9774 9774
1 tkey9779 9779
1 tkey8941 8941
1 tkey8946 8946
1 tkey8828 8828
1 tkey8833 8833
1 tkey8838 8838
1 tkey8843 8843
1 tkey8848 8848
1 tkey8853 8853
1 tkey8858 8858
1 tkey8477 8477
1 tkey8482 8482
1 tkey8487 8487
1 tkey8863 8863
1 tkey8868 8868
1 tkey8955 8955
1 tkey8951 8951
1 tkey9784 9784
1 tkey9789 9789
1 tkey8873 8873
1 tkey8878 8878
1 tkey8883 8883
1 tkey8888 8888
1 tkey8893 8893
1 tkey8898 8898
1 tkey8903 8903
1 tkey8908 8908
1 tkey8956 8956
1 tkey8961 8961
1 tkey8966 8966
1 tkey9794 9794
1 tkey9799 9799
1 tkey8492 8492
1 tkey8497 8497
1 tkey8502 8502
1 tkey8507 8507
1 tkey8512 8512
1 tkey8517 8517
1 tkey8522 8522
1 tkey8527 8527
1 tkey8532 8532
1 tkey8537 8537
1 tkey8542 8542
1 tkey8913 8913
1 tkey8971 8971
1 tkey8918 8918
1 tkey8547 8547
1 tkey8976 8976
1 tkey8923 8923
1 tkey8981 8981
1 tkey8552 8552
1 tkey8928 8928
1 tkey8933 8933
1 tkey8938 8938
1 tkey8943 8943
1 tkey8948 8948
1 tkey8953 8953
1 tkey8958 8958
1 tkey8963 8963
1 tkey8557 8557
1 tkey8968 8968
1 tkey8973 8973
1 tkey8978 8978
1 tkey8983 8983
1 tkey8988 8988
1 tkey8960 8960
1 tkey8965 8965
1 tkey8970 8970
1 tkey8975 8975
1 tkey8980 8980
1 tkey8985 8985
1 tkey8990 8990
1 tkey8995 8995
1 tkey9000 9000
1 tkey8986 8986
1 tkey8991 8991
1 tkey8993 8993
1 tkey8998 8998
1 tkey9003 9003
1 tkey9005 9005
1 tkey8562 8562
1 tkey8567 8567
1 tkey8572 8572
1 tkey8996 8996
1 tkey9001 9001
1 tkey9006 9006
1 tkey9011 9011
1 tkey9804 9804
1 tkey9809 9809
1 tkey9814 9814
1 tkey9819 9819
1 tkey9016 9016
1 tkey9021 9021
1 tkey9026 9026
1 tkey9031 9031
1 tkey9010 9010
1 tkey9015 9015
1 tkey9020 9020
1 tkey9025 9025
1 tkey9030 9030
1 tkey9035 9035
1 tkey9036 9036
1 tkey9041 9041
1 tkey9046 9046
1 tkey9051 9051
1 tkey9056 9056
1 tkey9008 9008
1 tkey9013 9013
1 tkey9018 9018
1 tkey9061 9061
1 tkey9066 9066
1 tkey8577 8577
1 tkey8582 8582
1 tkey8587 8587
1 tkey8592 8592
1 tkey8597 8597
1 tkey9040 9040
1 tkey9045 9045
1 tkey9050 9050
1 tkey9055 9055
1 tkey9060 9060
1 tkey9065 9065
1 tkey9023 9023
1 tkey9028 9028
1 tkey9033 9033
1 tkey9038 9038
1 tkey9043 9043
1 tkey9048 9048
1 tkey9053 9053
1 tkey9058 9058
1 tkey9063 9063
1 tkey9068 9068
1 tkey9071 9071
1 tkey9076 9076
1 tkey9081 9081
1 tkey9086 9086
1 tkey8602 8602
1 tkey8607 8607
1 tkey8612 8612
1 tkey8617 8617
1 tkey8622 8622
1 tkey8627 8627
1 tkey8632 8632
1 tkey9073 9073
1 tkey9078 9078
1 tkey9083 9083
1 tkey9088 9088
1 tkey9093 9093
1 tkey9098 9098
1 tkey9103 9103
1 tkey9824 9824
1 tkey9829 9829
1 tkey9834 9834
1 tkey9839 9839
1 tkey9844 9844
1 tkey9849 9849
1 tkey9108 9108
1 tkey9113 9113
1 tkey9091 9091
1 tkey9096 9096
1 tkey9101 9101
1 tkey9106 9106
1 tkey9111 9111
1 tkey8637 8637
1 tkey8642 8642
1 tkey8647 8647
1 tkey9854 9854
1 tkey9859 9859
1 tkey9864 9864
1 tkey9869 9869
1 tkey9874 9874
1 tkey9879 9879
1 tkey9884 9884
1 tkey9889 9889
1 tkey9894 9894
1 tkey9899 9899
1 tkey9904 9904
1 tkey9909 9909
1 tkey9118 9118
1 tkey9123 9123
1 tkey9128 9128
1 tkey9133 9133
1 tkey9138 9138
1 tkey9143 9143
1 tkey9148 9148
1 tkey9153 9153
1 tkey9158 9158
1 tkey9163 9163
1 tkey9168 9168
1 tkey9914 9914
1 tkey9173 9173
1 tkey9178 9178
1 tkey9919 9919
1 tkey9116 9116
1 tkey9121 9121
1 tkey9126 9126
1 tkey9131 9131
1 tkey9924 9924
1 tkey8652 8652
1 tkey8657 8657
1 tkey8662 8662
1 tkey8667 8667
1 tkey9136 9136
1 tkey9183 9183
1 tkey9188 9188
1 tkey9193 9193
1 tkey9198 9198
1 tkey9203 9203
1 tkey9208 9208
1 tkey9213 9213
1 tkey9218 9218
1 tkey9070 9070
1 tkey9223 9223
1 tkey9075 9075
1 tkey9080 9080
1 tkey9085 9085
1 tkey9090 9090
1 tkey9095 9095
1 tkey9100 9100
1 tkey9105 9105
1 tkey9110 9110
1 tkey9115 9115
1 tkey9120 9120
1 tkey9228 9228
1 tkey9233 9233
1 tkey9238 9238
1 tkey9243 9243
1 tkey9248 9248
1 tkey9253 9253
1 tkey9258 9258
1 tkey9263 9263
1 tkey9268 9268
1 tkey9273 9273
1 tkey9278 9278
1 tkey9283 9283
1 tkey9288 9288
1 tkey9293 9293
1 tkey9298 9298
1 tkey9303 9303
1 tkey9308 9308
1 tkey9313 9313
1 tkey9318 9318
1 tkey9323 9323
1 tkey9328 9328
1 tkey9333 9333
1 tkey9338 9338
1 tkey8672 8672
1 tkey8677 8677
1 tkey9141 9141
1 tkey9146 9146
1 tkey9929 9929
1 tkey9343 9343
1 tkey9151 9151
1 tkey9348 9348
1 tkey9934 9934
1 tkey9353 9353
1 tkey9156 9156
1 tkey9358 9358
1 tkey9939 9939
1 tkey9944 9944
1 tkey9949 9949
1 tkey9954 9954
1 tkey9959 9959
1 tkey9964 9964
1 tkey9969 9969
1 tkey9974 9974
1 tkey9979 9979
1 tkey9984 9984
1 tkey9989 9989
1 tkey9363 9363
1 tkey9368 9368
1 tkey9373 9373
1 tkey9378 9378
1 tkey9383 9383
1 tkey9388 9388
1 tkey9393 9393
1 tkey9398 9398
1 tkey9403 9403
1 tkey9408 9408
1 tkey9413 9413
1 tkey9418 9418
1 tkey9125 9125
1 tkey9994 9994
1 tkey9999 9999
1 tkey9161 9161
1 tkey9166 9166
1 tkey8682 8682
1 tkey9171 9171
1 tkey8687 8687
1 tkey8692 8692
1 tkey8697 8697
1 tkey8702 8702
1 tkey8707 8707
1 tkey8712 8712
1 tkey9423 9423
1 tkey8717 8717
1 tkey8722 8722
1 tkey8727 8727
1 tkey8732 8732
1 tkey8737 8737
1 tkey8742 8742
1 tkey8747 8747
1 tkey8752 8752
1 tkey8757 8757
1 tkey8762 8762
1 tkey8767 8767
1 tkey8772 8772
1 tkey9176 9176
1 tkey9181 9181
1 tkey9130 9130
1 tkey9186 9186
1 tkey9135 9135
1 tkey9140 9140
1 tkey9428 9428
1 tkey9145 9145
1 tkey9433 9433
1 tkey9438 9438
1 tkey9150 9150
1 tkey9443 9443
1 tkey9448 9448
1 tkey9453 9453
1 tkey9458 9458
1 tkey9463 9463
1 tkey9468 9468
1 tkey9473 9473
1 tkey9478 9478
1 tkey9483 9483
1 tkey9488 9488
1 tkey9493 9493
1 tkey9498 9498
1 tkey9503 9503
1 tkey9508 9508
1 tkey9513 9513
1 tkey9518 9518
1 tkey9191 9191
1 tkey9196 9196
1 tkey9201 9201
1 tkey9206 9206
1 tkey9211 9211
1 tkey9216 9216
1 tkey9221 9221
1 tkey9226 9226
1 tkey9231 9231
1 tkey9236 9236
1 tkey9241 9241
1 tkey9246 9246
1 tkey9251 9251
1 tkey9256 9256
1 tkey9261 9261
1 tkey9523 9523
1 tkey9266 9266
1 tkey9271 9271
1 tkey9528 9528
1 tkey9276 9276
1 tkey9281 9281
1 tkey8777 8777
1 tkey8782 8782
1 tkey8787 8787
1 tkey8792 8792
1 tkey8797 8797
1 tkey8802 8802
1 tkey8807 8807
1 tkey8812 8812
1 tkey8817 8817
1 tkey8822 8822
1 tkey8827 8827
1 tkey8832 8832
1 tkey8837 8837
1 tkey8842 8842
1 tkey8847 8847
1 tkey9286 9286
1 tkey8852 8852
1 tkey9291 9291
1 tkey9296 9296
1 tkey9301 9301
1 tkey8857 8857
1 tkey9306 9306
1 tkey9311 9311
1 tkey9316 9316
1 tkey8862 8862
1 tkey9321 9321
1 tkey9326 9326
1 tkey9331 9331
1 tkey9336 9336
1 tkey9341 9341
1 tkey9533 9533
1 tkey9538 9538
1 tkey9543 9543
1 tkey9548 9548
1 tkey9553 9553
1 tkey9558 9558
1 tkey9563 9563
1 tkey9568 9568
1 tkey9573 9573
1 tkey9578 9578
1 tkey9583 9583
1 tkey9588 9588
1 tkey9593 9593
1 tkey9598 9598
1 tkey9603 9603
1 tkey9608 9608
1 tkey9613 9613
1 tkey9618 9618
1 tkey9623 9623
1 tkey8867 8867
1 tkey9628 9628
1 tkey8872 8872
1 tkey9633 9633
1 tkey9155 9155
1 tkey9638 9638
1 tkey9346 9346
1 tkey9643 9643
1 tkey9648 9648
1 tkey9653 9653
1 tkey9658 9658
1 tkey9663 9663
1 tkey9668 9668
1 tkey9673 9673
1 tkey9678 9678
1 tkey9683 9683
1 tkey9688 9688
1 tkey9693 9693
1 tkey9698 9698
1 tkey9703 9703
1 tkey9351 9351
1 tkey9708 9708
1 tkey9356 9356
1 tkey9713 9713
1 tkey9361 9361
1 tkey9718 9718
1 tkey9723 9723
1 tkey9728 9728
1 tkey9733 9733
1 tkey9738 9738
1 tkey9743 9743
1 tkey9748 9748
1 tkey9753 9753
1 tkey9758 9758
1 tkey9763 9763
1 tkey9768 9768
1 tkey9773 9773
1 tkey9778 9778
1 tkey9783 9783
1 tkey9788 9788
1 tkey9793 9793
1 tkey8877 8877
1 tkey9798 9798
1 tkey8882 8882
1 tkey8887 8887
1 tkey9366 9366
1 tkey9160 9160
1 tkey9371 9371
1 tkey8892 8892
1 tkey8897 8897
1 tkey8902 8902
1 tkey8907 8907
1 tkey8912 8912
1 tkey8917 8917
1 tkey8922 8922
1 tkey8927 8927
1 tkey8932 8932
1 tkey9376 9376
1 tkey9165 9165
1 tkey9170 9170
1 tkey9175 9175
1 tkey9180 9180
1 tkey9185 9185
1 tkey9190 9190
1 tkey9195 9195
1 tkey9200 9200
1 tkey9205 9205
1 tkey9210 9210
1 tkey9215 9215
1 tkey9220 9220
1 tkey9225 9225
1 tkey8937 8937
1 tkey9230 9230
1 tkey9235 9235
1 tkey9240 9240
1 tkey9245 9245
1 tkey9250 9250
1 tkey9381 9381
1 tkey9255 9255
1 tkey9260 9260
1 tkey9265 9265
1 tkey9270 9270
1 tkey9803 9803
1 tkey9275 9275
1 tkey9280 9280
1 tkey9285 9285
1 tkey9290 9290
1 tkey9295 9295
1 tkey9300 9300
1 tkey9305 9305
1 tkey9310 9310
1 tkey9315 9315
1 tkey9320 9320
1 tkey9325 9325
1 tkey9808 9808
1 tkey9813 9813
1 tkey9818 9818
1 tkey9823 9823
1 tkey9828 9828
1 tkey9833 9833
1 tkey8942 8942
1 tkey8947 8947
1 tkey8952 8952
1 tkey8957 8957
1 tkey8962 8962
1 tkey9386 9386
1 tkey8967 8967
1 tkey8972 8972
1 tkey8977 8977
1 tkey8982 8982
1 tkey8987 8987
1 tkey8992 8992
1 tkey8997 8997
1 tkey9838 9838
1 tkey9843 9843
1 tkey9848 9848
1 tkey9853 9853
1 tkey9858 9858
1 tkey9863 9863
1 tkey9868 9868
1 tkey9873 9873
1 tkey9330 9330
1 tkey9335 9335
1 tkey9340 9340
1 tkey9345 9345
1 tkey9391 9391
1 tkey9396 9396
1 tkey9401 9401
1 tkey9406 9406
1 tkey9411 9411
1 tkey9416 9416
1 tkey9421 9421
1 tkey9426 9426
1 tkey9878 9878
1 tkey9883 9883
1 tkey9888 9888
1 tkey9893 9893
1 tkey9898 9898
1 tkey9903 9903
1 tkey9908 9908
1 tkey9913 9913
1 tkey9350 9350
1 tkey9355 9355
1 tkey9431 9431
1 tkey9436 9436
1 tkey9441 9441
1 tkey9446 9446
1 tkey9451 9451
1 tkey9456 9456
1 tkey9461 9461
1 tkey9466 9466
1 tkey9471 9471
1 tkey9476 9476
1 tkey9481 9481
1 tkey9360 9360
1 tkey9365 9365
1 tkey9370 9370
1 tkey9002 9002
1 tkey9007 9007
1 tkey9012 9012
1 tkey9017 9017
1 tkey9022 9022
1 tkey9918 9918
1 tkey9923 9923
1 tkey9928 9928
1 tkey9933 9933
1 tkey9938 9938
1 tkey9943 9943
1 tkey9948 9948
1 tkey9027 9027
1 tkey9032 9032
1 tkey9037 9037
1 tkey9042 9042
1 tkey9047 9047
1 tkey9052 9052
1 tkey9057 9057
1 tkey9062 9062
1 tkey9953 9953
1 tkey9486 9486
1 tkey9067 9067
1 tkey9958 9958
1 tkey9963 9963
1 tkey9968 9968
1 tkey9491 9491
1 tkey9496 9496
1 tkey9501 9501
1 tkey9506 9506
1 tkey9072 9072
1 tkey9077 9077
1 tkey9082 9082
1 tkey9087 9087
1 tkey9092 9092
1 tkey9097 9097
1 tkey9102 9102
1 tkey9107 9107
1 tkey9112 9112
1 tkey9117 9117
1 tkey9122 9122
1 tkey9127 9127
1 tkey9132 9132
1 tkey9137 9137
1 tkey9973 9973
1 tkey9978 9978
1 tkey9375 9375
1 tkey9380 9380
1 tkey9385 9385
1 tkey9390 9390
1 tkey9395 9395
1 tkey9400 9400
1 tkey9405 9405
1 tkey9410 9410
1 tkey9415 9415
1 tkey9420 9420
1 tkey9425 9425
1 tkey9983 9983
1 tkey9988 9988
1 tkey9142 9142
1 tkey9147 9147
1 tkey9152 9152
1 tkey9430 9430
1 tkey9435 9435
1 tkey9440 9440
1 tkey9445 9445
1 tkey9450 9450
1 tkey9455 9455
1 tkey9460 9460
1 tkey9465 9465
1 tkey9470 9470
1 tkey9475 9475
1 tkey9480 9480
1 tkey9485 9485
1 tkey9490 9490
1 tkey9495 9495
1 tkey9157 9157
1 tkey9500 9500
1 tkey9162 9162
1 tkey9505 9505
1 tkey9510 9510
1 tkey9515 9515
1 tkey9520 9520
1 tkey9525 9525
1 tkey9530 9530
1 tkey9535 9535
1 tkey9540 9540
1 tkey9545 9545
1 tkey9550 9550
1 tkey9555 9555
1 tkey9560 9560
1 tkey9565 9565
1 tkey9511 9511
1 tkey9570 9570
1 tkey9516 9516
1 tkey9521 9521
1 tkey9526 9526
1 tkey9531 9531
1 tkey9536 9536
1 tkey9541 9541
1 tkey9993 9993
1 tkey9998 9998
1 tkey9546 9546
1 tkey9551 9551
1 tkey9556 9556
1 tkey9561 9561
1 tkey9167 9167
1 tkey9172 9172
1 tkey9177 9177
1 tkey9182 9182
1 tkey9187 9187
1 tkey9192 9192
1 tkey9197 9197
1 tkey9202 9202
1 tkey9207 9207
1 tkey9212 9212
1 tkey9217 9217
1 tkey9222 9222
1 tkey9227 9227
1 tkey9232 9232
1 tkey9237 9237
1 tkey9242 9242
1 tkey9575 9575
1 tkey9247 9247
1 tkey9580 9580
1 tkey9566 9566
1 tkey9585 9585
1 tkey9571 9571
1 tkey9590 9590
1 tkey9595 9595
1 tkey9600 9600
1 tkey9605 9605
1 tkey9610 9610
1 tkey9615 9615
1 tkey9620 9620
1 tkey9625 9625
1 tkey9630 9630
1 tkey9635 9635
1 tkey9640 9640
1 tkey9645 9645
1 tkey9650 9650
1 tkey9655 9655
1 tkey9660 9660
1 tkey9665 9665
1 tkey9576 9576
1 tkey9670 9670
1 tkey9252 9252
1 tkey9257 9257
1 tkey9262 9262
1 tkey9267 9267
1 tkey9581 9581
1 tkey9586 9586
1 tkey9591 9591
1 tkey9596 9596
1 tkey9601 9601
1 tkey9606 9606
1 tkey9611 9611
1 tkey9616 9616
1 tkey9621 9621
1 tkey9626 9626
1 tkey9631 9631
1 tkey9636 9636
1 tkey9641 9641
1 tkey9646 9646
1 tkey9651 9651
1 tkey9656 9656
1 tkey9661 9661
1 tkey9666 9666
1 tkey9671 9671
1 tkey9676 9676
1 tkey9272 9272
1 tkey9277 9277
1 tkey9681 9681
1 tkey9675 9675
1 tkey9680 9680
1 tkey9685 9685
1 tkey9690 9690
1 tkey9695 9695
1 tkey9700 9700
1 tkey9705 9705
1 tkey9710 9710
1 tkey9715 9715
1 tkey9720 9720
1 tkey9725 9725
1 tkey9730 9730
1 tkey9686 9686
1 tkey9691 9691
1 tkey9696 9696
1 tkey9701 9701
1 tkey9706 9706
1 tkey9711 9711
1 tkey9282 9282
1 tkey9716 9716
1 tkey9287 9287
1 tkey9292 9292
1 tkey9297 9297
1 tkey9721 9721
1 tkey9726 9726
1 tkey9731 9731
1 tkey9736 9736
1 tkey9741 9741
1 tkey9746 9746
1 tkey9751 9751
1 tkey9756 9756
1 tkey9761 9761
1 tkey9766 9766
1 tkey9771 9771
1 tkey9776 9776
1 tkey9781 9781
1 tkey9786 9786
1 tkey9791 9791
1 tkey9796 9796
1 tkey9801 9801
1 tkey9806 9806
1 tkey9811 9811
1 tkey9816 9816
1 tkey9821 9821
1 tkey9826 9826
1 tkey9831 9831
1 tkey9836 9836
1 tkey9841 9841
1 tkey9735 9735
1 tkey9740 9740
1 tkey9745 9745
1 tkey9750 9750
1 tkey9755 9755
1 tkey9760 9760
1 tkey9765 9765
1 tkey9770 9770
1 tkey9775 9775
1 tkey9780 9780
1 tkey9785 9785
1 tkey9302 9302
1 tkey9307 9307
1 tkey9312 9312
1 tkey9317 9317
1 tkey9322 9322
1 tkey9327 9327
1 tkey9846 9846
1 tkey9851 9851
1 tkey9856 9856
1 tkey9861 9861
1 tkey9790 9790
1 tkey9866 9866
1 tkey9795 9795
1 tkey9332 9332
1 tkey9337 9337
1 tkey9342 9342
1 tkey9347 9347
1 tkey9352 9352
1 tkey9800 9800
1 tkey9357 9357
1 tkey9362 9362
1 tkey9871 9871
1 tkey9367 9367
1 tkey9876 9876
1 tkey9372 9372
1 tkey9881 9881
1 tkey9886 9886
1 tkey9891 9891
1 tkey9896 9896
1 tkey9901 9901
1 tkey9906 9906
1 tkey9911 9911
1 tkey9916 9916
1 tkey9921 9921
1 tkey9926 9926
1 tkey9931 9931
1 tkey9936 9936
1 tkey9941 9941
1 tkey9946 9946
1 tkey9951 9951
1 tkey9956 9956
1 tkey9961 9961
1 tkey9966 9966
1 tkey9971 9971
1 tkey9805 9805
1 tkey9976 9976
1 tkey9810 9810
1 tkey9981 9981
1 tkey9986 9986
1 tkey9991 9991
1 tkey9377 9377
1 tkey9382 9382
1 tkey9387 9387
1 tkey9392 9392
1 tkey9397 9397
1 tkey9996 9996
1 tkey9815 9815
1 tkey9820 9820
1 tkey9825 9825
1 tkey9830 9830
1 tkey9835 9835
1 tkey9840 9840
1 tkey9845 9845
1 tkey9850 9850
1 tkey9855 9855
1 tkey9860 9860
1 tkey9865 9865
1 tkey9870 9870
1 tkey9875 9875
1 tkey9880 9880
1 tkey9885 9885
1 tkey9890 9890
1 tkey9895 9895
1 tkey9900 9900
1 tkey9905 9905
1 tkey9910 9910
1 tkey9915 9915
1 tkey9920 9920
1 tkey9925 9925
1 tkey9930 9930
1 tkey9935 9935
1 tkey9940 9940
1 tkey9945 9945
1 tkey9950 9950
1 tkey9955 9955
1 tkey9960 9960
1 tkey9965 9965
1 tkey9970 9970
1 tkey9975 9975
1 tkey9980 9980
1 tkey9985 9985
1 tkey9990 9990
1 tkey9995 9995
1 tkey9402 9402
1 tkey9407 9407
1 tkey9412 9412
1 tkey9417 9417
1 tkey9422 9422
1 tkey10000 10000
1 tkey9427 9427
1 tkey9432 9432
1 tkey9437 9437
1 tkey9442 9442
1 tkey9447 9447
1 tkey9452 9452
1 tkey9457 9457
1 tkey9462 9462
1 tkey9467 9467
1 tkey9472 9472
1 tkey9477 9477
1 tkey9482 9482
1 tkey9487 9487
1 tkey9492 9492
1 tkey9497 9497
1 tkey9502 9502
1 tkey9507 9507
1 tkey9512 9512
1 tkey9517 9517
1 tkey9522 9522
1 tkey9527 9527
1 tkey9532 9532
1 tkey9537 9537
1 tkey9542 9542
1 tkey9547 9547
1 tkey9552 9552
1 tkey9557 9557
1 tkey9562 9562
1 tkey9567 9567
1 tkey9572 9572
1 tkey9577 9577
1 tkey9582 9582
1 tkey9587 9587
1 tkey9592 9592
1 tkey9597 9597
1 tkey9602 9602
1 tkey9607 9607
1 tkey9612 9612
1 tkey9617 9617
1 tkey9622 9622
1 tkey9627 9627
1 tkey9632 9632
1 tkey9637 9637
1 tkey9642 9642
1 tkey9647 9647
1 tkey9652 9652
1 tkey9657 9657
1 tkey9662 9662
1 tkey9667 9667
1 tkey9672 9672
1 tkey9677 9677
1 tkey9682 9682
1 tkey9687 9687
1 tkey9692 9692
1 tkey9697 9697
1 tkey9702 9702
1 tkey9707 9707
1 tkey9712 9712
1 tkey9717 9717
1 tkey9722 9722
1 tkey9727 9727
1 tkey9732 9732
1 tkey9737 9737
1 tkey9742 9742
1 tkey9747 9747
1 tkey9752 9752
1 tkey9757 9757
1 tkey9762 9762
1 tkey9767 9767
1 tkey9772 9772
1 tkey9777 9777
1 tkey9782 9782
1 tkey9787 9787
1 tkey9792 9792
1 tkey9797 9797
1 tkey9802 9802
1 tkey9807 9807
1 tkey9812 9812
1 tkey9817 9817
1 tkey9822 9822
1 tkey9827 9827
1 tkey9832 9832
1 tkey9837 9837
1 tkey9842 9842
1 tkey9847 9847
1 tkey9852 9852
1 tkey9857 9857
1 tkey9862 9862
1 tkey9867 9867
1 tkey9872 9872
1 tkey9877 9877
1 tkey9882 9882
1 tkey9887 9887
1 tkey9892 9892
1 tkey9897 9897
1 tkey9902 9902
1 tkey9907 9907
1 tkey9912 9912
1 tkey9917 9917
1 tkey9922 9922
1 tkey9927 9927
1 tkey9932 9932
1 tkey9937 9937
1 tkey9942 9942
1 tkey9947 9947
1 tkey9952 9952
1 tkey9957 9957
1 tkey9962 9962
1 tkey9967 9967
1 tkey9972 9972
1 tkey9977 9977
1 tkey9982 9982
1 tkey9987 9987
1 tkey9992 9992
1 tkey9997 9997
2 tkey1
2 tkey2
2 tkey3
2 tkey4
2 tkey5
2 tkey6
2 tkey7
2 tkey8
2 tkey9
2 tkey10
2 tkey11
2 tkey12
2 tkey13
2 tkey14
2 tkey15
2 tkey16
2 tkey17
2 tkey18
2 tkey19
2 tkey20
2 tkey21
2 tkey22
2 tkey23
2 tkey24
2 tkey25
2 tkey26
2 tkey27
2 tkey28
2 tkey29
2 tkey30
2 tkey31
2 tkey32
2 tkey33
2 tkey34
2 tkey35
2 tkey36
2 tkey37
2 tkey38
2 tkey39
2 tkey40
2 tkey41
2 tkey42
2 tkey43
2 tkey44
2 tkey45
2 tkey46
2 tkey47
2 tkey48
2 tkey49
2 tkey50
2 tkey51
2 tkey52
2 tkey53
2 tkey54
2 tkey55
2 tkey56
2 tkey57
2 tkey58
2 tkey59
2 tkey60
2 tkey61
2 tkey62
2 tkey63
2 tkey64
2 tkey65
2 tkey66
2 tkey67
2 tkey68
2 tkey69
2 tkey70
2 tkey71
2 tkey72
2 tkey73
2 tkey74
2 tkey75
2 tkey76
2 tkey77
2 tkey78
2 tkey79
2 tkey80
2 tkey81
2 tkey82
2 tkey83
2 tkey84
2 tkey85
2 tkey86
2 tkey87
2 tkey88
2 tkey89
2 tkey90
2 tkey91
2 tkey92
2 tkey93
2 tkey94
2 tkey95
2 tkey96
2 tkey97
2 tkey98
2 tkey99
2 tkey100
2 tkey101
2 tkey102
2 tkey103
2 tkey104
2 tkey105
2 tkey106
2 tkey107
2 tkey108
2 tkey109
2 tkey110
2 tkey111
2 tkey112
2 tkey113
2 tkey114
2 tkey115
2 tkey116
2 tkey117
2 tkey118
2 tkey119
2 tkey120
2 tkey121
2 tkey122
2 tkey123
2 tkey124
2 tkey125
2 tkey126
2 tkey127
2 tkey128
2 tkey129
2 tkey130
2 tkey131
2 tkey132
2 tkey133
2 tkey134
2 tkey135
2 tkey136
2 tkey137
2 tkey138
2 tkey139
2 tkey140
2 tkey141
2 tkey142
2 tkey143
2 tkey144
2 tkey145
2 tkey146
2 tkey147
2 tkey148
2 tkey149
2 tkey150
2 tkey151
2 tkey152
2 tkey153
2 tkey154
2 tkey155
2 tkey156
2 tkey157
2 tkey158
2 tkey159
2 tkey160
2 tkey161
2 tkey162
2 tkey163
2 tkey164
2 tkey165
2 tkey166
2 tkey167
2 tkey168
2 tkey169
2 tkey170
2 tkey171
2 tkey172
2 tkey173
2 tkey174
2 tkey175
2 tkey176
2 tkey177
2 tkey178
2 tkey179
2 tkey180
2 tkey181
2 tkey182
2 tkey183
2 tkey184
2 tkey185
2 tkey186
2 tkey187
2 tkey188
2 tkey189
2 tkey190
2 tkey191
2 tkey192
2 tkey193
2 tkey194
2 tkey195
2 tkey196
2 tkey197
2 tkey198
2 tkey199
2 tkey200
2 tkey201
2 tkey202
2 tkey203
2 tkey204
2 tkey205
2 tkey206
2 tkey207
2 tkey208
2 tkey209
2 tkey210
2 tkey211
2 tkey212
2 tkey213
2 tkey214
2 tkey215
2 tkey216
2 tkey217
2 tkey218
2 tkey219
2 tkey220
2 tkey221
2 tkey222
2 tkey223
2 tkey224
2 tkey225
2 tkey226
2 tkey227
2 tkey228
2 tkey229
2 tkey230
2 tkey231
2 tkey232
2 tkey233
2 tkey234
2 tkey235
2 tkey236
2 tkey237
2 tkey238
2 tkey239
2 tkey240
2 tkey241
2 tkey242
2 tkey243
2 tkey244
2 tkey245
2 tkey246
2 tkey247
2 tkey248
2 tkey249
2 tkey250
2 tkey251
2 tkey252
2 tkey253
2 tkey254
2 tkey255
2 tkey256
2 tkey257
2 tkey258
2 tkey259
2 tkey260
2 tkey261
2 tkey262
2 tkey263
2 tkey264
2 tkey265
2 tkey266
2 tkey267
2 tkey268
2 tkey269
2 tkey270
2 tkey271
2 tkey272
2 tkey273
2 tkey274
2 tkey275
2 tkey276
2 tkey277
2 tkey278
2 tkey279
2 tkey280
2 tkey281
2 tkey282
2 tkey283
2 tkey284
2 tkey285
2 tkey286
2 tkey287
2 tkey288
2 tkey289
2 tkey290
2 tkey291
2 tkey292
2 tkey293
2 tkey294
2 tkey295
2 tkey296
2 tkey297
2 tkey298
2 tkey299
2 tkey300
2 tkey301
2 tkey302
2 tkey303
2 tkey304
2 tkey305
2 tkey306
2 tkey307
2 tkey308
2 tkey309
2 tkey310
2 tkey311
2 tkey312
2 tkey313
2 tkey314
2 tkey315
2 tkey316
2 tkey317
2 tkey318
2 tkey319
2 tkey320
2 tkey321
2 tkey322
2 tkey323
2 tkey324
2 tkey325
2 tkey326
2 tkey327
2 tkey328
2 tkey329
2 tkey330
2 tkey331
2 tkey332
2 tkey333
2 tkey334
2 tkey335
2 tkey336
2 tkey337
2 tkey338
2 tkey339
2 tkey340
2 tkey341
2 tkey342
2 tkey343
2 tkey344
2 tkey345
2 tkey346
2 tkey347
2 tkey348
2 tkey349
2 tkey350
2 tkey351
2 tkey352
2 tkey353
2 tkey354
2 tkey355
2 tkey356
2 tkey357
2 tkey358
2 tkey359
2 tkey360
2 tkey361
2 tkey362
2 tkey363
2 tkey364
2 tkey365
2 tkey366
2 tkey367
2 tkey368
2 tkey369
2 tkey370
2 tkey371
2 tkey372
2 tkey373
2 tkey374
2 tkey375
2 tkey376
2 tkey377
2 tkey378
2 tkey379
2 tkey380
2 tkey381
2 tkey382
2 tkey383
2 tkey384
2 tkey385
2 tkey386
2 tkey387
2 tkey388
2 tkey389
2 tkey390
2 tkey391
2 tkey392
2 tkey393
2 tkey394
2 tkey395
2 tkey396
2 tkey397
2 tkey398
2 tkey399
2 tkey400
2 tkey401
2 tkey402
2 tkey403
2 tkey404
2 tkey405
2 tkey406
2 tkey407
2 tkey408
2 tkey409
2 tkey410
2 tkey411
2 tkey412
2 tkey413
2 tkey414
2 tkey415
2 tkey416
2 tkey417
2 tkey418
2 tkey419
2 tkey420
2 tkey421
2 tkey422
2 tkey423
2 tkey424
2 tkey425
2 tkey426
2 tkey427
2 tkey428
2 tkey429
2 tkey430
2 tkey431
2 tkey432
2 tkey433
2 tkey434
2 tkey435
2 tkey436
2 tkey437
2 tkey438
2 tkey439
2 tkey440
2 tkey441
2 tkey442
2 tkey443
2 tkey444
2 tkey445
2 tkey446
2 tkey447
2 tkey448
2 tkey449
2 tkey450
2 tkey451
2 tkey452
2 tkey453
2 tkey454
2 tkey455
2 tkey456
2 tkey457
2 tkey458
2 tkey459
2 tkey460
2 tkey461
2 tkey462
2 tkey463
2 tkey464
2 tkey465
2 tkey466
2 tkey467
2 tkey468
2 tkey469
2 tkey470
2 tkey471
2 tkey472
2 tkey473
2 tkey474
2 tkey475
2 tkey476
2 tkey477
2 tkey478
2 tkey479
2 tkey480
2 tkey481
2 tkey482
2 tkey483
2 tkey484
2 tkey485
2 tkey486
2 tkey487
2 tkey488
2 tkey489
2 tkey490
2 tkey491
2 tkey492
2 tkey493
2 tkey494
2 tkey495
2 tkey496
2 tkey497
2 tkey498
2 tkey499
2 tkey500
2 tkey501
2 tkey502
2 tkey503
2 tkey504
2 tkey505
2 tkey506
2 tkey507
2 tkey508
2 tkey509
2 tkey510
2 tkey511
2 tkey512
2 tkey513
2 tkey514
2 tkey515
2 tkey516
2 tkey517
2 tkey518
2 tkey519
2 tkey520
2 tkey521
2 tkey522
2 tkey523
2 tkey524
2 tkey525
2 tkey526
2 tkey527
2 tkey528
2 tkey529
2 tkey530
2 tkey531
2 tkey532
2 tkey533
2 tkey534
2 tkey535
2 tkey536
2 tkey537
2 tkey538
2 tkey539
2 tkey540
2 tkey541
2 tkey542
2 tkey543
2 tkey544
2 tkey545
2 tkey546
2 tkey547
2 tkey548
2 tkey549
2 tkey550
2 tkey551
2 tkey552
2 tkey553
2 tkey554
2 tkey555
2 tkey556
2 tkey557
2 tkey558
2 tkey559
2 tkey560
2 tkey561
2 tkey562
2 tkey563
2 tkey564
2 tkey565
2 tkey566
2 tkey567
2 tkey568
2 tkey569
2 tkey570
2 tkey571
2 tkey572
2 tkey573
2 tkey574
2 tkey575
2 tkey576
2 tkey577
2 tkey578
2 tkey579
2 tkey580
2 tkey581
2 tkey582
2 tkey583
2 tkey584
2 tkey585
2 tkey586
2 tkey587
2 tkey588
2 tkey589
2 tkey590
2 tkey591
2 tkey592
2 tkey593
2 tkey594
2 tkey595
2 tkey596
2 tkey597
2 tkey598
2 tkey599
2 tkey600
2 tkey601
2 tkey602
2 tkey603
2 tkey604
2 tkey605
2 tkey606
2 tkey607
2 tkey608
2 tkey609
2 tkey610
2 tkey611
2 tkey612
2 tkey613
2 tkey614
2 tkey615
2 tkey616
2 tkey617
2 tkey618
2 tkey619
2 tkey620
2 tkey621
2 tkey622
2 tkey623
2 tkey624
2 tkey625
2 tkey626
2 tkey627
2 tkey628
2 tkey629
2 tkey630
2 tkey631
2 tkey632
2 tkey633
2 tkey634
2 tkey635
2 tkey636
2 tkey637
2 tkey638
2 tkey639
2 tkey640
2 tkey641
2 tkey642
2 tkey643
2 tkey644
2 tkey645
2 tkey646
2 tkey647
2 tkey648
2 tkey649
2 tkey650
2 tkey651
2 tkey652
2 tkey653
2 tkey654
2 tkey655
2 tkey656
2 tkey657
2 tkey658
2 tkey659
2 tkey660
2 tkey661
2 tkey662
2 tkey663
2 tkey664
2 tkey665
2 tkey666
2 tkey667
2 tkey668
2 tkey669
2 tkey670
2 tkey671
2 tkey672
2 tkey673
2 tkey674
2 tkey675
2 tkey676
2 tkey677
2 tkey678
2 tkey679
2 tkey680
2 tkey681
2 tkey682
2 tkey683
2 tkey684
2 tkey685
2 tkey686
2 tkey687
2 tkey688
2 tkey689
2 tkey690
2 tkey691
2 tkey692
2 tkey693
2 tkey694
2 tkey695
2 tkey696
2 tkey697
2 tkey698
2 tkey699
2 tkey700
2 tkey701
2 tkey702
2 tkey703
2 tkey704
2 tkey705
2 tkey706
2 tkey707
2 tkey708
2 tkey709
2 tkey710
2 tkey711
2 tkey712
2 tkey713
2 tkey714
2 tkey715
2 tkey716
2 tkey717
2 tkey718
2 tkey719
2 tkey720
2 tkey721
2 tkey722
2 tkey723
2 tkey724
2 tkey725
2 tkey726
2 tkey727
2 tkey728
2 tkey729
2 tkey730
2 tkey731
2 tkey732
2 tkey733
2 tkey734
2 tkey735
2 tkey736
2 tkey737
2 tkey738
2 tkey739
2 tkey740
2 tkey741
2 tkey742
2 tkey743
2 tkey744
2 tkey745
2 tkey746
2 tkey747
2 tkey748
2 tkey749
2 tkey750
2 tkey751
2 tkey752
2 tkey753
2 tkey754
2 tkey755
2 tkey756
2 tkey757
2 tkey758
2 tkey759
2 tkey760
2 tkey761
2 tkey762
2 tkey763
2 tkey764
2 tkey765
2 tkey766
2 tkey767
2 tkey768
2 tkey769
2 tkey770
2 tkey771
2 tkey772
2 tkey773
2 tkey774
2 tkey775
2 tkey776
2 tkey777
2 tkey778
2 tkey779
2 tkey780
2 tkey781
2 tkey782
2 tkey783
2 tkey784
2 tkey785
2 tkey786
2 tkey787
2 tkey788
2 tkey789
2 tkey790
2 tkey791
2 tkey792
2 tkey793
2 tkey794
2 tkey795
2 tkey796
2 tkey797
2 tkey798
2 tkey799
2 tkey800
2 tkey801
2 tkey802
2 tkey803
2 tkey804
2 tkey805
2 tkey806
2 tkey807
2 tkey808
2 tkey809
2 tkey810
2 tkey811
2 tkey812
2 tkey813
2 tkey814
2 tkey815
2 tkey816
2 tkey817
2 tkey818
2 tkey819
2 tkey820
2 tkey821
2 tkey822
2 tkey823
2 tkey824
2 tkey825
2 tkey826
2 tkey827
2 tkey828
2 tkey829
2 tkey830
2 tkey831
2 tkey832
2 tkey833
2 tkey834
2 tkey835
2 tkey836
2 tkey837
2 tkey838
2 tkey839
2 tkey840
2 tkey841
2 tkey842
2 tkey843
2 tkey844
2 tkey845
2 tkey846
2 tkey847
2 tkey848
2 tkey849
2 tkey850
2 tkey851
2 tkey852
2 tkey853
2 tkey854
2 tkey855
2 tkey856
2 tkey857
2 tkey858
2 tkey859
2 tkey860
2 tkey861
2 tkey862
2 tkey863
2 tkey864
2 tkey865
2 tkey866
2 tkey867
2 tkey868
2 tkey869
2 tkey870
2 tkey871
2 tkey872
2 tkey873
2 tkey874
2 tkey875
2 tkey876
2 tkey877
2 tkey878
2 tkey879
2 tkey880
2 tkey881
2 tkey882
2 tkey883
2 tkey884
2 tkey885
2 tkey886
2 tkey887
2 tkey888
2 tkey889
2 tkey890
2 tkey891
2 tkey892
2 tkey893
2 tkey894
2 tkey895
2 tkey896
2 tkey897
2 tkey898
2 tkey899
2 tkey900
2 tkey901
2 tkey902
2 tkey903
2 tkey904
2 tkey905
2 tkey906
2 tkey907
2 tkey908
2 tkey909
2 tkey910
2 tkey911
2 tkey912
2 tkey913
2 tkey914
2 tkey915
2 tkey916
2 tkey917
2 tkey918
2 tkey919
2 tkey920
2 tkey921
2 tkey922
2 tkey923
2 tkey924
2 tkey925
2 tkey926
2 tkey927
2 tkey928
2 tkey929
2 tkey930
2 tkey931
2 tkey932
2 tkey933
2 tkey934
2 tkey935
2 tkey936
2 tkey937
2 tkey938
2 tkey939
2 tkey940
2 tkey941
2 tkey942
2 tkey943
2 tkey944
2 tkey945
2 tkey946
2 tkey947
2 tkey948
2 tkey949
2 tkey950
2 tkey951
2 tkey952
2 tkey953
2 tkey954
2 tkey955
2 tkey956
2 tkey957
2 tkey958
2 tkey959
2 tkey960
2 tkey961
2 tkey962
2 tkey963
2 tkey964
2 tkey965
2 tkey966
2 tkey967
2 tkey968
2 tkey969
2 tkey970
2 tkey971
2 tkey972
2 tkey973
2 tkey974
2 tkey975
2 tkey976
2 tkey977
2 tkey978
2 tkey979
2 tkey980
2 tkey981
2 tkey982
2 tkey983
2 tkey984
2 tkey985
2 tkey986
2 tkey987
2 tkey988
2 tkey989
2 tkey990
2 tkey991
2 tkey992
2 tkey993
2 tkey994
2 tkey995
2 tkey996
2 tkey997
2 tkey998
2 tkey999
2 tkey1000
2 tkey1001
2 tkey1002
2 tkey1003
2 tkey1004
2 tkey1005
2 tkey1006
2 tkey1007
2 tkey1008
2 tkey1009
2 tkey1010
2 tkey1011
2 tkey1012
2 tkey1013
2 tkey1014
2 tkey1015
2 tkey1016
2 tkey1017
2 tkey1018
2 tkey1019
2 tkey1020
2 tkey1021
2 tkey1022
2 tkey1023
2 tkey1024
2 tkey1025
2 tkey1026
2 tkey1027
2 tkey1028
2 tkey1029
2 tkey1030
2 tkey1031
2 tkey1032
2 tkey1033
2 tkey1034
2 tkey1035
2 tkey1036
2 tkey1037
2 tkey1038
2 tkey1039
2 tkey1040
2 tkey1041
2 tkey1042
2 tkey1043
2 tkey1044
2 tkey1045
2 tkey1046
2 tkey1047
2 tkey1048
2 tkey1049
2 tkey1050
2 tkey1051
2 tkey1052
2 tkey1053
2 tkey1054
2 tkey1055
2 tkey1056
2 tkey1057
2 tkey1058
2 tkey1059
2 tkey1060
2 tkey1061
2 tkey1062
2 tkey1063
2 tkey1064
2 tkey1065
2 tkey1066
2 tkey1067
2 tkey1068
2 tkey1069
2 tkey1070
2 tkey1071
2 tkey1072
2 tkey1073
2 tkey1074
2 tkey1075
2 tkey1076
2 tkey1077
2 tkey1078
2 tkey1079
2 tkey1080
2 tkey1081
2 tkey1082
2 tkey1083
2 tkey1084
2 tkey1085
2 tkey1086
2 tkey1087
2 tkey1088
2 tkey1089
2 tkey1090
2 tkey1091
2 tkey1092
2 tkey1093
2 tkey1094
2 tkey1095
2 tkey1096
2 tkey1097
2 tkey1098
2 tkey1099
2 tkey1100
2 tkey1101
2 tkey1102
2 tkey1103
2 tkey1104
2 tkey1105
2 tkey1106
2 tkey1107
2 tkey1108
2 tkey1109
2 tkey1110
2 tkey1111
2 tkey1112
2 tkey1113
2 tkey1114
2 tkey1115
2 tkey1116
2 tkey1117
2 tkey1118
2 tkey1119
2 tkey1120
2 tkey1121
2 tkey1122
2 tkey1123
2 tkey1124
2 tkey1125
2 tkey1126
2 tkey1127
2 tkey1128
2 tkey1129
2 tkey1130
2 tkey1131
2 tkey1132
2 tkey1133
2 tkey1134
2 tkey1135
2 tkey1136
2 tkey1137
2 tkey1138
2 tkey1139
2 tkey1140
2 tkey1141
2 tkey1142
2 tkey1143
2 tkey1144
2 tkey1145
2 tkey1146
2 tkey1147
2 tkey1148
2 tkey1149
2 tkey1150
2 tkey1151
2 tkey1152
2 tkey1153
2 tkey1154
2 tkey1155
2 tkey1156
2 tkey1157
2 tkey1158
2 tkey1159
2 tkey1160
2 tkey1161
2 tkey1162
2 tkey1163
2 tkey1164
2 tkey1165
2 tkey1166
2 tkey1167
2 tkey1168
2 tkey1169
2 tkey1170
2 tkey1171
2 tkey1172
2 tkey1173
2 tkey1174
2 tkey1175
2 tkey1176
2 tkey1177
2 tkey1178
2 tkey1179
2 tkey1180
2 tkey1181
2 tkey1182
2 tkey1183
2 tkey1184
2 tkey1185
2 tkey1186
2 tkey1187
2 tkey1188
2 tkey1189
2 tkey1190
2 tkey1191
2 tkey1192
2 tkey1193
2 tkey1194
2 tkey1195
2 tkey1196
2 tkey1197
2 tkey1198
2 tkey1199
2 tkey1200
2 tkey1201
2 tkey1202
2 tkey1203
2 tkey1204
2 tkey1205
2 tkey1206
2 tkey1207
2 tkey1208
2 tkey1209
2 tkey1210
2 tkey1211
2 tkey1212
2 tkey1213
2 tkey1214
2 tkey1215
2 tkey1216
2 tkey1217
2 tkey1218
2 tkey1219
2 tkey1220
2 tkey1221
2 tkey1222
2 tkey1223
2 tkey1224
2 tkey1225
2 tkey1226
2 tkey1227
2 tkey1228
2 tkey1229
2 tkey1230
2 tkey1231
2 tkey1232
2 tkey1233
2 tkey1234
2 tkey1235
2 tkey1236
2 tkey1237
2 tkey1238
2 tkey1239
2 tkey1240
2 tkey1241
2 tkey1242
2 tkey1243
2 tkey1244
2 tkey1245
2 tkey1246
2 tkey1247
2 tkey1248
2 tkey1249
2 tkey1250
2 tkey1251
2 tkey1252
2 tkey1253
2 tkey1254
2 tkey1255
2 tkey1256
2 tkey1257
2 tkey1258
2 tkey1259
2 tkey1260
2 tkey1261
2 tkey1262
2 tkey1263
2 tkey1264
2 tkey1265
2 tkey1266
2 tkey1267
2 tkey1268
2 tkey1269
2 tkey1270
2 tkey1271
2 tkey1272
2 tkey1273
2 tkey1274
2 tkey1275
2 tkey1276
2 tkey1277
2 tkey1278
2 tkey1279
2 tkey1280
2 tkey1281
2 tkey1282
2 tkey1283
2 tkey1284
2 tkey1285
2 tkey1286
2 tkey1287
2 tkey1288
2 tkey1289
2 tkey1290
2 tkey1291
2 tkey1292
2 tkey1293
2 tkey1294
2 tkey1295
2 tkey1296
2 tkey1297
2 tkey1298
2 tkey1299
2 tkey1300
2 tkey1301
2 tkey1302
2 tkey1303
2 tkey1304
2 tkey1305
2 tkey1306
2 tkey1307
2 tkey1308
2 tkey1309
2 tkey1310
2 tkey1311
2 tkey1312
2 tkey1313
2 tkey1314
2 tkey1315
2 tkey1316
2 tkey1317
2 tkey1318
2 tkey1319
2 tkey1320
2 tkey1321
2 tkey1322
2 tkey1323
2 tkey1324
2 tkey1325
2 tkey1326
2 tkey1327
2 tkey1328
2 tkey1329
2 tkey1330
2 tkey1331
2 tkey1332
2 tkey1333
2 tkey1334
2 tkey1335
2 tkey1336
2 tkey1337
2 tkey1338
2 tkey1339
2 tkey1340
2 tkey1341
2 tkey1342
2 tkey1343
2 tkey1344
2 tkey1345
2 tkey1346
2 tkey1347
2 tkey1348
2 tkey1349
2 tkey1350
2 tkey1351
2 tkey1352
2 tkey1353
2 tkey1354
2 tkey1355
2 tkey1356
2 tkey1357
2 tkey1358
2 tkey1359
2 tkey1360
2 tkey1361
2 tkey1362
2 tkey1363
2 tkey1364
2 tkey1365
2 tkey1366
2 tkey1367
2 tkey1368
2 tkey1369
2 tkey1370
2 tkey1371
2 tkey1372
2 tkey1373
2 tkey1374
2 tkey1375
2 tkey1376
2 tkey1377
2 tkey1378
2 tkey1379
2 tkey1380
2 tkey1381
2 tkey1382
2 tkey1383
2 tkey1384
2 tkey1385
2 tkey1386
2 tkey1387
2 tkey1388
2 tkey1389
2 tkey1390
2 tkey1391
2 tkey1392
2 tkey1393
2 tkey1394
2 tkey1395
2 tkey1396
2 tkey1397
2 tkey1398
2 tkey1399
2 tkey1400
2 tkey1401
2 tkey1402
2 tkey1403
2 tkey1404
2 tkey1405
2 tkey1406
2 tkey1407
2 tkey1408
2 tkey1409
2 tkey1410
2 tkey1411
2 tkey1412
2 tkey1413
2 tkey1414
2 tkey1415
2 tkey1416
2 tkey1417
2 tkey1418
2 tkey1419
2 tkey1420
2 tkey1421
2 tkey1422
2 tkey1423
2 tkey1424
2 tkey1425
2 tkey1426
2 tkey1427
2 tkey1428
2 tkey1429
2 tkey1430
2 tkey1431
2 tkey1432
2 tkey1433
2 tkey1434
2 tkey1435
2 tkey1436
2 tkey1437
2 tkey1438
2 tkey1439
2 tkey1440
2 tkey1441
2 tkey1442
2 tkey1443
2 tkey1444
2 tkey1445
2 tkey1446
2 tkey1447
2 tkey1448
2 tkey1449
2 tkey1450
2 tkey1451
2 tkey1452
2 tkey1453
2 tkey1454
2 tkey1455
2 tkey1456
2 tkey1457
2 tkey1458
2 tkey1459
2 tkey1460
2 tkey1461
2 tkey1462
2 tkey1463
2 tkey1464
2 tkey1465
2 tkey1466
2 tkey1467
2 tkey1468
2 tkey1469
2 tkey1470
2 tkey1471
2 tkey1472
2 tkey1473
2 tkey1474
2 tkey1475
2 tkey1476
2 tkey1477
2 tkey1478
2 tkey1479
2 tkey1480
2 tkey1481
2 tkey1482
2 tkey1483
2 tkey1484
2 tkey1485
2 tkey1486
2 tkey1487
2 tkey1488
2 tkey1489
2 tkey1490
2 tkey1491
2 tkey1492
2 tkey1493
2 tkey1494
2 tkey1495
2 tkey1496
2 tkey1497
2 tkey1498
2 tkey1499
2 tkey1500
2 tkey1501
2 tkey1502
2 tkey1503
2 tkey1504
2 tkey1505
2 tkey1506
2 tkey1507
2 tkey1508
2 tkey1509
2 tkey1510
2 tkey1511
2 tkey1512
2 tkey1513
2 tkey1514
2 tkey1515
2 tkey1516
2 tkey1517
2 tkey1518
2 tkey1519
2 tkey1520
2 tkey1521
2 tkey1522
2 tkey1523
2 tkey1524
2 tkey1525
2 tkey1526
2 tkey1527
2 tkey1528
2 tkey1529
2 tkey1530
2 tkey1531
2 tkey1532
2 tkey1533
2 tkey1534
2 tkey1535
2 tkey1536
2 tkey1537
2 tkey1538
2 tkey1539
2 tkey1540
2 tkey1541
2 tkey1542
2 tkey1543
2 tkey1544
2 tkey1545
2 tkey1546
2 tkey1547
2 tkey1548
2 tkey1549
2 tkey1550
2 tkey1551
2 tkey1552
2 tkey1553
2 tkey1554
2 tkey1555
2 tkey1556
2 tkey1557
2 tkey1558
2 tkey1559
2 tkey1560
2 tkey1561
2 tkey1562
2 tkey1563
2 tkey1564
2 tkey1565
2 tkey1566
2 tkey1567
2 tkey1568
2 tkey1569
2 tkey1570
2 tkey1571
2 tkey1572
2 tkey1573
2 tkey1574
2 tkey1575
2 tkey1576
2 tkey1577
2 tkey1578
2 tkey1579
2 tkey1580
2 tkey1581
2 tkey1582
2 tkey1583
2 tkey1584
2 tkey1585
2 tkey1586
2 tkey1587
2 tkey1588
2 tkey1589
2 tkey1590
2 tkey1591
2 tkey1592
2 tkey1593
2 tkey1594
2 tkey1595
2 tkey1596
2 tkey1597
2 tkey1598
2 tkey1599
2 tkey1600
2 tkey1601
2 tkey1602
2 tkey1603
2 tkey1604
2 tkey1605
2 tkey1606
2 tkey1607
2 tkey1608
2 tkey1609
2 tkey1610
2 tkey1611
2 tkey1612
2 tkey1613
2 tkey1614
2 tkey1615
2 tkey1616
2 tkey1617
2 tkey1618
2 tkey1619
2 tkey1620
2 tkey1621
2 tkey1622
2 tkey1623
2 tkey1624
2 tkey1625
2 tkey1626
2 tkey1627
2 tkey1628
2 tkey1629
2 tkey1630
2 tkey1631
2 tkey1632
2 tkey1633
2 tkey1634
2 tkey1635
2 tkey1636
2 tkey1637
2 tkey1638
2 tkey1639
2 tkey1640
2 tkey1641
2 tkey1642
2 tkey1643
2 tkey1644
2 tkey1645
2 tkey1646
2 tkey1647
2 tkey1648
2 tkey1649
2 tkey1650
2 tkey1651
2 tkey1652
2 tkey1653
2 tkey1654
2 tkey1655
2 tkey1656
2 tkey1657
2 tkey1658
2 tkey1659
2 tkey1660
2 tkey1661
2 tkey1662
2 tkey1663
2 tkey1664
2 tkey1665
2 tkey1666
2 tkey1667
2 tkey1668
2 tkey1669
2 tkey1670
2 tkey1671
2 tkey1672
2 tkey1673
2 tkey1674
2 tkey1675
2 tkey1676
2 tkey1677
2 tkey1678
2 tkey1679
2 tkey1680
2 tkey1681
2 tkey1682
2 tkey1683
2 tkey1684
2 tkey1685
2 tkey1686
2 tkey1687
2 tkey1688
2 tkey1689
2 tkey1690
2 tkey1691
2 tkey1692
2 tkey1693
2 tkey1694
2 tkey1695
2 tkey1696
2 tkey1697
2 tkey1698
2 tkey1699
2 tkey1700
2 tkey1701
2 tkey1702
2 tkey1703
2 tkey1704
2 tkey1705
2 tkey1706
2 tkey1707
2 tkey1708
2 tkey1709
2 tkey1710
2 tkey1711
2 tkey1712
2 tkey1713
2 tkey1714
2 tkey1715
2 tkey1716
2 tkey1717
2 tkey1718
2 tkey1719
2 tkey1720
2 tkey1721
2 tkey1722
2 tkey1723
2 tkey1724
2 tkey1725
2 tkey1726
2 tkey1727
2 tkey1728
2 tkey1729
2 tkey1730
2 tkey1731
2 tkey1732
2 tkey1733
2 tkey1734
2 tkey1735
2 tkey1736
2 tkey1737
2 tkey1738
2 tkey1739
2 tkey1740
2 tkey1741
2 tkey1742
2 tkey1743
2 tkey1744
2 tkey1745
2 tkey1746
2 tkey1747
2 tkey1748
2 tkey1749
2 tkey1750
2 tkey1751
2 tkey1752
2 tkey1753
2 tkey1754
2 tkey1755
2 tkey1756
2 tkey1757
2 tkey1758
2 tkey1759
2 tkey1760
2 tkey1761
2 tkey1762
2 tkey1763
2 tkey1764
2 tkey1765
2 tkey1766
2 tkey1767
2 tkey1768
2 tkey1769
2 tkey1770
2 tkey1771
2 tkey1772
2 tkey1773
2 tkey1774
2 tkey1775
2 tkey1776
2 tkey1777
2 tkey1778
2 tkey1779
2 tkey1780
2 tkey1781
2 tkey1782
2 tkey1783
2 tkey1784
2 tkey1785
2 tkey1786
2 tkey1787
2 tkey1788
2 tkey1789
2 tkey1790
2 tkey1791
2 tkey1792
2 tkey1793
2 tkey1794
2 tkey1795
2 tkey1796
2 tkey1797
2 tkey1798
2 tkey1799
2 tkey1800
2 tkey1801
2 tkey1802
2 tkey1803
2 tkey1804
2 tkey1805
2 tkey1806
2 tkey1807
2 tkey1808
2 tkey1809
2 tkey1810
2 tkey1811
2 tkey1812
2 tkey1813
2 tkey1814
2 tkey1815
2 tkey1816
2 tkey1817
2 tkey1818
2 tkey1819
2 tkey1820
2 tkey1821
2 tkey1822
2 tkey1823
2 tkey1824
2 tkey1825
2 tkey1826
2 tkey1827
2 tkey1828
2 tkey1829
2 tkey1830
2 tkey1831
2 tkey1832
2 tkey1833
2 tkey1834
2 tkey1835
2 tkey1836
2 tkey1837
2 tkey1838
2 tkey1839
2 tkey1840
2 tkey1841
2 tkey1842
2 tkey1843
2 tkey1844
2 tkey1845
2 tkey1846
2 tkey1847
2 tkey1848
2 tkey1849
2 tkey1850
2 tkey1851
2 tkey1852
2 tkey1853
2 tkey1854
2 tkey1855
2 tkey1856
2 tkey1857
2 tkey1858
2 tkey1859
2 tkey1860
2 tkey1861
2 tkey1862
2 tkey1863
2 tkey1864
2 tkey1865
2 tkey1866
2 tkey1867
2 tkey1868
2 tkey1869
2 tkey1870
2 tkey1871
2 tkey1872
2 tkey1873
2 tkey1874
2 tkey1875
2 tkey1876
2 tkey1877
2 tkey1878
2 tkey1879
2 tkey1880
2 tkey1881
2 tkey1882
2 tkey1883
2 tkey1884
2 tkey1885
2 tkey1886
2 tkey1887
2 tkey1888
2 tkey1889
2 tkey1890
2 tkey1891
2 tkey1892
2 tkey1893
2 tkey1894
2 tkey1895
2 tkey1896
2 tkey1897
2 tkey1898
2 tkey1899
2 tkey1900
2 tkey1901
2 tkey1902
2 tkey1903
2 tkey1904
2 tkey1905
2 tkey1906
2 tkey1907
2 tkey1908
2 tkey1909
2 tkey1910
2 tkey1911
2 tkey1912
2 tkey1913
2 tkey1914
2 tkey1915
2 tkey1916
2 tkey1917
2 tkey1918
2 tkey1919
2 tkey1920
2 tkey1921
2 tkey1922
2 tkey1923
2 tkey1924
2 tkey1925
2 tkey1926
2 tkey1927
2 tkey1928
2 tkey1929
2 tkey1930
2 tkey1931
2 tkey1932
2 tkey1933
2 tkey1934
2 tkey1935
2 tkey1936
2 tkey1937
2 tkey1938
2 tkey1939
2 tkey1940
2 tkey1941
2 tkey1942
2 tkey1943
2 tkey1944
2 tkey1945
2 tkey1946
2 tkey1947
2 tkey1948
2 tkey1949
2 tkey1950
2 tkey1951
2 tkey1952
2 tkey1953
2 tkey1954
2 tkey1955
2 tkey1956
2 tkey1957
2 tkey1958
2 tkey1959
2 tkey1960
2 tkey1961
2 tkey1962
2 tkey1963
2 tkey1964
2 tkey1965
2 tkey1966
2 tkey1967
2 tkey1968
2 tkey1969
2 tkey1970
2 tkey1971
2 tkey1972
2 tkey1973
2 tkey1974
2 tkey1975
2 tkey1976
2 tkey1977
2 tkey1978
2 tkey1979
2 tkey1980
2 tkey1981
2 tkey1982
2 tkey1983
2 tkey1984
2 tkey1985
2 tkey1986
2 tkey1987
2 tkey1988
2 tkey1989
2 tkey1990
2 tkey1991
2 tkey1992
2 tkey1993
2 tkey1994
2 tkey1995
2 tkey1996
2 tkey1997
2 tkey1998
2 tkey1999
2 tkey2000
2 tkey2001
2 tkey2002
2 tkey2003
2 tkey2004
2 tkey2005
2 tkey2006
2 tkey2007
2 tkey2008
2 tkey2009
2 tkey2010
2 tkey2011
2 tkey2012
2 tkey2013
2 tkey2014
2 tkey2015
2 tkey2016
2 tkey2017
2 tkey2018
2 tkey2019
2 tkey2020
2 tkey2021
2 tkey2022
2 tkey2023
2 tkey2024
2 tkey2025
2 tkey2026
2 tkey2027
2 tkey2028
2 tkey2029
2 tkey2030
2 tkey2031
2 tkey2032
2 tkey2033
2 tkey2034
2 tkey2035
2 tkey2036
2 tkey2037
2 tkey2038
2 tkey2039
2 tkey2040
2 tkey2041
2 tkey2042
2 tkey2043
2 tkey2044
2 tkey2045
2 tkey2046
2 tkey2047
2 tkey2048
2 tkey2049
2 tkey2050
2 tkey2051
2 tkey2052
2 tkey2053
2 tkey2054
2 tkey2055
2 tkey2056
2 tkey2057
2 tkey2058
2 tkey2059
2 tkey2060
2 tkey2061
2 tkey2062
2 tkey2063
2 tkey2064
2 tkey2065
2 tkey2066
2 tkey2067
2 tkey2068
2 tkey2069
2 tkey2070
2 tkey2071
2 tkey2072
2 tkey2073
2 tkey2074
2 tkey2075
2 tkey2076
2 tkey2077
2 tkey2078
2 tkey2079
2 tkey2080
2 tkey2081
2 tkey2082
2 tkey2083
2 tkey2084
2 tkey2085
2 tkey2086
2 tkey2087
2 tkey2088
2 tkey2089
2 tkey2090
2 tkey2091
2 tkey2092
2 tkey2093
2 tkey2094
2 tkey2095
2 tkey2096
2 tkey2097
2 tkey2098
2 tkey2099
2 tkey2100
2 tkey2101
2 tkey2102
2 tkey2103
2 tkey2104
2 tkey2105
2 tkey2106
2 tkey2107
2 tkey2108
2 tkey2109
2 tkey2110
2 tkey2111
2 tkey2112
2 tkey2113
2 tkey2114
2 tkey2115
2 tkey2116
2 tkey2117
2 tkey2118
2 tkey2119
2 tkey2120
2 tkey2121
2 tkey2122
2 tkey2123
2 tkey2124
2 tkey2125
2 tkey2126
2 tkey2127
2 tkey2128
2 tkey2129
2 tkey2130
2 tkey2131
2 tkey2132
2 tkey2133
2 tkey2134
2 tkey2135
2 tkey2136
2 tkey2137
2 tkey2138
2 tkey2139
2 tkey2140
2 tkey2141
2 tkey2142
2 tkey2143
2 tkey2144
2 tkey2145
2 tkey2146
2 tkey2147
2 tkey2148
2 tkey2149
2 tkey2150
2 tkey2151
2 tkey2152
2 tkey2153
2 tkey2154
2 tkey2155
2 tkey2156
2 tkey2157
2 tkey2158
2 tkey2159
2 tkey2160
2 tkey2161
2 tkey2162
2 tkey2163
2 tkey2164
2 tkey2165
2 tkey2166
2 tkey2167
2 tkey2168
2 tkey2169
2 tkey2170
2 tkey2171
2 tkey2172
2 tkey2173
2 tkey2174
2 tkey2175
2 tkey2176
2 tkey2177
2 tkey2178
2 tkey2179
2 tkey2180
2 tkey2181
2 tkey2182
2 tkey2183
2 tkey2184
2 tkey2185
2 tkey2186
2 tkey2187
2 tkey2188
2 tkey2189
2 tkey2190
2 tkey2191
2 tkey2192
2 tkey2193
2 tkey2194
2 tkey2195
2 tkey2196
2 tkey2197
2 tkey2198
2 tkey2199
2 tkey2200
2 tkey2201
2 tkey2202
2 tkey2203
2 tkey2204
2 tkey2205
2 tkey2206
2 tkey2207
2 tkey2208
2 tkey2209
2 tkey2210
2 tkey2211
2 tkey2212
2 tkey2213
2 tkey2214
2 tkey2215
2 tkey2216
2 tkey2217
2 tkey2218
2 tkey2219
2 tkey2220
2 tkey2221
2 tkey2222
2 tkey2223
2 tkey2224
2 tkey2225
2 tkey2226
2 tkey2227
2 tkey2228
2 tkey2229
2 tkey2230
2 tkey2231
2 tkey2232
2 tkey2233
2 tkey2234
2 tkey2235
2 tkey2236
2 tkey2237
2 tkey2238
2 tkey2239
2 tkey2240
2 tkey2241
2 tkey2242
2 tkey2243
2 tkey2244
2 tkey2245
2 tkey2246
2 tkey2247
2 tkey2248
2 tkey2249
2 tkey2250
2 tkey2251
2 tkey2252
2 tkey2253
2 tkey2254
2 tkey2255
2 tkey2256
2 tkey2257
2 tkey2258
2 tkey2259
2 tkey2260
2 tkey2261
2 tkey2262
2 tkey2263
2 tkey2264
2 tkey2265
2 tkey2266
2 tkey2267
2 tkey2268
2 tkey2269
2 tkey2270
2 tkey2271
2 tkey2272
2 tkey2273
2 tkey2274
2 tkey2275
2 tkey2276
2 tkey2277
2 tkey2278
2 tkey2279
2 tkey2280
2 tkey2281
2 tkey2282
2 tkey2283
2 tkey2284
2 tkey2285
2 tkey2286
2 tkey2287
2 tkey2288
2 tkey2289
2 tkey2290
2 tkey2291
2 tkey2292
2 tkey2293
2 tkey2294
2 tkey2295
2 tkey2296
2 tkey2297
2 tkey2298
2 tkey2299
2 tkey2300
2 tkey2301
2 tkey2302
2 tkey2303
2 tkey2304
2 tkey2305
2 tkey2306
2 tkey2307
2 tkey2308
2 tkey2309
2 tkey2310
2 tkey2311
2 tkey2312
2 tkey2313
2 tkey2314
2 tkey2315
2 tkey2316
2 tkey2317
2 tkey2318
2 tkey2319
2 tkey2320
2 tkey2321
2 tkey2322
2 tkey2323
2 tkey2324
2 tkey2325
2 tkey2326
2 tkey2327
2 tkey2328
2 tkey2329
2 tkey2330
2 tkey2331
2 tkey2332
2 tkey2333
2 tkey2334
2 tkey2335
2 tkey2336
2 tkey2337
2 tkey2338
2 tkey2339
2 tkey2340
2 tkey2341
2 tkey2342
2 tkey2343
2 tkey2344
2 tkey2345
2 tkey2346
2 tkey2347
2 tkey2348
2 tkey2349
2 tkey2350
2 tkey2351
2 tkey2352
2 tkey2353
2 tkey2354
2 tkey2355
2 tkey2356
2 tkey2357
2 tkey2358
2 tkey2359
2 tkey2360
2 tkey2361
2 tkey2362
2 tkey2363
2 tkey2364
2 tkey2365
2 tkey2366
2 tkey2367
2 tkey2368
2 tkey2369
2 tkey2370
2 tkey2371
2 tkey2372
2 tkey2373
2 tkey2374
2 tkey2375
2 tkey2376
2 tkey2377
2 tkey2378
2 tkey2379
2 tkey2380
2 tkey2381
2 tkey2382
2 tkey2383
2 tkey2384
2 tkey2385
2 tkey2386
2 tkey2387
2 tkey2388
2 tkey2389
2 tkey2390
2 tkey2391
2 tkey2392
2 tkey2393
2 tkey2394
2 tkey2395
2 tkey2396
2 tkey2397
2 tkey2398
2 tkey2399
2 tkey2400
2 tkey2401
2 tkey2402
2 tkey2403
2 tkey2404
2 tkey2405
2 tkey2406
2 tkey2407
2 tkey2408
2 tkey2409
2 tkey2410
2 tkey2411
2 tkey2412
2 tkey2413
2 tkey2414
2 tkey2415
2 tkey2416
2 tkey2417
2 tkey2418
2 tkey2419
2 tkey2420
2 tkey2421
2 tkey2422
2 tkey2423
2 tkey2424
2 tkey2425
2 tkey2426
2 tkey2427
2 tkey2428
2 tkey2429
2 tkey2430
2 tkey2431
2 tkey2432
2 tkey2433
2 tkey2434
2 tkey2435
2 tkey2436
2 tkey2437
2 tkey2438
2 tkey2439
2 tkey2440
2 tkey2441
2 tkey2442
2 tkey2443
2 tkey2444
2 tkey2445
2 tkey2446
2 tkey2447
2 tkey2448
2 tkey2449
2 tkey2450
2 tkey2451
2 tkey2452
2 tkey2453
2 tkey2454
2 tkey2455
2 tkey2456
2 tkey2457
2 tkey2458
2 tkey2459
2 tkey2460
2 tkey2461
2 tkey2462
2 tkey2463
2 tkey2464
2 tkey2465
2 tkey2466
2 tkey2467
2 tkey2468
2 tkey2469
2 tkey2470
2 tkey2471
2 tkey2472
2 tkey2473
2 tkey2474
2 tkey2475
2 tkey2476
2 tkey2477
2 tkey2478
2 tkey2479
2 tkey2480
2 tkey2481
2 tkey2482
2 tkey2483
2 tkey2484
2 tkey2485
2 tkey2486
2 tkey2487
2 tkey2488
2 tkey2489
2 tkey2490
2 tkey2491
2 tkey2492
2 tkey2493
2 tkey2494
2 tkey2495
2 tkey2496
2 tkey2497
