1 tkey3422 3422
1 tkey3427 3427
1 tkey3432 3432
1 tkey3437 3437
1 tkey3442 3442
1 tkey3979 3979
1 tkey3984 3984
1 tkey3989 3989
1 tkey3994 3994
1 tkey3999 3999
1 tkey4004 4004
1 tkey4170 4170
1 tkey4009 4009
1 tkey4236 4236
1 tkey4241 4241
1 tkey4246 4246
1 tkey4251 4251
1 tkey4014 4014
1 tkey4175 4175
1 tkey4180 4180
1 tkey4185 4185
1 tkey4190 4190
1 tkey4195 4195
1 tkey4200 4200
1 tkey4205 4205
1 tkey4210 4210
1 tkey4215 4215
1 tkey4220 4220
1 tkey4225 4225
1 tkey4230 4230
1 tkey4235 4235
1 tkey4240 4240
1 tkey4245 4245
1 tkey4250 4250
1 tkey4255 4255
1 tkey4019 4019
1 tkey4024 4024
1 tkey4029 4029
1 tkey4034 4034
1 tkey4039 4039
1 tkey4044 4044
1 tkey4049 4049
1 tkey4054 4054
1 tkey4138 4138
1 tkey4143 4143
1 tkey4148 4148
1 tkey4153 4153
1 tkey4158 4158
1 tkey3447 3447
1 tkey3452 3452
1 tkey4163 4163
1 tkey4168 4168
1 tkey4260 4260
1 tkey4265 4265
1 tkey4270 4270
1 tkey4059 4059
1 tkey4256 4256
1 tkey3457 3457
1 tkey3462 3462
1 tkey3467 3467
1 tkey4064 4064
1 tkey4069 4069
1 tkey4074 4074
1 tkey4079 4079
1 tkey4084 4084
1 tkey4089 4089
1 tkey4275 4275
1 tkey4280 4280
1 tkey4285 4285
1 tkey4290 4290
1 tkey4173 4173
1 tkey4178 4178
1 tkey4261 4261
1 tkey4266 4266
1 tkey3472 3472
1 tkey3477 3477
1 tkey3482 3482
1 tkey3487 3487
1 tkey3492 3492
1 tkey3497 3497
1 tkey4094 4094
1 tkey4099 4099
1 tkey4104 4104
1 tkey4109 4109
1 tkey4271 4271
1 tkey4276 4276
1 tkey4295 4295
1 tkey4300 4300
1 tkey4305 4305
1 tkey4310 4310
1 tkey4315 4315
1 tkey4320 4320
1 tkey4325 4325
1 tkey4330 4330
1 tkey4335 4335
1 tkey4340 4340
1 tkey4345 4345
1 tkey4350 4350
1 tkey4355 4355
1 tkey4360 4360
1 tkey4365 4365
1 tkey4370 4370
1 tkey4114 4114
1 tkey4119 4119
1 tkey4124 4124
1 tkey4129 4129
1 tkey4134 4134
1 tkey4183 4183
1 tkey4188 4188
1 tkey4193 4193
1 tkey4198 4198
1 tkey4203 4203
1 tkey4281 4281
1 tkey4286 4286
1 tkey4291 4291
1 tkey4296 4296
1 tkey4301 4301
1 tkey4306 4306
1 tkey4311 4311
1 tkey4316 4316
1 tkey4321 4321
1 tkey4326 4326
1 tkey4139 4139
1 tkey3502 3502
1 tkey3507 3507
1 tkey4375 4375
1 tkey4380 4380
1 tkey4385 4385
1 tkey4390 4390
1 tkey4395 4395
1 tkey4400 4400
1 tkey4405 4405
1 tkey4410 4410
1 tkey4415 4415
1 tkey4420 4420
1 tkey4425 4425
1 tkey3512 3512
1 tkey3517 3517
1 tkey3522 3522
1 tkey3527 3527
1 tkey3532 3532
1 tkey3537 3537
1 tkey3542 3542
1 tkey3547 3547
1 tkey3552 3552
1 tkey3557 3557
1 tkey3562 3562
1 tkey3567 3567
1 tkey3572 3572
1 tkey3577 3577
1 tkey4430 4430
1 tkey4208 4208
1 tkey4213 4213
1 tkey4218 4218
1 tkey4331 4331
1 tkey4336 4336
1 tkey4341 4341
1 tkey4346 4346
1 tkey4351 4351
1 tkey4356 4356
1 tkey4361 4361
1 tkey4366 4366
1 tkey4371 4371
1 tkey4376 4376
1 tkey4381 4381
1 tkey4386 4386
1 tkey4391 4391
1 tkey4396 4396
1 tkey4435 4435
1 tkey4440 4440
1 tkey4445 4445
1 tkey4450 4450
1 tkey4455 4455
1 tkey4460 4460
1 tkey4465 4465
1 tkey4470 4470
1 tkey4475 4475
1 tkey4401 4401
1 tkey4406 4406
1 tkey4411 4411
1 tkey4144 4144
1 tkey4149 4149
1 tkey4154 4154
1 tkey4416 4416
1 tkey4421 4421
1 tkey4223 4223
1 tkey4228 4228
1 tkey4233 4233
1 tkey4238 4238
1 tkey4426 4426
1 tkey4431 4431
1 tkey4436 4436
1 tkey4441 4441
1 tkey4446 4446
1 tkey4451 4451
1 tkey4456 4456
1 tkey4159 4159
1 tkey4164 4164
1 tkey4169 4169
1 tkey4174 4174
1 tkey4179 4179
1 tkey4184 4184
1 tkey4189 4189
1 tkey4194 4194
1 tkey4199 4199
1 tkey4204 4204
1 tkey4209 4209
1 tkey4461 4461
1 tkey4466 4466
1 tkey4243 4243
1 tkey4248 4248
1 tkey4253 4253
1 tkey4258 4258
1 tkey4263 4263
1 tkey4268 4268
1 tkey4273 4273
1 tkey4278 4278
1 tkey4283 4283
1 tkey4288 4288
1 tkey4293 4293
1 tkey4298 4298
1 tkey4471 4471
1 tkey3582 3582
1 tkey3587 3587
1 tkey3592 3592
1 tkey3597 3597
1 tkey3602 3602
1 tkey3607 3607
1 tkey4480 4480
1 tkey4485 4485
1 tkey4490 4490
1 tkey4495 4495
1 tkey4500 4500
1 tkey4476 4476
1 tkey4214 4214
1 tkey4219 4219
1 tkey4224 4224
1 tkey4229 4229
1 tkey4234 4234
1 tkey4303 4303
1 tkey4308 4308
1 tkey4313 4313
1 tkey4505 4505
1 tkey4510 4510
1 tkey4515 4515
1 tkey4520 4520
1 tkey4525 4525
1 tkey4239 4239
1 tkey4244 4244
1 tkey4249 4249
1 tkey4254 4254
1 tkey4318 4318
1 tkey4323 4323
1 tkey4328 4328
1 tkey4333 4333
1 tkey4338 4338
1 tkey4343 4343
1 tkey4348 4348
1 tkey4353 4353
1 tkey4530 4530
1 tkey4535 4535
1 tkey4540 4540
1 tkey4545 4545
1 tkey4550 4550
1 tkey4555 4555
1 tkey4560 4560
1 tkey4565 4565
1 tkey4570 4570
1 tkey4481 4481
1 tkey4486 4486
1 tkey4491 4491
1 tkey4259 4259
1 tkey4264 4264
1 tkey4269 4269
1 tkey4496 4496
1 tkey4501 4501
1 tkey4506 4506
1 tkey3612 3612
1 tkey3617 3617
1 tkey3622 3622
1 tkey3627 3627
1 tkey3632 3632
1 tkey3637 3637
1 tkey4575 4575
1 tkey4580 4580
1 tkey4274 4274
1 tkey4279 4279
1 tkey4284 4284
1 tkey4289 4289
1 tkey4294 4294
1 tkey4299 4299
1 tkey4304 4304
1 tkey4309 4309
1 tkey4511 4511
1 tkey4516 4516
1 tkey4521 4521
1 tkey4526 4526
1 tkey4531 4531
1 tkey4536 4536
1 tkey4585 4585
1 tkey4590 4590
1 tkey4358 4358
1 tkey4314 4314
1 tkey4319 4319
1 tkey4324 4324
1 tkey4329 4329
1 tkey4334 4334
1 tkey4339 4339
1 tkey4344 4344
1 tkey4349 4349
1 tkey4354 4354
1 tkey4359 4359
1 tkey4364 4364
1 tkey4369 4369
1 tkey4374 4374
1 tkey4595 4595
1 tkey4600 4600
1 tkey3642 3642
1 tkey4363 4363
1 tkey4368 4368
1 tkey4373 4373
1 tkey4378 4378
1 tkey4383 4383
1 tkey4388 4388
1 tkey4393 4393
1 tkey4379 4379
1 tkey4384 4384
1 tkey4389 4389
1 tkey4394 4394
1 tkey4399 4399
1 tkey4404 4404
1 tkey3647 3647
1 tkey3652 3652
1 tkey4541 4541
1 tkey4398 4398
1 tkey4403 4403
1 tkey4408 4408
1 tkey4413 4413
1 tkey4418 4418
1 tkey4423 4423
1 tkey4428 4428
1 tkey4433 4433
1 tkey4438 4438
1 tkey4443 4443
1 tkey4546 4546
1 tkey4551 4551
1 tkey4556 4556
1 tkey4561 4561
1 tkey4566 4566
1 tkey4571 4571
1 tkey4576 4576
1 tkey4581 4581
1 tkey4586 4586
1 tkey4591 4591
1 tkey4596 4596
1 tkey4409 4409
1 tkey4414 4414
1 tkey4419 4419
1 tkey4424 4424
1 tkey4605 4605
1 tkey3657 3657
1 tkey4448 4448
1 tkey4453 4453
1 tkey4458 4458
1 tkey4463 4463
1 tkey4468 4468
1 tkey4473 4473
1 tkey4478 4478
1 tkey4483 4483
1 tkey4429 4429
1 tkey4434 4434
1 tkey4439 4439
1 tkey4610 4610
1 tkey3662 3662
1 tkey3667 3667
1 tkey3672 3672
1 tkey3677 3677
1 tkey3682 3682
1 tkey3687 3687
1 tkey4488 4488
1 tkey4493 4493
1 tkey4498 4498
1 tkey4601 4601
1 tkey4444 4444
1 tkey4449 4449
1 tkey4454 4454
1 tkey4459 4459
1 tkey4615 4615
1 tkey4620 4620
1 tkey4625 4625
1 tkey4630 4630
1 tkey4635 4635
1 tkey4464 4464
1 tkey3692 3692
1 tkey3697 3697
1 tkey3702 3702
1 tkey4503 4503
1 tkey4508 4508
1 tkey4513 4513
1 tkey4518 4518
1 tkey4606 4606
1 tkey4523 4523
1 tkey4528 4528
1 tkey4469 4469
1 tkey4533 4533
1 tkey3707 3707
1 tkey3712 3712
1 tkey4474 4474
1 tkey4538 4538
1 tkey4543 4543
1 tkey3717 3717
1 tkey4479 4479
1 tkey4548 4548
1 tkey4484 4484
1 tkey3722 3722
1 tkey4611 4611
1 tkey4616 4616
1 tkey4621 4621
1 tkey4489 4489
1 tkey4494 4494
1 tkey4499 4499
1 tkey4640 4640
1 tkey4645 4645
1 tkey4650 4650
1 tkey4655 4655
1 tkey4660 4660
1 tkey4553 4553
1 tkey4558 4558
1 tkey3727 3727
1 tkey3732 3732
1 tkey3737 3737
1 tkey3742 3742
1 tkey4504 4504
1 tkey4626 4626
1 tkey4631 4631
1 tkey4636 4636
1 tkey4641 4641
1 tkey4509 4509
1 tkey4514 4514
1 tkey4519 4519
1 tkey4524 4524
1 tkey4529 4529
1 tkey3747 3747
1 tkey3752 3752
1 tkey3757 3757
1 tkey3762 3762
1 tkey4563 4563
1 tkey4568 4568
1 tkey4573 4573
1 tkey4578 4578
1 tkey4583 4583
1 tkey4588 4588
1 tkey4593 4593
1 tkey4598 4598
1 tkey4603 4603
1 tkey4608 4608
1 tkey4613 4613
1 tkey3767 3767
1 tkey4618 4618
1 tkey4665 4665
1 tkey4623 4623
1 tkey4670 4670
1 tkey4675 4675
1 tkey4680 4680
1 tkey4685 4685
1 tkey4690 4690
1 tkey4628 4628
1 tkey4633 4633
1 tkey4638 4638
1 tkey4534 4534
1 tkey4539 4539
1 tkey4544 4544
1 tkey4549 4549
1 tkey4554 4554
1 tkey4559 4559
1 tkey3772 3772
1 tkey4695 4695
1 tkey3777 3777
1 tkey3782 3782
1 tkey3787 3787
1 tkey3792 3792
1 tkey3797 3797
1 tkey3802 3802
1 tkey3807 3807
1 tkey3812 3812
1 tkey3817 3817
1 tkey4643 4643
1 tkey4648 4648
1 tkey4653 4653
1 tkey4658 4658
1 tkey4663 4663
1 tkey4668 4668
1 tkey4673 4673
1 tkey4646 4646
1 tkey4651 4651
1 tkey4656 4656
1 tkey3822 3822
1 tkey3827 3827
1 tkey4678 4678
1 tkey4683 4683
1 tkey4564 4564
1 tkey4569 4569
1 tkey4574 4574
1 tkey4579 4579
1 tkey4584 4584
1 tkey4589 4589
1 tkey4594 4594
1 tkey4599 4599
1 tkey4604 4604
1 tkey4661 4661
1 tkey4666 4666
1 tkey4671 4671
1 tkey4676 4676
1 tkey4609 4609
1 tkey4614 4614
1 tkey4688 4688
1 tkey4693 4693
1 tkey4698 4698
1 tkey4703 4703
1 tkey4708 4708
1 tkey4713 4713
1 tkey4718 4718
1 tkey3832 3832
1 tkey3837 3837
1 tkey3842 3842
1 tkey3847 3847
1 tkey3852 3852
1 tkey4619 4619
1 tkey4700 4700
1 tkey3857 3857
1 tkey3862 3862
1 tkey3867 3867
1 tkey3872 3872
1 tkey3877 3877
1 tkey3882 3882
1 tkey3887 3887
1 tkey4681 4681
1 tkey4686 4686
1 tkey4691 4691
1 tkey4696 4696
1 tkey4701 4701
1 tkey4624 4624
1 tkey4723 4723
1 tkey4728 4728
1 tkey4733 4733
1 tkey4738 4738
1 tkey4743 4743
1 tkey4748 4748
1 tkey3892 3892
1 tkey3897 3897
1 tkey3902 3902
1 tkey3907 3907
1 tkey3912 3912
1 tkey3917 3917
1 tkey4706 4706
1 tkey4711 4711
1 tkey4716 4716
1 tkey4705 4705
1 tkey4629 4629
1 tkey4634 4634
1 tkey4639 4639
1 tkey4644 4644
1 tkey4649 4649
1 tkey4654 4654
1 tkey4659 4659
1 tkey4664 4664
1 tkey4669 4669
1 tkey4710 4710
1 tkey4715 4715
1 tkey4720 4720
1 tkey4725 4725
1 tkey4730 4730
1 tkey4735 4735
1 tkey4740 4740
1 tkey4674 4674
1 tkey4679 4679
1 tkey4684 4684
1 tkey4689 4689
1 tkey4694 4694
1 tkey4699 4699
1 tkey4704 4704
1 tkey4709 4709
1 tkey4714 4714
1 tkey4719 4719
1 tkey4753 4753
1 tkey4758 4758
1 tkey4763 4763
1 tkey4768 4768
1 tkey4773 4773
1 tkey4778 4778
1 tkey4783 4783
1 tkey4788 4788
1 tkey3922 3922
1 tkey3927 3927
1 tkey4724 4724
1 tkey4745 4745
1 tkey4750 4750
1 tkey4721 4721
1 tkey4726 4726
1 tkey4731 4731
1 tkey4736 4736
1 tkey4741 4741
1 tkey4746 4746
1 tkey4751 4751
1 tkey4756 4756
1 tkey4755 4755
1 tkey4760 4760
1 tkey4765 4765
1 tkey4770 4770
1 tkey4775 4775
1 tkey4780 4780
1 tkey4785 4785
1 tkey4790 4790
1 tkey4795 4795
1 tkey4800 4800
1 tkey4805 4805
1 tkey4810 4810
1 tkey3932 3932
1 tkey3937 3937
1 tkey3942 3942
1 tkey3947 3947
1 tkey3952 3952
1 tkey3957 3957
1 tkey3962 3962
1 tkey4815 4815
1 tkey4820 4820
1 tkey4825 4825
1 tkey4830 4830
1 tkey4835 4835
1 tkey4840 4840
1 tkey4845 4845
1 tkey4850 4850
1 tkey4855 4855
1 tkey4860 4860
1 tkey4865 4865
1 tkey4870 4870
1 tkey4875 4875
1 tkey4729 4729
1 tkey4793 4793
1 tkey4798 4798
1 tkey4803 4803
1 tkey4808 4808
1 tkey4813 4813
1 tkey3967 3967
1 tkey3972 3972
1 tkey3977 3977
1 tkey3982 3982
1 tkey3987 3987
1 tkey3992 3992
1 tkey3997 3997
1 tkey4880 4880
1 tkey4885 4885
1 tkey4890 4890
1 tkey4895 4895
1 tkey4900 4900
1 tkey4905 4905
1 tkey4910 4910
1 tkey4915 4915
1 tkey4734 4734
1 tkey4739 4739
1 tkey4744 4744
1 tkey4749 4749
1 tkey4754 4754
1 tkey4761 4761
1 tkey4766 4766
1 tkey4771 4771
1 tkey4776 4776
1 tkey4781 4781
1 tkey4786 4786
1 tkey4791 4791
1 tkey4796 4796
1 tkey4002 4002
1 tkey4818 4818
1 tkey4823 4823
1 tkey4828 4828
1 tkey4833 4833
1 tkey4801 4801
1 tkey4806 4806
1 tkey4920 4920
1 tkey4838 4838
1 tkey4843 4843
1 tkey4848 4848
1 tkey4853 4853
1 tkey4759 4759
1 tkey4764 4764
1 tkey4769 4769
1 tkey4774 4774
1 tkey4779 4779
1 tkey4784 4784
1 tkey4858 4858
1 tkey4863 4863
1 tkey4868 4868
1 tkey4873 4873
1 tkey4878 4878
1 tkey4811 4811
1 tkey4883 4883
1 tkey4007 4007
1 tkey4012 4012
1 tkey4017 4017
1 tkey4022 4022
1 tkey4027 4027
1 tkey4032 4032
1 tkey4037 4037
1 tkey4042 4042
1 tkey4047 4047
1 tkey4052 4052
1 tkey4057 4057
1 tkey4062 4062
1 tkey4067 4067
1 tkey4925 4925
1 tkey4072 4072
1 tkey4930 4930
1 tkey4816 4816
1 tkey4935 4935
1 tkey4789 4789
1 tkey4888 4888
1 tkey4794 4794
1 tkey4893 4893
1 tkey4799 4799
1 tkey4804 4804
1 tkey4809 4809
1 tkey4814 4814
1 tkey4819 4819
1 tkey4824 4824
1 tkey4829 4829
1 tkey4898 4898
1 tkey4821 4821
1 tkey4826 4826
1 tkey4831 4831
1 tkey4903 4903
1 tkey4077 4077
1 tkey4082 4082
1 tkey4087 4087
1 tkey4092 4092
1 tkey4097 4097
1 tkey4102 4102
1 tkey4107 4107
1 tkey4834 4834
1 tkey4839 4839
1 tkey4844 4844
1 tkey4849 4849
1 tkey4854 4854
1 tkey4859 4859
1 tkey4864 4864
1 tkey4869 4869
1 tkey4874 4874
1 tkey4879 4879
1 tkey4884 4884
1 tkey4889 4889
1 tkey4894 4894
1 tkey4899 4899
1 tkey4904 4904
1 tkey4909 4909
1 tkey4914 4914
1 tkey4919 4919
1 tkey4924 4924
1 tkey4112 4112
1 tkey4117 4117
1 tkey4122 4122
1 tkey4127 4127
1 tkey4929 4929
1 tkey4934 4934
1 tkey4939 4939
1 tkey4944 4944
1 tkey4949 4949
1 tkey4954 4954
1 tkey4959 4959
1 tkey4964 4964
1 tkey4969 4969
1 tkey4974 4974
1 tkey4979 4979
1 tkey4984 4984
1 tkey4989 4989
1 tkey4940 4940
1 tkey4908 4908
1 tkey4913 4913
1 tkey4918 4918
1 tkey4923 4923
1 tkey4928 4928
1 tkey4933 4933
1 tkey4938 4938
1 tkey4945 4945
1 tkey4950 4950
1 tkey4955 4955
1 tkey4960 4960
1 tkey4132 4132
1 tkey4137 4137
1 tkey4142 4142
1 tkey4994 4994
1 tkey4999 4999
1 tkey5004 5004
1 tkey5009 5009
1 tkey5014 5014
1 tkey5019 5019
1 tkey5024 5024
1 tkey5029 5029
1 tkey5034 5034
1 tkey5039 5039
1 tkey5044 5044
1 tkey5049 5049
1 tkey4836 4836
1 tkey4841 4841
1 tkey4846 4846
1 tkey4851 4851
1 tkey4856 4856
1 tkey4861 4861
1 tkey4866 4866
1 tkey4871 4871
1 tkey4876 4876
1 tkey4881 4881
1 tkey4886 4886
1 tkey4891 4891
1 tkey4147 4147
1 tkey4152 4152
1 tkey4157 4157
1 tkey4162 4162
1 tkey4167 4167
1 tkey4172 4172
1 tkey4896 4896
1 tkey4901 4901
1 tkey4906 4906
1 tkey4911 4911
1 tkey4965 4965
1 tkey4970 4970
1 tkey4975 4975
1 tkey4980 4980
1 tkey4943 4943
1 tkey4948 4948
1 tkey4953 4953
1 tkey4958 4958
1 tkey4963 4963
1 tkey5054 5054
1 tkey5059 5059
1 tkey5064 5064
1 tkey5069 5069
1 tkey4968 4968
1 tkey4973 4973
1 tkey4978 4978
1 tkey4983 4983
1 tkey4988 4988
1 tkey4993 4993
1 tkey4998 4998
1 tkey5003 5003
1 tkey5008 5008
1 tkey5013 5013
1 tkey5018 5018
1 tkey5023 5023
1 tkey4177 4177
1 tkey4182 4182
1 tkey4187 4187
1 tkey4192 4192
1 tkey4197 4197
1 tkey4202 4202
1 tkey4207 4207
1 tkey4212 4212
1 tkey5074 5074
1 tkey5079 5079
1 tkey4217 4217
1 tkey4222 4222
1 tkey4227 4227
1 tkey4232 4232
1 tkey4916 4916
1 tkey4921 4921
1 tkey5028 5028
1 tkey5033 5033
1 tkey4985 4985
1 tkey4990 4990
1 tkey4995 4995
1 tkey5084 5084
1 tkey5089 5089
1 tkey5094 5094
1 tkey5099 5099
1 tkey5038 5038
1 tkey5043 5043
1 tkey5048 5048
1 tkey5053 5053
1 tkey5058 5058
1 tkey5063 5063
1 tkey4237 4237
1 tkey4242 4242
1 tkey4247 4247
1 tkey5104 5104
1 tkey5109 5109
1 tkey5114 5114
1 tkey4926 4926
1 tkey4931 4931
1 tkey4936 4936
1 tkey4941 4941
1 tkey4946 4946
1 tkey4951 4951
1 tkey5000 5000
1 tkey5005 5005
1 tkey5119 5119
1 tkey5124 5124
1 tkey5129 5129
1 tkey4252 4252
1 tkey5068 5068
1 tkey5073 5073
1 tkey5078 5078
1 tkey5083 5083
1 tkey5088 5088
1 tkey5093 5093
1 tkey5098 5098
1 tkey5103 5103
1 tkey4257 4257
1 tkey4262 4262
1 tkey5108 5108
1 tkey5113 5113
1 tkey5118 5118
1 tkey5123 5123
1 tkey5128 5128
1 tkey5010 5010
1 tkey4956 4956
1 tkey4961 4961
1 tkey4966 4966
1 tkey4971 4971
1 tkey5133 5133
1 tkey5138 5138
1 tkey5143 5143
1 tkey5148 5148
1 tkey5153 5153
1 tkey5158 5158
1 tkey5163 5163
1 tkey5168 5168
1 tkey4267 4267
1 tkey4976 4976
1 tkey5134 5134
1 tkey5139 5139
1 tkey5144 5144
1 tkey5149 5149
1 tkey4272 4272
1 tkey4277 4277
1 tkey4282 4282
1 tkey5015 5015
1 tkey5020 5020
1 tkey5025 5025
1 tkey5030 5030
1 tkey5035 5035
1 tkey4981 4981
1 tkey5173 5173
1 tkey5178 5178
1 tkey5183 5183
1 tkey5188 5188
1 tkey5193 5193
1 tkey5198 5198
1 tkey5203 5203
1 tkey5208 5208
1 tkey5213 5213
1 tkey5218 5218
1 tkey5223 5223
1 tkey5228 5228
1 tkey5233 5233
1 tkey5238 5238
1 tkey4986 4986
1 tkey4287 4287
1 tkey5040 5040
1 tkey5045 5045
1 tkey4991 4991
1 tkey5154 5154
1 tkey5159 5159
1 tkey5164 5164
1 tkey5169 5169
1 tkey5174 5174
1 tkey5243 5243
1 tkey5248 5248
1 tkey5253 5253
1 tkey5258 5258
1 tkey4996 4996
1 tkey5050 5050
1 tkey5055 5055
1 tkey5179 5179
1 tkey5184 5184
1 tkey5189 5189
1 tkey5194 5194
1 tkey5199 5199
1 tkey4292 4292
1 tkey4297 4297
1 tkey4302 4302
1 tkey5060 5060
1 tkey5263 5263
1 tkey5001 5001
1 tkey5006 5006
1 tkey5011 5011
1 tkey5016 5016
1 tkey4307 4307
1 tkey4312 4312
1 tkey4317 4317
1 tkey5204 5204
1 tkey5065 5065
1 tkey5070 5070
1 tkey5075 5075
1 tkey5021 5021
1 tkey5209 5209
1 tkey5214 5214
1 tkey5219 5219
1 tkey5268 5268
1 tkey5026 5026
1 tkey5031 5031
1 tkey5036 5036
1 tkey5041 5041
1 tkey5046 5046
1 tkey5051 5051
1 tkey5224 5224
1 tkey5229 5229
1 tkey5234 5234
1 tkey5239 5239
1 tkey5244 5244
1 tkey5249 5249
1 tkey5273 5273
1 tkey4322 4322
1 tkey4327 4327
1 tkey4332 4332
1 tkey4337 4337
1 tkey4342 4342
1 tkey5080 5080
1 tkey5085 5085
1 tkey5254 5254
1 tkey5259 5259
1 tkey5264 5264
1 tkey5269 5269
1 tkey5274 5274
1 tkey5279 5279
1 tkey5284 5284
1 tkey5289 5289
1 tkey5294 5294
1 tkey5299 5299
1 tkey5304 5304
1 tkey5309 5309
1 tkey5314 5314
1 tkey5319 5319
1 tkey5090 5090
1 tkey5095 5095
1 tkey5100 5100
1 tkey5278 5278
1 tkey5056 5056
1 tkey5061 5061
1 tkey5066 5066
1 tkey5071 5071
1 tkey5076 5076
1 tkey5081 5081
1 tkey5086 5086
1 tkey5091 5091
1 tkey5096 5096
1 tkey5101 5101
1 tkey5106 5106
1 tkey5111 5111
1 tkey5116 5116
1 tkey5121 5121
1 tkey5126 5126
1 tkey5131 5131
1 tkey5136 5136
1 tkey5141 5141
1 tkey5146 5146
1 tkey5151 5151
1 tkey5156 5156
1 tkey5161 5161
1 tkey5324 5324
1 tkey5329 5329
1 tkey5334 5334
1 tkey5339 5339
1 tkey5344 5344
1 tkey5349 5349
1 tkey5354 5354
1 tkey5166 5166
1 tkey5171 5171
1 tkey5176 5176
1 tkey5181 5181
1 tkey5186 5186
1 tkey5191 5191
1 tkey5283 5283
1 tkey5288 5288
1 tkey5293 5293
1 tkey4347 4347
1 tkey4352 4352
1 tkey4357 4357
1 tkey4362 4362
1 tkey4367 4367
1 tkey5196 5196
1 tkey5201 5201
1 tkey5206 5206
1 tkey5105 5105
1 tkey5110 5110
1 tkey5115 5115
1 tkey5120 5120
1 tkey5125 5125
1 tkey5130 5130
1 tkey5135 5135
1 tkey5140 5140
1 tkey5145 5145
1 tkey5150 5150
1 tkey5155 5155
1 tkey5160 5160
1 tkey5359 5359
1 tkey5364 5364
1 tkey5369 5369
1 tkey5374 5374
1 tkey5379 5379
1 tkey5298 5298
1 tkey5303 5303
1 tkey4372 4372
1 tkey4377 4377
1 tkey4382 4382
1 tkey5211 5211
1 tkey5216 5216
1 tkey5221 5221
1 tkey5384 5384
1 tkey5389 5389
1 tkey5394 5394
1 tkey5165 5165
1 tkey5170 5170
1 tkey5175 5175
1 tkey5180 5180
1 tkey5185 5185
1 tkey5190 5190
1 tkey5308 5308
1 tkey5313 5313
1 tkey5318 5318
1 tkey5323 5323
1 tkey5328 5328
1 tkey5333 5333
1 tkey5338 5338
1 tkey5343 5343
1 tkey5226 5226
1 tkey5195 5195
1 tkey5200 5200
1 tkey5205 5205
1 tkey5210 5210
1 tkey5215 5215
1 tkey5220 5220
1 tkey5225 5225
1 tkey5230 5230
1 tkey5235 5235
1 tkey5240 5240
1 tkey5245 5245
1 tkey5250 5250
1 tkey5348 5348
1 tkey5255 5255
1 tkey5260 5260
1 tkey5353 5353
1 tkey4387 4387
1 tkey4392 4392
1 tkey4397 4397
1 tkey4402 4402
1 tkey4407 4407
1 tkey4412 4412
1 tkey4417 4417
1 tkey4422 4422
1 tkey5231 5231
1 tkey5236 5236
1 tkey5241 5241
1 tkey5246 5246
1 tkey5251 5251
1 tkey5256 5256
1 tkey5261 5261
1 tkey5399 5399
1 tkey5358 5358
1 tkey5363 5363
1 tkey5368 5368
1 tkey5373 5373
1 tkey5378 5378
1 tkey5383 5383
1 tkey5266 5266
1 tkey5271 5271
1 tkey5276 5276
1 tkey5281 5281
1 tkey5286 5286
1 tkey5265 5265
1 tkey5270 5270
1 tkey4427 4427
1 tkey4432 4432
1 tkey4437 4437
1 tkey4442 4442
1 tkey4447 4447
1 tkey4452 4452
1 tkey4457 4457
1 tkey4462 4462
1 tkey5275 5275
1 tkey5280 5280
1 tkey5285 5285
1 tkey5290 5290
1 tkey5388 5388
1 tkey5393 5393
1 tkey5398 5398
1 tkey4467 4467
1 tkey5403 5403
1 tkey4472 4472
1 tkey4477 4477
1 tkey4482 4482
1 tkey4487 4487
1 tkey4492 4492
1 tkey4497 4497
1 tkey4502 4502
1 tkey4507 4507
1 tkey4512 4512
1 tkey4517 4517
1 tkey4522 4522
1 tkey4527 4527
1 tkey4532 4532
1 tkey4537 4537
1 tkey4542 4542
1 tkey5404 5404
1 tkey5409 5409
1 tkey5414 5414
1 tkey5419 5419
1 tkey5424 5424
1 tkey5429 5429
1 tkey5434 5434
1 tkey5439 5439
1 tkey5444 5444
1 tkey5449 5449
1 tkey5291 5291
1 tkey5296 5296
1 tkey5408 5408
1 tkey5413 5413
1 tkey5418 5418
1 tkey5423 5423
1 tkey5428 5428
1 tkey5433 5433
1 tkey5438 5438
1 tkey5443 5443
1 tkey5448 5448
1 tkey5453 5453
1 tkey5458 5458
1 tkey5463 5463
1 tkey5468 5468
1 tkey5301 5301
1 tkey5306 5306
1 tkey5311 5311
1 tkey5316 5316
1 tkey5321 5321
1 tkey5326 5326
1 tkey5331 5331
1 tkey5454 5454
1 tkey5459 5459
1 tkey5464 5464
1 tkey5469 5469
1 tkey5295 5295
1 tkey4547 4547
1 tkey4552 4552
1 tkey4557 4557
1 tkey5336 5336
1 tkey5341 5341
1 tkey5346 5346
1 tkey5473 5473
1 tkey5478 5478
1 tkey5483 5483
1 tkey5488 5488
1 tkey5493 5493
1 tkey5498 5498
1 tkey5503 5503
1 tkey5508 5508
1 tkey5351 5351
1 tkey5356 5356
1 tkey5361 5361
1 tkey5366 5366
1 tkey5371 5371
1 tkey5376 5376
1 tkey5381 5381
1 tkey5386 5386
1 tkey5474 5474
1 tkey5391 5391
1 tkey5396 5396
1 tkey5401 5401
1 tkey5406 5406
1 tkey5411 5411
1 tkey5513 5513
1 tkey5300 5300
1 tkey5305 5305
1 tkey5310 5310
1 tkey4562 4562
1 tkey4567 4567
1 tkey4572 4572
1 tkey4577 4577
1 tkey5479 5479
1 tkey5484 5484
1 tkey5489 5489
1 tkey5494 5494
1 tkey5499 5499
1 tkey5504 5504
1 tkey5509 5509
1 tkey5514 5514
1 tkey5519 5519
1 tkey5524 5524
1 tkey5529 5529
1 tkey5534 5534
1 tkey4582 4582
1 tkey4587 4587
1 tkey5518 5518
1 tkey5523 5523
1 tkey5528 5528
1 tkey5533 5533
1 tkey5538 5538
1 tkey5543 5543
1 tkey5548 5548
1 tkey5416 5416
1 tkey5421 5421
1 tkey5426 5426
1 tkey5431 5431
1 tkey5436 5436
1 tkey5441 5441
1 tkey5446 5446
1 tkey5451 5451
1 tkey5456 5456
1 tkey5539 5539
1 tkey5544 5544
1 tkey5549 5549
1 tkey5554 5554
1 tkey5559 5559
1 tkey5564 5564
1 tkey5569 5569
1 tkey5574 5574
1 tkey5579 5579
1 tkey5584 5584
1 tkey5589 5589
1 tkey5461 5461
1 tkey5466 5466
1 tkey5471 5471
1 tkey5476 5476
1 tkey5553 5553
1 tkey5315 5315
1 tkey4592 4592
1 tkey5481 5481
1 tkey5486 5486
1 tkey5491 5491
1 tkey5496 5496
1 tkey5501 5501
1 tkey5506 5506
1 tkey5511 5511
1 tkey5516 5516
1 tkey5521 5521
1 tkey5526 5526
1 tkey5531 5531
1 tkey5594 5594
1 tkey5599 5599
1 tkey5604 5604
1 tkey5609 5609
1 tkey5614 5614
1 tkey5619 5619
1 tkey5624 5624
1 tkey4597 4597
1 tkey5558 5558
1 tkey5320 5320
1 tkey5325 5325
1 tkey5330 5330
1 tkey5629 5629
1 tkey5634 5634
1 tkey5639 5639
1 tkey5644 5644
1 tkey5649 5649
1 tkey5654 5654
1 tkey5563 5563
1 tkey5568 5568
1 tkey4602 4602
1 tkey5659 5659
1 tkey5664 5664
1 tkey5669 5669
1 tkey5674 5674
1 tkey5679 5679
1 tkey5335 5335
1 tkey5340 5340
1 tkey5345 5345
1 tkey5350 5350
1 tkey5355 5355
1 tkey5360 5360
1 tkey5365 5365
1 tkey5370 5370
1 tkey5573 5573
1 tkey5578 5578
1 tkey5583 5583
1 tkey5588 5588
1 tkey5593 5593
1 tkey5598 5598
1 tkey5603 5603
1 tkey5536 5536
1 tkey5684 5684
1 tkey5689 5689
1 tkey5694 5694
1 tkey5699 5699
1 tkey5608 5608
1 tkey5613 5613
1 tkey5618 5618
1 tkey5375 5375
1 tkey5380 5380
1 tkey5385 5385
1 tkey5390 5390
1 tkey5395 5395
1 tkey5704 5704
1 tkey5709 5709
1 tkey5714 5714
1 tkey5719 5719
1 tkey5724 5724
1 tkey5623 5623
1 tkey5628 5628
1 tkey5633 5633
1 tkey5638 5638
1 tkey5643 5643
1 tkey5648 5648
1 tkey5653 5653
1 tkey5658 5658
1 tkey5663 5663
1 tkey5668 5668
1 tkey5673 5673
1 tkey5678 5678
1 tkey5683 5683
1 tkey5688 5688
1 tkey5541 5541
1 tkey5546 5546
1 tkey5400 5400
1 tkey5405 5405
1 tkey5410 5410
1 tkey5693 5693
1 tkey5698 5698
1 tkey5703 5703
1 tkey5708 5708
1 tkey5713 5713
1 tkey5718 5718
1 tkey5723 5723
1 tkey5728 5728
1 tkey5729 5729
1 tkey5734 5734
1 tkey5739 5739
1 tkey5415 5415
1 tkey5420 5420
1 tkey5425 5425
1 tkey5430 5430
1 tkey5733 5733
1 tkey5738 5738
1 tkey4607 4607
1 tkey5551 5551
1 tkey5556 5556
1 tkey5561 5561
1 tkey5566 5566
1 tkey5571 5571
1 tkey5576 5576
1 tkey5435 5435
1 tkey5440 5440
1 tkey5445 5445
1 tkey5450 5450
1 tkey5455 5455
1 tkey5460 5460
1 tkey5465 5465
1 tkey5470 5470
1 tkey5475 5475
1 tkey5743 5743
1 tkey5748 5748
1 tkey5753 5753
1 tkey4612 4612
1 tkey4617 4617
1 tkey4622 4622
1 tkey4627 4627
1 tkey4632 4632
1 tkey4637 4637
1 tkey5744 5744
1 tkey5749 5749
1 tkey5754 5754
1 tkey4642 4642
1 tkey4647 4647
1 tkey4652 4652
1 tkey4657 4657
1 tkey4662 4662
1 tkey4667 4667
1 tkey4672 4672
1 tkey5758 5758
1 tkey5480 5480
1 tkey5485 5485
1 tkey5490 5490
1 tkey5495 5495
1 tkey5500 5500
1 tkey5505 5505
1 tkey4677 4677
1 tkey5510 5510
1 tkey4682 4682
1 tkey5515 5515
1 tkey4687 4687
1 tkey4692 4692
1 tkey4697 4697
1 tkey4702 4702
1 tkey4707 4707
1 tkey4712 4712
1 tkey4717 4717
1 tkey4722 4722
1 tkey4727 4727
1 tkey4732 4732
1 tkey4737 4737
1 tkey4742 4742
1 tkey4747 4747
1 tkey4752 4752
1 tkey4757 4757
1 tkey4762 4762
1 tkey5581 5581
1 tkey5586 5586
1 tkey5591 5591
1 tkey5596 5596
1 tkey5601 5601
1 tkey5759 5759
1 tkey5763 5763
1 tkey5768 5768
1 tkey5773 5773
1 tkey5778 5778
1 tkey5783 5783
1 tkey5788 5788
1 tkey5793 5793
1 tkey5798 5798
1 tkey5803 5803
1 tkey5808 5808
1 tkey5813 5813
1 tkey5764 5764
1 tkey5769 5769
1 tkey5774 5774
1 tkey5520 5520
1 tkey4767 4767
1 tkey4772 4772
1 tkey4777 4777
1 tkey4782 4782
1 tkey4787 4787
1 tkey4792 4792
1 tkey5779 5779
1 tkey5784 5784
1 tkey5789 5789
1 tkey5794 5794
1 tkey5525 5525
1 tkey5530 5530
1 tkey5535 5535
1 tkey5540 5540
1 tkey5545 5545
1 tkey5550 5550
1 tkey5606 5606
1 tkey4797 4797
1 tkey4802 4802
1 tkey5799 5799
1 tkey5804 5804
1 tkey4807 4807
1 tkey5809 5809
1 tkey5814 5814
1 tkey5819 5819
1 tkey5824 5824
1 tkey5611 5611
1 tkey5829 5829
1 tkey5834 5834
1 tkey5839 5839
1 tkey5844 5844
1 tkey5849 5849
1 tkey5854 5854
1 tkey5859 5859
1 tkey5864 5864
1 tkey5869 5869
1 tkey5874 5874
1 tkey5879 5879
1 tkey5555 5555
1 tkey5560 5560
1 tkey5818 5818
1 tkey5565 5565
1 tkey5570 5570
1 tkey5575 5575
1 tkey5823 5823
1 tkey5580 5580
1 tkey5585 5585
1 tkey5828 5828
1 tkey5590 5590
1 tkey5595 5595
1 tkey5600 5600
1 tkey5605 5605
1 tkey5610 5610
1 tkey5615 5615
1 tkey5620 5620
1 tkey5833 5833
1 tkey5625 5625
1 tkey5630 5630
1 tkey5635 5635
1 tkey5640 5640
1 tkey5645 5645
1 tkey5616 5616
1 tkey5621 5621
1 tkey5650 5650
1 tkey5655 5655
1 tkey5884 5884
1 tkey5660 5660
1 tkey5665 5665
1 tkey4812 4812
1 tkey5889 5889
1 tkey5670 5670
1 tkey4817 4817
1 tkey5838 5838
1 tkey5843 5843
1 tkey5848 5848
1 tkey5853 5853
1 tkey5858 5858
1 tkey5863 5863
1 tkey5868 5868
1 tkey5873 5873
1 tkey5878 5878
1 tkey5883 5883
1 tkey5888 5888
1 tkey5893 5893
1 tkey5626 5626
1 tkey5894 5894
1 tkey5899 5899
1 tkey5904 5904
1 tkey5909 5909
1 tkey5914 5914
1 tkey5919 5919
1 tkey5924 5924
1 tkey5929 5929
1 tkey5631 5631
1 tkey4822 4822
1 tkey4827 4827
1 tkey4832 4832
1 tkey4837 4837
1 tkey4842 4842
1 tkey4847 4847
1 tkey4852 4852
1 tkey4857 4857
1 tkey4862 4862
1 tkey4867 4867
1 tkey4872 4872
1 tkey5636 5636
1 tkey5675 5675
1 tkey5680 5680
1 tkey5685 5685
1 tkey5690 5690
1 tkey5695 5695
1 tkey5700 5700
1 tkey5898 5898
1 tkey5903 5903
1 tkey5908 5908
1 tkey5934 5934
1 tkey5939 5939
1 tkey5944 5944
1 tkey5949 5949
1 tkey5954 5954
1 tkey4877 4877
1 tkey4882 4882
1 tkey5705 5705
1 tkey5710 5710
1 tkey5715 5715
1 tkey5720 5720
1 tkey5725 5725
1 tkey5913 5913
1 tkey5918 5918
1 tkey5923 5923
1 tkey5928 5928
1 tkey5641 5641
1 tkey5646 5646
1 tkey5651 5651
1 tkey5656 5656
1 tkey5661 5661
1 tkey5666 5666
1 tkey5671 5671
1 tkey5676 5676
1 tkey4887 4887
1 tkey4892 4892
1 tkey4897 4897
1 tkey4902 4902
1 tkey4907 4907
1 tkey4912 4912
1 tkey4917 4917
1 tkey4922 4922
1 tkey4927 4927
1 tkey4932 4932
1 tkey4937 4937
1 tkey4942 4942
1 tkey4947 4947
1 tkey5933 5933
1 tkey5938 5938
1 tkey5943 5943
1 tkey5948 5948
1 tkey5953 5953
1 tkey5958 5958
1 tkey5963 5963
1 tkey5968 5968
1 tkey5973 5973
1 tkey5978 5978
1 tkey5983 5983
1 tkey5730 5730
1 tkey5681 5681
1 tkey5686 5686
1 tkey5691 5691
1 tkey5696 5696
1 tkey5701 5701
1 tkey5706 5706
1 tkey5711 5711
1 tkey5716 5716
1 tkey5959 5959
1 tkey5964 5964
1 tkey5969 5969
1 tkey4952 4952
1 tkey4957 4957
1 tkey4962 4962
1 tkey4967 4967
1 tkey5988 5988
1 tkey5993 5993
1 tkey5998 5998
1 tkey6003 6003
1 tkey6008 6008
1 tkey5974 5974
1 tkey5979 5979
1 tkey4972 4972
1 tkey5735 5735
1 tkey5740 5740
1 tkey5745 5745
1 tkey5750 5750
1 tkey5755 5755
1 tkey5984 5984
1 tkey5989 5989
1 tkey5994 5994
1 tkey5999 5999
1 tkey6004 6004
1 tkey6009 6009
1 tkey6013 6013
1 tkey6018 6018
1 tkey6023 6023
1 tkey6028 6028
1 tkey6033 6033
1 tkey4977 4977
1 tkey4982 4982
1 tkey4987 4987
1 tkey4992 4992
1 tkey4997 4997
1 tkey5760 5760
1 tkey5765 5765
1 tkey5770 5770
1 tkey5775 5775
1 tkey5780 5780
1 tkey6014 6014
1 tkey6019 6019
1 tkey6024 6024
1 tkey6029 6029
1 tkey5721 5721
1 tkey5726 5726
1 tkey5731 5731
1 tkey5736 5736
1 tkey5741 5741
1 tkey5746 5746
1 tkey5751 5751
1 tkey5756 5756
1 tkey5761 5761
1 tkey5766 5766
1 tkey5771 5771
1 tkey5776 5776
1 tkey5785 5785
1 tkey5790 5790
1 tkey5795 5795
1 tkey5800 5800
1 tkey5805 5805
1 tkey5810 5810
1 tkey5815 5815
1 tkey5820 5820
1 tkey5825 5825
1 tkey5781 5781
1 tkey5786 5786
1 tkey5002 5002
1 tkey5007 5007
1 tkey5012 5012
1 tkey5017 5017
1 tkey5022 5022
1 tkey5027 5027
1 tkey5032 5032
1 tkey5037 5037
1 tkey5042 5042
1 tkey5047 5047
1 tkey5052 5052
1 tkey5057 5057
1 tkey5062 5062
1 tkey6034 6034
1 tkey5830 5830
1 tkey5835 5835
1 tkey5840 5840
1 tkey5845 5845
1 tkey5850 5850
1 tkey5855 5855
1 tkey5860 5860
1 tkey5067 5067
1 tkey5072 5072
1 tkey6038 6038
1 tkey5077 5077
1 tkey5082 5082
1 tkey5087 5087
1 tkey5092 5092
1 tkey5097 5097
1 tkey5102 5102
1 tkey5107 5107
1 tkey5112 5112
1 tkey6043 6043
1 tkey6048 6048
1 tkey6053 6053
1 tkey6058 6058
1 tkey6063 6063
1 tkey6068 6068
1 tkey6039 6039
1 tkey6044 6044
1 tkey6049 6049
1 tkey6054 6054
1 tkey6059 6059
1 tkey5791 5791
1 tkey5796 5796
1 tkey5801 5801
1 tkey5806 5806
1 tkey6073 6073
1 tkey6078 6078
1 tkey6083 6083
1 tkey6088 6088
1 tkey6093 6093
1 tkey6098 6098
1 tkey6103 6103
1 tkey6108 6108
1 tkey6113 6113
1 tkey6118 6118
1 tkey5865 5865
1 tkey5811 5811
1 tkey5816 5816
1 tkey5117 5117
1 tkey6123 6123
1 tkey6064 6064
1 tkey6069 6069
1 tkey6074 6074
1 tkey5870 5870
1 tkey5875 5875
1 tkey5880 5880
1 tkey6079 6079
1 tkey6084 6084
1 tkey6089 6089
1 tkey6094 6094
1 tkey6099 6099
1 tkey5885 5885
1 tkey6128 6128
1 tkey5821 5821
1 tkey5826 5826
1 tkey5831 5831
1 tkey5836 5836
1 tkey5841 5841
1 tkey6104 6104
1 tkey6109 6109
1 tkey6114 6114
1 tkey6119 6119
1 tkey6124 6124
1 tkey6129 6129
1 tkey6134 6134
1 tkey6139 6139
1 tkey6144 6144
1 tkey6149 6149
1 tkey6154 6154
1 tkey6159 6159
1 tkey6164 6164
1 tkey5890 5890
1 tkey5895 5895
1 tkey5900 5900
1 tkey5846 5846
1 tkey5851 5851
1 tkey5856 5856
1 tkey5861 5861
1 tkey5866 5866
1 tkey6133 6133
1 tkey5122 5122
1 tkey5127 5127
1 tkey5132 5132
1 tkey5137 5137
1 tkey5871 5871
1 tkey5876 5876
1 tkey5881 5881
1 tkey5886 5886
1 tkey5905 5905
1 tkey5910 5910
1 tkey5915 5915
1 tkey5920 5920
1 tkey5925 5925
1 tkey5930 5930
1 tkey5935 5935
1 tkey5940 5940
1 tkey5945 5945
1 tkey5950 5950
1 tkey5955 5955
1 tkey5142 5142
1 tkey5147 5147
1 tkey5152 5152
1 tkey5157 5157
1 tkey5162 5162
1 tkey5167 5167
1 tkey5891 5891
1 tkey6169 6169
1 tkey6174 6174
1 tkey6179 6179
1 tkey6184 6184
1 tkey5960 5960
1 tkey5965 5965
1 tkey5970 5970
1 tkey5975 5975
1 tkey5980 5980
1 tkey5985 5985
1 tkey5990 5990
1 tkey5995 5995
1 tkey6138 6138
1 tkey6143 6143
1 tkey6148 6148
1 tkey6153 6153
1 tkey5172 5172
1 tkey5177 5177
1 tkey5182 5182
1 tkey6189 6189
1 tkey6000 6000
1 tkey6005 6005
1 tkey6194 6194
1 tkey6010 6010
1 tkey6015 6015
1 tkey6020 6020
1 tkey6025 6025
1 tkey6199 6199
1 tkey6030 6030
1 tkey6035 6035
1 tkey6158 6158
1 tkey6163 6163
1 tkey6168 6168
1 tkey6173 6173
1 tkey6178 6178
1 tkey6204 6204
1 tkey5187 5187
1 tkey5192 5192
1 tkey5197 5197
1 tkey5202 5202
1 tkey5207 5207
1 tkey5212 5212
1 tkey5217 5217
1 tkey5222 5222
1 tkey5227 5227
1 tkey5232 5232
1 tkey5237 5237
1 tkey6183 6183
1 tkey6188 6188
1 tkey6040 6040
1 tkey6045 6045
1 tkey5242 5242
1 tkey5247 5247
1 tkey5896 5896
1 tkey5901 5901
1 tkey6193 6193
1 tkey6198 6198
1 tkey6203 6203
1 tkey6209 6209
1 tkey6214 6214
1 tkey6050 6050
1 tkey6055 6055
1 tkey6060 6060
1 tkey6065 6065
1 tkey6070 6070
1 tkey6075 6075
1 tkey6080 6080
1 tkey5252 5252
1 tkey5257 5257
1 tkey6208 6208
1 tkey5262 5262
1 tkey5267 5267
1 tkey5272 5272
1 tkey5277 5277
1 tkey5282 5282
1 tkey5906 5906
1 tkey5911 5911
1 tkey5916 5916
1 tkey5921 5921
1 tkey5926 5926
1 tkey5287 5287
1 tkey5292 5292
1 tkey5297 5297
1 tkey5302 5302
1 tkey6085 6085
1 tkey6090 6090
1 tkey6095 6095
1 tkey6100 6100
1 tkey6105 6105
1 tkey6110 6110
1 tkey6115 6115
1 tkey6120 6120
1 tkey5307 5307
1 tkey6219 6219
1 tkey6224 6224
1 tkey6229 6229
1 tkey6234 6234
1 tkey5312 5312
1 tkey5317 5317
1 tkey5322 5322
1 tkey5327 5327
1 tkey6213 6213
1 tkey6218 6218
1 tkey6223 6223
1 tkey6228 6228
1 tkey6233 6233
1 tkey6238 6238
1 tkey5931 5931
1 tkey6239 6239
1 tkey6244 6244
1 tkey6249 6249
1 tkey5936 5936
1 tkey5941 5941
1 tkey5946 5946
1 tkey5951 5951
1 tkey5956 5956
1 tkey5961 5961
1 tkey5966 5966
1 tkey5971 5971
1 tkey5976 5976
1 tkey5332 5332
1 tkey5337 5337
1 tkey5342 5342
1 tkey6243 6243
1 tkey6248 6248
1 tkey6253 6253
1 tkey6258 6258
1 tkey6263 6263
1 tkey6268 6268
1 tkey6273 6273
1 tkey6254 6254
1 tkey6259 6259
1 tkey6264 6264
1 tkey6269 6269
1 tkey5347 5347
1 tkey5352 5352
1 tkey6125 6125
1 tkey6130 6130
1 tkey5981 5981
1 tkey5986 5986
1 tkey5991 5991
1 tkey5996 5996
1 tkey6001 6001
1 tkey6006 6006
1 tkey6274 6274
1 tkey6279 6279
1 tkey6284 6284
1 tkey6135 6135
1 tkey6140 6140
1 tkey5357 5357
1 tkey5362 5362
1 tkey5367 5367
1 tkey5372 5372
1 tkey6278 6278
1 tkey6283 6283
1 tkey5377 5377
1 tkey6288 6288
1 tkey6293 6293
1 tkey6011 6011
1 tkey5382 5382
1 tkey6298 6298
1 tkey6145 6145
1 tkey6016 6016
1 tkey6150 6150
1 tkey6303 6303
1 tkey6021 6021
1 tkey6155 6155
1 tkey6160 6160
1 tkey6165 6165
1 tkey6170 6170
1 tkey6175 6175
1 tkey6180 6180
1 tkey6185 6185
1 tkey6190 6190
1 tkey6195 6195
1 tkey6200 6200
1 tkey6289 6289
1 tkey6294 6294
1 tkey6308 6308
1 tkey5387 5387
1 tkey5392 5392
1 tkey6299 6299
1 tkey6304 6304
1 tkey6309 6309
1 tkey6314 6314
1 tkey6319 6319
1 tkey6324 6324
1 tkey6329 6329
1 tkey6334 6334
1 tkey6339 6339
1 tkey6344 6344
1 tkey5397 5397
1 tkey5402 5402
1 tkey5407 5407
1 tkey5412 5412
1 tkey5417 5417
1 tkey6205 6205
1 tkey6210 6210
1 tkey5422 5422
1 tkey5427 5427
1 tkey5432 5432
1 tkey5437 5437
1 tkey5442 5442
1 tkey5447 5447
1 tkey5452 5452
1 tkey5457 5457
1 tkey6215 6215
1 tkey6220 6220
1 tkey6225 6225
1 tkey6230 6230
1 tkey6235 6235
1 tkey6313 6313
1 tkey6026 6026
1 tkey5462 5462
1 tkey5467 5467
1 tkey5472 5472
1 tkey5477 5477
1 tkey5482 5482
1 tkey5487 5487
1 tkey5492 5492
1 tkey5497 5497
1 tkey6240 6240
1 tkey6245 6245
1 tkey6250 6250
1 tkey6031 6031
1 tkey6036 6036
1 tkey6041 6041
1 tkey6046 6046
1 tkey5502 5502
1 tkey5507 5507
1 tkey5512 5512
1 tkey5517 5517
1 tkey5522 5522
1 tkey6051 6051
1 tkey6056 6056
1 tkey6061 6061
1 tkey6066 6066
1 tkey6255 6255
1 tkey6318 6318
1 tkey6323 6323
1 tkey6071 6071
1 tkey6076 6076
1 tkey6260 6260
1 tkey5527 5527
1 tkey5532 5532
1 tkey5537 5537
1 tkey5542 5542
1 tkey5547 5547
1 tkey5552 5552
1 tkey5557 5557
1 tkey5562 5562
1 tkey6349 6349
1 tkey6354 6354
1 tkey6328 6328
1 tkey6265 6265
1 tkey6270 6270
1 tkey6333 6333
1 tkey6338 6338
1 tkey6343 6343
1 tkey6348 6348
1 tkey5567 5567
1 tkey5572 5572
1 tkey5577 5577
1 tkey5582 5582
1 tkey5587 5587
1 tkey5592 5592
1 tkey5597 5597
1 tkey5602 5602
1 tkey6359 6359
1 tkey6364 6364
1 tkey6369 6369
1 tkey6374 6374
1 tkey6379 6379
1 tkey6384 6384
1 tkey5607 5607
1 tkey5612 5612
1 tkey5617 5617
1 tkey5622 5622
1 tkey5627 5627
1 tkey5632 5632
1 tkey5637 5637
1 tkey6081 6081
1 tkey6086 6086
1 tkey6389 6389
1 tkey6394 6394
1 tkey6399 6399
1 tkey6404 6404
1 tkey6409 6409
1 tkey6414 6414
1 tkey6419 6419
1 tkey6424 6424
1 tkey6429 6429
1 tkey6434 6434
1 tkey6353 6353
1 tkey6358 6358
1 tkey6363 6363
1 tkey6368 6368
1 tkey6373 6373
1 tkey6378 6378
1 tkey6383 6383
1 tkey6091 6091
1 tkey6275 6275
1 tkey6280 6280
1 tkey6285 6285
1 tkey6439 6439
1 tkey6444 6444
1 tkey6388 6388
1 tkey6393 6393
1 tkey6398 6398
1 tkey6403 6403
1 tkey6408 6408
1 tkey6413 6413
1 tkey6418 6418
1 tkey6423 6423
1 tkey6428 6428
1 tkey6096 6096
1 tkey6449 6449
1 tkey6454 6454
1 tkey6459 6459
1 tkey6464 6464
1 tkey6469 6469
1 tkey6474 6474
1 tkey6479 6479
1 tkey6484 6484
1 tkey6489 6489
1 tkey6494 6494
1 tkey6499 6499
1 tkey6504 6504
1 tkey6509 6509
1 tkey6514 6514
1 tkey6519 6519
1 tkey6524 6524
1 tkey6529 6529
1 tkey6534 6534
1 tkey6539 6539
1 tkey6544 6544
1 tkey6549 6549
1 tkey6554 6554
1 tkey6101 6101
1 tkey6106 6106
1 tkey6111 6111
1 tkey6116 6116
1 tkey6121 6121
1 tkey6126 6126
1 tkey6433 6433
1 tkey6438 6438
1 tkey6443 6443
1 tkey6448 6448
1 tkey6453 6453
1 tkey6458 6458
1 tkey6463 6463
1 tkey6468 6468
1 tkey6473 6473
1 tkey6131 6131
1 tkey6136 6136
1 tkey6141 6141
1 tkey6290 6290
1 tkey6295 6295
1 tkey6300 6300
1 tkey6305 6305
1 tkey6559 6559
1 tkey6564 6564
1 tkey6569 6569
1 tkey6574 6574
1 tkey6579 6579
1 tkey6584 6584
1 tkey5642 5642
1 tkey5647 5647
1 tkey5652 5652
1 tkey5657 5657
1 tkey5662 5662
1 tkey6478 6478
1 tkey6483 6483
1 tkey6310 6310
1 tkey6315 6315
1 tkey6320 6320
1 tkey6325 6325
1 tkey6330 6330
1 tkey6589 6589
1 tkey6594 6594
1 tkey6599 6599
1 tkey6604 6604
1 tkey6609 6609
1 tkey6614 6614
1 tkey6488 6488
1 tkey6493 6493
1 tkey6498 6498
1 tkey6503 6503
1 tkey6508 6508
1 tkey6513 6513
1 tkey6518 6518
1 tkey6523 6523
1 tkey6528 6528
1 tkey5667 5667
1 tkey5672 5672
1 tkey5677 5677
1 tkey5682 5682
1 tkey5687 5687
1 tkey5692 5692
1 tkey5697 5697
1 tkey5702 5702
1 tkey5707 5707
1 tkey5712 5712
1 tkey5717 5717
1 tkey5722 5722
1 tkey5727 5727
1 tkey5732 5732
1 tkey6335 6335
1 tkey6533 6533
1 tkey6146 6146
1 tkey6151 6151
1 tkey6156 6156
1 tkey6161 6161
1 tkey6166 6166
1 tkey6171 6171
1 tkey6176 6176
1 tkey6181 6181
1 tkey6186 6186
1 tkey6191 6191
1 tkey6196 6196
1 tkey6201 6201
1 tkey6206 6206
1 tkey6211 6211
1 tkey6216 6216
1 tkey5737 5737
1 tkey6538 6538
1 tkey6543 6543
1 tkey6548 6548
1 tkey6553 6553
1 tkey6558 6558
1 tkey6563 6563
1 tkey6340 6340
1 tkey6221 6221
1 tkey5742 5742
1 tkey5747 5747
1 tkey5752 5752
1 tkey5757 5757
1 tkey5762 5762
1 tkey5767 5767
1 tkey6619 6619
1 tkey6624 6624
1 tkey6226 6226
1 tkey6629 6629
1 tkey6634 6634
1 tkey6639 6639
1 tkey6644 6644
1 tkey6568 6568
1 tkey6573 6573
1 tkey6578 6578
1 tkey6583 6583
1 tkey6231 6231
1 tkey6236 6236
1 tkey5772 5772
1 tkey5777 5777
1 tkey5782 5782
1 tkey6345 6345
1 tkey6649 6649
1 tkey6654 6654
1 tkey6659 6659
1 tkey6664 6664
1 tkey6669 6669
1 tkey6674 6674
1 tkey6679 6679
1 tkey6684 6684
1 tkey6588 6588
1 tkey6593 6593
1 tkey5787 5787
1 tkey6241 6241
1 tkey6246 6246
1 tkey6251 6251
1 tkey6256 6256
1 tkey6261 6261
1 tkey6266 6266
1 tkey6271 6271
1 tkey6276 6276
1 tkey6281 6281
1 tkey6286 6286
1 tkey6689 6689
1 tkey6694 6694
1 tkey6699 6699
1 tkey5792 5792
1 tkey5797 5797
1 tkey5802 5802
1 tkey5807 5807
1 tkey6350 6350
1 tkey6355 6355
1 tkey6360 6360
1 tkey6291 6291
1 tkey6296 6296
1 tkey6301 6301
1 tkey6306 6306
1 tkey6311 6311
1 tkey6316 6316
1 tkey6321 6321
1 tkey6326 6326
1 tkey6331 6331
1 tkey6336 6336
1 tkey6341 6341
1 tkey6346 6346
1 tkey6351 6351
1 tkey6365 6365
1 tkey6370 6370
1 tkey6375 6375
1 tkey6704 6704
1 tkey6709 6709
1 tkey6714 6714
1 tkey6719 6719
1 tkey6724 6724
1 tkey5812 5812
1 tkey5817 5817
1 tkey6380 6380
1 tkey6385 6385
1 tkey6390 6390
1 tkey6395 6395
1 tkey6400 6400
1 tkey6405 6405
1 tkey6410 6410
1 tkey6415 6415
1 tkey6729 6729
1 tkey6734 6734
1 tkey5822 5822
1 tkey5827 5827
1 tkey5832 5832
1 tkey5837 5837
1 tkey6356 6356
1 tkey6598 6598
1 tkey6603 6603
1 tkey6608 6608
1 tkey6613 6613
1 tkey5842 5842
1 tkey5847 5847
1 tkey5852 5852
1 tkey5857 5857
1 tkey5862 5862
1 tkey5867 5867
1 tkey6618 6618
1 tkey5872 5872
1 tkey5877 5877
1 tkey6739 6739
1 tkey5882 5882
1 tkey5887 5887
1 tkey5892 5892
1 tkey5897 5897
1 tkey5902 5902
1 tkey5907 5907
1 tkey5912 5912
1 tkey5917 5917
1 tkey5922 5922
1 tkey5927 5927
1 tkey5932 5932
1 tkey5937 5937
1 tkey6420 6420
1 tkey6425 6425
1 tkey6430 6430
1 tkey6435 6435
1 tkey6440 6440
1 tkey6623 6623
1 tkey6628 6628
1 tkey6633 6633
1 tkey6638 6638
1 tkey6744 6744
1 tkey6749 6749
1 tkey6754 6754
1 tkey6759 6759
1 tkey6764 6764
1 tkey6769 6769
1 tkey6643 6643
1 tkey6774 6774
1 tkey6648 6648
1 tkey6653 6653
1 tkey6658 6658
1 tkey6663 6663
1 tkey5942 5942
1 tkey6668 6668
1 tkey6673 6673
1 tkey6678 6678
1 tkey6683 6683
1 tkey6688 6688
1 tkey5947 5947
1 tkey6779 6779
1 tkey6361 6361
1 tkey6366 6366
1 tkey6371 6371
1 tkey6376 6376
1 tkey6381 6381
1 tkey6386 6386
1 tkey6391 6391
1 tkey6693 6693
1 tkey6698 6698
1 tkey6703 6703
1 tkey6708 6708
1 tkey6713 6713
1 tkey6718 6718
1 tkey5952 5952
1 tkey5957 5957
1 tkey5962 5962
1 tkey5967 5967
1 tkey5972 5972
1 tkey6445 6445
1 tkey6450 6450
1 tkey6455 6455
1 tkey6460 6460
1 tkey6465 6465
1 tkey6470 6470
1 tkey6475 6475
1 tkey6480 6480
1 tkey6485 6485
1 tkey6490 6490
1 tkey6495 6495
1 tkey6500 6500
1 tkey6396 6396
1 tkey6401 6401
1 tkey6406 6406
1 tkey6784 6784
1 tkey6789 6789
1 tkey6794 6794
1 tkey5977 5977
1 tkey5982 5982
1 tkey6411 6411
1 tkey6416 6416
1 tkey6421 6421
1 tkey6426 6426
1 tkey6431 6431
1 tkey6436 6436
1 tkey6441 6441
1 tkey6446 6446
1 tkey6451 6451
1 tkey6456 6456
1 tkey6461 6461
1 tkey6505 6505
1 tkey6510 6510
1 tkey6515 6515
1 tkey6520 6520
1 tkey6525 6525
1 tkey6530 6530
1 tkey6535 6535
1 tkey6540 6540
1 tkey6799 6799
1 tkey5987 5987
1 tkey5992 5992
1 tkey5997 5997
1 tkey6804 6804
1 tkey6809 6809
1 tkey6814 6814
1 tkey6819 6819
1 tkey6466 6466
1 tkey6471 6471
1 tkey6824 6824
1 tkey6829 6829
1 tkey6834 6834
1 tkey6545 6545
1 tkey6723 6723
1 tkey6728 6728
1 tkey6733 6733
1 tkey6738 6738
1 tkey6743 6743
1 tkey6748 6748
1 tkey6753 6753
1 tkey6476 6476
1 tkey6481 6481
1 tkey6550 6550
1 tkey6002 6002
1 tkey6839 6839
1 tkey6844 6844
1 tkey6849 6849
1 tkey6854 6854
1 tkey6859 6859
1 tkey6555 6555
1 tkey6560 6560
1 tkey6007 6007
1 tkey6565 6565
1 tkey6570 6570
1 tkey6575 6575
1 tkey6012 6012
1 tkey6580 6580
1 tkey6585 6585
1 tkey6590 6590
1 tkey6486 6486
1 tkey6017 6017
1 tkey6595 6595
1 tkey6491 6491
1 tkey6496 6496
1 tkey6501 6501
1 tkey6506 6506
1 tkey6864 6864
1 tkey6758 6758
1 tkey6763 6763
1 tkey6768 6768
1 tkey6773 6773
1 tkey6778 6778
1 tkey6783 6783
1 tkey6788 6788
1 tkey6793 6793
1 tkey6798 6798
1 tkey6511 6511
1 tkey6516 6516
1 tkey6521 6521
1 tkey6526 6526
1 tkey6531 6531
1 tkey6536 6536
1 tkey6022 6022
1 tkey6027 6027
1 tkey6869 6869
1 tkey6874 6874
1 tkey6879 6879
1 tkey6884 6884
1 tkey6889 6889
1 tkey6032 6032
1 tkey6037 6037
1 tkey6541 6541
1 tkey6546 6546
1 tkey6600 6600
1 tkey6605 6605
1 tkey6610 6610
1 tkey6615 6615
1 tkey6803 6803
1 tkey6808 6808
1 tkey6894 6894
1 tkey6551 6551
1 tkey6556 6556
1 tkey6561 6561
1 tkey6566 6566
1 tkey6571 6571
1 tkey6576 6576
1 tkey6899 6899
1 tkey6904 6904
1 tkey6909 6909
1 tkey6914 6914
1 tkey6919 6919
1 tkey6924 6924
1 tkey6929 6929
1 tkey6934 6934
1 tkey6939 6939
1 tkey6944 6944
1 tkey6949 6949
1 tkey6954 6954
1 tkey6959 6959
1 tkey6964 6964
1 tkey6969 6969
1 tkey6974 6974
1 tkey6620 6620
1 tkey6581 6581
1 tkey6813 6813
1 tkey6818 6818
1 tkey6823 6823
1 tkey6979 6979
1 tkey6984 6984
1 tkey6989 6989
1 tkey6994 6994
1 tkey6999 6999
1 tkey7004 7004
1 tkey7009 7009
1 tkey7014 7014
1 tkey7019 7019
1 tkey7024 7024
1 tkey6586 6586
1 tkey6828 6828
1 tkey6042 6042
1 tkey6625 6625
1 tkey6630 6630
1 tkey6635 6635
1 tkey6640 6640
1 tkey6645 6645
1 tkey6650 6650
1 tkey6655 6655
1 tkey6660 6660
1 tkey6591 6591
1 tkey6596 6596
1 tkey6601 6601
1 tkey6606 6606
1 tkey6611 6611
1 tkey6616 6616
1 tkey6621 6621
1 tkey6626 6626
1 tkey6631 6631
1 tkey6636 6636
1 tkey6641 6641
1 tkey6646 6646
1 tkey6651 6651
1 tkey6656 6656
1 tkey6661 6661
1 tkey6666 6666
1 tkey6671 6671
1 tkey6676 6676
1 tkey6833 6833
1 tkey6681 6681
1 tkey6686 6686
1 tkey6691 6691
1 tkey6696 6696
1 tkey6701 6701
1 tkey6706 6706
1 tkey7029 7029
1 tkey7034 7034
1 tkey7039 7039
1 tkey6838 6838
1 tkey6843 6843
1 tkey6848 6848
1 tkey6853 6853
1 tkey6858 6858
1 tkey6863 6863
1 tkey6868 6868
1 tkey6873 6873
1 tkey6665 6665
1 tkey6670 6670
1 tkey6675 6675
1 tkey6680 6680
1 tkey6047 6047
1 tkey6052 6052
1 tkey6057 6057
1 tkey6062 6062
1 tkey6685 6685
1 tkey6690 6690
1 tkey6695 6695
1 tkey6700 6700
1 tkey6711 6711
1 tkey6705 6705
1 tkey6710 6710
1 tkey6715 6715
1 tkey6878 6878
1 tkey6883 6883
1 tkey7044 7044
1 tkey6888 6888
1 tkey6893 6893
1 tkey7049 7049
1 tkey6067 6067
1 tkey6898 6898
1 tkey7054 7054
1 tkey6072 6072
1 tkey6716 6716
1 tkey6721 6721
1 tkey6077 6077
1 tkey7059 7059
1 tkey6726 6726
1 tkey6731 6731
1 tkey6736 6736
1 tkey7064 7064
1 tkey7069 7069
1 tkey6720 6720
1 tkey6725 6725
1 tkey6082 6082
1 tkey6903 6903
1 tkey6908 6908
1 tkey6913 6913
1 tkey6918 6918
1 tkey6923 6923
1 tkey6928 6928
1 tkey6933 6933
1 tkey6938 6938
1 tkey6087 6087
1 tkey6092 6092
1 tkey6097 6097
1 tkey6102 6102
1 tkey6107 6107
1 tkey6741 6741
1 tkey6746 6746
1 tkey6751 6751
1 tkey6756 6756
1 tkey6761 6761
1 tkey6730 6730
1 tkey6735 6735
1 tkey6740 6740
1 tkey6745 6745
1 tkey6750 6750
1 tkey6755 6755
1 tkey6760 6760
1 tkey7074 7074
1 tkey6943 6943
1 tkey6948 6948
1 tkey6112 6112
1 tkey6117 6117
1 tkey6122 6122
1 tkey6127 6127
1 tkey6132 6132
1 tkey6137 6137
1 tkey6766 6766
1 tkey6771 6771
1 tkey6776 6776
1 tkey6781 6781
1 tkey6765 6765
1 tkey6770 6770
1 tkey7079 7079
1 tkey7084 7084
1 tkey7089 7089
1 tkey7094 7094
1 tkey7099 7099
1 tkey7104 7104
1 tkey7109 7109
1 tkey7114 7114
1 tkey7119 7119
1 tkey7124 7124
1 tkey7129 7129
1 tkey7134 7134
1 tkey7139 7139
1 tkey6142 6142
1 tkey6147 6147
1 tkey6152 6152
1 tkey6157 6157
1 tkey6162 6162
1 tkey6953 6953
1 tkey6958 6958
1 tkey6963 6963
1 tkey6968 6968
1 tkey6973 6973
1 tkey6978 6978
1 tkey7144 7144
1 tkey7149 7149
1 tkey7154 7154
1 tkey6775 6775
1 tkey6786 6786
1 tkey6167 6167
1 tkey6172 6172
1 tkey6177 6177
1 tkey6182 6182
1 tkey6187 6187
1 tkey6192 6192
1 tkey6197 6197
1 tkey6202 6202
1 tkey6207 6207
1 tkey6983 6983
1 tkey6988 6988
1 tkey7159 7159
1 tkey7164 7164
1 tkey7169 7169
1 tkey7174 7174
1 tkey6791 6791
1 tkey6796 6796
1 tkey6780 6780
1 tkey6212 6212
1 tkey6993 6993
1 tkey6998 6998
1 tkey7179 7179
1 tkey7184 7184
1 tkey7189 7189
1 tkey7194 7194
1 tkey7199 7199
1 tkey7204 7204
1 tkey7209 7209
1 tkey6801 6801
1 tkey6806 6806
1 tkey6811 6811
1 tkey6816 6816
1 tkey6821 6821
1 tkey6217 6217
1 tkey7214 7214
1 tkey7219 7219
1 tkey7224 7224
1 tkey7229 7229
1 tkey7234 7234
1 tkey7239 7239
1 tkey7244 7244
1 tkey7249 7249
1 tkey7003 7003
1 tkey7008 7008
1 tkey7013 7013
1 tkey7018 7018
1 tkey6826 6826
1 tkey6831 6831
1 tkey6836 6836
1 tkey6841 6841
1 tkey6846 6846
1 tkey6851 6851
1 tkey6856 6856
1 tkey6861 6861
1 tkey6866 6866
1 tkey6871 6871
1 tkey6876 6876
1 tkey6881 6881
1 tkey6886 6886
1 tkey6891 6891
1 tkey6896 6896
1 tkey6901 6901
1 tkey6906 6906
1 tkey6222 6222
1 tkey6227 6227
1 tkey6232 6232
1 tkey7254 7254
1 tkey7259 7259
1 tkey7264 7264
1 tkey7269 7269
1 tkey7274 7274
1 tkey7279 7279
1 tkey7284 7284
1 tkey7289 7289
1 tkey7294 7294
1 tkey6785 6785
1 tkey6790 6790
1 tkey6795 6795
1 tkey6800 6800
1 tkey6805 6805
1 tkey6810 6810
1 tkey6815 6815
1 tkey6820 6820
1 tkey6825 6825
1 tkey6830 6830
1 tkey6835 6835
1 tkey6911 6911
1 tkey6916 6916
1 tkey7023 7023
1 tkey7299 7299
1 tkey7304 7304
1 tkey6237 6237
1 tkey7028 7028
1 tkey6840 6840
1 tkey6845 6845
1 tkey6850 6850
1 tkey6855 6855
1 tkey6860 6860
1 tkey6865 6865
1 tkey6870 6870
1 tkey6875 6875
1 tkey7309 7309
1 tkey7314 7314
1 tkey7319 7319
1 tkey7324 7324
1 tkey7329 7329
1 tkey7334 7334
1 tkey7339 7339
1 tkey6242 6242
1 tkey6247 6247
1 tkey7344 7344
1 tkey7349 7349
1 tkey7354 7354
1 tkey7359 7359
1 tkey7364 7364
1 tkey7369 7369
1 tkey7374 7374
1 tkey7033 7033
1 tkey7038 7038
1 tkey7043 7043
1 tkey7048 7048
1 tkey7053 7053
1 tkey7058 7058
1 tkey7063 7063
1 tkey7068 7068
1 tkey7073 7073
1 tkey7078 7078
1 tkey7083 7083
1 tkey7088 7088
1 tkey7093 7093
1 tkey7098 7098
1 tkey6880 6880
1 tkey6885 6885
1 tkey6890 6890
1 tkey6895 6895
1 tkey6252 6252
1 tkey6257 6257
1 tkey6900 6900
1 tkey6905 6905
1 tkey6921 6921
1 tkey6926 6926
1 tkey7379 7379
1 tkey7384 7384
1 tkey7389 7389
1 tkey7103 7103
1 tkey7108 7108
1 tkey7113 7113
1 tkey7118 7118
1 tkey7123 7123
1 tkey6262 6262
1 tkey6267 6267
1 tkey6272 6272
1 tkey6277 6277
1 tkey6282 6282
1 tkey6931 6931
1 tkey6936 6936
1 tkey6287 6287
1 tkey6292 6292
1 tkey6297 6297
1 tkey6302 6302
1 tkey6307 6307
1 tkey6312 6312
1 tkey6317 6317
1 tkey6322 6322
1 tkey7394 7394
1 tkey7128 7128
1 tkey7133 7133
1 tkey7138 7138
1 tkey7143 7143
1 tkey7399 7399
1 tkey7404 7404
1 tkey7409 7409
1 tkey7414 7414
1 tkey7419 7419
1 tkey7424 7424
1 tkey7429 7429
1 tkey7434 7434
1 tkey7439 7439
1 tkey6941 6941
1 tkey6946 6946
1 tkey6951 6951
1 tkey6956 6956
1 tkey6961 6961
1 tkey6966 6966
1 tkey6971 6971
1 tkey6976 6976
1 tkey6981 6981
1 tkey6986 6986
1 tkey7148 7148
1 tkey7153 7153
1 tkey6327 6327
1 tkey6332 6332
1 tkey6337 6337
1 tkey6342 6342
1 tkey6347 6347
1 tkey6352 6352
1 tkey6991 6991
1 tkey6996 6996
1 tkey7444 7444
1 tkey7449 7449
1 tkey7454 7454
1 tkey7459 7459
1 tkey7464 7464
1 tkey7469 7469
1 tkey7474 7474
1 tkey7479 7479
1 tkey7484 7484
1 tkey6357 6357
1 tkey7489 7489
1 tkey7494 7494
1 tkey6362 6362
1 tkey7499 7499
1 tkey6367 6367
1 tkey7504 7504
1 tkey7509 7509
1 tkey6372 6372
1 tkey7514 7514
1 tkey6910 6910
1 tkey6915 6915
1 tkey6920 6920
1 tkey6925 6925
1 tkey6930 6930
1 tkey6935 6935
1 tkey6940 6940
1 tkey6377 6377
1 tkey7158 7158
1 tkey7163 7163
1 tkey7168 7168
1 tkey7173 7173
1 tkey6945 6945
1 tkey6950 6950
1 tkey6955 6955
1 tkey7519 7519
1 tkey7524 7524
1 tkey6382 6382
1 tkey7529 7529
1 tkey6387 6387
1 tkey7178 7178
1 tkey7183 7183
1 tkey6960 6960
1 tkey6965 6965
1 tkey6970 6970
1 tkey7001 7001
1 tkey7006 7006
1 tkey7011 7011
1 tkey7016 7016
1 tkey7021 7021
1 tkey7026 7026
1 tkey7031 7031
1 tkey7036 7036
1 tkey7041 7041
1 tkey7046 7046
1 tkey7051 7051
1 tkey7056 7056
1 tkey7061 7061
1 tkey7066 7066
1 tkey7071 7071
1 tkey6975 6975
1 tkey7076 7076
1 tkey6980 6980
1 tkey7081 7081
1 tkey7086 7086
1 tkey6392 6392
1 tkey6397 6397
1 tkey6402 6402
1 tkey6407 6407
1 tkey6412 6412
1 tkey6417 6417
1 tkey6422 6422
1 tkey6427 6427
1 tkey7188 7188
1 tkey7534 7534
1 tkey7539 7539
1 tkey7544 7544
1 tkey7549 7549
1 tkey7554 7554
1 tkey7559 7559
1 tkey7193 7193
1 tkey6985 6985
1 tkey6990 6990
1 tkey6995 6995
1 tkey7000 7000
1 tkey7005 7005
1 tkey7564 7564
1 tkey7569 7569
1 tkey6432 6432
1 tkey6437 6437
1 tkey6442 6442
1 tkey7574 7574
1 tkey6447 6447
1 tkey7091 7091
1 tkey6452 6452
1 tkey6457 6457
1 tkey6462 6462
1 tkey7096 7096
1 tkey6467 6467
1 tkey6472 6472
1 tkey6477 6477
1 tkey6482 6482
1 tkey6487 6487
1 tkey7198 7198
1 tkey7203 7203
1 tkey7579 7579
1 tkey7584 7584
1 tkey7589 7589
1 tkey7594 7594
1 tkey7599 7599
1 tkey7604 7604
1 tkey7609 7609
1 tkey7614 7614
1 tkey7010 7010
1 tkey7619 7619
1 tkey7624 7624
1 tkey7629 7629
1 tkey7634 7634
1 tkey7639 7639
1 tkey7644 7644
1 tkey7649 7649
1 tkey7654 7654
1 tkey7015 7015
1 tkey7020 7020
1 tkey7025 7025
1 tkey7030 7030
1 tkey7035 7035
1 tkey7040 7040
1 tkey7045 7045
1 tkey7050 7050
1 tkey7055 7055
1 tkey7060 7060
1 tkey7065 7065
1 tkey7070 7070
1 tkey7075 7075
1 tkey7080 7080
1 tkey7085 7085
1 tkey7090 7090
1 tkey7095 7095
1 tkey7100 7100
1 tkey7105 7105
1 tkey7110 7110
1 tkey7115 7115
1 tkey7101 7101
1 tkey7106 7106
1 tkey7111 7111
1 tkey7116 7116
1 tkey7208 7208
1 tkey7213 7213
1 tkey7218 7218
1 tkey7120 7120
1 tkey7659 7659
1 tkey7664 7664
1 tkey7669 7669
1 tkey7674 7674
1 tkey7679 7679
1 tkey7684 7684
1 tkey7689 7689
1 tkey7694 7694
1 tkey7699 7699
1 tkey7125 7125
1 tkey6492 6492
1 tkey7130 7130
1 tkey6497 6497
1 tkey7135 7135
1 tkey6502 6502
1 tkey7140 7140
1 tkey7704 7704
1 tkey7709 7709
1 tkey7121 7121
1 tkey7126 7126
1 tkey7131 7131
1 tkey7136 7136
1 tkey7141 7141
1 tkey7145 7145
1 tkey7150 7150
1 tkey7155 7155
1 tkey7160 7160
1 tkey7165 7165
1 tkey7170 7170
1 tkey7714 7714
1 tkey7719 7719
1 tkey7724 7724
1 tkey7729 7729
1 tkey7146 7146
1 tkey7151 7151
1 tkey7156 7156
1 tkey7161 7161
1 tkey7166 7166
1 tkey7223 7223
1 tkey7228 7228
1 tkey7233 7233
1 tkey7238 7238
1 tkey7243 7243
1 tkey7248 7248
1 tkey7175 7175
1 tkey7180 7180
1 tkey7185 7185
1 tkey7190 7190
1 tkey7195 7195
1 tkey7171 7171
1 tkey7176 7176
1 tkey7181 7181
1 tkey7186 7186
1 tkey7191 7191
1 tkey7196 7196
1 tkey7201 7201
1 tkey7206 7206
1 tkey7211 7211
1 tkey7216 7216
1 tkey7221 7221
1 tkey7226 7226
1 tkey7734 7734
1 tkey7739 7739
1 tkey6507 6507
1 tkey6512 6512
1 tkey6517 6517
1 tkey6522 6522
1 tkey6527 6527
1 tkey7253 7253
1 tkey7258 7258
1 tkey6532 6532
1 tkey6537 6537
1 tkey6542 6542
1 tkey7200 7200
1 tkey7205 7205
1 tkey7210 7210
1 tkey7215 7215
1 tkey7231 7231
1 tkey7236 7236
1 tkey7241 7241
1 tkey7246 7246
1 tkey7251 7251
1 tkey7256 7256
1 tkey7261 7261
1 tkey7266 7266
1 tkey7744 7744
1 tkey7749 7749
1 tkey7754 7754
1 tkey7759 7759
1 tkey7764 7764
1 tkey7271 7271
1 tkey7276 7276
1 tkey7281 7281
1 tkey7263 7263
1 tkey7268 7268
1 tkey7273 7273
1 tkey7278 7278
1 tkey7283 7283
1 tkey7288 7288
1 tkey7293 7293
1 tkey7298 7298
1 tkey7303 7303
1 tkey7308 7308
1 tkey7313 7313
1 tkey7318 7318
1 tkey7323 7323
1 tkey7328 7328
1 tkey7333 7333
1 tkey6547 6547
1 tkey7769 7769
1 tkey7774 7774
1 tkey7779 7779
1 tkey7784 7784
1 tkey6552 6552
1 tkey7338 7338
1 tkey7343 7343
1 tkey7789 7789
1 tkey7794 7794
1 tkey7799 7799
1 tkey7804 7804
1 tkey7809 7809
1 tkey7814 7814
1 tkey7819 7819
1 tkey7824 7824
1 tkey7829 7829
1 tkey7834 7834
1 tkey6557 6557
1 tkey6562 6562
1 tkey6567 6567
1 tkey6572 6572
1 tkey7839 7839
1 tkey7844 7844
1 tkey7849 7849
1 tkey7854 7854
1 tkey7220 7220
1 tkey7225 7225
1 tkey7230 7230
1 tkey7235 7235
1 tkey7240 7240
1 tkey7245 7245
1 tkey7250 7250
1 tkey7255 7255
1 tkey7260 7260
1 tkey7265 7265
1 tkey7270 7270
1 tkey7275 7275
1 tkey7280 7280
1 tkey6577 6577
1 tkey6582 6582
1 tkey7285 7285
1 tkey7290 7290
1 tkey7295 7295
1 tkey7300 7300
1 tkey7305 7305
1 tkey7310 7310
1 tkey7315 7315
1 tkey7320 7320
1 tkey7325 7325
1 tkey7330 7330
1 tkey7335 7335
1 tkey7340 7340
1 tkey7345 7345
1 tkey7350 7350
1 tkey6587 6587
1 tkey6592 6592
1 tkey6597 6597
1 tkey6602 6602
1 tkey6607 6607
1 tkey6612 6612
1 tkey6617 6617
1 tkey7859 7859
1 tkey7864 7864
1 tkey7869 7869
1 tkey7874 7874
1 tkey7879 7879
1 tkey7355 7355
1 tkey7360 7360
1 tkey7884 7884
1 tkey7889 7889
1 tkey7894 7894
1 tkey7899 7899
1 tkey7904 7904
1 tkey7348 7348
1 tkey7353 7353
1 tkey7358 7358
1 tkey7363 7363
1 tkey7368 7368
1 tkey7365 7365
1 tkey7370 7370
1 tkey7286 7286
1 tkey7291 7291
1 tkey7296 7296
1 tkey7301 7301
1 tkey7306 7306
1 tkey7311 7311
1 tkey7316 7316
1 tkey7909 7909
1 tkey7914 7914
1 tkey7919 7919
1 tkey7924 7924
1 tkey6622 6622
1 tkey7321 7321
1 tkey6627 6627
1 tkey6632 6632
1 tkey6637 6637
1 tkey6642 6642
1 tkey7375 7375
1 tkey7380 7380
1 tkey7385 7385
1 tkey7326 7326
1 tkey7331 7331
1 tkey7336 7336
1 tkey7341 7341
1 tkey7346 7346
1 tkey7351 7351
1 tkey7356 7356
1 tkey7361 7361
1 tkey7366 7366
1 tkey7371 7371
1 tkey7376 7376
1 tkey7381 7381
1 tkey7386 7386
1 tkey7391 7391
1 tkey7396 7396
1 tkey7401 7401
1 tkey7390 7390
1 tkey7406 7406
1 tkey7373 7373
1 tkey7929 7929
1 tkey7934 7934
1 tkey7939 7939
1 tkey7944 7944
1 tkey7949 7949
1 tkey7954 7954
1 tkey7959 7959
1 tkey7964 7964
1 tkey6647 6647
1 tkey7378 7378
1 tkey7383 7383
1 tkey7969 7969
1 tkey7974 7974
1 tkey7979 7979
1 tkey7984 7984
1 tkey7411 7411
1 tkey7416 7416
1 tkey7421 7421
1 tkey7426 7426
1 tkey7431 7431
1 tkey7436 7436
1 tkey7441 7441
1 tkey7446 7446
1 tkey7451 7451
1 tkey7456 7456
1 tkey7989 7989
1 tkey7994 7994
1 tkey7999 7999
1 tkey8004 8004
1 tkey8009 8009
1 tkey8014 8014
1 tkey8019 8019
1 tkey6652 6652
1 tkey6657 6657
1 tkey6662 6662
1 tkey6667 6667
1 tkey6672 6672
1 tkey6677 6677
1 tkey7395 7395
1 tkey7400 7400
1 tkey7405 7405
1 tkey7461 7461
1 tkey7466 7466
1 tkey8024 8024
1 tkey8029 8029
1 tkey7388 7388
1 tkey7393 7393
1 tkey7398 7398
1 tkey7403 7403
1 tkey7408 7408
1 tkey7413 7413
1 tkey7418 7418
1 tkey7423 7423
1 tkey8034 8034
1 tkey6682 6682
1 tkey7410 7410
1 tkey7415 7415
1 tkey7420 7420
1 tkey7425 7425
1 tkey7430 7430
1 tkey6687 6687
1 tkey8039 8039
1 tkey8044 8044
1 tkey8049 8049
1 tkey8054 8054
1 tkey8059 8059
1 tkey8064 8064
1 tkey8069 8069
1 tkey8074 8074
1 tkey8079 8079
1 tkey7428 7428
1 tkey7433 7433
1 tkey7438 7438
1 tkey7443 7443
1 tkey7448 7448
1 tkey7471 7471
1 tkey7476 7476
1 tkey7481 7481
1 tkey7486 7486
1 tkey6692 6692
1 tkey8084 8084
1 tkey8089 8089
1 tkey8094 8094
1 tkey8099 8099
1 tkey8104 8104
1 tkey8109 8109
1 tkey8114 8114
1 tkey8119 8119
1 tkey8124 8124
1 tkey8129 8129
1 tkey8134 8134
1 tkey8139 8139
1 tkey8144 8144
1 tkey7435 7435
1 tkey7440 7440
1 tkey7491 7491
1 tkey7496 7496
1 tkey7501 7501
1 tkey7506 7506
1 tkey7511 7511
1 tkey7453 7453
1 tkey7458 7458
1 tkey7463 7463
1 tkey7468 7468
1 tkey7473 7473
1 tkey6697 6697
1 tkey6702 6702
1 tkey6707 6707
1 tkey6712 6712
1 tkey6717 6717
1 tkey6722 6722
1 tkey6727 6727
1 tkey7445 7445
1 tkey7450 7450
1 tkey7455 7455
1 tkey7460 7460
1 tkey7478 7478
1 tkey7483 7483
1 tkey7488 7488
1 tkey7493 7493
1 tkey7498 7498
1 tkey7503 7503
1 tkey7508 7508
1 tkey7513 7513
1 tkey7465 7465
1 tkey8149 8149
1 tkey8154 8154
1 tkey7518 7518
1 tkey7523 7523
1 tkey7528 7528
1 tkey7533 7533
1 tkey6732 6732
1 tkey6737 6737
1 tkey6742 6742
1 tkey6747 6747
1 tkey6752 6752
1 tkey6757 6757
1 tkey6762 6762
1 tkey7470 7470
1 tkey7475 7475
1 tkey7480 7480
1 tkey7485 7485
1 tkey7490 7490
1 tkey8159 8159
1 tkey8164 8164
1 tkey8169 8169
1 tkey6767 6767
1 tkey6772 6772
1 tkey6777 6777
1 tkey6782 6782
1 tkey6787 6787
1 tkey7495 7495
1 tkey7500 7500
1 tkey7538 7538
1 tkey7543 7543
1 tkey7548 7548
1 tkey7553 7553
1 tkey7558 7558
1 tkey7563 7563
1 tkey7568 7568
1 tkey7573 7573
1 tkey7578 7578
1 tkey7583 7583
1 tkey6792 6792
1 tkey6797 6797
1 tkey7505 7505
1 tkey6802 6802
1 tkey7516 7516
1 tkey8174 8174
1 tkey8179 8179
1 tkey8184 8184
1 tkey8189 8189
1 tkey8194 8194
1 tkey7588 7588
1 tkey7593 7593
1 tkey7521 7521
1 tkey7526 7526
1 tkey6807 6807
1 tkey6812 6812
1 tkey6817 6817
1 tkey6822 6822
1 tkey6827 6827
1 tkey6832 6832
1 tkey6837 6837
1 tkey7510 7510
1 tkey7515 7515
1 tkey7520 7520
1 tkey7525 7525
1 tkey7530 7530
1 tkey7535 7535
1 tkey7540 7540
1 tkey7531 7531
1 tkey7536 7536
1 tkey7541 7541
1 tkey7545 7545
1 tkey7550 7550
1 tkey7555 7555
1 tkey7560 7560
1 tkey7565 7565
1 tkey7570 7570
1 tkey8199 8199
1 tkey8204 8204
1 tkey8209 8209
1 tkey7598 7598
1 tkey7603 7603
1 tkey7608 7608
1 tkey7613 7613
1 tkey7618 7618
1 tkey7623 7623
1 tkey7628 7628
1 tkey7633 7633
1 tkey7546 7546
1 tkey7551 7551
1 tkey7556 7556
1 tkey7561 7561
1 tkey7566 7566
1 tkey8214 8214
1 tkey7575 7575
1 tkey7580 7580
1 tkey7585 7585
1 tkey7590 7590
1 tkey7595 7595
1 tkey7600 7600
1 tkey7605 7605
1 tkey7610 7610
1 tkey7615 7615
1 tkey7620 7620
1 tkey7571 7571
1 tkey7576 7576
1 tkey7581 7581
1 tkey7586 7586
1 tkey7625 7625
1 tkey7630 7630
1 tkey7635 7635
1 tkey6842 6842
1 tkey6847 6847
1 tkey6852 6852
1 tkey6857 6857
1 tkey7640 7640
1 tkey6862 6862
1 tkey6867 6867
1 tkey6872 6872
1 tkey6877 6877
1 tkey6882 6882
1 tkey7645 7645
1 tkey7650 7650
1 tkey7655 7655
1 tkey7660 7660
1 tkey7665 7665
1 tkey7670 7670
1 tkey7675 7675
1 tkey7680 7680
1 tkey7685 7685
1 tkey7690 7690
1 tkey8219 8219
1 tkey8224 8224
1 tkey8229 8229
1 tkey8234 8234
1 tkey8239 8239
1 tkey8244 8244
1 tkey8249 8249
1 tkey8254 8254
1 tkey8259 8259
1 tkey6887 6887
1 tkey6892 6892
1 tkey6897 6897
1 tkey6902 6902
1 tkey6907 6907
1 tkey6912 6912
1 tkey6917 6917
1 tkey6922 6922
1 tkey6927 6927
1 tkey6932 6932
1 tkey6937 6937
1 tkey6942 6942
1 tkey6947 6947
1 tkey6952 6952
1 tkey6957 6957
1 tkey6962 6962
1 tkey6967 6967
1 tkey6972 6972
1 tkey6977 6977
1 tkey7638 7638
1 tkey7643 7643
1 tkey7648 7648
1 tkey7653 7653
1 tkey7591 7591
1 tkey7596 7596
1 tkey8264 8264
1 tkey8269 8269
1 tkey8274 8274
1 tkey8279 8279
1 tkey8284 8284
1 tkey8289 8289
1 tkey8294 8294
1 tkey8299 8299
1 tkey8304 8304
1 tkey8309 8309
1 tkey8314 8314
1 tkey8319 8319
1 tkey8324 8324
1 tkey8329 8329
1 tkey8334 8334
1 tkey8339 8339
1 tkey8344 8344
1 tkey8349 8349
1 tkey8354 8354
1 tkey8359 8359
1 tkey8364 8364
1 tkey8369 8369
1 tkey8374 8374
1 tkey7695 7695
1 tkey6982 6982
1 tkey6987 6987
1 tkey6992 6992
1 tkey6997 6997
1 tkey7002 7002
1 tkey7007 7007
1 tkey7012 7012
1 tkey7017 7017
1 tkey7022 7022
1 tkey7027 7027
1 tkey7032 7032
1 tkey7037 7037
1 tkey7042 7042
1 tkey7047 7047
1 tkey7052 7052
1 tkey7057 7057
1 tkey7062 7062
1 tkey7067 7067
1 tkey7072 7072
1 tkey7077 7077
1 tkey7082 7082
1 tkey7087 7087
1 tkey7092 7092
1 tkey7700 7700
1 tkey7705 7705
1 tkey7710 7710
1 tkey8379 8379
1 tkey7601 7601
1 tkey7606 7606
1 tkey7611 7611
1 tkey7616 7616
1 tkey7715 7715
1 tkey7658 7658
1 tkey7097 7097
1 tkey7102 7102
1 tkey7107 7107
1 tkey7112 7112
1 tkey7621 7621
1 tkey7626 7626
1 tkey7631 7631
1 tkey7636 7636
1 tkey7641 7641
1 tkey7646 7646
1 tkey7651 7651
1 tkey7656 7656
1 tkey7661 7661
1 tkey7666 7666
1 tkey7720 7720
1 tkey7725 7725
1 tkey7730 7730
1 tkey7671 7671
1 tkey7117 7117
1 tkey7122 7122
1 tkey7127 7127
1 tkey7132 7132
1 tkey7137 7137
1 tkey7142 7142
1 tkey7147 7147
1 tkey7152 7152
1 tkey7157 7157
1 tkey7162 7162
1 tkey7167 7167
1 tkey7735 7735
1 tkey7740 7740
1 tkey7745 7745
1 tkey7750 7750
1 tkey7755 7755
1 tkey7676 7676
1 tkey7681 7681
1 tkey7686 7686
1 tkey8384 8384
1 tkey8389 8389
1 tkey8394 8394
1 tkey8399 8399
1 tkey7663 7663
1 tkey7668 7668
1 tkey7673 7673
1 tkey7678 7678
1 tkey7683 7683
1 tkey7688 7688
1 tkey7172 7172
1 tkey7177 7177
1 tkey7760 7760
1 tkey7765 7765
1 tkey7770 7770
1 tkey7775 7775
1 tkey7780 7780
1 tkey7785 7785
1 tkey7790 7790
1 tkey7795 7795
1 tkey7800 7800
1 tkey7805 7805
1 tkey7810 7810
1 tkey7815 7815
1 tkey7820 7820
1 tkey8404 8404
1 tkey8409 8409
1 tkey8414 8414
1 tkey8419 8419
1 tkey8424 8424
1 tkey7691 7691
1 tkey7693 7693
1 tkey7698 7698
1 tkey7703 7703
1 tkey7708 7708
1 tkey7713 7713
1 tkey7718 7718
1 tkey7723 7723
1 tkey7728 7728
1 tkey7733 7733
1 tkey7738 7738
1 tkey7825 7825
1 tkey7830 7830
1 tkey7696 7696
1 tkey7701 7701
1 tkey7706 7706
1 tkey7711 7711
1 tkey7716 7716
1 tkey7721 7721
1 tkey7726 7726
1 tkey7731 7731
1 tkey7736 7736
1 tkey8429 8429
1 tkey8434 8434
1 tkey8439 8439
1 tkey8444 8444
1 tkey8449 8449
1 tkey8454 8454
1 tkey8459 8459
1 tkey8464 8464
1 tkey8469 8469
1 tkey8474 8474
1 tkey8479 8479
1 tkey7743 7743
1 tkey8484 8484
1 tkey7182 7182
1 tkey8489 8489
1 tkey8494 8494
1 tkey8499 8499
1 tkey8504 8504
1 tkey7741 7741
1 tkey8509 8509
1 tkey7746 7746
1 tkey8514 8514
1 tkey7751 7751
1 tkey7748 7748
1 tkey7753 7753
1 tkey7758 7758
1 tkey7763 7763
1 tkey7768 7768
1 tkey7773 7773
1 tkey7187 7187
1 tkey7192 7192
1 tkey8519 8519
1 tkey8524 8524
1 tkey8529 8529
1 tkey8534 8534
1 tkey8539 8539
1 tkey8544 8544
1 tkey8549 8549
1 tkey7756 7756
1 tkey7835 7835
1 tkey7840 7840
1 tkey7845 7845
1 tkey7850 7850
1 tkey7855 7855
1 tkey7860 7860
1 tkey7865 7865
1 tkey7870 7870
1 tkey7875 7875
1 tkey7880 7880
1 tkey7885 7885
1 tkey7197 7197
1 tkey7202 7202
1 tkey7207 7207
1 tkey7212 7212
1 tkey7217 7217
1 tkey7222 7222
1 tkey7227 7227
1 tkey7232 7232
1 tkey7237 7237
