2 tkey2498
2 tkey2499
2 tkey2500
2 tkey2501
2 tkey2502
2 tkey2503
2 tkey2504
2 tkey2505
2 tkey2506
2 tkey2507
2 tkey2508
2 tkey2509
2 tkey2510
2 tkey2511
2 tkey2512
2 tkey2513
2 tkey2514
2 tkey2515
2 tkey2516
2 tkey2517
2 tkey2518
2 tkey2519
2 tkey2520
2 tkey2521
2 tkey2522
2 tkey2523
2 tkey2524
2 tkey2525
2 tkey2526
2 tkey2527
2 tkey2528
2 tkey2529
2 tkey2530
2 tkey2531
2 tkey2532
2 tkey2533
2 tkey2534
2 tkey2535
2 tkey2536
2 tkey2537
2 tkey2538
2 tkey2539
2 tkey2540
2 tkey2541
2 tkey2542
2 tkey2543
2 tkey2544
2 tkey2545
2 tkey2546
2 tkey2547
2 tkey2548
2 tkey2549
2 tkey2550
2 tkey2551
2 tkey2552
2 tkey2553
2 tkey2554
2 tkey2555
2 tkey2556
2 tkey2557
2 tkey2558
2 tkey2559
2 tkey2560
2 tkey2561
2 tkey2562
2 tkey2563
2 tkey2564
2 tkey2565
2 tkey2566
2 tkey2567
2 tkey2568
2 tkey2569
2 tkey2570
2 tkey2571
2 tkey2572
2 tkey2573
2 tkey2574
2 tkey2575
2 tkey2576
2 tkey2577
2 tkey2578
2 tkey2579
2 tkey2580
2 tkey2581
2 tkey2582
2 tkey2583
2 tkey2584
2 tkey2585
2 tkey2586
2 tkey2587
2 tkey2588
2 tkey2589
2 tkey2590
2 tkey2591
2 tkey2592
2 tkey2593
2 tkey2594
2 tkey2595
2 tkey2596
2 tkey2597
2 tkey2598
2 tkey2599
2 tkey2600
2 tkey2601
2 tkey2602
2 tkey2603
2 tkey2604
2 tkey2605
2 tkey2606
2 tkey2607
2 tkey2608
2 tkey2609
2 tkey2610
2 tkey2611
2 tkey2612
2 tkey2613
2 tkey2614
2 tkey2615
2 tkey2616
2 tkey2617
2 tkey2618
2 tkey2619
2 tkey2620
2 tkey2621
2 tkey2622
2 tkey2623
2 tkey2624
2 tkey2625
2 tkey2626
2 tkey2627
2 tkey2628
2 tkey2629
2 tkey2630
2 tkey2631
2 tkey2632
2 tkey2633
2 tkey2634
2 tkey2635
2 tkey2636
2 tkey2637
2 tkey2638
2 tkey2639
2 tkey2640
2 tkey2641
2 tkey2642
2 tkey2643
2 tkey2644
2 tkey2645
2 tkey2646
2 tkey2647
2 tkey2648
2 tkey2649
2 tkey2650
2 tkey2651
2 tkey2652
2 tkey2653
2 tkey2654
2 tkey2655
2 tkey2656
2 tkey2657
2 tkey2658
2 tkey2659
2 tkey2660
2 tkey2661
2 tkey2662
2 tkey2663
2 tkey2664
2 tkey2665
2 tkey2666
2 tkey2667
2 tkey2668
2 tkey2669
2 tkey2670
2 tkey2671
2 tkey2672
2 tkey2673
2 tkey2674
2 tkey2675
2 tkey2676
2 tkey2677
2 tkey2678
2 tkey2679
2 tkey2680
2 tkey2681
2 tkey2682
2 tkey2683
2 tkey2684
2 tkey2685
2 tkey2686
2 tkey2687
2 tkey2688
2 tkey2689
2 tkey2690
2 tkey2691
2 tkey2692
2 tkey2693
2 tkey2694
2 tkey2695
2 tkey2696
2 tkey2697
2 tkey2698
2 tkey2699
2 tkey2700
2 tkey2701
2 tkey2702
2 tkey2703
2 tkey2704
2 tkey2705
2 tkey2706
2 tkey2707
2 tkey2708
2 tkey2709
2 tkey2710
2 tkey2711
2 tkey2712
2 tkey2713
2 tkey2714
2 tkey2715
2 tkey2716
2 tkey2717
2 tkey2718
2 tkey2719
2 tkey2720
2 tkey2721
2 tkey2722
2 tkey2723
2 tkey2724
2 tkey2725
2 tkey2726
2 tkey2727
2 tkey2728
2 tkey2729
2 tkey2730
2 tkey2731
2 tkey2732
2 tkey2733
2 tkey2734
2 tkey2735
2 tkey2736
2 tkey2737
2 tkey2738
2 tkey2739
2 tkey2740
2 tkey2741
2 tkey2742
2 tkey2743
2 tkey2744
2 tkey2745
2 tkey2746
2 tkey2747
2 tkey2748
2 tkey2749
2 tkey2750
2 tkey2751
2 tkey2752
2 tkey2753
2 tkey2754
2 tkey2755
2 tkey2756
2 tkey2757
2 tkey2758
2 tkey2759
2 tkey2760
2 tkey2761
2 tkey2762
2 tkey2763
2 tkey2764
2 tkey2765
2 tkey2766
2 tkey2767
2 tkey2768
2 tkey2769
2 tkey2770
2 tkey2771
2 tkey2772
2 tkey2773
2 tkey2774
2 tkey2775
2 tkey2776
2 tkey2777
2 tkey2778
2 tkey2779
2 tkey2780
2 tkey2781
2 tkey2782
2 tkey2783
2 tkey2784
2 tkey2785
2 tkey2786
2 tkey2787
2 tkey2788
2 tkey2789
2 tkey2790
2 tkey2791
2 tkey2792
2 tkey2793
2 tkey2794
2 tkey2795
2 tkey2796
2 tkey2797
2 tkey2798
2 tkey2799
2 tkey2800
2 tkey2801
2 tkey2802
2 tkey2803
2 tkey2804
2 tkey2805
2 tkey2806
2 tkey2807
2 tkey2808
2 tkey2809
2 tkey2810
2 tkey2811
2 tkey2812
2 tkey2813
2 tkey2814
2 tkey2815
2 tkey2816
2 tkey2817
2 tkey2818
2 tkey2819
2 tkey2820
2 tkey2821
2 tkey2822
2 tkey2823
2 tkey2824
2 tkey2825
2 tkey2826
2 tkey2827
2 tkey2828
2 tkey2829
2 tkey2830
2 tkey2831
2 tkey2832
2 tkey2833
2 tkey2834
2 tkey2835
2 tkey2836
2 tkey2837
2 tkey2838
2 tkey2839
2 tkey2840
2 tkey2841
2 tkey2842
2 tkey2843
2 tkey2844
2 tkey2845
2 tkey2846
2 tkey2847
2 tkey2848
2 tkey2849
2 tkey2850
2 tkey2851
2 tkey2852
2 tkey2853
2 tkey2854
2 tkey2855
2 tkey2856
2 tkey2857
2 tkey2858
2 tkey2859
2 tkey2860
2 tkey2861
2 tkey2862
2 tkey2863
2 tkey2864
2 tkey2865
2 tkey2866
2 tkey2867
2 tkey2868
2 tkey2869
2 tkey2870
2 tkey2871
2 tkey2872
2 tkey2873
2 tkey2874
2 tkey2875
2 tkey2876
2 tkey2877
2 tkey2878
2 tkey2879
2 tkey2880
2 tkey2881
2 tkey2882
2 tkey2883
2 tkey2884
2 tkey2885
2 tkey2886
2 tkey2887
2 tkey2888
2 tkey2889
2 tkey2890
2 tkey2891
2 tkey2892
2 tkey2893
2 tkey2894
2 tkey2895
2 tkey2896
2 tkey2897
2 tkey2898
2 tkey2899
2 tkey2900
2 tkey2901
2 tkey2902
2 tkey2903
2 tkey2904
2 tkey2905
2 tkey2906
2 tkey2907
2 tkey2908
2 tkey2909
2 tkey2910
2 tkey2911
2 tkey2912
2 tkey2913
2 tkey2914
2 tkey2915
2 tkey2916
2 tkey2917
2 tkey2918
2 tkey2919
2 tkey2920
2 tkey2921
2 tkey2922
2 tkey2923
2 tkey2924
2 tkey2925
2 tkey2926
2 tkey2927
2 tkey2928
2 tkey2929
2 tkey2930
2 tkey2931
2 tkey2932
2 tkey2933
2 tkey2934
2 tkey2935
2 tkey2936
2 tkey2937
2 tkey2938
2 tkey2939
2 tkey2940
2 tkey2941
2 tkey2942
2 tkey2943
2 tkey2944
2 tkey2945
2 tkey2946
2 tkey2947
2 tkey2948
2 tkey2949
2 tkey2950
2 tkey2951
2 tkey2952
2 tkey2953
2 tkey2954
2 tkey2955
2 tkey2956
2 tkey2957
2 tkey2958
2 tkey2959
2 tkey2960
2 tkey2961
2 tkey2962
2 tkey2963
2 tkey2964
2 tkey2965
2 tkey2966
2 tkey2967
2 tkey2968
2 tkey2969
2 tkey2970
2 tkey2971
2 tkey2972
2 tkey2973
2 tkey2974
2 tkey2975
2 tkey2976
2 tkey2977
2 tkey2978
2 tkey2979
2 tkey2980
2 tkey2981
2 tkey2982
2 tkey2983
2 tkey2984
2 tkey2985
2 tkey2986
2 tkey2987
2 tkey2988
2 tkey2989
2 tkey2990
2 tkey2991
2 tkey2992
2 tkey2993
2 tkey2994
2 tkey2995
2 tkey2996
2 tkey2997
2 tkey2998
2 tkey2999
2 tkey3000
2 tkey3001
2 tkey3002
2 tkey3003
2 tkey3004
2 tkey3005
2 tkey3006
2 tkey3007
2 tkey3008
2 tkey3009
2 tkey3010
2 tkey3011
2 tkey3012
2 tkey3013
2 tkey3014
2 tkey3015
2 tkey3016
2 tkey3017
2 tkey3018
2 tkey3019
2 tkey3020
2 tkey3021
2 tkey3022
2 tkey3023
2 tkey3024
2 tkey3025
2 tkey3026
2 tkey3027
2 tkey3028
2 tkey3029
2 tkey3030
2 tkey3031
2 tkey3032
2 tkey3033
2 tkey3034
2 tkey3035
2 tkey3036
2 tkey3037
2 tkey3038
2 tkey3039
2 tkey3040
2 tkey3041
2 tkey3042
2 tkey3043
2 tkey3044
2 tkey3045
2 tkey3046
2 tkey3047
2 tkey3048
2 tkey3049
2 tkey3050
2 tkey3051
2 tkey3052
2 tkey3053
2 tkey3054
2 tkey3055
2 tkey3056
2 tkey3057
2 tkey3058
2 tkey3059
2 tkey3060
2 tkey3061
2 tkey3062
2 tkey3063
2 tkey3064
2 tkey3065
2 tkey3066
2 tkey3067
2 tkey3068
2 tkey3069
2 tkey3070
2 tkey3071
2 tkey3072
2 tkey3073
2 tkey3074
2 tkey3075
2 tkey3076
2 tkey3077
2 tkey3078
2 tkey3079
2 tkey3080
2 tkey3081
2 tkey3082
2 tkey3083
2 tkey3084
2 tkey3085
2 tkey3086
2 tkey3087
2 tkey3088
2 tkey3089
2 tkey3090
2 tkey3091
2 tkey3092
2 tkey3093
2 tkey3094
2 tkey3095
2 tkey3096
2 tkey3097
2 tkey3098
2 tkey3099
2 tkey3100
2 tkey3101
2 tkey3102
2 tkey3103
2 tkey3104
2 tkey3105
2 tkey3106
2 tkey3107
2 tkey3108
2 tkey3109
2 tkey3110
2 tkey3111
2 tkey3112
2 tkey3113
2 tkey3114
2 tkey3115
2 tkey3116
2 tkey3117
2 tkey3118
2 tkey3119
2 tkey3120
2 tkey3121
2 tkey3122
2 tkey3123
2 tkey3124
2 tkey3125
2 tkey3126
2 tkey3127
2 tkey3128
2 tkey3129
2 tkey3130
2 tkey3131
2 tkey3132
2 tkey3133
2 tkey3134
2 tkey3135
2 tkey3136
2 tkey3137
2 tkey3138
2 tkey3139
2 tkey3140
2 tkey3141
2 tkey3142
2 tkey3143
2 tkey3144
2 tkey3145
2 tkey3146
2 tkey3147
2 tkey3148
2 tkey3149
2 tkey3150
2 tkey3151
2 tkey3152
2 tkey3153
2 tkey3154
2 tkey3155
2 tkey3156
2 tkey3157
2 tkey3158
2 tkey3159
2 tkey3160
2 tkey3161
2 tkey3162
2 tkey3163
2 tkey3164
2 tkey3165
2 tkey3166
2 tkey3167
2 tkey3168
2 tkey3169
2 tkey3170
2 tkey3171
2 tkey3172
2 tkey3173
2 tkey3174
2 tkey3175
2 tkey3176
2 tkey3177
2 tkey3178
2 tkey3179
2 tkey3180
2 tkey3181
2 tkey3182
2 tkey3183
2 tkey3184
2 tkey3185
2 tkey3186
2 tkey3187
2 tkey3188
2 tkey3189
2 tkey3190
2 tkey3191
2 tkey3192
2 tkey3193
2 tkey3194
2 tkey3195
2 tkey3196
2 tkey3197
2 tkey3198
2 tkey3199
2 tkey3200
2 tkey3201
2 tkey3202
2 tkey3203
2 tkey3204
2 tkey3205
2 tkey3206
2 tkey3207
2 tkey3208
2 tkey3209
2 tkey3210
2 tkey3211
2 tkey3212
2 tkey3213
2 tkey3214
2 tkey3215
2 tkey3216
2 tkey3217
2 tkey3218
2 tkey3219
2 tkey3220
2 tkey3221
2 tkey3222
2 tkey3223
2 tkey3224
2 tkey3225
2 tkey3226
2 tkey3227
2 tkey3228
2 tkey3229
2 tkey3230
2 tkey3231
2 tkey3232
2 tkey3233
2 tkey3234
2 tkey3235
2 tkey3236
2 tkey3237
2 tkey3238
2 tkey3239
2 tkey3240
2 tkey3241
2 tkey3242
2 tkey3243
2 tkey3244
2 tkey3245
2 tkey3246
2 tkey3247
2 tkey3248
2 tkey3249
2 tkey3250
2 tkey3251
2 tkey3252
2 tkey3253
2 tkey3254
2 tkey3255
2 tkey3256
2 tkey3257
2 tkey3258
2 tkey3259
2 tkey3260
2 tkey3261
2 tkey3262
2 tkey3263
2 tkey3264
2 tkey3265
2 tkey3266
2 tkey3267
2 tkey3268
2 tkey3269
2 tkey3270
2 tkey3271
2 tkey3272
2 tkey3273
2 tkey3274
2 tkey3275
2 tkey3276
2 tkey3277
2 tkey3278
2 tkey3279
2 tkey3280
2 tkey3281
2 tkey3282
2 tkey3283
2 tkey3284
2 tkey3285
2 tkey3286
2 tkey3287
2 tkey3288
2 tkey3289
2 tkey3290
2 tkey3291
2 tkey3292
2 tkey3293
2 tkey3294
2 tkey3295
2 tkey3296
2 tkey3297
2 tkey3298
2 tkey3299
2 tkey3300
2 tkey3301
2 tkey3302
2 tkey3303
2 tkey3304
2 tkey3305
2 tkey3306
2 tkey3307
2 tkey3308
2 tkey3309
2 tkey3310
2 tkey3311
2 tkey3312
2 tkey3313
2 tkey3314
2 tkey3315
2 tkey3316
2 tkey3317
2 tkey3318
2 tkey3319
2 tkey3320
2 tkey3321
2 tkey3322
2 tkey3323
2 tkey3324
2 tkey3325
2 tkey3326
2 tkey3327
2 tkey3328
2 tkey3329
2 tkey3330
2 tkey3331
2 tkey3332
2 tkey3333
2 tkey3334
2 tkey3335
2 tkey3336
2 tkey3337
2 tkey3338
2 tkey3339
2 tkey3340
2 tkey3341
2 tkey3342
2 tkey3343
2 tkey3344
2 tkey3345
2 tkey3346
2 tkey3347
2 tkey3348
2 tkey3349
2 tkey3350
2 tkey3351
2 tkey3352
2 tkey3353
2 tkey3354
2 tkey3355
2 tkey3356
2 tkey3357
2 tkey3358
2 tkey3359
2 tkey3360
2 tkey3361
2 tkey3362
2 tkey3363
2 tkey3364
2 tkey3365
2 tkey3366
2 tkey3367
2 tkey3368
2 tkey3369
2 tkey3370
2 tkey3371
2 tkey3372
2 tkey3373
2 tkey3374
2 tkey3375
2 tkey3376
2 tkey3377
2 tkey3378
2 tkey3379
2 tkey3380
2 tkey3381
2 tkey3382
2 tkey3383
2 tkey3384
2 tkey3385
2 tkey3386
2 tkey3387
2 tkey3388
2 tkey3389
2 tkey3390
2 tkey3391
2 tkey3392
2 tkey3393
2 tkey3394
2 tkey3395
2 tkey3396
2 tkey3397
2 tkey3398
2 tkey3399
2 tkey3400
2 tkey3401
2 tkey3402
2 tkey3403
2 tkey3404
2 tkey3405
2 tkey3406
2 tkey3407
2 tkey3408
2 tkey3409
2 tkey3410
2 tkey3411
2 tkey3412
2 tkey3413
2 tkey3414
2 tkey3415
2 tkey3416
2 tkey3417
2 tkey3418
2 tkey3419
2 tkey3420
2 tkey3421
2 tkey3422
2 tkey3423
2 tkey3424
2 tkey3425
2 tkey3426
2 tkey3427
2 tkey3428
2 tkey3429
2 tkey3430
2 tkey3431
2 tkey3432
2 tkey3433
2 tkey3434
2 tkey3435
2 tkey3436
2 tkey3437
2 tkey3438
2 tkey3439
2 tkey3440
2 tkey3441
2 tkey3442
2 tkey3443
2 tkey3444
2 tkey3445
2 tkey3446
2 tkey3447
2 tkey3448
2 tkey3449
2 tkey3450
2 tkey3451
2 tkey3452
2 tkey3453
2 tkey3454
2 tkey3455
2 tkey3456
2 tkey3457
2 tkey3458
2 tkey3459
2 tkey3460
2 tkey3461
2 tkey3462
2 tkey3463
2 tkey3464
2 tkey3465
2 tkey3466
2 tkey3467
2 tkey3468
2 tkey3469
2 tkey3470
2 tkey3471
2 tkey3472
2 tkey3473
2 tkey3474
2 tkey3475
2 tkey3476
2 tkey3477
2 tkey3478
2 tkey3479
2 tkey3480
2 tkey3481
2 tkey3482
2 tkey3483
2 tkey3484
2 tkey3485
2 tkey3486
2 tkey3487
2 tkey3488
2 tkey3489
2 tkey3490
2 tkey3491
2 tkey3492
2 tkey3493
2 tkey3494
2 tkey3495
2 tkey3496
2 tkey3497
2 tkey3498
2 tkey3499
2 tkey3500
2 tkey3501
2 tkey3502
2 tkey3503
2 tkey3504
2 tkey3505
2 tkey3506
2 tkey3507
2 tkey3508
2 tkey3509
2 tkey3510
2 tkey3511
2 tkey3512
2 tkey3513
2 tkey3514
2 tkey3515
2 tkey3516
2 tkey3517
2 tkey3518
2 tkey3519
2 tkey3520
2 tkey3521
2 tkey3522
2 tkey3523
2 tkey3524
2 tkey3525
2 tkey3526
2 tkey3527
2 tkey3528
2 tkey3529
2 tkey3530
2 tkey3531
2 tkey3532
2 tkey3533
2 tkey3534
2 tkey3535
2 tkey3536
2 tkey3537
2 tkey3538
2 tkey3539
2 tkey3540
2 tkey3541
2 tkey3542
2 tkey3543
2 tkey3544
2 tkey3545
2 tkey3546
2 tkey3547
2 tkey3548
2 tkey3549
2 tkey3550
2 tkey3551
2 tkey3552
2 tkey3553
2 tkey3554
2 tkey3555
2 tkey3556
2 tkey3557
2 tkey3558
2 tkey3559
2 tkey3560
2 tkey3561
2 tkey3562
2 tkey3563
2 tkey3564
2 tkey3565
2 tkey3566
2 tkey3567
2 tkey3568
2 tkey3569
2 tkey3570
2 tkey3571
2 tkey3572
2 tkey3573
2 tkey3574
2 tkey3575
2 tkey3576
2 tkey3577
2 tkey3578
2 tkey3579
2 tkey3580
2 tkey3581
2 tkey3582
2 tkey3583
2 tkey3584
2 tkey3585
2 tkey3586
2 tkey3587
2 tkey3588
2 tkey3589
2 tkey3590
2 tkey3591
2 tkey3592
2 tkey3593
2 tkey3594
2 tkey3595
2 tkey3596
2 tkey3597
2 tkey3598
2 tkey3599
2 tkey3600
2 tkey3601
2 tkey3602
2 tkey3603
2 tkey3604
2 tkey3605
2 tkey3606
2 tkey3607
2 tkey3608
2 tkey3609
2 tkey3610
2 tkey3611
2 tkey3612
2 tkey3613
2 tkey3614
2 tkey3615
2 tkey3616
2 tkey3617
2 tkey3618
2 tkey3619
2 tkey3620
2 tkey3621
2 tkey3622
2 tkey3623
2 tkey3624
2 tkey3625
2 tkey3626
2 tkey3627
2 tkey3628
2 tkey3629
2 tkey3630
2 tkey3631
2 tkey3632
2 tkey3633
2 tkey3634
2 tkey3635
2 tkey3636
2 tkey3637
2 tkey3638
2 tkey3639
2 tkey3640
2 tkey3641
2 tkey3642
2 tkey3643
2 tkey3644
2 tkey3645
2 tkey3646
2 tkey3647
2 tkey3648
2 tkey3649
2 tkey3650
2 tkey3651
2 tkey3652
2 tkey3653
2 tkey3654
2 tkey3655
2 tkey3656
2 tkey3657
2 tkey3658
2 tkey3659
2 tkey3660
2 tkey3661
2 tkey3662
2 tkey3663
2 tkey3664
2 tkey3665
2 tkey3666
2 tkey3667
2 tkey3668
2 tkey3669
2 tkey3670
2 tkey3671
2 tkey3672
2 tkey3673
2 tkey3674
2 tkey3675
2 tkey3676
2 tkey3677
2 tkey3678
2 tkey3679
2 tkey3680
2 tkey3681
2 tkey3682
2 tkey3683
2 tkey3684
2 tkey3685
2 tkey3686
2 tkey3687
2 tkey3688
2 tkey3689
2 tkey3690
2 tkey3691
2 tkey3692
2 tkey3693
2 tkey3694
2 tkey3695
2 tkey3696
2 tkey3697
2 tkey3698
2 tkey3699
2 tkey3700
2 tkey3701
2 tkey3702
2 tkey3703
2 tkey3704
2 tkey3705
2 tkey3706
2 tkey3707
2 tkey3708
2 tkey3709
2 tkey3710
2 tkey3711
2 tkey3712
2 tkey3713
2 tkey3714
2 tkey3715
2 tkey3716
2 tkey3717
2 tkey3718
2 tkey3719
2 tkey3720
2 tkey3721
2 tkey3722
2 tkey3723
2 tkey3724
2 tkey3725
2 tkey3726
2 tkey3727
2 tkey3728
2 tkey3729
2 tkey3730
2 tkey3731
2 tkey3732
2 tkey3733
2 tkey3734
2 tkey3735
2 tkey3736
2 tkey3737
2 tkey3738
2 tkey3739
2 tkey3740
2 tkey3741
2 tkey3742
2 tkey3743
2 tkey3744
2 tkey3745
2 tkey3746
2 tkey3747
2 tkey3748
2 tkey3749
2 tkey3750
2 tkey3751
2 tkey3752
2 tkey3753
2 tkey3754
2 tkey3755
2 tkey3756
2 tkey3757
2 tkey3758
2 tkey3759
2 tkey3760
2 tkey3761
2 tkey3762
2 tkey3763
2 tkey3764
2 tkey3765
2 tkey3766
2 tkey3767
2 tkey3768
2 tkey3769
2 tkey3770
2 tkey3771
2 tkey3772
2 tkey3773
2 tkey3774
2 tkey3775
2 tkey3776
2 tkey3777
2 tkey3778
2 tkey3779
2 tkey3780
2 tkey3781
2 tkey3782
2 tkey3783
2 tkey3784
2 tkey3785
2 tkey3786
2 tkey3787
2 tkey3788
2 tkey3789
2 tkey3790
2 tkey3791
2 tkey3792
2 tkey3793
2 tkey3794
2 tkey3795
2 tkey3796
2 tkey3797
2 tkey3798
2 tkey3799
2 tkey3800
2 tkey3801
2 tkey3802
2 tkey3803
2 tkey3804
2 tkey3805
2 tkey3806
2 tkey3807
2 tkey3808
2 tkey3809
2 tkey3810
2 tkey3811
2 tkey3812
2 tkey3813
2 tkey3814
2 tkey3815
2 tkey3816
2 tkey3817
2 tkey3818
2 tkey3819
2 tkey3820
2 tkey3821
2 tkey3822
2 tkey3823
2 tkey3824
2 tkey3825
2 tkey3826
2 tkey3827
2 tkey3828
2 tkey3829
2 tkey3830
2 tkey3831
2 tkey3832
2 tkey3833
2 tkey3834
2 tkey3835
2 tkey3836
2 tkey3837
2 tkey3838
2 tkey3839
2 tkey3840
2 tkey3841
2 tkey3842
2 tkey3843
2 tkey3844
2 tkey3845
2 tkey3846
2 tkey3847
2 tkey3848
2 tkey3849
2 tkey3850
2 tkey3851
2 tkey3852
2 tkey3853
2 tkey3854
2 tkey3855
2 tkey3856
2 tkey3857
2 tkey3858
2 tkey3859
2 tkey3860
2 tkey3861
2 tkey3862
2 tkey3863
2 tkey3864
2 tkey3865
2 tkey3866
2 tkey3867
2 tkey3868
2 tkey3869
2 tkey3870
2 tkey3871
2 tkey3872
2 tkey3873
2 tkey3874
2 tkey3875
2 tkey3876
2 tkey3877
2 tkey3878
2 tkey3879
2 tkey3880
2 tkey3881
2 tkey3882
2 tkey3883
2 tkey3884
2 tkey3885
2 tkey3886
2 tkey3887
2 tkey3888
2 tkey3889
2 tkey3890
2 tkey3891
2 tkey3892
2 tkey3893
2 tkey3894
2 tkey3895
2 tkey3896
2 tkey3897
2 tkey3898
2 tkey3899
2 tkey3900
2 tkey3901
2 tkey3902
2 tkey3903
2 tkey3904
2 tkey3905
2 tkey3906
2 tkey3907
2 tkey3908
2 tkey3909
2 tkey3910
2 tkey3911
2 tkey3912
2 tkey3913
2 tkey3914
2 tkey3915
2 tkey3916
2 tkey3917
2 tkey3918
2 tkey3919
2 tkey3920
2 tkey3921
2 tkey3922
2 tkey3923
2 tkey3924
2 tkey3925
2 tkey3926
2 tkey3927
2 tkey3928
2 tkey3929
2 tkey3930
2 tkey3931
2 tkey3932
2 tkey3933
2 tkey3934
2 tkey3935
2 tkey3936
2 tkey3937
2 tkey3938
2 tkey3939
2 tkey3940
2 tkey3941
2 tkey3942
2 tkey3943
2 tkey3944
2 tkey3945
2 tkey3946
2 tkey3947
2 tkey3948
2 tkey3949
2 tkey3950
2 tkey3951
2 tkey3952
2 tkey3953
2 tkey3954
2 tkey3955
2 tkey3956
2 tkey3957
2 tkey3958
2 tkey3959
2 tkey3960
2 tkey3961
2 tkey3962
2 tkey3963
2 tkey3964
2 tkey3965
2 tkey3966
2 tkey3967
2 tkey3968
2 tkey3969
2 tkey3970
2 tkey3971
2 tkey3972
2 tkey3973
2 tkey3974
2 tkey3975
2 tkey3976
2 tkey3977
2 tkey3978
2 tkey3979
2 tkey3980
2 tkey3981
2 tkey3982
2 tkey3983
2 tkey3984
2 tkey3985
2 tkey3986
2 tkey3987
2 tkey3988
2 tkey3989
2 tkey3990
2 tkey3991
2 tkey3992
2 tkey3993
2 tkey3994
2 tkey3995
2 tkey3996
2 tkey3997
2 tkey3998
2 tkey3999
2 tkey4000
2 tkey4001
2 tkey4002
2 tkey4003
2 tkey4004
2 tkey4005
2 tkey4006
2 tkey4007
2 tkey4008
2 tkey4009
2 tkey4010
2 tkey4011
2 tkey4012
2 tkey4013
2 tkey4014
2 tkey4015
2 tkey4016
2 tkey4017
2 tkey4018
2 tkey4019
2 tkey4020
2 tkey4021
2 tkey4022
2 tkey4023
2 tkey4024
2 tkey4025
2 tkey4026
2 tkey4027
2 tkey4028
2 tkey4029
2 tkey4030
2 tkey4031
2 tkey4032
2 tkey4033
2 tkey4034
2 tkey4035
2 tkey4036
2 tkey4037
2 tkey4038
2 tkey4039
2 tkey4040
2 tkey4041
2 tkey4042
2 tkey4043
2 tkey4044
2 tkey4045
2 tkey4046
2 tkey4047
2 tkey4048
2 tkey4049
2 tkey4050
2 tkey4051
2 tkey4052
2 tkey4053
2 tkey4054
2 tkey4055
2 tkey4056
2 tkey4057
2 tkey4058
2 tkey4059
2 tkey4060
2 tkey4061
2 tkey4062
2 tkey4063
2 tkey4064
2 tkey4065
2 tkey4066
2 tkey4067
2 tkey4068
2 tkey4069
2 tkey4070
2 tkey4071
2 tkey4072
2 tkey4073
2 tkey4074
2 tkey4075
2 tkey4076
2 tkey4077
2 tkey4078
2 tkey4079
2 tkey4080
2 tkey4081
2 tkey4082
2 tkey4083
2 tkey4084
2 tkey4085
2 tkey4086
2 tkey4087
2 tkey4088
2 tkey4089
2 tkey4090
2 tkey4091
2 tkey4092
2 tkey4093
2 tkey4094
2 tkey4095
2 tkey4096
2 tkey4097
2 tkey4098
2 tkey4099
2 tkey4100
2 tkey4101
2 tkey4102
2 tkey4103
2 tkey4104
2 tkey4105
2 tkey4106
2 tkey4107
2 tkey4108
2 tkey4109
2 tkey4110
2 tkey4111
2 tkey4112
2 tkey4113
2 tkey4114
2 tkey4115
2 tkey4116
2 tkey4117
2 tkey4118
2 tkey4119
2 tkey4120
2 tkey4121
2 tkey4122
2 tkey4123
2 tkey4124
2 tkey4125
2 tkey4126
2 tkey4127
2 tkey4128
2 tkey4129
2 tkey4130
2 tkey4131
2 tkey4132
2 tkey4133
2 tkey4134
2 tkey4135
2 tkey4136
2 tkey4137
2 tkey4138
2 tkey4139
2 tkey4140
2 tkey4141
2 tkey4142
2 tkey4143
2 tkey4144
2 tkey4145
2 tkey4146
2 tkey4147
2 tkey4148
2 tkey4149
2 tkey4150
2 tkey4151
2 tkey4152
2 tkey4153
2 tkey4154
2 tkey4155
2 tkey4156
2 tkey4157
2 tkey4158
2 tkey4159
2 tkey4160
2 tkey4161
2 tkey4162
2 tkey4163
2 tkey4164
2 tkey4165
2 tkey4166
2 tkey4167
2 tkey4168
2 tkey4169
2 tkey4170
2 tkey4171
2 tkey4172
2 tkey4173
2 tkey4174
2 tkey4175
2 tkey4176
2 tkey4177
2 tkey4178
2 tkey4179
2 tkey4180
2 tkey4181
2 tkey4182
2 tkey4183
2 tkey4184
2 tkey4185
2 tkey4186
2 tkey4187
2 tkey4188
2 tkey4189
2 tkey4190
2 tkey4191
2 tkey4192
2 tkey4193
2 tkey4194
2 tkey4195
2 tkey4196
2 tkey4197
2 tkey4198
2 tkey4199
2 tkey4200
2 tkey4201
2 tkey4202
2 tkey4203
2 tkey4204
2 tkey4205
2 tkey4206
2 tkey4207
2 tkey4208
2 tkey4209
2 tkey4210
2 tkey4211
2 tkey4212
2 tkey4213
2 tkey4214
2 tkey4215
2 tkey4216
2 tkey4217
2 tkey4218
2 tkey4219
2 tkey4220
2 tkey4221
2 tkey4222
2 tkey4223
2 tkey4224
2 tkey4225
2 tkey4226
2 tkey4227
2 tkey4228
2 tkey4229
2 tkey4230
2 tkey4231
2 tkey4232
2 tkey4233
2 tkey4234
2 tkey4235
2 tkey4236
2 tkey4237
2 tkey4238
2 tkey4239
2 tkey4240
2 tkey4241
2 tkey4242
2 tkey4243
2 tkey4244
2 tkey4245
2 tkey4246
2 tkey4247
2 tkey4248
2 tkey4249
2 tkey4250
2 tkey4251
2 tkey4252
2 tkey4253
2 tkey4254
2 tkey4255
2 tkey4256
2 tkey4257
2 tkey4258
2 tkey4259
2 tkey4260
2 tkey4261
2 tkey4262
2 tkey4263
2 tkey4264
2 tkey4265
2 tkey4266
2 tkey4267
2 tkey4268
2 tkey4269
2 tkey4270
2 tkey4271
2 tkey4272
2 tkey4273
2 tkey4274
2 tkey4275
2 tkey4276
2 tkey4277
2 tkey4278
2 tkey4279
2 tkey4280
2 tkey4281
2 tkey4282
2 tkey4283
2 tkey4284
2 tkey4285
2 tkey4286
2 tkey4287
2 tkey4288
2 tkey4289
2 tkey4290
2 tkey4291
2 tkey4292
2 tkey4293
2 tkey4294
2 tkey4295
2 tkey4296
2 tkey4297
2 tkey4298
2 tkey4299
2 tkey4300
2 tkey4301
2 tkey4302
2 tkey4303
2 tkey4304
2 tkey4305
2 tkey4306
2 tkey4307
2 tkey4308
2 tkey4309
2 tkey4310
2 tkey4311
2 tkey4312
2 tkey4313
2 tkey4314
2 tkey4315
2 tkey4316
2 tkey4317
2 tkey4318
2 tkey4319
2 tkey4320
2 tkey4321
2 tkey4322
2 tkey4323
2 tkey4324
2 tkey4325
2 tkey4326
2 tkey4327
2 tkey4328
2 tkey4329
2 tkey4330
2 tkey4331
2 tkey4332
2 tkey4333
2 tkey4334
2 tkey4335
2 tkey4336
2 tkey4337
2 tkey4338
2 tkey4339
2 tkey4340
2 tkey4341
2 tkey4342
2 tkey4343
2 tkey4344
2 tkey4345
2 tkey4346
2 tkey4347
2 tkey4348
2 tkey4349
2 tkey4350
2 tkey4351
2 tkey4352
2 tkey4353
2 tkey4354
2 tkey4355
2 tkey4356
2 tkey4357
2 tkey4358
2 tkey4359
2 tkey4360
2 tkey4361
2 tkey4362
2 tkey4363
2 tkey4364
2 tkey4365
2 tkey4366
2 tkey4367
2 tkey4368
2 tkey4369
2 tkey4370
2 tkey4371
2 tkey4372
2 tkey4373
2 tkey4374
2 tkey4375
2 tkey4376
2 tkey4377
2 tkey4378
2 tkey4379
2 tkey4380
2 tkey4381
2 tkey4382
2 tkey4383
2 tkey4384
2 tkey4385
2 tkey4386
2 tkey4387
2 tkey4388
2 tkey4389
2 tkey4390
2 tkey4391
2 tkey4392
2 tkey4393
2 tkey4394
2 tkey4395
2 tkey4396
2 tkey4397
2 tkey4398
2 tkey4399
2 tkey4400
2 tkey4401
2 tkey4402
2 tkey4403
2 tkey4404
2 tkey4405
2 tkey4406
2 tkey4407
2 tkey4408
2 tkey4409
2 tkey4410
2 tkey4411
2 tkey4412
2 tkey4413
2 tkey4414
2 tkey4415
2 tkey4416
2 tkey4417
2 tkey4418
2 tkey4419
2 tkey4420
2 tkey4421
2 tkey4422
2 tkey4423
2 tkey4424
2 tkey4425
2 tkey4426
2 tkey4427
2 tkey4428
2 tkey4429
2 tkey4430
2 tkey4431
2 tkey4432
2 tkey4433
2 tkey4434
2 tkey4435
2 tkey4436
2 tkey4437
2 tkey4438
2 tkey4439
2 tkey4440
2 tkey4441
2 tkey4442
2 tkey4443
2 tkey4444
2 tkey4445
2 tkey4446
2 tkey4447
2 tkey4448
2 tkey4449
2 tkey4450
2 tkey4451
2 tkey4452
2 tkey4453
2 tkey4454
2 tkey4455
2 tkey4456
2 tkey4457
2 tkey4458
2 tkey4459
2 tkey4460
2 tkey4461
2 tkey4462
2 tkey4463
2 tkey4464
2 tkey4465
2 tkey4466
2 tkey4467
2 tkey4468
2 tkey4469
2 tkey4470
2 tkey4471
2 tkey4472
2 tkey4473
2 tkey4474
2 tkey4475
2 tkey4476
2 tkey4477
2 tkey4478
2 tkey4479
2 tkey4480
2 tkey4481
2 tkey4482
2 tkey4483
2 tkey4484
2 tkey4485
2 tkey4486
2 tkey4487
2 tkey4488
2 tkey4489
2 tkey4490
2 tkey4491
2 tkey4492
2 tkey4493
2 tkey4494
2 tkey4495
2 tkey4496
2 tkey4497
2 tkey4498
2 tkey4499
2 tkey4500
2 tkey4501
2 tkey4502
2 tkey4503
2 tkey4504
2 tkey4505
2 tkey4506
2 tkey4507
2 tkey4508
2 tkey4509
2 tkey4510
2 tkey4511
2 tkey4512
2 tkey4513
2 tkey4514
2 tkey4515
2 tkey4516
2 tkey4517
2 tkey4518
2 tkey4519
2 tkey4520
2 tkey4521
2 tkey4522
2 tkey4523
2 tkey4524
2 tkey4525
2 tkey4526
2 tkey4527
2 tkey4528
2 tkey4529
2 tkey4530
2 tkey4531
2 tkey4532
2 tkey4533
2 tkey4534
2 tkey4535
2 tkey4536
2 tkey4537
2 tkey4538
2 tkey4539
2 tkey4540
2 tkey4541
2 tkey4542
2 tkey4543
2 tkey4544
2 tkey4545
2 tkey4546
2 tkey4547
2 tkey4548
2 tkey4549
2 tkey4550
2 tkey4551
2 tkey4552
2 tkey4553
2 tkey4554
2 tkey4555
2 tkey4556
2 tkey4557
2 tkey4558
2 tkey4559
2 tkey4560
2 tkey4561
2 tkey4562
2 tkey4563
2 tkey4564
2 tkey4565
2 tkey4566
2 tkey4567
2 tkey4568
2 tkey4569
2 tkey4570
2 tkey4571
2 tkey4572
2 tkey4573
2 tkey4574
2 tkey4575
2 tkey4576
2 tkey4577
2 tkey4578
2 tkey4579
2 tkey4580
2 tkey4581
2 tkey4582
2 tkey4583
2 tkey4584
2 tkey4585
2 tkey4586
2 tkey4587
2 tkey4588
2 tkey4589
2 tkey4590
2 tkey4591
2 tkey4592
2 tkey4593
2 tkey4594
2 tkey4595
2 tkey4596
2 tkey4597
2 tkey4598
2 tkey4599
2 tkey4600
2 tkey4601
2 tkey4602
2 tkey4603
2 tkey4604
2 tkey4605
2 tkey4606
2 tkey4607
2 tkey4608
2 tkey4609
2 tkey4610
2 tkey4611
2 tkey4612
2 tkey4613
2 tkey4614
2 tkey4615
2 tkey4616
2 tkey4617
2 tkey4618
2 tkey4619
2 tkey4620
2 tkey4621
2 tkey4622
2 tkey4623
2 tkey4624
2 tkey4625
2 tkey4626
2 tkey4627
2 tkey4628
2 tkey4629
2 tkey4630
2 tkey4631
2 tkey4632
2 tkey4633
2 tkey4634
2 tkey4635
2 tkey4636
2 tkey4637
2 tkey4638
2 tkey4639
2 tkey4640
2 tkey4641
2 tkey4642
2 tkey4643
2 tkey4644
2 tkey4645
2 tkey4646
2 tkey4647
2 tkey4648
2 tkey4649
2 tkey4650
2 tkey4651
2 tkey4652
2 tkey4653
2 tkey4654
2 tkey4655
2 tkey4656
2 tkey4657
2 tkey4658
2 tkey4659
2 tkey4660
2 tkey4661
2 tkey4662
2 tkey4663
2 tkey4664
2 tkey4665
2 tkey4666
2 tkey4667
2 tkey4668
2 tkey4669
2 tkey4670
2 tkey4671
2 tkey4672
2 tkey4673
2 tkey4674
2 tkey4675
2 tkey4676
2 tkey4677
2 tkey4678
2 tkey4679
2 tkey4680
2 tkey4681
2 tkey4682
2 tkey4683
2 tkey4684
2 tkey4685
2 tkey4686
2 tkey4687
2 tkey4688
2 tkey4689
2 tkey4690
2 tkey4691
2 tkey4692
2 tkey4693
2 tkey4694
2 tkey4695
2 tkey4696
2 tkey4697
2 tkey4698
2 tkey4699
2 tkey4700
2 tkey4701
2 tkey4702
2 tkey4703
2 tkey4704
2 tkey4705
2 tkey4706
2 tkey4707
2 tkey4708
2 tkey4709
2 tkey4710
2 tkey4711
2 tkey4712
2 tkey4713
2 tkey4714
2 tkey4715
2 tkey4716
2 tkey4717
2 tkey4718
2 tkey4719
2 tkey4720
2 tkey4721
2 tkey4722
2 tkey4723
2 tkey4724
2 tkey4725
2 tkey4726
2 tkey4727
2 tkey4728
2 tkey4729
2 tkey4730
2 tkey4731
2 tkey4732
2 tkey4733
2 tkey4734
2 tkey4735
2 tkey4736
2 tkey4737
2 tkey4738
2 tkey4739
2 tkey4740
2 tkey4741
2 tkey4742
2 tkey4743
2 tkey4744
2 tkey4745
2 tkey4746
2 tkey4747
2 tkey4748
2 tkey4749
2 tkey4750
2 tkey4751
2 tkey4752
2 tkey4753
2 tkey4754
2 tkey4755
2 tkey4756
2 tkey4757
2 tkey4758
2 tkey4759
2 tkey4760
2 tkey4761
2 tkey4762
2 tkey4763
2 tkey4764
2 tkey4765
2 tkey4766
2 tkey4767
2 tkey4768
2 tkey4769
2 tkey4770
2 tkey4771
2 tkey4772
2 tkey4773
2 tkey4774
2 tkey4775
2 tkey4776
2 tkey4777
2 tkey4778
2 tkey4779
2 tkey4780
2 tkey4781
2 tkey4782
2 tkey4783
2 tkey4784
2 tkey4785
2 tkey4786
2 tkey4787
2 tkey4788
2 tkey4789
2 tkey4790
2 tkey4791
2 tkey4792
2 tkey4793
2 tkey4794
2 tkey4795
2 tkey4796
2 tkey4797
2 tkey4798
2 tkey4799
2 tkey4800
2 tkey4801
2 tkey4802
2 tkey4803
2 tkey4804
2 tkey4805
2 tkey4806
2 tkey4807
2 tkey4808
2 tkey4809
2 tkey4810
2 tkey4811
2 tkey4812
2 tkey4813
2 tkey4814
2 tkey4815
2 tkey4816
2 tkey4817
2 tkey4818
2 tkey4819
2 tkey4820
2 tkey4821
2 tkey4822
2 tkey4823
2 tkey4824
2 tkey4825
2 tkey4826
2 tkey4827
2 tkey4828
2 tkey4829
2 tkey4830
2 tkey4831
2 tkey4832
2 tkey4833
2 tkey4834
2 tkey4835
2 tkey4836
2 tkey4837
2 tkey4838
2 tkey4839
2 tkey4840
2 tkey4841
2 tkey4842
2 tkey4843
2 tkey4844
2 tkey4845
2 tkey4846
2 tkey4847
2 tkey4848
2 tkey4849
2 tkey4850
2 tkey4851
2 tkey4852
2 tkey4853
2 tkey4854
2 tkey4855
2 tkey4856
2 tkey4857
2 tkey4858
2 tkey4859
2 tkey4860
2 tkey4861
2 tkey4862
2 tkey4863
2 tkey4864
2 tkey4865
2 tkey4866
2 tkey4867
2 tkey4868
2 tkey4869
2 tkey4870
2 tkey4871
2 tkey4872
2 tkey4873
2 tkey4874
2 tkey4875
2 tkey4876
2 tkey4877
2 tkey4878
2 tkey4879
2 tkey4880
2 tkey4881
2 tkey4882
2 tkey4883
2 tkey4884
2 tkey4885
2 tkey4886
2 tkey4887
2 tkey4888
2 tkey4889
2 tkey4890
2 tkey4891
2 tkey4892
2 tkey4893
2 tkey4894
2 tkey4895
2 tkey4896
2 tkey4897
2 tkey4898
2 tkey4899
2 tkey4900
2 tkey4901
2 tkey4902
2 tkey4903
2 tkey4904
2 tkey4905
2 tkey4906
2 tkey4907
2 tkey4908
2 tkey4909
2 tkey4910
2 tkey4911
2 tkey4912
2 tkey4913
2 tkey4914
2 tkey4915
2 tkey4916
2 tkey4917
2 tkey4918
2 tkey4919
2 tkey4920
2 tkey4921
2 tkey4922
2 tkey4923
2 tkey4924
2 tkey4925
2 tkey4926
2 tkey4927
2 tkey4928
2 tkey4929
2 tkey4930
2 tkey4931
2 tkey4932
2 tkey4933
2 tkey4934
2 tkey4935
2 tkey4936
2 tkey4937
2 tkey4938
2 tkey4939
2 tkey4940
2 tkey4941
2 tkey4942
2 tkey4943
2 tkey4944
2 tkey4945
2 tkey4946
2 tkey4947
2 tkey4948
2 tkey4949
2 tkey4950
2 tkey4951
2 tkey4952
2 tkey4953
2 tkey4954
2 tkey4955
2 tkey4956
2 tkey4957
2 tkey4958
2 tkey4959
2 tkey4960
2 tkey4961
2 tkey4962
2 tkey4963
2 tkey4964
2 tkey4965
2 tkey4966
2 tkey4967
2 tkey4968
2 tkey4969
2 tkey4970
2 tkey4971
2 tkey4972
2 tkey4973
2 tkey4974
2 tkey4975
2 tkey4976
2 tkey4977
2 tkey4978
2 tkey4979
2 tkey4980
2 tkey4981
2 tkey4982
2 tkey4983
2 tkey4984
2 tkey4985
2 tkey4986
2 tkey4987
2 tkey4988
2 tkey4989
2 tkey4990
2 tkey4991
2 tkey4992
2 tkey4993
2 tkey4994
2 tkey4995
2 tkey4996
2 tkey4997
2 tkey4998
2 tkey4999
2 tkey5000
2 tkey5001
2 tkey5002
2 tkey5003
2 tkey5004
2 tkey5005
2 tkey5006
2 tkey5007
2 tkey5008
2 tkey5009
2 tkey5010
2 tkey5011
2 tkey5012
2 tkey5013
2 tkey5014
2 tkey5015
2 tkey5016
2 tkey5017
2 tkey5018
2 tkey5019
2 tkey5020
2 tkey5021
2 tkey5022
2 tkey5023
2 tkey5024
2 tkey5025
2 tkey5026
2 tkey5027
2 tkey5028
2 tkey5029
2 tkey5030
2 tkey5031
2 tkey5032
2 tkey5033
2 tkey5034
2 tkey5035
2 tkey5036
2 tkey5037
2 tkey5038
2 tkey5039
2 tkey5040
2 tkey5041
2 tkey5042
2 tkey5043
2 tkey5044
2 tkey5045
2 tkey5046
2 tkey5047
2 tkey5048
2 tkey5049
2 tkey5050
2 tkey5051
2 tkey5052
2 tkey5053
2 tkey5054
2 tkey5055
2 tkey5056
2 tkey5057
2 tkey5058
2 tkey5059
2 tkey5060
2 tkey5061
2 tkey5062
2 tkey5063
2 tkey5064
2 tkey5065
2 tkey5066
2 tkey5067
2 tkey5068
2 tkey5069
2 tkey5070
2 tkey5071
2 tkey5072
2 tkey5073
2 tkey5074
2 tkey5075
2 tkey5076
2 tkey5077
2 tkey5078
2 tkey5079
2 tkey5080
2 tkey5081
2 tkey5082
2 tkey5083
2 tkey5084
2 tkey5085
2 tkey5086
2 tkey5087
2 tkey5088
2 tkey5089
2 tkey5090
2 tkey5091
2 tkey5092
2 tkey5093
2 tkey5094
2 tkey5095
2 tkey5096
2 tkey5097
2 tkey5098
2 tkey5099
2 tkey5100
2 tkey5101
2 tkey5102
2 tkey5103
2 tkey5104
2 tkey5105
2 tkey5106
2 tkey5107
2 tkey5108
2 tkey5109
2 tkey5110
2 tkey5111
2 tkey5112
2 tkey5113
2 tkey5114
2 tkey5115
2 tkey5116
2 tkey5117
2 tkey5118
2 tkey5119
2 tkey5120
2 tkey5121
2 tkey5122
2 tkey5123
2 tkey5124
2 tkey5125
2 tkey5126
2 tkey5127
2 tkey5128
2 tkey5129
2 tkey5130
2 tkey5131
2 tkey5132
2 tkey5133
2 tkey5134
2 tkey5135
2 tkey5136
2 tkey5137
2 tkey5138
2 tkey5139
2 tkey5140
2 tkey5141
2 tkey5142
2 tkey5143
2 tkey5144
2 tkey5145
2 tkey5146
2 tkey5147
2 tkey5148
2 tkey5149
2 tkey5150
2 tkey5151
2 tkey5152
2 tkey5153
2 tkey5154
2 tkey5155
2 tkey5156
2 tkey5157
2 tkey5158
2 tkey5159
2 tkey5160
2 tkey5161
2 tkey5162
2 tkey5163
2 tkey5164
2 tkey5165
2 tkey5166
2 tkey5167
2 tkey5168
2 tkey5169
2 tkey5170
2 tkey5171
2 tkey5172
2 tkey5173
2 tkey5174
2 tkey5175
2 tkey5176
2 tkey5177
2 tkey5178
2 tkey5179
2 tkey5180
2 tkey5181
2 tkey5182
2 tkey5183
2 tkey5184
2 tkey5185
2 tkey5186
2 tkey5187
2 tkey5188
2 tkey5189
2 tkey5190
2 tkey5191
2 tkey5192
2 tkey5193
2 tkey5194
2 tkey5195
2 tkey5196
2 tkey5197
2 tkey5198
2 tkey5199
2 tkey5200
2 tkey5201
2 tkey5202
2 tkey5203
2 tkey5204
2 tkey5205
2 tkey5206
2 tkey5207
2 tkey5208
2 tkey5209
2 tkey5210
2 tkey5211
2 tkey5212
2 tkey5213
2 tkey5214
2 tkey5215
2 tkey5216
2 tkey5217
2 tkey5218
2 tkey5219
2 tkey5220
2 tkey5221
2 tkey5222
2 tkey5223
2 tkey5224
2 tkey5225
2 tkey5226
2 tkey5227
2 tkey5228
2 tkey5229
2 tkey5230
2 tkey5231
2 tkey5232
2 tkey5233
2 tkey5234
2 tkey5235
2 tkey5236
2 tkey5237
2 tkey5238
2 tkey5239
2 tkey5240
2 tkey5241
2 tkey5242
2 tkey5243
2 tkey5244
2 tkey5245
2 tkey5246
2 tkey5247
2 tkey5248
2 tkey5249
2 tkey5250
2 tkey5251
2 tkey5252
2 tkey5253
2 tkey5254
2 tkey5255
2 tkey5256
2 tkey5257
2 tkey5258
2 tkey5259
2 tkey5260
2 tkey5261
2 tkey5262
2 tkey5263
2 tkey5264
2 tkey5265
2 tkey5266
2 tkey5267
2 tkey5268
2 tkey5269
2 tkey5270
2 tkey5271
2 tkey5272
2 tkey5273
2 tkey5274
2 tkey5275
2 tkey5276
2 tkey5277
2 tkey5278
2 tkey5279
2 tkey5280
2 tkey5281
2 tkey5282
2 tkey5283
2 tkey5284
2 tkey5285
2 tkey5286
2 tkey5287
2 tkey5288
2 tkey5289
2 tkey5290
2 tkey5291
2 tkey5292
2 tkey5293
2 tkey5294
2 tkey5295
2 tkey5296
2 tkey5297
2 tkey5298
2 tkey5299
2 tkey5300
2 tkey5301
2 tkey5302
2 tkey5303
2 tkey5304
2 tkey5305
2 tkey5306
2 tkey5307
2 tkey5308
2 tkey5309
2 tkey5310
2 tkey5311
2 tkey5312
2 tkey5313
2 tkey5314
2 tkey5315
2 tkey5316
2 tkey5317
2 tkey5318
2 tkey5319
2 tkey5320
2 tkey5321
2 tkey5322
2 tkey5323
2 tkey5324
2 tkey5325
2 tkey5326
2 tkey5327
2 tkey5328
2 tkey5329
2 tkey5330
2 tkey5331
2 tkey5332
2 tkey5333
2 tkey5334
2 tkey5335
2 tkey5336
2 tkey5337
2 tkey5338
2 tkey5339
2 tkey5340
2 tkey5341
2 tkey5342
2 tkey5343
2 tkey5344
2 tkey5345
2 tkey5346
2 tkey5347
2 tkey5348
2 tkey5349
2 tkey5350
2 tkey5351
2 tkey5352
2 tkey5353
2 tkey5354
2 tkey5355
2 tkey5356
2 tkey5357
2 tkey5358
2 tkey5359
2 tkey5360
2 tkey5361
2 tkey5362
2 tkey5363
2 tkey5364
2 tkey5365
2 tkey5366
2 tkey5367
2 tkey5368
2 tkey5369
2 tkey5370
2 tkey5371
2 tkey5372
2 tkey5373
2 tkey5374
2 tkey5375
2 tkey5376
2 tkey5377
2 tkey5378
2 tkey5379
2 tkey5380
2 tkey5381
2 tkey5382
2 tkey5383
2 tkey5384
2 tkey5385
2 tkey5386
2 tkey5387
2 tkey5388
2 tkey5389
2 tkey5390
2 tkey5391
2 tkey5392
2 tkey5393
2 tkey5394
2 tkey5395
2 tkey5396
2 tkey5397
2 tkey5398
2 tkey5399
2 tkey5400
2 tkey5401
2 tkey5402
2 tkey5403
2 tkey5404
2 tkey5405
2 tkey5406
2 tkey5407
2 tkey5408
2 tkey5409
2 tkey5410
2 tkey5411
2 tkey5412
2 tkey5413
2 tkey5414
2 tkey5415
2 tkey5416
2 tkey5417
2 tkey5418
2 tkey5419
2 tkey5420
2 tkey5421
2 tkey5422
2 tkey5423
2 tkey5424
2 tkey5425
2 tkey5426
2 tkey5427
2 tkey5428
2 tkey5429
2 tkey5430
2 tkey5431
2 tkey5432
2 tkey5433
2 tkey5434
2 tkey5435
2 tkey5436
2 tkey5437
2 tkey5438
2 tkey5439
2 tkey5440
2 tkey5441
2 tkey5442
2 tkey5443
2 tkey5444
2 tkey5445
2 tkey5446
2 tkey5447
2 tkey5448
2 tkey5449
2 tkey5450
2 tkey5451
2 tkey5452
2 tkey5453
2 tkey5454
2 tkey5455
2 tkey5456
2 tkey5457
2 tkey5458
2 tkey5459
2 tkey5460
2 tkey5461
2 tkey5462
2 tkey5463
2 tkey5464
2 tkey5465
2 tkey5466
2 tkey5467
2 tkey5468
2 tkey5469
2 tkey5470
2 tkey5471
2 tkey5472
2 tkey5473
2 tkey5474
2 tkey5475
2 tkey5476
2 tkey5477
2 tkey5478
2 tkey5479
2 tkey5480
2 tkey5481
2 tkey5482
2 tkey5483
2 tkey5484
2 tkey5485
2 tkey5486
2 tkey5487
2 tkey5488
2 tkey5489
2 tkey5490
2 tkey5491
2 tkey5492
2 tkey5493
2 tkey5494
2 tkey5495
2 tkey5496
2 tkey5497
2 tkey5498
2 tkey5499
2 tkey5500
2 tkey5501
2 tkey5502
2 tkey5503
2 tkey5504
2 tkey5505
2 tkey5506
2 tkey5507
2 tkey5508
2 tkey5509
2 tkey5510
2 tkey5511
2 tkey5512
2 tkey5513
2 tkey5514
2 tkey5515
2 tkey5516
2 tkey5517
2 tkey5518
2 tkey5519
2 tkey5520
2 tkey5521
2 tkey5522
2 tkey5523
2 tkey5524
2 tkey5525
2 tkey5526
2 tkey5527
2 tkey5528
2 tkey5529
2 tkey5530
2 tkey5531
2 tkey5532
2 tkey5533
2 tkey5534
2 tkey5535
2 tkey5536
2 tkey5537
2 tkey5538
2 tkey5539
2 tkey5540
2 tkey5541
2 tkey5542
2 tkey5543
2 tkey5544
2 tkey5545
2 tkey5546
2 tkey5547
2 tkey5548
2 tkey5549
2 tkey5550
2 tkey5551
2 tkey5552
2 tkey5553
2 tkey5554
2 tkey5555
2 tkey5556
2 tkey5557
2 tkey5558
2 tkey5559
2 tkey5560
2 tkey5561
2 tkey5562
2 tkey5563
2 tkey5564
2 tkey5565
2 tkey5566
2 tkey5567
2 tkey5568
2 tkey5569
2 tkey5570
2 tkey5571
2 tkey5572
2 tkey5573
2 tkey5574
2 tkey5575
2 tkey5576
2 tkey5577
2 tkey5578
2 tkey5579
2 tkey5580
2 tkey5581
2 tkey5582
2 tkey5583
2 tkey5584
2 tkey5585
2 tkey5586
2 tkey5587
2 tkey5588
2 tkey5589
2 tkey5590
2 tkey5591
2 tkey5592
2 tkey5593
2 tkey5594
2 tkey5595
2 tkey5596
2 tkey5597
2 tkey5598
2 tkey5599
2 tkey5600
2 tkey5601
2 tkey5602
2 tkey5603
2 tkey5604
2 tkey5605
2 tkey5606
2 tkey5607
2 tkey5608
2 tkey5609
2 tkey5610
2 tkey5611
2 tkey5612
2 tkey5613
2 tkey5614
2 tkey5615
2 tkey5616
2 tkey5617
2 tkey5618
2 tkey5619
2 tkey5620
2 tkey5621
2 tkey5622
2 tkey5623
2 tkey5624
2 tkey5625
2 tkey5626
2 tkey5627
2 tkey5628
2 tkey5629
2 tkey5630
2 tkey5631
2 tkey5632
2 tkey5633
2 tkey5634
2 tkey5635
2 tkey5636
2 tkey5637
2 tkey5638
2 tkey5639
2 tkey5640
2 tkey5641
2 tkey5642
2 tkey5643
2 tkey5644
2 tkey5645
2 tkey5646
2 tkey5647
2 tkey5648
2 tkey5649
2 tkey5650
2 tkey5651
2 tkey5652
2 tkey5653
2 tkey5654
2 tkey5655
2 tkey5656
2 tkey5657
2 tkey5658
2 tkey5659
2 tkey5660
2 tkey5661
2 tkey5662
2 tkey5663
2 tkey5664
2 tkey5665
2 tkey5666
2 tkey5667
2 tkey5668
2 tkey5669
2 tkey5670
2 tkey5671
2 tkey5672
2 tkey5673
2 tkey5674
2 tkey5675
2 tkey5676
2 tkey5677
2 tkey5678
2 tkey5679
2 tkey5680
2 tkey5681
2 tkey5682
2 tkey5683
2 tkey5684
2 tkey5685
2 tkey5686
2 tkey5687
2 tkey5688
2 tkey5689
2 tkey5690
2 tkey5691
2 tkey5692
2 tkey5693
2 tkey5694
2 tkey5695
2 tkey5696
2 tkey5697
2 tkey5698
2 tkey5699
2 tkey5700
2 tkey5701
2 tkey5702
2 tkey5703
2 tkey5704
2 tkey5705
2 tkey5706
2 tkey5707
2 tkey5708
2 tkey5709
2 tkey5710
2 tkey5711
2 tkey5712
2 tkey5713
2 tkey5714
2 tkey5715
2 tkey5716
2 tkey5717
2 tkey5718
2 tkey5719
2 tkey5720
2 tkey5721
2 tkey5722
2 tkey5723
2 tkey5724
2 tkey5725
2 tkey5726
2 tkey5727
2 tkey5728
2 tkey5729
2 tkey5730
2 tkey5731
2 tkey5732
2 tkey5733
2 tkey5734
2 tkey5735
2 tkey5736
2 tkey5737
2 tkey5738
2 tkey5739
2 tkey5740
2 tkey5741
2 tkey5742
2 tkey5743
2 tkey5744
2 tkey5745
2 tkey5746
2 tkey5747
2 tkey5748
2 tkey5749
2 tkey5750
2 tkey5751
2 tkey5752
2 tkey5753
2 tkey5754
2 tkey5755
2 tkey5756
2 tkey5757
2 tkey5758
2 tkey5759
2 tkey5760
2 tkey5761
2 tkey5762
2 tkey5763
2 tkey5764
2 tkey5765
2 tkey5766
2 tkey5767
2 tkey5768
2 tkey5769
2 tkey5770
2 tkey5771
2 tkey5772
2 tkey5773
2 tkey5774
2 tkey5775
2 tkey5776
2 tkey5777
2 tkey5778
2 tkey5779
2 tkey5780
2 tkey5781
2 tkey5782
2 tkey5783
2 tkey5784
2 tkey5785
2 tkey5786
2 tkey5787
2 tkey5788
2 tkey5789
2 tkey5790
2 tkey5791
2 tkey5792
2 tkey5793
2 tkey5794
2 tkey5795
2 tkey5796
2 tkey5797
2 tkey5798
2 tkey5799
2 tkey5800
2 tkey5801
2 tkey5802
2 tkey5803
2 tkey5804
2 tkey5805
2 tkey5806
2 tkey5807
2 tkey5808
2 tkey5809
2 tkey5810
2 tkey5811
2 tkey5812
2 tkey5813
2 tkey5814
2 tkey5815
2 tkey5816
2 tkey5817
2 tkey5818
2 tkey5819
2 tkey5820
2 tkey5821
2 tkey5822
2 tkey5823
2 tkey5824
2 tkey5825
2 tkey5826
2 tkey5827
2 tkey5828
2 tkey5829
2 tkey5830
2 tkey5831
2 tkey5832
2 tkey5833
2 tkey5834
2 tkey5835
2 tkey5836
2 tkey5837
2 tkey5838
2 tkey5839
2 tkey5840
2 tkey5841
2 tkey5842
2 tkey5843
2 tkey5844
2 tkey5845
2 tkey5846
2 tkey5847
2 tkey5848
2 tkey5849
2 tkey5850
2 tkey5851
2 tkey5852
2 tkey5853
2 tkey5854
2 tkey5855
2 tkey5856
2 tkey5857
2 tkey5858
2 tkey5859
2 tkey5860
2 tkey5861
2 tkey5862
2 tkey5863
2 tkey5864
2 tkey5865
2 tkey5866
2 tkey5867
2 tkey5868
2 tkey5869
2 tkey5870
2 tkey5871
2 tkey5872
2 tkey5873
2 tkey5874
2 tkey5875
2 tkey5876
2 tkey5877
2 tkey5878
2 tkey5879
2 tkey5880
2 tkey5881
2 tkey5882
2 tkey5883
2 tkey5884
2 tkey5885
2 tkey5886
2 tkey5887
2 tkey5888
2 tkey5889
2 tkey5890
2 tkey5891
2 tkey5892
2 tkey5893
2 tkey5894
2 tkey5895
2 tkey5896
2 tkey5897
2 tkey5898
2 tkey5899
2 tkey5900
2 tkey5901
2 tkey5902
2 tkey5903
2 tkey5904
2 tkey5905
2 tkey5906
2 tkey5907
2 tkey5908
2 tkey5909
2 tkey5910
2 tkey5911
2 tkey5912
2 tkey5913
2 tkey5914
2 tkey5915
2 tkey5916
2 tkey5917
2 tkey5918
2 tkey5919
2 tkey5920
2 tkey5921
2 tkey5922
2 tkey5923
2 tkey5924
2 tkey5925
2 tkey5926
2 tkey5927
2 tkey5928
2 tkey5929
2 tkey5930
2 tkey5931
2 tkey5932
2 tkey5933
2 tkey5934
2 tkey5935
2 tkey5936
2 tkey5937
2 tkey5938
2 tkey5939
2 tkey5940
2 tkey5941
2 tkey5942
2 tkey5943
2 tkey5944
2 tkey5945
2 tkey5946
2 tkey5947
2 tkey5948
2 tkey5949
2 tkey5950
2 tkey5951
2 tkey5952
2 tkey5953
2 tkey5954
2 tkey5955
2 tkey5956
2 tkey5957
2 tkey5958
2 tkey5959
2 tkey5960
2 tkey5961
2 tkey5962
2 tkey5963
2 tkey5964
2 tkey5965
2 tkey5966
2 tkey5967
2 tkey5968
2 tkey5969
2 tkey5970
2 tkey5971
2 tkey5972
2 tkey5973
2 tkey5974
2 tkey5975
2 tkey5976
2 tkey5977
2 tkey5978
2 tkey5979
2 tkey5980
2 tkey5981
2 tkey5982
2 tkey5983
2 tkey5984
2 tkey5985
2 tkey5986
2 tkey5987
2 tkey5988
2 tkey5989
2 tkey5990
2 tkey5991
2 tkey5992
2 tkey5993
2 tkey5994
2 tkey5995
2 tkey5996
2 tkey5997
2 tkey5998
2 tkey5999
2 tkey6000
2 tkey6001
2 tkey6002
2 tkey6003
2 tkey6004
2 tkey6005
2 tkey6006
2 tkey6007
2 tkey6008
2 tkey6009
2 tkey6010
2 tkey6011
2 tkey6012
2 tkey6013
2 tkey6014
2 tkey6015
2 tkey6016
2 tkey6017
2 tkey6018
2 tkey6019
2 tkey6020
2 tkey6021
2 tkey6022
2 tkey6023
2 tkey6024
2 tkey6025
2 tkey6026
2 tkey6027
2 tkey6028
2 tkey6029
2 tkey6030
2 tkey6031
2 tkey6032
2 tkey6033
2 tkey6034
2 tkey6035
2 tkey6036
2 tkey6037
2 tkey6038
2 tkey6039
2 tkey6040
2 tkey6041
2 tkey6042
2 tkey6043
2 tkey6044
2 tkey6045
2 tkey6046
2 tkey6047
2 tkey6048
2 tkey6049
2 tkey6050
2 tkey6051
2 tkey6052
2 tkey6053
2 tkey6054
2 tkey6055
2 tkey6056
2 tkey6057
2 tkey6058
2 tkey6059
2 tkey6060
2 tkey6061
2 tkey6062
2 tkey6063
2 tkey6064
2 tkey6065
2 tkey6066
2 tkey6067
2 tkey6068
2 tkey6069
2 tkey6070
2 tkey6071
2 tkey6072
2 tkey6073
2 tkey6074
2 tkey6075
2 tkey6076
2 tkey6077
2 tkey6078
2 tkey6079
2 tkey6080
2 tkey6081
2 tkey6082
2 tkey6083
2 tkey6084
2 tkey6085
2 tkey6086
2 tkey6087
2 tkey6088
2 tkey6089
2 tkey6090
2 tkey6091
2 tkey6092
2 tkey6093
2 tkey6094
2 tkey6095
2 tkey6096
2 tkey6097
2 tkey6098
2 tkey6099
2 tkey6100
2 tkey6101
2 tkey6102
2 tkey6103
2 tkey6104
2 tkey6105
2 tkey6106
2 tkey6107
2 tkey6108
2 tkey6109
2 tkey6110
2 tkey6111
2 tkey6112
2 tkey6113
2 tkey6114
2 tkey6115
2 tkey6116
2 tkey6117
2 tkey6118
2 tkey6119
2 tkey6120
2 tkey6121
2 tkey6122
2 tkey6123
2 tkey6124
2 tkey6125
2 tkey6126
2 tkey6127
2 tkey6128
2 tkey6129
2 tkey6130
2 tkey6131
2 tkey6132
2 tkey6133
2 tkey6134
2 tkey6135
2 tkey6136
2 tkey6137
2 tkey6138
2 tkey6139
2 tkey6140
2 tkey6141
2 tkey6142
2 tkey6143
2 tkey6144
2 tkey6145
2 tkey6146
2 tkey6147
2 tkey6148
2 tkey6149
2 tkey6150
2 tkey6151
2 tkey6152
2 tkey6153
2 tkey6154
2 tkey6155
2 tkey6156
2 tkey6157
2 tkey6158
2 tkey6159
2 tkey6160
2 tkey6161
2 tkey6162
2 tkey6163
2 tkey6164
2 tkey6165
2 tkey6166
2 tkey6167
2 tkey6168
2 tkey6169
2 tkey6170
2 tkey6171
2 tkey6172
2 tkey6173
2 tkey6174
2 tkey6175
2 tkey6176
2 tkey6177
2 tkey6178
2 tkey6179
2 tkey6180
2 tkey6181
2 tkey6182
2 tkey6183
2 tkey6184
2 tkey6185
2 tkey6186
2 tkey6187
2 tkey6188
2 tkey6189
2 tkey6190
2 tkey6191
2 tkey6192
2 tkey6193
2 tkey6194
2 tkey6195
2 tkey6196
2 tkey6197
2 tkey6198
2 tkey6199
2 tkey6200
2 tkey6201
2 tkey6202
2 tkey6203
2 tkey6204
2 tkey6205
2 tkey6206
2 tkey6207
2 tkey6208
2 tkey6209
2 tkey6210
2 tkey6211
2 tkey6212
2 tkey6213
2 tkey6214
2 tkey6215
2 tkey6216
2 tkey6217
2 tkey6218
2 tkey6219
2 tkey6220
2 tkey6221
2 tkey6222
2 tkey6223
2 tkey6224
2 tkey6225
2 tkey6226
2 tkey6227
2 tkey6228
2 tkey6229
2 tkey6230
2 tkey6231
2 tkey6232
2 tkey6233
2 tkey6234
2 tkey6235
2 tkey6236
2 tkey6237
2 tkey6238
2 tkey6239
2 tkey6240
2 tkey6241
2 tkey6242
2 tkey6243
2 tkey6244
2 tkey6245
2 tkey6246
2 tkey6247
2 tkey6248
2 tkey6249
2 tkey6250
2 tkey6251
2 tkey6252
2 tkey6253
2 tkey6254
2 tkey6255
2 tkey6256
2 tkey6257
2 tkey6258
2 tkey6259
2 tkey6260
2 tkey6261
2 tkey6262
2 tkey6263
2 tkey6264
2 tkey6265
2 tkey6266
2 tkey6267
2 tkey6268
2 tkey6269
2 tkey6270
2 tkey6271
2 tkey6272
2 tkey6273
2 tkey6274
2 tkey6275
2 tkey6276
2 tkey6277
2 tkey6278
2 tkey6279
2 tkey6280
2 tkey6281
2 tkey6282
2 tkey6283
2 tkey6284
2 tkey6285
2 tkey6286
2 tkey6287
2 tkey6288
2 tkey6289
2 tkey6290
2 tkey6291
2 tkey6292
2 tkey6293
2 tkey6294
2 tkey6295
2 tkey6296
2 tkey6297
2 tkey6298
2 tkey6299
2 tkey6300
2 tkey6301
2 tkey6302
2 tkey6303
2 tkey6304
2 tkey6305
2 tkey6306
2 tkey6307
2 tkey6308
2 tkey6309
2 tkey6310
2 tkey6311
2 tkey6312
2 tkey6313
2 tkey6314
2 tkey6315
2 tkey6316
2 tkey6317
2 tkey6318
2 tkey6319
2 tkey6320
2 tkey6321
2 tkey6322
2 tkey6323
2 tkey6324
2 tkey6325
2 tkey6326
2 tkey6327
2 tkey6328
2 tkey6329
2 tkey6330
2 tkey6331
2 tkey6332
2 tkey6333
2 tkey6334
2 tkey6335
2 tkey6336
2 tkey6337
2 tkey6338
2 tkey6339
2 tkey6340
2 tkey6341
2 tkey6342
2 tkey6343
2 tkey6344
2 tkey6345
2 tkey6346
2 tkey6347
2 tkey6348
2 tkey6349
2 tkey6350
2 tkey6351
2 tkey6352
2 tkey6353
2 tkey6354
2 tkey6355
2 tkey6356
2 tkey6357
2 tkey6358
2 tkey6359
2 tkey6360
2 tkey6361
2 tkey6362
2 tkey6363
2 tkey6364
2 tkey6365
2 tkey6366
2 tkey6367
2 tkey6368
2 tkey6369
2 tkey6370
2 tkey6371
2 tkey6372
2 tkey6373
2 tkey6374
2 tkey6375
2 tkey6376
2 tkey6377
2 tkey6378
2 tkey6379
2 tkey6380
2 tkey6381
2 tkey6382
2 tkey6383
2 tkey6384
2 tkey6385
2 tkey6386
2 tkey6387
2 tkey6388
2 tkey6389
2 tkey6390
2 tkey6391
2 tkey6392
2 tkey6393
2 tkey6394
2 tkey6395
2 tkey6396
2 tkey6397
2 tkey6398
2 tkey6399
2 tkey6400
2 tkey6401
2 tkey6402
2 tkey6403
2 tkey6404
2 tkey6405
2 tkey6406
2 tkey6407
2 tkey6408
2 tkey6409
2 tkey6410
2 tkey6411
2 tkey6412
2 tkey6413
2 tkey6414
2 tkey6415
2 tkey6416
2 tkey6417
2 tkey6418
2 tkey6419
2 tkey6420
2 tkey6421
2 tkey6422
2 tkey6423
2 tkey6424
2 tkey6425
2 tkey6426
2 tkey6427
2 tkey6428
2 tkey6429
2 tkey6430
2 tkey6431
2 tkey6432
2 tkey6433
2 tkey6434
2 tkey6435
2 tkey6436
2 tkey6437
2 tkey6438
2 tkey6439
2 tkey6440
2 tkey6441
2 tkey6442
2 tkey6443
2 tkey6444
2 tkey6445
2 tkey6446
2 tkey6447
2 tkey6448
2 tkey6449
2 tkey6450
2 tkey6451
2 tkey6452
2 tkey6453
2 tkey6454
2 tkey6455
2 tkey6456
2 tkey6457
2 tkey6458
2 tkey6459
2 tkey6460
2 tkey6461
2 tkey6462
2 tkey6463
2 tkey6464
2 tkey6465
2 tkey6466
2 tkey6467
2 tkey6468
2 tkey6469
2 tkey6470
2 tkey6471
2 tkey6472
2 tkey6473
2 tkey6474
2 tkey6475
2 tkey6476
2 tkey6477
2 tkey6478
2 tkey6479
2 tkey6480
2 tkey6481
2 tkey6482
2 tkey6483
2 tkey6484
2 tkey6485
2 tkey6486
2 tkey6487
2 tkey6488
2 tkey6489
2 tkey6490
2 tkey6491
2 tkey6492
2 tkey6493
2 tkey6494
2 tkey6495
2 tkey6496
2 tkey6497
2 tkey6498
2 tkey6499
2 tkey6500
2 tkey6501
2 tkey6502
2 tkey6503
2 tkey6504
2 tkey6505
2 tkey6506
2 tkey6507
2 tkey6508
2 tkey6509
2 tkey6510
2 tkey6511
2 tkey6512
2 tkey6513
2 tkey6514
2 tkey6515
2 tkey6516
2 tkey6517
2 tkey6518
2 tkey6519
2 tkey6520
2 tkey6521
2 tkey6522
2 tkey6523
2 tkey6524
2 tkey6525
2 tkey6526
2 tkey6527
2 tkey6528
2 tkey6529
2 tkey6530
2 tkey6531
2 tkey6532
2 tkey6533
2 tkey6534
2 tkey6535
2 tkey6536
2 tkey6537
2 tkey6538
2 tkey6539
2 tkey6540
2 tkey6541
2 tkey6542
2 tkey6543
2 tkey6544
2 tkey6545
2 tkey6546
2 tkey6547
2 tkey6548
2 tkey6549
2 tkey6550
2 tkey6551
2 tkey6552
2 tkey6553
2 tkey6554
2 tkey6555
2 tkey6556
2 tkey6557
2 tkey6558
2 tkey6559
2 tkey6560
2 tkey6561
2 tkey6562
2 tkey6563
2 tkey6564
2 tkey6565
2 tkey6566
2 tkey6567
2 tkey6568
2 tkey6569
2 tkey6570
2 tkey6571
2 tkey6572
2 tkey6573
2 tkey6574
2 tkey6575
2 tkey6576
2 tkey6577
2 tkey6578
2 tkey6579
2 tkey6580
2 tkey6581
2 tkey6582
2 tkey6583
2 tkey6584
2 tkey6585
2 tkey6586
2 tkey6587
2 tkey6588
2 tkey6589
2 tkey6590
2 tkey6591
2 tkey6592
2 tkey6593
2 tkey6594
2 tkey6595
2 tkey6596
2 tkey6597
2 tkey6598
2 tkey6599
2 tkey6600
2 tkey6601
2 tkey6602
2 tkey6603
2 tkey6604
2 tkey6605
2 tkey6606
2 tkey6607
2 tkey6608
2 tkey6609
2 tkey6610
2 tkey6611
2 tkey6612
2 tkey6613
2 tkey6614
2 tkey6615
2 tkey6616
2 tkey6617
2 tkey6618
2 tkey6619
2 tkey6620
2 tkey6621
2 tkey6622
2 tkey6623
2 tkey6624
2 tkey6625
2 tkey6626
2 tkey6627
2 tkey6628
2 tkey6629
2 tkey6630
2 tkey6631
2 tkey6632
2 tkey6633
2 tkey6634
2 tkey6635
2 tkey6636
2 tkey6637
2 tkey6638
2 tkey6639
2 tkey6640
2 tkey6641
2 tkey6642
2 tkey6643
2 tkey6644
2 tkey6645
2 tkey6646
2 tkey6647
2 tkey6648
2 tkey6649
2 tkey6650
2 tkey6651
2 tkey6652
2 tkey6653
2 tkey6654
2 tkey6655
2 tkey6656
2 tkey6657
2 tkey6658
2 tkey6659
2 tkey6660
2 tkey6661
2 tkey6662
2 tkey6663
2 tkey6664
2 tkey6665
2 tkey6666
2 tkey6667
2 tkey6668
2 tkey6669
2 tkey6670
2 tkey6671
2 tkey6672
2 tkey6673
2 tkey6674
2 tkey6675
2 tkey6676
2 tkey6677
2 tkey6678
2 tkey6679
2 tkey6680
2 tkey6681
2 tkey6682
2 tkey6683
2 tkey6684
2 tkey6685
2 tkey6686
2 tkey6687
2 tkey6688
2 tkey6689
2 tkey6690
2 tkey6691
2 tkey6692
2 tkey6693
2 tkey6694
2 tkey6695
2 tkey6696
2 tkey6697
2 tkey6698
2 tkey6699
2 tkey6700
2 tkey6701
2 tkey6702
2 tkey6703
2 tkey6704
2 tkey6705
2 tkey6706
2 tkey6707
2 tkey6708
2 tkey6709
2 tkey6710
2 tkey6711
2 tkey6712
2 tkey6713
2 tkey6714
2 tkey6715
2 tkey6716
2 tkey6717
2 tkey6718
2 tkey6719
2 tkey6720
2 tkey6721
2 tkey6722
2 tkey6723
2 tkey6724
2 tkey6725
2 tkey6726
2 tkey6727
2 tkey6728
2 tkey6729
2 tkey6730
2 tkey6731
2 tkey6732
2 tkey6733
2 tkey6734
2 tkey6735
2 tkey6736
2 tkey6737
2 tkey6738
2 tkey6739
2 tkey6740
2 tkey6741
2 tkey6742
2 tkey6743
2 tkey6744
2 tkey6745
2 tkey6746
2 tkey6747
2 tkey6748
2 tkey6749
2 tkey6750
2 tkey6751
2 tkey6752
2 tkey6753
2 tkey6754
2 tkey6755
2 tkey6756
2 tkey6757
2 tkey6758
2 tkey6759
2 tkey6760
2 tkey6761
2 tkey6762
2 tkey6763
2 tkey6764
2 tkey6765
2 tkey6766
2 tkey6767
2 tkey6768
2 tkey6769
2 tkey6770
2 tkey6771
2 tkey6772
2 tkey6773
2 tkey6774
2 tkey6775
2 tkey6776
2 tkey6777
2 tkey6778
2 tkey6779
2 tkey6780
2 tkey6781
2 tkey6782
2 tkey6783
2 tkey6784
2 tkey6785
2 tkey6786
2 tkey6787
2 tkey6788
2 tkey6789
2 tkey6790
2 tkey6791
2 tkey6792
2 tkey6793
2 tkey6794
2 tkey6795
2 tkey6796
2 tkey6797
2 tkey6798
2 tkey6799
2 tkey6800
2 tkey6801
2 tkey6802
2 tkey6803
2 tkey6804
2 tkey6805
2 tkey6806
2 tkey6807
2 tkey6808
2 tkey6809
2 tkey6810
2 tkey6811
2 tkey6812
2 tkey6813
2 tkey6814
2 tkey6815
2 tkey6816
2 tkey6817
2 tkey6818
2 tkey6819
2 tkey6820
2 tkey6821
2 tkey6822
2 tkey6823
2 tkey6824
2 tkey6825
2 tkey6826
2 tkey6827
2 tkey6828
2 tkey6829
2 tkey6830
2 tkey6831
2 tkey6832
2 tkey6833
2 tkey6834
2 tkey6835
2 tkey6836
2 tkey6837
2 tkey6838
2 tkey6839
2 tkey6840
2 tkey6841
2 tkey6842
2 tkey6843
2 tkey6844
2 tkey6845
2 tkey6846
2 tkey6847
2 tkey6848
2 tkey6849
2 tkey6850
2 tkey6851
2 tkey6852
2 tkey6853
2 tkey6854
2 tkey6855
2 tkey6856
2 tkey6857
2 tkey6858
2 tkey6859
2 tkey6860
2 tkey6861
2 tkey6862
2 tkey6863
2 tkey6864
2 tkey6865
2 tkey6866
2 tkey6867
2 tkey6868
2 tkey6869
2 tkey6870
2 tkey6871
2 tkey6872
2 tkey6873
2 tkey6874
2 tkey6875
2 tkey6876
2 tkey6877
2 tkey6878
2 tkey6879
2 tkey6880
2 tkey6881
2 tkey6882
2 tkey6883
2 tkey6884
2 tkey6885
2 tkey6886
2 tkey6887
2 tkey6888
2 tkey6889
2 tkey6890
2 tkey6891
2 tkey6892
2 tkey6893
2 tkey6894
2 tkey6895
2 tkey6896
2 tkey6897
2 tkey6898
2 tkey6899
2 tkey6900
2 tkey6901
2 tkey6902
2 tkey6903
2 tkey6904
2 tkey6905
2 tkey6906
2 tkey6907
2 tkey6908
2 tkey6909
2 tkey6910
2 tkey6911
2 tkey6912
2 tkey6913
2 tkey6914
2 tkey6915
2 tkey6916
2 tkey6917
2 tkey6918
2 tkey6919
2 tkey6920
2 tkey6921
2 tkey6922
2 tkey6923
2 tkey6924
2 tkey6925
2 tkey6926
2 tkey6927
2 tkey6928
2 tkey6929
2 tkey6930
2 tkey6931
2 tkey6932
2 tkey6933
2 tkey6934
2 tkey6935
2 tkey6936
2 tkey6937
2 tkey6938
2 tkey6939
2 tkey6940
2 tkey6941
2 tkey6942
2 tkey6943
2 tkey6944
2 tkey6945
2 tkey6946
2 tkey6947
2 tkey6948
2 tkey6949
2 tkey6950
2 tkey6951
2 tkey6952
2 tkey6953
2 tkey6954
2 tkey6955
2 tkey6956
2 tkey6957
2 tkey6958
2 tkey6959
2 tkey6960
2 tkey6961
2 tkey6962
2 tkey6963
2 tkey6964
2 tkey6965
2 tkey6966
2 tkey6967
2 tkey6968
2 tkey6969
2 tkey6970
2 tkey6971
2 tkey6972
2 tkey6973
2 tkey6974
2 tkey6975
2 tkey6976
2 tkey6977
2 tkey6978
2 tkey6979
2 tkey6980
2 tkey6981
2 tkey6982
2 tkey6983
2 tkey6984
2 tkey6985
2 tkey6986
2 tkey6987
2 tkey6988
2 tkey6989
2 tkey6990
2 tkey6991
2 tkey6992
2 tkey6993
2 tkey6994
2 tkey6995
2 tkey6996
2 tkey6997
2 tkey6998
2 tkey6999
2 tkey7000
2 tkey7001
2 tkey7002
2 tkey7003
2 tkey7004
2 tkey7005
2 tkey7006
2 tkey7007
2 tkey7008
2 tkey7009
2 tkey7010
2 tkey7011
2 tkey7012
2 tkey7013
2 tkey7014
2 tkey7015
2 tkey7016
2 tkey7017
2 tkey7018
2 tkey7019
2 tkey7020
2 tkey7021
2 tkey7022
2 tkey7023
2 tkey7024
2 tkey7025
2 tkey7026
2 tkey7027
2 tkey7028
2 tkey7029
2 tkey7030
2 tkey7031
2 tkey7032
2 tkey7033
2 tkey7034
2 tkey7035
2 tkey7036
2 tkey7037
2 tkey7038
2 tkey7039
2 tkey7040
2 tkey7041
2 tkey7042
2 tkey7043
2 tkey7044
2 tkey7045
2 tkey7046
2 tkey7047
2 tkey7048
2 tkey7049
2 tkey7050
2 tkey7051
2 tkey7052
2 tkey7053
2 tkey7054
2 tkey7055
2 tkey7056
2 tkey7057
2 tkey7058
2 tkey7059
2 tkey7060
2 tkey7061
2 tkey7062
2 tkey7063
2 tkey7064
2 tkey7065
2 tkey7066
2 tkey7067
2 tkey7068
2 tkey7069
2 tkey7070
2 tkey7071
2 tkey7072
2 tkey7073
2 tkey7074
2 tkey7075
2 tkey7076
2 tkey7077
2 tkey7078
2 tkey7079
2 tkey7080
2 tkey7081
2 tkey7082
2 tkey7083
2 tkey7084
2 tkey7085
2 tkey7086
2 tkey7087
2 tkey7088
2 tkey7089
2 tkey7090
2 tkey7091
2 tkey7092
2 tkey7093
2 tkey7094
2 tkey7095
2 tkey7096
2 tkey7097
2 tkey7098
2 tkey7099
2 tkey7100
2 tkey7101
2 tkey7102
2 tkey7103
2 tkey7104
2 tkey7105
2 tkey7106
2 tkey7107
2 tkey7108
2 tkey7109
2 tkey7110
2 tkey7111
2 tkey7112
2 tkey7113
2 tkey7114
2 tkey7115
2 tkey7116
2 tkey7117
2 tkey7118
2 tkey7119
2 tkey7120
2 tkey7121
2 tkey7122
2 tkey7123
2 tkey7124
2 tkey7125
2 tkey7126
2 tkey7127
2 tkey7128
2 tkey7129
2 tkey7130
2 tkey7131
2 tkey7132
2 tkey7133
2 tkey7134
2 tkey7135
2 tkey7136
2 tkey7137
2 tkey7138
2 tkey7139
2 tkey7140
2 tkey7141
2 tkey7142
2 tkey7143
2 tkey7144
2 tkey7145
2 tkey7146
2 tkey7147
2 tkey7148
2 tkey7149
2 tkey7150
2 tkey7151
2 tkey7152
2 tkey7153
2 tkey7154
2 tkey7155
2 tkey7156
2 tkey7157
2 tkey7158
2 tkey7159
2 tkey7160
2 tkey7161
2 tkey7162
2 tkey7163
2 tkey7164
2 tkey7165
2 tkey7166
2 tkey7167
2 tkey7168
2 tkey7169
2 tkey7170
2 tkey7171
2 tkey7172
2 tkey7173
2 tkey7174
2 tkey7175
2 tkey7176
2 tkey7177
2 tkey7178
2 tkey7179
2 tkey7180
2 tkey7181
2 tkey7182
2 tkey7183
2 tkey7184
2 tkey7185
2 tkey7186
2 tkey7187
2 tkey7188
2 tkey7189
2 tkey7190
2 tkey7191
2 tkey7192
2 tkey7193
2 tkey7194
2 tkey7195
2 tkey7196
2 tkey7197
2 tkey7198
2 tkey7199
2 tkey7200
2 tkey7201
2 tkey7202
2 tkey7203
2 tkey7204
2 tkey7205
2 tkey7206
2 tkey7207
2 tkey7208
2 tkey7209
2 tkey7210
2 tkey7211
2 tkey7212
2 tkey7213
2 tkey7214
2 tkey7215
2 tkey7216
2 tkey7217
2 tkey7218
2 tkey7219
2 tkey7220
2 tkey7221
2 tkey7222
2 tkey7223
2 tkey7224
2 tkey7225
2 tkey7226
2 tkey7227
2 tkey7228
2 tkey7229
2 tkey7230
2 tkey7231
2 tkey7232
2 tkey7233
2 tkey7234
2 tkey7235
2 tkey7236
2 tkey7237
2 tkey7238
2 tkey7239
2 tkey7240
2 tkey7241
2 tkey7242
2 tkey7243
2 tkey7244
2 tkey7245
2 tkey7246
2 tkey7247
2 tkey7248
2 tkey7249
2 tkey7250
2 tkey7251
2 tkey7252
2 tkey7253
2 tkey7254
2 tkey7255
2 tkey7256
2 tkey7257
2 tkey7258
2 tkey7259
2 tkey7260
2 tkey7261
2 tkey7262
2 tkey7263
2 tkey7264
2 tkey7265
2 tkey7266
2 tkey7267
2 tkey7268
2 tkey7269
2 tkey7270
2 tkey7271
2 tkey7272
2 tkey7273
2 tkey7274
2 tkey7275
2 tkey7276
2 tkey7277
2 tkey7278
2 tkey7279
2 tkey7280
2 tkey7281
2 tkey7282
2 tkey7283
2 tkey7284
2 tkey7285
2 tkey7286
2 tkey7287
2 tkey7288
2 tkey7289
2 tkey7290
2 tkey7291
2 tkey7292
2 tkey7293
2 tkey7294
2 tkey7295
2 tkey7296
2 tkey7297
2 tkey7298
2 tkey7299
2 tkey7300
2 tkey7301
2 tkey7302
2 tkey7303
2 tkey7304
2 tkey7305
2 tkey7306
2 tkey7307
2 tkey7308
2 tkey7309
2 tkey7310
2 tkey7311
2 tkey7312
2 tkey7313
2 tkey7314
2 tkey7315
2 tkey7316
2 tkey7317
2 tkey7318
2 tkey7319
2 tkey7320
2 tkey7321
2 tkey7322
2 tkey7323
2 tkey7324
2 tkey7325
2 tkey7326
2 tkey7327
2 tkey7328
2 tkey7329
2 tkey7330
2 tkey7331
2 tkey7332
2 tkey7333
2 tkey7334
2 tkey7335
2 tkey7336
2 tkey7337
2 tkey7338
2 tkey7339
2 tkey7340
2 tkey7341
2 tkey7342
2 tkey7343
2 tkey7344
2 tkey7345
2 tkey7346
2 tkey7347
2 tkey7348
2 tkey7349
2 tkey7350
2 tkey7351
2 tkey7352
2 tkey7353
2 tkey7354
2 tkey7355
2 tkey7356
2 tkey7357
2 tkey7358
2 tkey7359
2 tkey7360
2 tkey7361
2 tkey7362
2 tkey7363
2 tkey7364
2 tkey7365
2 tkey7366
2 tkey7367
2 tkey7368
2 tkey7369
2 tkey7370
2 tkey7371
2 tkey7372
2 tkey7373
2 tkey7374
2 tkey7375
2 tkey7376
2 tkey7377
2 tkey7378
2 tkey7379
2 tkey7380
2 tkey7381
2 tkey7382
2 tkey7383
2 tkey7384
2 tkey7385
2 tkey7386
2 tkey7387
2 tkey7388
2 tkey7389
2 tkey7390
2 tkey7391
2 tkey7392
2 tkey7393
2 tkey7394
2 tkey7395
2 tkey7396
2 tkey7397
2 tkey7398
2 tkey7399
2 tkey7400
2 tkey7401
2 tkey7402
2 tkey7403
2 tkey7404
2 tkey7405
2 tkey7406
2 tkey7407
2 tkey7408
2 tkey7409
2 tkey7410
2 tkey7411
2 tkey7412
2 tkey7413
2 tkey7414
2 tkey7415
2 tkey7416
2 tkey7417
2 tkey7418
2 tkey7419
2 tkey7420
2 tkey7421
2 tkey7422
2 tkey7423
2 tkey7424
2 tkey7425
2 tkey7426
2 tkey7427
2 tkey7428
2 tkey7429
2 tkey7430
2 tkey7431
2 tkey7432
2 tkey7433
2 tkey7434
2 tkey7435
2 tkey7436
2 tkey7437
2 tkey7438
2 tkey7439
2 tkey7440
2 tkey7441
2 tkey7442
2 tkey7443
2 tkey7444
2 tkey7445
2 tkey7446
2 tkey7447
2 tkey7448
2 tkey7449
2 tkey7450
2 tkey7451
2 tkey7452
2 tkey7453
2 tkey7454
2 tkey7455
2 tkey7456
2 tkey7457
2 tkey7458
2 tkey7459
2 tkey7460
2 tkey7461
2 tkey7462
2 tkey7463
2 tkey7464
2 tkey7465
2 tkey7466
2 tkey7467
2 tkey7468
2 tkey7469
2 tkey7470
2 tkey7471
2 tkey7472
2 tkey7473
2 tkey7474
2 tkey7475
2 tkey7476
2 tkey7477
2 tkey7478
2 tkey7479
2 tkey7480
2 tkey7481
2 tkey7482
2 tkey7483
2 tkey7484
2 tkey7485
2 tkey7486
2 tkey7487
2 tkey7488
2 tkey7489
2 tkey7490
2 tkey7491
2 tkey7492
2 tkey7493
2 tkey7494
2 tkey7495
2 tkey7496
2 tkey7497
2 tkey7498
2 tkey7499
2 tkey7500
2 tkey7501
2 tkey7502
2 tkey7503
2 tkey7504
2 tkey7505
2 tkey7506
2 tkey7507
2 tkey7508
2 tkey7509
2 tkey7510
2 tkey7511
2 tkey7512
2 tkey7513
2 tkey7514
2 tkey7515
2 tkey7516
2 tkey7517
2 tkey7518
2 tkey7519
2 tkey7520
2 tkey7521
2 tkey7522
2 tkey7523
2 tkey7524
2 tkey7525
2 tkey7526
2 tkey7527
2 tkey7528
2 tkey7529
2 tkey7530
2 tkey7531
2 tkey7532
2 tkey7533
2 tkey7534
2 tkey7535
2 tkey7536
2 tkey7537
2 tkey7538
2 tkey7539
2 tkey7540
2 tkey7541
2 tkey7542
2 tkey7543
2 tkey7544
2 tkey7545
2 tkey7546
2 tkey7547
2 tkey7548
2 tkey7549
2 tkey7550
2 tkey7551
2 tkey7552
2 tkey7553
2 tkey7554
2 tkey7555
2 tkey7556
2 tkey7557
2 tkey7558
2 tkey7559
2 tkey7560
2 tkey7561
2 tkey7562
2 tkey7563
2 tkey7564
2 tkey7565
2 tkey7566
2 tkey7567
2 tkey7568
2 tkey7569
2 tkey7570
2 tkey7571
2 tkey7572
2 tkey7573
2 tkey7574
2 tkey7575
2 tkey7576
2 tkey7577
2 tkey7578
2 tkey7579
2 tkey7580
2 tkey7581
2 tkey7582
2 tkey7583
2 tkey7584
2 tkey7585
2 tkey7586
2 tkey7587
2 tkey7588
2 tkey7589
2 tkey7590
2 tkey7591
2 tkey7592
2 tkey7593
2 tkey7594
2 tkey7595
2 tkey7596
2 tkey7597
2 tkey7598
2 tkey7599
2 tkey7600
2 tkey7601
2 tkey7602
2 tkey7603
2 tkey7604
2 tkey7605
2 tkey7606
2 tkey7607
2 tkey7608
2 tkey7609
2 tkey7610
2 tkey7611
2 tkey7612
2 tkey7613
2 tkey7614
2 tkey7615
2 tkey7616
2 tkey7617
2 tkey7618
2 tkey7619
2 tkey7620
2 tkey7621
2 tkey7622
2 tkey7623
2 tkey7624
2 tkey7625
2 tkey7626
2 tkey7627
2 tkey7628
2 tkey7629
2 tkey7630
2 tkey7631
2 tkey7632
2 tkey7633
2 tkey7634
2 tkey7635
2 tkey7636
2 tkey7637
2 tkey7638
2 tkey7639
2 tkey7640
2 tkey7641
2 tkey7642
2 tkey7643
2 tkey7644
2 tkey7645
2 tkey7646
2 tkey7647
2 tkey7648
2 tkey7649
2 tkey7650
2 tkey7651
2 tkey7652
2 tkey7653
2 tkey7654
2 tkey7655
2 tkey7656
2 tkey7657
2 tkey7658
2 tkey7659
2 tkey7660
2 tkey7661
2 tkey7662
2 tkey7663
2 tkey7664
2 tkey7665
2 tkey7666
2 tkey7667
2 tkey7668
2 tkey7669
2 tkey7670
2 tkey7671
2 tkey7672
2 tkey7673
2 tkey7674
2 tkey7675
2 tkey7676
2 tkey7677
2 tkey7678
2 tkey7679
2 tkey7680
2 tkey7681
2 tkey7682
2 tkey7683
2 tkey7684
2 tkey7685
2 tkey7686
2 tkey7687
2 tkey7688
2 tkey7689
2 tkey7690
2 tkey7691
2 tkey7692
2 tkey7693
2 tkey7694
2 tkey7695
2 tkey7696
2 tkey7697
2 tkey7698
2 tkey7699
2 tkey7700
2 tkey7701
2 tkey7702
2 tkey7703
2 tkey7704
2 tkey7705
2 tkey7706
2 tkey7707
2 tkey7708
2 tkey7709
2 tkey7710
2 tkey7711
2 tkey7712
2 tkey7713
2 tkey7714
2 tkey7715
2 tkey7716
2 tkey7717
2 tkey7718
2 tkey7719
2 tkey7720
2 tkey7721
2 tkey7722
2 tkey7723
2 tkey7724
2 tkey7725
2 tkey7726
2 tkey7727
2 tkey7728
2 tkey7729
2 tkey7730
2 tkey7731
2 tkey7732
2 tkey7733
2 tkey7734
2 tkey7735
2 tkey7736
2 tkey7737
2 tkey7738
2 tkey7739
2 tkey7740
2 tkey7741
2 tkey7742
2 tkey7743
2 tkey7744
2 tkey7745
2 tkey7746
2 tkey7747
2 tkey7748
2 tkey7749
2 tkey7750
2 tkey7751
2 tkey7752
2 tkey7753
2 tkey7754
2 tkey7755
2 tkey7756
2 tkey7757
2 tkey7758
2 tkey7759
2 tkey7760
2 tkey7761
2 tkey7762
2 tkey7763
2 tkey7764
2 tkey7765
2 tkey7766
2 tkey7767
2 tkey7768
2 tkey7769
2 tkey7770
2 tkey7771
2 tkey7772
2 tkey7773
2 tkey7774
2 tkey7775
2 tkey7776
2 tkey7777
2 tkey7778
2 tkey7779
2 tkey7780
2 tkey7781
2 tkey7782
2 tkey7783
2 tkey7784
2 tkey7785
2 tkey7786
2 tkey7787
2 tkey7788
2 tkey7789
2 tkey7790
2 tkey7791
2 tkey7792
2 tkey7793
2 tkey7794
2 tkey7795
2 tkey7796
2 tkey7797
2 tkey7798
2 tkey7799
2 tkey7800
2 tkey7801
2 tkey7802
2 tkey7803
2 tkey7804
2 tkey7805
2 tkey7806
2 tkey7807
2 tkey7808
2 tkey7809
2 tkey7810
2 tkey7811
2 tkey7812
2 tkey7813
2 tkey7814
2 tkey7815
2 tkey7816
2 tkey7817
2 tkey7818
2 tkey7819
2 tkey7820
2 tkey7821
2 tkey7822
2 tkey7823
2 tkey7824
2 tkey7825
2 tkey7826
2 tkey7827
2 tkey7828
2 tkey7829
2 tkey7830
2 tkey7831
2 tkey7832
2 tkey7833
2 tkey7834
2 tkey7835
2 tkey7836
2 tkey7837
2 tkey7838
2 tkey7839
2 tkey7840
2 tkey7841
2 tkey7842
2 tkey7843
2 tkey7844
2 tkey7845
2 tkey7846
2 tkey7847
2 tkey7848
2 tkey7849
2 tkey7850
2 tkey7851
2 tkey7852
2 tkey7853
2 tkey7854
2 tkey7855
2 tkey7856
2 tkey7857
2 tkey7858
2 tkey7859
2 tkey7860
2 tkey7861
2 tkey7862
2 tkey7863
2 tkey7864
2 tkey7865
2 tkey7866
2 tkey7867
2 tkey7868
2 tkey7869
2 tkey7870
2 tkey7871
2 tkey7872
2 tkey7873
2 tkey7874
2 tkey7875
2 tkey7876
2 tkey7877
2 tkey7878
2 tkey7879
2 tkey7880
2 tkey7881
2 tkey7882
2 tkey7883
2 tkey7884
2 tkey7885
2 tkey7886
2 tkey7887
2 tkey7888
2 tkey7889
2 tkey7890
2 tkey7891
2 tkey7892
2 tkey7893
2 tkey7894
2 tkey7895
2 tkey7896
2 tkey7897
2 tkey7898
2 tkey7899
2 tkey7900
2 tkey7901
2 tkey7902
2 tkey7903
2 tkey7904
2 tkey7905
2 tkey7906
2 tkey7907
2 tkey7908
2 tkey7909
2 tkey7910
2 tkey7911
2 tkey7912
2 tkey7913
2 tkey7914
2 tkey7915
2 tkey7916
2 tkey7917
2 tkey7918
2 tkey7919
2 tkey7920
2 tkey7921
2 tkey7922
2 tkey7923
2 tkey7924
2 tkey7925
2 tkey7926
2 tkey7927
2 tkey7928
2 tkey7929
2 tkey7930
2 tkey7931
2 tkey7932
2 tkey7933
2 tkey7934
2 tkey7935
2 tkey7936
2 tkey7937
2 tkey7938
2 tkey7939
2 tkey7940
2 tkey7941
2 tkey7942
2 tkey7943
2 tkey7944
2 tkey7945
2 tkey7946
2 tkey7947
2 tkey7948
2 tkey7949
2 tkey7950
2 tkey7951
2 tkey7952
2 tkey7953
2 tkey7954
2 tkey7955
2 tkey7956
2 tkey7957
2 tkey7958
2 tkey7959
